INFO(petsc/3.9.1_gene): invoking mpi.intel version for Medium_Node.
[0] DAPL startup: RLIMIT_MEMLOCK too small
warning:seems as no solution array provided in input file(or err in read nsz vector)
Timing of PETSc INIT1 0.0172911
Timing of PETSc INIT2 158.816
KSP Object: 1 MPI processes
  type: bcgsl
    Ell = 2
    Delta = 0
  maximum iterations=4000, initial guess is zero
  tolerances:  relative=1e-08, absolute=1e-50, divergence=10000.
  left preconditioning
  using PRECONDITIONED norm type for convergence test
PC Object: 1 MPI processes
  type: ilu
    out-of-place factorization
    0 levels of fill
    tolerance for zero pivot 2.22045e-14
    matrix ordering: qmd
    factor fill ratio given 1., needed 1.
      Factored matrix follows:
        Mat Object: 1 MPI processes
          type: seqaij
          rows=2263482, cols=2263482
          package used to perform factorization: petsc
          total: nonzeros=352085760, allocated nonzeros=352085760
          total number of mallocs used during MatSetValues calls =0
            using I-node routines: found 749464 nodes, limit used is 5
  linear system matrix = precond matrix:
  Mat Object: 1 MPI processes
    type: seqaij
    rows=2263482, cols=2263482
    total: nonzeros=352085760, allocated nonzeros=352085760
    total number of mallocs used during MatSetValues calls =0
      using I-node routines: found 753847 nodes, limit used is 5
  0 KSP preconditioned resid norm 6.328778791971e+01 true resid norm 1.206473973984e+06 ||r(i)||/||b|| 1.000000000000e+00
  2 KSP preconditioned resid norm 2.038193284066e+01 true resid norm 1.208024579383e+06 ||r(i)||/||b|| 1.001285237338e+00
  4 KSP preconditioned resid norm 1.833282081166e+01 true resid norm 1.192994023922e+06 ||r(i)||/||b|| 9.888269864479e-01
  6 KSP preconditioned resid norm 1.006086204588e+01 true resid norm 1.222267739749e+06 ||r(i)||/||b|| 1.013090846637e+00
  8 KSP preconditioned resid norm 8.598049179287e+00 true resid norm 1.222590461531e+06 ||r(i)||/||b|| 1.013358338344e+00
 10 KSP preconditioned resid norm 1.781212122970e+01 true resid norm 1.190928692407e+06 ||r(i)||/||b|| 9.871151123757e-01
 12 KSP preconditioned resid norm 1.398773088386e+01 true resid norm 1.188655490664e+06 ||r(i)||/||b|| 9.852309426442e-01
 14 KSP preconditioned resid norm 1.702558335320e+01 true resid norm 1.174876964082e+06 ||r(i)||/||b|| 9.738104504667e-01
 16 KSP preconditioned resid norm 1.634382495328e+02 true resid norm 2.261132375117e+06 ||r(i)||/||b|| 1.874165894893e+00
 18 KSP preconditioned resid norm 4.647133516728e+01 true resid norm 1.592764071741e+06 ||r(i)||/||b|| 1.320181045001e+00
 20 KSP preconditioned resid norm 4.036516208571e+01 true resid norm 1.631246775953e+06 ||r(i)||/||b|| 1.352077882432e+00
 22 KSP preconditioned resid norm 3.706010707264e+01 true resid norm 1.118055103375e+06 ||r(i)||/||b|| 9.267129896579e-01
 24 KSP preconditioned resid norm 2.157648646554e+01 true resid norm 1.027818450278e+06 ||r(i)||/||b|| 8.519192891366e-01
 26 KSP preconditioned resid norm 2.535311789915e+03 true resid norm 5.542129099813e+07 ||r(i)||/||b|| 4.593658229951e+01
 28 KSP preconditioned resid norm 6.067082988226e+02 true resid norm 1.245981807620e+07 ||r(i)||/||b|| 1.032746527889e+01
 30 KSP preconditioned resid norm 7.965438241003e+02 true resid norm 1.675230128866e+07 ||r(i)||/||b|| 1.388533996580e+01
 32 KSP preconditioned resid norm 1.031953139226e+03 true resid norm 2.463451285147e+07 ||r(i)||/||b|| 2.041860279018e+01
 34 KSP preconditioned resid norm 2.325210692027e+01 true resid norm 1.451841324435e+06 ||r(i)||/||b|| 1.203375585170e+00
 36 KSP preconditioned resid norm 2.139096542554e+01 true resid norm 1.375281216372e+06 ||r(i)||/||b|| 1.139917848232e+00
 38 KSP preconditioned resid norm 1.973665064691e+01 true resid norm 1.302903215558e+06 ||r(i)||/||b|| 1.079926499579e+00
 40 KSP preconditioned resid norm 1.778480171715e+01 true resid norm 1.197408847210e+06 ||r(i)||/||b|| 9.924862641306e-01
 42 KSP preconditioned resid norm 1.023891272997e+02 true resid norm 3.312371901019e+06 ||r(i)||/||b|| 2.745498015246e+00
 44 KSP preconditioned resid norm 2.037414665826e+01 true resid norm 1.317516232740e+06 ||r(i)||/||b|| 1.092038669006e+00
 46 KSP preconditioned resid norm 1.524273007923e+01 true resid norm 8.866227634573e+05 ||r(i)||/||b|| 7.348876002103e-01
 48 KSP preconditioned resid norm 1.475804095128e+01 true resid norm 8.979834347314e+05 ||r(i)||/||b|| 7.443040248652e-01
 50 KSP preconditioned resid norm 1.459547159648e+01 true resid norm 8.043114663410e+05 ||r(i)||/||b|| 6.666629232664e-01
 52 KSP preconditioned resid norm 1.451345734017e+01 true resid norm 8.081512684338e+05 ||r(i)||/||b|| 6.698455879368e-01
 54 KSP preconditioned resid norm 1.529422433619e+01 true resid norm 7.118992024277e+05 ||r(i)||/||b|| 5.900659423898e-01
 56 KSP preconditioned resid norm 1.517646123258e+01 true resid norm 6.121941716044e+05 ||r(i)||/||b|| 5.074242667521e-01
 58 KSP preconditioned resid norm 1.493322337662e+01 true resid norm 5.859429075965e+05 ||r(i)||/||b|| 4.856656009426e-01
 60 KSP preconditioned resid norm 3.679672296462e+02 true resid norm 3.962944888551e+06 ||r(i)||/||b|| 3.284733010415e+00
 62 KSP preconditioned resid norm 1.884839534998e+01 true resid norm 4.753440153901e+05 ||r(i)||/||b|| 3.939944214631e-01
 64 KSP preconditioned resid norm 2.422250098029e+01 true resid norm 4.328728164824e+05 ||r(i)||/||b|| 3.587916737673e-01
 66 KSP preconditioned resid norm 2.277898690910e+01 true resid norm 4.409836370007e+05 ||r(i)||/||b|| 3.655144217861e-01
 68 KSP preconditioned resid norm 1.242884558585e+01 true resid norm 5.952833289134e+05 ||r(i)||/||b|| 4.934075178992e-01
 70 KSP preconditioned resid norm 1.244961607526e+01 true resid norm 5.962573600805e+05 ||r(i)||/||b|| 4.942148549725e-01
 72 KSP preconditioned resid norm 1.211639547935e+01 true resid norm 5.969498123859e+05 ||r(i)||/||b|| 4.947888021278e-01
 74 KSP preconditioned resid norm 1.204671581836e+01 true resid norm 5.963386039755e+05 ||r(i)||/||b|| 4.942821949207e-01
 76 KSP preconditioned resid norm 1.208431997434e+01 true resid norm 5.957560160312e+05 ||r(i)||/||b|| 4.937993101201e-01
 78 KSP preconditioned resid norm 1.290815047258e+01 true resid norm 6.115743922462e+05 ||r(i)||/||b|| 5.069105554152e-01
 80 KSP preconditioned resid norm 1.198693371062e+01 true resid norm 6.064729444529e+05 ||r(i)||/||b|| 5.026821610169e-01
 82 KSP preconditioned resid norm 1.888602312629e+01 true resid norm 6.543799007195e+05 ||r(i)||/||b|| 5.423903994868e-01
 84 KSP preconditioned resid norm 1.338932384855e+01 true resid norm 5.804319940518e+05 ||r(i)||/||b|| 4.810978160889e-01
 86 KSP preconditioned resid norm 1.187672062233e+01 true resid norm 6.023637362413e+05 ||r(i)||/||b|| 4.992761959482e-01
 88 KSP preconditioned resid norm 1.192118018960e+01 true resid norm 6.082866495634e+05 ||r(i)||/||b|| 5.041854716142e-01
 90 KSP preconditioned resid norm 1.210025581686e+01 true resid norm 5.954787948899e+05 ||r(i)||/||b|| 4.935695321495e-01
 92 KSP preconditioned resid norm 1.226227527489e+01 true resid norm 5.919079492430e+05 ||r(i)||/||b|| 4.906097951607e-01
 94 KSP preconditioned resid norm 1.203999484733e+01 true resid norm 5.883395792721e+05 ||r(i)||/||b|| 4.876521101647e-01
 96 KSP preconditioned resid norm 1.017056735049e+01 true resid norm 5.876471502841e+05 ||r(i)||/||b|| 4.870781823363e-01
 98 KSP preconditioned resid norm 9.869072776987e+00 true resid norm 5.854581817772e+05 ||r(i)||/||b|| 4.852638303037e-01
100 KSP preconditioned resid norm 9.339758961008e+00 true resid norm 5.728376907947e+05 ||r(i)||/||b|| 4.748031894158e-01
102 KSP preconditioned resid norm 1.845016962847e+01 true resid norm 4.934289753768e+05 ||r(i)||/||b|| 4.089843511066e-01
104 KSP preconditioned resid norm 1.137616560962e+01 true resid norm 5.324869488640e+05 ||r(i)||/||b|| 4.413580071733e-01
106 KSP preconditioned resid norm 1.121488986056e+01 true resid norm 5.326665231757e+05 ||r(i)||/||b|| 4.415068494323e-01
108 KSP preconditioned resid norm 7.732232319962e+00 true resid norm 5.517434286974e+05 ||r(i)||/||b|| 4.573189646814e-01
110 KSP preconditioned resid norm 7.812731410368e+00 true resid norm 5.541965676866e+05 ||r(i)||/||b|| 4.593522774939e-01
112 KSP preconditioned resid norm 8.075381810365e+00 true resid norm 5.512426912766e+05 ||r(i)||/||b|| 4.569039226402e-01
114 KSP preconditioned resid norm 7.997885924420e+00 true resid norm 5.573970237560e+05 ||r(i)||/||b|| 4.620050127690e-01
116 KSP preconditioned resid norm 7.712664119033e+00 true resid norm 5.518820420715e+05 ||r(i)||/||b|| 4.574338559904e-01
118 KSP preconditioned resid norm 6.548242224606e+00 true resid norm 5.042928086317e+05 ||r(i)||/||b|| 4.179889657847e-01
120 KSP preconditioned resid norm 6.672104677011e+00 true resid norm 4.922713230246e+05 ||r(i)||/||b|| 4.080248174762e-01
122 KSP preconditioned resid norm 1.127328562037e+01 true resid norm 5.997363704594e+05 ||r(i)||/||b|| 4.970984732302e-01
124 KSP preconditioned resid norm 1.946314463694e+01 true resid norm 7.065109587913e+05 ||r(i)||/||b|| 5.855998339179e-01
126 KSP preconditioned resid norm 6.793424334992e+00 true resid norm 4.850526266504e+05 ||r(i)||/||b|| 4.020415169410e-01
128 KSP preconditioned resid norm 6.586465209868e+00 true resid norm 4.928845967633e+05 ||r(i)||/||b|| 4.085331365547e-01
130 KSP preconditioned resid norm 6.556920114816e+00 true resid norm 4.933309857569e+05 ||r(i)||/||b|| 4.089031312692e-01
132 KSP preconditioned resid norm 6.566792598123e+00 true resid norm 4.919308307047e+05 ||r(i)||/||b|| 4.077425964526e-01
134 KSP preconditioned resid norm 6.566195222772e+00 true resid norm 4.918125706835e+05 ||r(i)||/||b|| 4.076445752571e-01
136 KSP preconditioned resid norm 6.443918979491e+00 true resid norm 4.963393884450e+05 ||r(i)||/||b|| 4.113966808633e-01
138 KSP preconditioned resid norm 6.293198355419e+00 true resid norm 5.100401736492e+05 ||r(i)||/||b|| 4.227527361945e-01
140 KSP preconditioned resid norm 6.319760673867e+00 true resid norm 5.142309384437e+05 ||r(i)||/||b|| 4.262263003864e-01
142 KSP preconditioned resid norm 7.273644502348e+00 true resid norm 4.696088122798e+05 ||r(i)||/||b|| 3.892407315917e-01
144 KSP preconditioned resid norm 8.153835473937e+00 true resid norm 4.524538924799e+05 ||r(i)||/||b|| 3.750216765852e-01
146 KSP preconditioned resid norm 6.975444602448e+00 true resid norm 5.197585169245e+05 ||r(i)||/||b|| 4.308078981664e-01
148 KSP preconditioned resid norm 9.739558056071e+00 true resid norm 6.056784809094e+05 ||r(i)||/||b|| 5.020236606591e-01
150 KSP preconditioned resid norm 7.095982106630e+00 true resid norm 4.949883048622e+05 ||r(i)||/||b|| 4.102768195054e-01
152 KSP preconditioned resid norm 8.540858568011e+00 true resid norm 4.664752942644e+05 ||r(i)||/||b|| 3.866434787019e-01
154 KSP preconditioned resid norm 1.703054747315e+02 true resid norm 3.337964486854e+06 ||r(i)||/||b|| 2.766710727983e+00
156 KSP preconditioned resid norm 2.116779468311e+03 true resid norm 3.646395507544e+07 ||r(i)||/||b|| 3.022357370464e+01
158 KSP preconditioned resid norm 1.885368228379e+01 true resid norm 7.709812256460e+05 ||r(i)||/||b|| 6.390367652110e-01
160 KSP preconditioned resid norm 2.500691056680e+01 true resid norm 3.764366438784e+05 ||r(i)||/||b|| 3.120138950328e-01
162 KSP preconditioned resid norm 1.367686283213e+01 true resid norm 3.953714484973e+05 ||r(i)||/||b|| 3.277082282942e-01
164 KSP preconditioned resid norm 1.342742437856e+01 true resid norm 3.965094924298e+05 ||r(i)||/||b|| 3.286515092576e-01
166 KSP preconditioned resid norm 1.133089230661e+01 true resid norm 4.142225154778e+05 ||r(i)||/||b|| 3.433331546390e-01
168 KSP preconditioned resid norm 1.313867632657e+01 true resid norm 3.983805355594e+05 ||r(i)||/||b|| 3.302023451396e-01
170 KSP preconditioned resid norm 1.118411590837e+01 true resid norm 4.129000307493e+05 ||r(i)||/||b|| 3.422369977745e-01
172 KSP preconditioned resid norm 1.996126516541e+01 true resid norm 3.713008835964e+05 ||r(i)||/||b|| 3.077570603287e-01
174 KSP preconditioned resid norm 6.442214782376e+00 true resid norm 5.702293141118e+05 ||r(i)||/||b|| 4.726412060335e-01
176 KSP preconditioned resid norm 6.939210600794e+00 true resid norm 4.565638831684e+05 ||r(i)||/||b|| 3.784282902189e-01
178 KSP preconditioned resid norm 5.134251712573e+00 true resid norm 4.867300722173e+05 ||r(i)||/||b|| 4.034318872292e-01
180 KSP preconditioned resid norm 1.148868194527e+01 true resid norm 4.114602596142e+05 ||r(i)||/||b|| 3.410436267063e-01
182 KSP preconditioned resid norm 8.925195134853e+00 true resid norm 4.341959852735e+05 ||r(i)||/||b|| 3.598883976252e-01
184 KSP preconditioned resid norm 7.794310830831e+00 true resid norm 4.462967150047e+05 ||r(i)||/||b|| 3.699182283485e-01
186 KSP preconditioned resid norm 7.848774560251e+00 true resid norm 4.457715085626e+05 ||r(i)||/||b|| 3.694829048741e-01
188 KSP preconditioned resid norm 7.013664802015e+00 true resid norm 4.557470655533e+05 ||r(i)||/||b|| 3.777512614287e-01
190 KSP preconditioned resid norm 6.678420402863e+00 true resid norm 4.599543061401e+05 ||r(i)||/||b|| 3.812384817728e-01
192 KSP preconditioned resid norm 4.975177273459e+00 true resid norm 5.092991496807e+05 ||r(i)||/||b|| 4.221385298507e-01
194 KSP preconditioned resid norm 5.679687473603e+00 true resid norm 4.748022371963e+05 ||r(i)||/||b|| 3.935453622994e-01
196 KSP preconditioned resid norm 6.107598888522e+00 true resid norm 5.336187225710e+05 ||r(i)||/||b|| 4.422960909873e-01
198 KSP preconditioned resid norm 5.024486113967e+00 true resid norm 4.912324670959e+05 ||r(i)||/||b|| 4.071637496446e-01
200 KSP preconditioned resid norm 4.828719025843e+00 true resid norm 5.033390203686e+05 ||r(i)||/||b|| 4.171984072781e-01
202 KSP preconditioned resid norm 5.352827643920e+00 true resid norm 4.812488895722e+05 ||r(i)||/||b|| 3.988887451779e-01
204 KSP preconditioned resid norm 1.241658722796e+01 true resid norm 4.174032012179e+05 ||r(i)||/||b|| 3.459695030466e-01
206 KSP preconditioned resid norm 5.705657117232e+00 true resid norm 4.784725770202e+05 ||r(i)||/||b|| 3.965875661952e-01
208 KSP preconditioned resid norm 1.624444766367e+01 true resid norm 6.762922623571e+05 ||r(i)||/||b|| 5.605527155500e-01
210 KSP preconditioned resid norm 1.559176320211e+01 true resid norm 6.980010477962e+05 ||r(i)||/||b|| 5.785462951109e-01
212 KSP preconditioned resid norm 1.355546977923e+01 true resid norm 6.801163456320e+05 ||r(i)||/||b|| 5.637223514952e-01
214 KSP preconditioned resid norm 8.295141501607e+00 true resid norm 5.808055048360e+05 ||r(i)||/||b|| 4.814074048511e-01
216 KSP preconditioned resid norm 7.639774851135e+00 true resid norm 5.651647473533e+05 ||r(i)||/||b|| 4.684433809103e-01
218 KSP preconditioned resid norm 5.978358002739e+00 true resid norm 5.183607559513e+05 ||r(i)||/||b|| 4.296493477100e-01
220 KSP preconditioned resid norm 5.834291974364e+00 true resid norm 5.188195183450e+05 ||r(i)||/||b|| 4.300295982613e-01
222 KSP preconditioned resid norm 5.815378863536e+00 true resid norm 5.188352479035e+05 ||r(i)||/||b|| 4.300426358890e-01
224 KSP preconditioned resid norm 5.488307794435e+00 true resid norm 5.074335574660e+05 ||r(i)||/||b|| 4.205922120229e-01
226 KSP preconditioned resid norm 4.887743488362e+00 true resid norm 4.608566279169e+05 ||r(i)||/||b|| 3.819863816830e-01
228 KSP preconditioned resid norm 5.892745769778e+00 true resid norm 4.188785525409e+05 ||r(i)||/||b|| 3.471923651679e-01
230 KSP preconditioned resid norm 5.956784807178e+00 true resid norm 4.168534393905e+05 ||r(i)||/||b|| 3.455138265552e-01
232 KSP preconditioned resid norm 6.127091041203e+00 true resid norm 4.129589399586e+05 ||r(i)||/||b|| 3.422858253584e-01
234 KSP preconditioned resid norm 4.906843306694e+00 true resid norm 4.732619424697e+05 ||r(i)||/||b|| 3.922686710820e-01
236 KSP preconditioned resid norm 7.100715474643e+00 true resid norm 5.572250630604e+05 ||r(i)||/||b|| 4.618624811444e-01
238 KSP preconditioned resid norm 1.193975101592e+01 true resid norm 6.727169489210e+05 ||r(i)||/||b|| 5.575892753821e-01
240 KSP preconditioned resid norm 9.039824167501e+00 true resid norm 6.054554997835e+05 ||r(i)||/||b|| 5.018388401568e-01
242 KSP preconditioned resid norm 7.562235647160e+00 true resid norm 5.703228272497e+05 ||r(i)||/||b|| 4.727187154866e-01
244 KSP preconditioned resid norm 7.132713978216e+00 true resid norm 5.594115734793e+05 ||r(i)||/||b|| 4.636747957621e-01
246 KSP preconditioned resid norm 8.498018458233e+00 true resid norm 3.887716735582e+05 ||r(i)||/||b|| 3.222379279964e-01
248 KSP preconditioned resid norm 7.037297311530e+00 true resid norm 3.919839490107e+05 ||r(i)||/||b|| 3.249004599049e-01
250 KSP preconditioned resid norm 5.783387968948e+00 true resid norm 4.147939568962e+05 ||r(i)||/||b|| 3.438068005118e-01
252 KSP preconditioned resid norm 3.862801865963e+01 true resid norm 8.309980893602e+05 ||r(i)||/||b|| 6.887824414613e-01
254 KSP preconditioned resid norm 5.353034592992e+00 true resid norm 4.557824684269e+05 ||r(i)||/||b|| 3.777806055126e-01
256 KSP preconditioned resid norm 5.360003865452e+00 true resid norm 4.671056476234e+05 ||r(i)||/||b|| 3.871659544225e-01
258 KSP preconditioned resid norm 5.144504297980e+00 true resid norm 4.531132138042e+05 ||r(i)||/||b|| 3.755681627412e-01
260 KSP preconditioned resid norm 5.419718316028e+00 true resid norm 4.356044362558e+05 ||r(i)||/||b|| 3.610558086200e-01
262 KSP preconditioned resid norm 5.243723198356e+00 true resid norm 4.403982608997e+05 ||r(i)||/||b|| 3.650292259894e-01
264 KSP preconditioned resid norm 5.358090599447e+00 true resid norm 4.327316454344e+05 ||r(i)||/||b|| 3.586746625005e-01
266 KSP preconditioned resid norm 5.689439187802e+00 true resid norm 4.196013955303e+05 ||r(i)||/||b|| 3.477915019955e-01
268 KSP preconditioned resid norm 5.620846256793e+00 true resid norm 4.208881398844e+05 ||r(i)||/||b|| 3.488580350346e-01
270 KSP preconditioned resid norm 5.616439075874e+00 true resid norm 4.205449362456e+05 ||r(i)||/||b|| 3.485735667027e-01
272 KSP preconditioned resid norm 6.303428763678e+00 true resid norm 4.023965234336e+05 ||r(i)||/||b|| 3.335310434462e-01
274 KSP preconditioned resid norm 8.222242527208e+00 true resid norm 3.732738125981e+05 ||r(i)||/||b|| 3.093923455021e-01
276 KSP preconditioned resid norm 8.162561160876e+00 true resid norm 3.741394213902e+05 ||r(i)||/||b|| 3.101098154275e-01
278 KSP preconditioned resid norm 5.829219445095e+01 true resid norm 2.556341684977e+06 ||r(i)||/||b|| 2.118853568416e+00
280 KSP preconditioned resid norm 5.194189986361e+00 true resid norm 5.622315602199e+05 ||r(i)||/||b|| 4.660121746044e-01
282 KSP preconditioned resid norm 3.052906557126e+01 true resid norm 9.062704765621e+05 ||r(i)||/||b|| 7.511728359704e-01
284 KSP preconditioned resid norm 2.029565046770e+01 true resid norm 5.562093734800e+05 ||r(i)||/||b|| 4.610206150103e-01
286 KSP preconditioned resid norm 2.744740919007e+01 true resid norm 8.039530471035e+05 ||r(i)||/||b|| 6.663658433084e-01
288 KSP preconditioned resid norm 4.337392710405e+01 true resid norm 1.394983005115e+06 ||r(i)||/||b|| 1.156247905215e+00
290 KSP preconditioned resid norm 2.459046154308e+01 true resid norm 6.989718555859e+05 ||r(i)||/||b|| 5.793509604503e-01
292 KSP preconditioned resid norm 2.410658910655e+01 true resid norm 6.829004429364e+05 ||r(i)||/||b|| 5.660299829605e-01
294 KSP preconditioned resid norm 4.754389380552e+01 true resid norm 1.545328261594e+06 ||r(i)||/||b|| 1.280863321478e+00
296 KSP preconditioned resid norm 1.232894590956e+01 true resid norm 8.665439412499e+05 ||r(i)||/||b|| 7.182450346513e-01
298 KSP preconditioned resid norm 1.468026148004e+01 true resid norm 9.565439388324e+05 ||r(i)||/||b|| 7.928425804941e-01
300 KSP preconditioned resid norm 7.749078620078e+00 true resid norm 6.856394109620e+05 ||r(i)||/||b|| 5.683002084976e-01
302 KSP preconditioned resid norm 8.136729356331e+00 true resid norm 7.019137669295e+05 ||r(i)||/||b|| 5.817893979194e-01
304 KSP preconditioned resid norm 7.116183862106e+00 true resid norm 6.585339877253e+05 ||r(i)||/||b|| 5.458335628665e-01
306 KSP preconditioned resid norm 6.317794582063e+00 true resid norm 6.226644198469e+05 ||r(i)||/||b|| 5.161026539104e-01
308 KSP preconditioned resid norm 5.082798885918e+00 true resid norm 5.541695930815e+05 ||r(i)||/||b|| 4.593299192784e-01
310 KSP preconditioned resid norm 4.936234590902e+00 true resid norm 5.440948504939e+05 ||r(i)||/||b|| 4.509793515870e-01
312 KSP preconditioned resid norm 4.926055636947e+00 true resid norm 5.432541359460e+05 ||r(i)||/||b|| 4.502825155458e-01
314 KSP preconditioned resid norm 4.610398950610e+00 true resid norm 5.139705399135e+05 ||r(i)||/||b|| 4.260104660329e-01
316 KSP preconditioned resid norm 4.759360027650e+00 true resid norm 4.507511136799e+05 ||r(i)||/||b|| 3.736103085518e-01
318 KSP preconditioned resid norm 6.102203821118e+00 true resid norm 6.077953315259e+05 ||r(i)||/||b|| 5.037782369385e-01
320 KSP preconditioned resid norm 4.989887374266e+00 true resid norm 5.482584685161e+05 ||r(i)||/||b|| 4.544304148606e-01
322 KSP preconditioned resid norm 5.972777187254e+00 true resid norm 6.053322021619e+05 ||r(i)||/||b|| 5.017366434876e-01
324 KSP preconditioned resid norm 1.513663471915e+01 true resid norm 9.901686845093e+05 ||r(i)||/||b|| 8.207128424326e-01
326 KSP preconditioned resid norm 7.926255534215e+00 true resid norm 7.014752756794e+05 ||r(i)||/||b|| 5.814259493414e-01
328 KSP preconditioned resid norm 8.331220640975e+00 true resid norm 3.683080006237e+05 ||r(i)||/||b|| 3.052763744315e-01
330 KSP preconditioned resid norm 4.196410843514e+02 true resid norm 1.692728023750e+07 ||r(i)||/||b|| 1.403037330478e+01
332 KSP preconditioned resid norm 1.476756309465e+03 true resid norm 6.041607604225e+07 ||r(i)||/||b|| 5.007656803631e+01
334 KSP preconditioned resid norm 2.391463414383e+03 true resid norm 9.872995441068e+07 ||r(i)||/||b|| 8.183347220053e+01
336 KSP preconditioned resid norm 2.709468892546e+01 true resid norm 8.399474941065e+05 ||r(i)||/||b|| 6.962002597809e-01
338 KSP preconditioned resid norm 7.344310558261e+00 true resid norm 3.661163807943e+05 ||r(i)||/||b|| 3.034598248194e-01
340 KSP preconditioned resid norm 9.951524718525e+00 true resid norm 3.535104754834e+05 ||r(i)||/||b|| 2.930112734351e-01
342 KSP preconditioned resid norm 1.336311947047e+01 true resid norm 3.964549717733e+05 ||r(i)||/||b|| 3.286063191766e-01
344 KSP preconditioned resid norm 1.308196304147e+01 true resid norm 3.901438293763e+05 ||r(i)||/||b|| 3.233752553219e-01
346 KSP preconditioned resid norm 1.758802921052e+01 true resid norm 5.080616453086e+05 ||r(i)||/||b|| 4.211128099439e-01
348 KSP preconditioned resid norm 4.653107684229e+00 true resid norm 4.690141027058e+05 ||r(i)||/||b|| 3.887477996372e-01
350 KSP preconditioned resid norm 1.312436425968e+01 true resid norm 3.930460240182e+05 ||r(i)||/||b|| 3.257807731404e-01
352 KSP preconditioned resid norm 4.784572013715e+01 true resid norm 1.673177330010e+06 ||r(i)||/||b|| 1.386832510348e+00
354 KSP preconditioned resid norm 1.759240678617e+01 true resid norm 5.040870920034e+05 ||r(i)||/||b|| 4.178184551622e-01
356 KSP preconditioned resid norm 5.150694295008e+00 true resid norm 5.710723523219e+05 ||r(i)||/||b|| 4.733399680692e-01
358 KSP preconditioned resid norm 5.060656885707e+00 true resid norm 5.649142475115e+05 ||r(i)||/||b|| 4.682357511999e-01
360 KSP preconditioned resid norm 5.074826437864e+00 true resid norm 5.660270472507e+05 ||r(i)||/||b|| 4.691581082197e-01
362 KSP preconditioned resid norm 5.081053474279e+00 true resid norm 5.664704271170e+05 ||r(i)||/||b|| 4.695256087841e-01
364 KSP preconditioned resid norm 4.878612481689e+00 true resid norm 5.508137769510e+05 ||r(i)||/||b|| 4.565484120077e-01
366 KSP preconditioned resid norm 4.871395551104e+00 true resid norm 5.502846152632e+05 ||r(i)||/||b|| 4.561098101818e-01
368 KSP preconditioned resid norm 4.920375387968e+00 true resid norm 5.544058014193e+05 ||r(i)||/||b|| 4.595257033093e-01
370 KSP preconditioned resid norm 4.674474039911e+00 true resid norm 5.349351701866e+05 ||r(i)||/||b|| 4.433872439205e-01
372 KSP preconditioned resid norm 4.714802885368e+00 true resid norm 5.381381421478e+05 ||r(i)||/||b|| 4.460420645220e-01
374 KSP preconditioned resid norm 4.953929383865e+00 true resid norm 5.615253546293e+05 ||r(i)||/||b|| 4.654268278785e-01
376 KSP preconditioned resid norm 4.828232343040e+00 true resid norm 5.568348003050e+05 ||r(i)||/||b|| 4.615390073159e-01
378 KSP preconditioned resid norm 4.798747840826e+00 true resid norm 5.535839216645e+05 ||r(i)||/||b|| 4.588444787056e-01
380 KSP preconditioned resid norm 4.799678285765e+00 true resid norm 5.545033903403e+05 ||r(i)||/||b|| 4.596065910226e-01
382 KSP preconditioned resid norm 5.732816794962e+00 true resid norm 6.142552635892e+05 ||r(i)||/||b|| 5.091326268406e-01
384 KSP preconditioned resid norm 6.943320632095e+00 true resid norm 6.759536377104e+05 ||r(i)||/||b|| 5.602720425691e-01
386 KSP preconditioned resid norm 9.716559183004e+00 true resid norm 3.420373770478e+05 ||r(i)||/||b|| 2.835016622185e-01
388 KSP preconditioned resid norm 6.062324474730e+00 true resid norm 6.317450521033e+05 ||r(i)||/||b|| 5.236292416795e-01
390 KSP preconditioned resid norm 5.348305693015e+00 true resid norm 5.926283883142e+05 ||r(i)||/||b|| 4.912069394728e-01
392 KSP preconditioned resid norm 7.271610731111e+00 true resid norm 6.921450513950e+05 ||r(i)||/||b|| 5.736924843139e-01
394 KSP preconditioned resid norm 6.598951679633e+01 true resid norm 3.242302444366e+06 ||r(i)||/||b|| 2.687420130299e+00
396 KSP preconditioned resid norm 1.088737510522e+01 true resid norm 3.378505858340e+05 ||r(i)||/||b|| 2.800313915752e-01
398 KSP preconditioned resid norm 6.374392650680e+00 true resid norm 6.497201259107e+05 ||r(i)||/||b|| 5.385280908839e-01
400 KSP preconditioned resid norm 6.534039229345e+00 true resid norm 6.579255689850e+05 ||r(i)||/||b|| 5.453292679099e-01
402 KSP preconditioned resid norm 6.483716963485e+00 true resid norm 6.546252592205e+05 ||r(i)||/||b|| 5.425937677369e-01
404 KSP preconditioned resid norm 6.419767589306e+00 true resid norm 6.522356867711e+05 ||r(i)||/||b|| 5.406131427910e-01
406 KSP preconditioned resid norm 7.637035102937e+00 true resid norm 7.088692464427e+05 ||r(i)||/||b|| 5.875545280947e-01
408 KSP preconditioned resid norm 5.155690338784e+00 true resid norm 5.854634433655e+05 ||r(i)||/||b|| 4.852681914325e-01
410 KSP preconditioned resid norm 4.791328747711e+00 true resid norm 5.614484434369e+05 ||r(i)||/||b|| 4.653630791412e-01
412 KSP preconditioned resid norm 4.935476617727e+00 true resid norm 5.712163379613e+05 ||r(i)||/||b|| 4.734593122428e-01
414 KSP preconditioned resid norm 4.917769568403e+00 true resid norm 5.704394180737e+05 ||r(i)||/||b|| 4.728153531485e-01
416 KSP preconditioned resid norm 5.849613510912e+00 true resid norm 6.239851010928e+05 ||r(i)||/||b|| 5.171973159374e-01
418 KSP preconditioned resid norm 1.104668346570e+01 true resid norm 3.232589701404e+05 ||r(i)||/||b|| 2.679369610212e-01
420 KSP preconditioned resid norm 1.096050403811e+01 true resid norm 3.227757174045e+05 ||r(i)||/||b|| 2.675364113647e-01
422 KSP preconditioned resid norm 9.166186397896e+00 true resid norm 3.235865569338e+05 ||r(i)||/||b|| 2.682084851489e-01
424 KSP preconditioned resid norm 9.258312281190e+00 true resid norm 3.229652210858e+05 ||r(i)||/||b|| 2.676934836973e-01
426 KSP preconditioned resid norm 5.642279106195e+00 true resid norm 6.187502948791e+05 ||r(i)||/||b|| 5.128583858596e-01
428 KSP preconditioned resid norm 1.237056423910e+01 true resid norm 3.357071855107e+05 ||r(i)||/||b|| 2.782548092622e-01
430 KSP preconditioned resid norm 6.297460123660e+00 true resid norm 3.707361074399e+05 ||r(i)||/||b|| 3.072889390358e-01
432 KSP preconditioned resid norm 1.359412536222e+01 true resid norm 3.508284449060e+05 ||r(i)||/||b|| 2.907882411649e-01
434 KSP preconditioned resid norm 5.440661882269e+00 true resid norm 3.979118318144e+05 ||r(i)||/||b|| 3.298138545835e-01
436 KSP preconditioned resid norm 8.423156558095e+00 true resid norm 3.292180177688e+05 ||r(i)||/||b|| 2.728761870276e-01
438 KSP preconditioned resid norm 8.575333443249e+00 true resid norm 3.274891427028e+05 ||r(i)||/||b|| 2.714431888003e-01
440 KSP preconditioned resid norm 5.052455231182e+01 true resid norm 1.730966598042e+06 ||r(i)||/||b|| 1.434731817982e+00
442 KSP preconditioned resid norm 5.786363647890e+00 true resid norm 3.843224039420e+05 ||r(i)||/||b|| 3.185500990733e-01
444 KSP preconditioned resid norm 4.596944908333e+01 true resid norm 1.520381933025e+06 ||r(i)||/||b|| 1.260186266600e+00
446 KSP preconditioned resid norm 2.013838724271e+01 true resid norm 1.259759994769e+06 ||r(i)||/||b|| 1.044166738723e+00
448 KSP preconditioned resid norm 1.735373891323e+02 true resid norm 7.158950776629e+06 ||r(i)||/||b|| 5.933779701015e+00
450 KSP preconditioned resid norm 4.666173185686e+00 true resid norm 4.145576503951e+05 ||r(i)||/||b|| 3.436109351172e-01
452 KSP preconditioned resid norm 8.682543165853e+00 true resid norm 3.183446859836e+05 ||r(i)||/||b|| 2.638636993820e-01
454 KSP preconditioned resid norm 8.878389688615e+00 true resid norm 3.177347225548e+05 ||r(i)||/||b|| 2.633581240925e-01
456 KSP preconditioned resid norm 5.466045774369e+00 true resid norm 6.212055107214e+05 ||r(i)||/||b|| 5.148934200960e-01
458 KSP preconditioned resid norm 4.251905864755e+00 true resid norm 4.390758263918e+05 ||r(i)||/||b|| 3.639331107508e-01
460 KSP preconditioned resid norm 1.108746374791e+01 true resid norm 8.808567684346e+05 ||r(i)||/||b|| 7.301083881038e-01
462 KSP preconditioned resid norm 6.051330826973e+00 true resid norm 6.510116212208e+05 ||r(i)||/||b|| 5.395985618083e-01
464 KSP preconditioned resid norm 4.666753203104e+00 true resid norm 5.711364772945e+05 ||r(i)||/||b|| 4.733931187994e-01
466 KSP preconditioned resid norm 4.050815304838e+00 true resid norm 5.088806485967e+05 ||r(i)||/||b|| 4.217916503547e-01
468 KSP preconditioned resid norm 4.053751496093e+00 true resid norm 5.096369590298e+05 ||r(i)||/||b|| 4.224185270627e-01
470 KSP preconditioned resid norm 4.067940316765e+00 true resid norm 5.121037762686e+05 ||r(i)||/||b|| 4.244631772516e-01
472 KSP preconditioned resid norm 3.986388904229e+00 true resid norm 4.890801567258e+05 ||r(i)||/||b|| 4.053797821355e-01
474 KSP preconditioned resid norm 3.983305076086e+00 true resid norm 4.823014984578e+05 ||r(i)||/||b|| 3.997612123080e-01
476 KSP preconditioned resid norm 3.991323497059e+00 true resid norm 4.938697757096e+05 ||r(i)||/||b|| 4.093497135946e-01
478 KSP preconditioned resid norm 3.990394193324e+00 true resid norm 4.949234326292e+05 ||r(i)||/||b|| 4.102230493998e-01
480 KSP preconditioned resid norm 3.997438209709e+00 true resid norm 4.792625527159e+05 ||r(i)||/||b|| 3.972423467481e-01
482 KSP preconditioned resid norm 4.965806236707e+00 true resid norm 5.899229277459e+05 ||r(i)||/||b|| 4.889644869818e-01
484 KSP preconditioned resid norm 5.059114320274e+00 true resid norm 5.965931396728e+05 ||r(i)||/||b|| 4.944931697969e-01
486 KSP preconditioned resid norm 7.635120060984e+01 true resid norm 3.907118810754e+06 ||r(i)||/||b|| 3.238460915864e+00
488 KSP preconditioned resid norm 5.957700036000e+00 true resid norm 6.480816408347e+05 ||r(i)||/||b|| 5.371700134522e-01
490 KSP preconditioned resid norm 4.007848255255e+00 true resid norm 5.077640253761e+05 ||r(i)||/||b|| 4.208661241977e-01
492 KSP preconditioned resid norm 4.041670532379e+00 true resid norm 5.137055855991e+05 ||r(i)||/||b|| 4.257908555647e-01
494 KSP preconditioned resid norm 3.987437416300e+00 true resid norm 5.049824756404e+05 ||r(i)||/||b|| 4.185606043145e-01
496 KSP preconditioned resid norm 3.995406127867e+00 true resid norm 5.064784097691e+05 ||r(i)||/||b|| 4.198005267338e-01
498 KSP preconditioned resid norm 6.283180512633e+00 true resid norm 3.307809194296e+05 ||r(i)||/||b|| 2.741716162656e-01
500 KSP preconditioned resid norm 7.499124347579e+00 true resid norm 3.133033891194e+05 ||r(i)||/||b|| 2.596851617817e-01
502 KSP preconditioned resid norm 8.269858632420e+00 true resid norm 3.131685191712e+05 ||r(i)||/||b|| 2.595733732549e-01
504 KSP preconditioned resid norm 2.135796788360e+01 true resid norm 7.973486012664e+05 ||r(i)||/||b|| 6.608916714825e-01
506 KSP preconditioned resid norm 5.045920819573e+00 true resid norm 5.947447860946e+05 ||r(i)||/||b|| 4.929611404137e-01
508 KSP preconditioned resid norm 5.175476225178e+00 true resid norm 6.034251459468e+05 ||r(i)||/||b|| 5.001559577404e-01
510 KSP preconditioned resid norm 6.108123274240e+00 true resid norm 6.634511690691e+05 ||r(i)||/||b|| 5.499092258727e-01
512 KSP preconditioned resid norm 5.317835664001e+00 true resid norm 6.157582193133e+05 ||r(i)||/||b|| 5.103783691910e-01
514 KSP preconditioned resid norm 5.219161547184e+00 true resid norm 6.091295122105e+05 ||r(i)||/||b|| 5.048840881325e-01
516 KSP preconditioned resid norm 1.940224496473e+01 true resid norm 1.243507517191e+06 ||r(i)||/||b|| 1.030695683459e+00
518 KSP preconditioned resid norm 5.133742430718e+00 true resid norm 6.037720520464e+05 ||r(i)||/||b|| 5.004434948999e-01
520 KSP preconditioned resid norm 4.879478511233e+00 true resid norm 5.858876773211e+05 ||r(i)||/||b|| 4.856198226858e-01
522 KSP preconditioned resid norm 5.585223128522e+00 true resid norm 6.326521487255e+05 ||r(i)||/||b|| 5.243810992760e-01
524 KSP preconditioned resid norm 5.623802446297e+00 true resid norm 6.356560158226e+05 ||r(i)||/||b|| 5.268708894926e-01
526 KSP preconditioned resid norm 5.617975400243e+00 true resid norm 6.348696397210e+05 ||r(i)||/||b|| 5.262190925052e-01
528 KSP preconditioned resid norm 5.589511969467e+00 true resid norm 6.332865889929e+05 ||r(i)||/||b|| 5.249069624782e-01
530 KSP preconditioned resid norm 3.918286857156e+00 true resid norm 4.642776884927e+05 ||r(i)||/||b|| 3.848219675719e-01
532 KSP preconditioned resid norm 4.184788606533e+00 true resid norm 5.292042568026e+05 ||r(i)||/||b|| 4.386371096387e-01
534 KSP preconditioned resid norm 4.156319694020e+00 true resid norm 5.278881500344e+05 ||r(i)||/||b|| 4.375462392207e-01
536 KSP preconditioned resid norm 4.190119656032e+00 true resid norm 5.266719478497e+05 ||r(i)||/||b|| 4.365381758800e-01
538 KSP preconditioned resid norm 1.772763100319e+01 true resid norm 7.023146228871e+05 ||r(i)||/||b|| 5.821216520469e-01
540 KSP preconditioned resid norm 4.413639304682e+00 true resid norm 3.529812326462e+05 ||r(i)||/||b|| 2.925726043477e-01
542 KSP preconditioned resid norm 3.596529574559e+00 true resid norm 4.453710225981e+05 ||r(i)||/||b|| 3.691509574197e-01
544 KSP preconditioned resid norm 3.721031157585e+00 true resid norm 4.808497028720e+05 ||r(i)||/||b|| 3.985578746338e-01
546 KSP preconditioned resid norm 5.148530967458e+00 true resid norm 3.272625596559e+05 ||r(i)||/||b|| 2.712553828039e-01
548 KSP preconditioned resid norm 4.061044432824e+00 true resid norm 3.720024046629e+05 ||r(i)||/||b|| 3.083385242323e-01
550 KSP preconditioned resid norm 3.851700492872e+00 true resid norm 3.883781984540e+05 ||r(i)||/||b|| 3.219117915752e-01
552 KSP preconditioned resid norm 3.756331221753e+00 true resid norm 3.983713438422e+05 ||r(i)||/||b|| 3.301947264778e-01
554 KSP preconditioned resid norm 3.733451938911e+00 true resid norm 4.011958443146e+05 ||r(i)||/||b|| 3.325358465793e-01
556 KSP preconditioned resid norm 3.728255541148e+00 true resid norm 4.018404412043e+05 ||r(i)||/||b|| 3.330701282162e-01
558 KSP preconditioned resid norm 3.650595064054e+00 true resid norm 4.138221897280e+05 ||r(i)||/||b|| 3.430013399804e-01
560 KSP preconditioned resid norm 3.632036922963e+00 true resid norm 4.176357251120e+05 ||r(i)||/||b|| 3.461622331835e-01
562 KSP preconditioned resid norm 3.617614155961e+00 true resid norm 4.621567353061e+05 ||r(i)||/||b|| 3.830639908294e-01
564 KSP preconditioned resid norm 3.636553520061e+00 true resid norm 4.679353089885e+05 ||r(i)||/||b|| 3.878536289045e-01
566 KSP preconditioned resid norm 3.578885388999e+00 true resid norm 4.286185463564e+05 ||r(i)||/||b|| 3.552654724420e-01
568 KSP preconditioned resid norm 3.607275513113e+00 true resid norm 4.629891670635e+05 ||r(i)||/||b|| 3.837539615833e-01
570 KSP preconditioned resid norm 3.611966947179e+00 true resid norm 4.651503077364e+05 ||r(i)||/||b|| 3.855452481916e-01
572 KSP preconditioned resid norm 3.603552245513e+00 true resid norm 4.636959940037e+05 ||r(i)||/||b|| 3.843398233221e-01
574 KSP preconditioned resid norm 3.591743303177e+00 true resid norm 4.613345028940e+05 ||r(i)||/||b|| 3.823824739216e-01
576 KSP preconditioned resid norm 3.598610370907e+00 true resid norm 4.632310058600e+05 ||r(i)||/||b|| 3.839544124855e-01
578 KSP preconditioned resid norm 3.659942672348e+00 true resid norm 4.760526853118e+05 ||r(i)||/||b|| 3.945818107785e-01
580 KSP preconditioned resid norm 3.720357737916e+00 true resid norm 4.851924769324e+05 ||r(i)||/||b|| 4.021574334755e-01
582 KSP preconditioned resid norm 8.487694192497e+00 true resid norm 7.504178081118e+05 ||r(i)||/||b|| 6.219925371733e-01
584 KSP preconditioned resid norm 4.893184762060e+00 true resid norm 5.806737483079e+05 ||r(i)||/||b|| 4.812981969188e-01
586 KSP preconditioned resid norm 5.943229354784e+00 true resid norm 6.389603873617e+05 ||r(i)||/||b|| 5.296097563147e-01
588 KSP preconditioned resid norm 5.988989774043e+00 true resid norm 6.424516874959e+05 ||r(i)||/||b|| 5.325035610793e-01
590 KSP preconditioned resid norm 5.160282893298e+00 true resid norm 5.983417775039e+05 ||r(i)||/||b|| 4.959425486221e-01
592 KSP preconditioned resid norm 5.148415378968e+00 true resid norm 6.001858950953e+05 ||r(i)||/||b|| 4.974710669584e-01
594 KSP preconditioned resid norm 4.793289282073e+00 true resid norm 5.767132980549e+05 ||r(i)||/||b|| 4.780155316161e-01
596 KSP preconditioned resid norm 8.167083285049e+00 true resid norm 3.386572551688e+05 ||r(i)||/||b|| 2.807000088452e-01
598 KSP preconditioned resid norm 8.131564495485e+00 true resid norm 3.397517911007e+05 ||r(i)||/||b|| 2.816072276958e-01
600 KSP preconditioned resid norm 8.045680992538e+00 true resid norm 3.375174719519e+05 ||r(i)||/||b|| 2.797552862557e-01
602 KSP preconditioned resid norm 3.411426278900e+00 true resid norm 4.138411623393e+05 ||r(i)||/||b|| 3.430170656502e-01
604 KSP preconditioned resid norm 3.672352451458e+00 true resid norm 4.850846995668e+05 ||r(i)||/||b|| 4.020681009512e-01
606 KSP preconditioned resid norm 4.232074055760e+00 true resid norm 5.388966548314e+05 ||r(i)||/||b|| 4.466707665909e-01
608 KSP preconditioned resid norm 6.021114040084e+00 true resid norm 6.579104649726e+05 ||r(i)||/||b|| 5.453167487734e-01
610 KSP preconditioned resid norm 6.230607232100e+00 true resid norm 6.719781450575e+05 ||r(i)||/||b|| 5.569769091981e-01
612 KSP preconditioned resid norm 5.766907330076e+00 true resid norm 6.429051798647e+05 ||r(i)||/||b|| 5.328794435090e-01
614 KSP preconditioned resid norm 4.773131988672e+00 true resid norm 5.777756096965e+05 ||r(i)||/||b|| 4.788960409884e-01
616 KSP preconditioned resid norm 3.470016021055e+00 true resid norm 4.074731664984e+05 ||r(i)||/||b|| 3.377388781565e-01
618 KSP preconditioned resid norm 3.418030444786e+00 true resid norm 4.322552101083e+05 ||r(i)||/||b|| 3.582797635335e-01
620 KSP preconditioned resid norm 3.864072200927e+00 true resid norm 3.657983521480e+05 ||r(i)||/||b|| 3.031962230732e-01
622 KSP preconditioned resid norm 3.406092027003e+00 true resid norm 4.148297310372e+05 ||r(i)||/||b|| 3.438364523251e-01
624 KSP preconditioned resid norm 3.382195153342e+00 true resid norm 4.160154535853e+05 ||r(i)||/||b|| 3.448192522642e-01
626 KSP preconditioned resid norm 3.391078809954e+00 true resid norm 4.108493366143e+05 ||r(i)||/||b|| 3.405372560650e-01
628 KSP preconditioned resid norm 3.394138990278e+00 true resid norm 4.081057872714e+05 ||r(i)||/||b|| 3.382632332497e-01
630 KSP preconditioned resid norm 3.382801488046e+00 true resid norm 4.081262522245e+05 ||r(i)||/||b|| 3.382801958644e-01
632 KSP preconditioned resid norm 3.381488061857e+00 true resid norm 4.081777486592e+05 ||r(i)||/||b|| 3.383228792838e-01
634 KSP preconditioned resid norm 1.795900702457e+01 true resid norm 7.706108020188e+05 ||r(i)||/||b|| 6.387297352749e-01
636 KSP preconditioned resid norm 3.363373701764e+00 true resid norm 4.405683131278e+05 ||r(i)||/||b|| 3.651701757585e-01
638 KSP preconditioned resid norm 1.915370498603e+01 true resid norm 8.325655579602e+05 ||r(i)||/||b|| 6.900816560600e-01
640 KSP preconditioned resid norm 6.085533767629e+00 true resid norm 3.106057303952e+05 ||r(i)||/||b|| 2.574491759400e-01
642 KSP preconditioned resid norm 7.652859340147e+00 true resid norm 3.324488937819e+05 ||r(i)||/||b|| 2.755541362273e-01
644 KSP preconditioned resid norm 6.232489036363e+00 true resid norm 3.135410363052e+05 ||r(i)||/||b|| 2.598821384185e-01
646 KSP preconditioned resid norm 6.273918047060e+00 true resid norm 3.137787205038e+05 ||r(i)||/||b|| 2.600791457338e-01
648 KSP preconditioned resid norm 6.199268394828e+00 true resid norm 3.134058576504e+05 ||r(i)||/||b|| 2.597700940166e-01
650 KSP preconditioned resid norm 4.946405403272e+00 true resid norm 3.194358083355e+05 ||r(i)||/||b|| 2.647680888471e-01
652 KSP preconditioned resid norm 5.472271289289e+00 true resid norm 3.131599400181e+05 ||r(i)||/||b|| 2.595662623239e-01
654 KSP preconditioned resid norm 5.342253486405e+00 true resid norm 3.141909562897e+05 ||r(i)||/||b|| 2.604208321645e-01
656 KSP preconditioned resid norm 6.493767505423e+00 true resid norm 3.159588009020e+05 ||r(i)||/||b|| 2.618861307540e-01
658 KSP preconditioned resid norm 1.836782260494e+02 true resid norm 1.043012607436e+07 ||r(i)||/||b|| 8.645131431986e+00
660 KSP preconditioned resid norm 3.364220624722e+00 true resid norm 3.943807623517e+05 ||r(i)||/||b|| 3.268870865481e-01
662 KSP preconditioned resid norm 7.449890692543e+00 true resid norm 3.309085604625e+05 ||r(i)||/||b|| 2.742774130219e-01
664 KSP preconditioned resid norm 7.527427742400e+00 true resid norm 7.571581307753e+05 ||r(i)||/||b|| 6.275793320887e-01
666 KSP preconditioned resid norm 7.253352807931e+00 true resid norm 3.268635560241e+05 ||r(i)||/||b|| 2.709246639982e-01
668 KSP preconditioned resid norm 1.227779974778e+01 true resid norm 5.201626269673e+05 ||r(i)||/||b|| 4.311428494804e-01
670 KSP preconditioned resid norm 6.076774604821e+00 true resid norm 3.134216829873e+05 ||r(i)||/||b|| 2.597832110313e-01
672 KSP preconditioned resid norm 7.919737797844e+00 true resid norm 3.430178937114e+05 ||r(i)||/||b|| 2.843143748711e-01
674 KSP preconditioned resid norm 5.201120791576e+00 true resid norm 3.162087606741e+05 ||r(i)||/||b|| 2.620933128213e-01
676 KSP preconditioned resid norm 5.216973673200e+00 true resid norm 3.159953438286e+05 ||r(i)||/||b|| 2.619164197842e-01
678 KSP preconditioned resid norm 4.697131886117e+00 true resid norm 3.243470154679e+05 ||r(i)||/||b|| 2.688388000587e-01
680 KSP preconditioned resid norm 4.715733589400e+00 true resid norm 3.239301134919e+05 ||r(i)||/||b|| 2.684932460020e-01
682 KSP preconditioned resid norm 4.088467357922e+00 true resid norm 3.405084787985e+05 ||r(i)||/||b|| 2.822344171040e-01
684 KSP preconditioned resid norm 3.883371697249e+00 true resid norm 3.481810831297e+05 ||r(i)||/||b|| 2.885939445341e-01
686 KSP preconditioned resid norm 3.922062509829e+00 true resid norm 3.467310234322e+05 ||r(i)||/||b|| 2.873920456711e-01
688 KSP preconditioned resid norm 3.895769300252e+00 true resid norm 3.477057799745e+05 ||r(i)||/||b|| 2.881999839800e-01
690 KSP preconditioned resid norm 3.575332155912e+00 true resid norm 3.641976990611e+05 ||r(i)||/||b|| 3.018695031261e-01
692 KSP preconditioned resid norm 3.517381599846e+00 true resid norm 3.679888107547e+05 ||r(i)||/||b|| 3.050118101922e-01
694 KSP preconditioned resid norm 3.386882131103e+00 true resid norm 3.790282412079e+05 ||r(i)||/||b|| 3.141619706526e-01
696 KSP preconditioned resid norm 3.654364827286e+00 true resid norm 3.588936181340e+05 ||r(i)||/||b|| 2.974731538957e-01
698 KSP preconditioned resid norm 4.341060894418e+00 true resid norm 3.315723123351e+05 ||r(i)||/||b|| 2.748275714894e-01
700 KSP preconditioned resid norm 4.716881972606e+00 true resid norm 5.408003672186e+05 ||r(i)||/||b|| 4.482486807675e-01
702 KSP preconditioned resid norm 9.042882491552e+00 true resid norm 3.583036657883e+05 ||r(i)||/||b|| 2.969841650252e-01
704 KSP preconditioned resid norm 3.624787441717e+00 true resid norm 3.630150405118e+05 ||r(i)||/||b|| 3.008892428181e-01
706 KSP preconditioned resid norm 3.280469401741e+00 true resid norm 4.099182916547e+05 ||r(i)||/||b|| 3.397655486103e-01
708 KSP preconditioned resid norm 3.279765947011e+00 true resid norm 4.102662533810e+05 ||r(i)||/||b|| 3.400539607383e-01
710 KSP preconditioned resid norm 4.385885660555e+01 true resid norm 1.968718049169e+06 ||r(i)||/||b|| 1.631794876327e+00
712 KSP preconditioned resid norm 3.725200502845e+00 true resid norm 4.754474484786e+05 ||r(i)||/||b|| 3.940801531827e-01
714 KSP preconditioned resid norm 3.415561273157e+00 true resid norm 4.456194383555e+05 ||r(i)||/||b|| 3.693568597124e-01
716 KSP preconditioned resid norm 3.644831147233e+00 true resid norm 4.684576464219e+05 ||r(i)||/||b|| 3.882865743676e-01
718 KSP preconditioned resid norm 4.020090026120e+00 true resid norm 5.002618371626e+05 ||r(i)||/||b|| 4.146478481510e-01
720 KSP preconditioned resid norm 3.856362398228e+00 true resid norm 4.881140194986e+05 ||r(i)||/||b|| 4.045789880463e-01
722 KSP preconditioned resid norm 3.804934424123e+00 true resid norm 4.839686115801e+05 ||r(i)||/||b|| 4.011430184291e-01
724 KSP preconditioned resid norm 3.249494256680e+00 true resid norm 4.225452749938e+05 ||r(i)||/||b|| 3.502315707636e-01
726 KSP preconditioned resid norm 3.545374466269e+00 true resid norm 4.518059024202e+05 ||r(i)||/||b|| 3.744845824798e-01
728 KSP preconditioned resid norm 3.225719518814e+00 true resid norm 4.213556447475e+05 ||r(i)||/||b|| 3.492455318834e-01
730 KSP preconditioned resid norm 3.208555102654e+00 true resid norm 4.180527845531e+05 ||r(i)||/||b|| 3.465079177569e-01
732 KSP preconditioned resid norm 3.208753915662e+00 true resid norm 4.186315078195e+05 ||r(i)||/||b|| 3.469875992742e-01
734 KSP preconditioned resid norm 3.627650721043e+00 true resid norm 3.419623376924e+05 ||r(i)||/||b|| 2.834394649751e-01
736 KSP preconditioned resid norm 3.533756875732e+00 true resid norm 3.473784565605e+05 ||r(i)||/||b|| 2.879286781574e-01
738 KSP preconditioned resid norm 3.245123727012e+00 true resid norm 3.778880350808e+05 ||r(i)||/||b|| 3.132168975291e-01
740 KSP preconditioned resid norm 1.105275376146e+01 true resid norm 5.650062428764e+05 ||r(i)||/||b|| 4.683120026292e-01
742 KSP preconditioned resid norm 9.179158576571e+00 true resid norm 4.594740879392e+05 ||r(i)||/||b|| 3.808404473260e-01
744 KSP preconditioned resid norm 5.551314649242e+00 true resid norm 3.175009114129e+05 ||r(i)||/||b|| 2.631643270053e-01
746 KSP preconditioned resid norm 5.026025831250e+01 true resid norm 3.493690614323e+06 ||r(i)||/||b|| 2.895786141815e+00
748 KSP preconditioned resid norm 1.811512438166e+01 true resid norm 1.421577933200e+06 ||r(i)||/||b|| 1.178291420995e+00
750 KSP preconditioned resid norm 6.534736127881e+01 true resid norm 4.654933954331e+06 ||r(i)||/||b|| 3.858296204236e+00
752 KSP preconditioned resid norm 6.438860393417e+01 true resid norm 4.635614786603e+06 ||r(i)||/||b|| 3.842283287136e+00
754 KSP preconditioned resid norm 4.635876172824e+00 true resid norm 3.160847056394e+05 ||r(i)||/||b|| 2.619904883614e-01
756 KSP preconditioned resid norm 5.523812936298e+00 true resid norm 3.209655041959e+05 ||r(i)||/||b|| 2.660359950708e-01
758 KSP preconditioned resid norm 4.685488393297e+00 true resid norm 3.174381004639e+05 ||r(i)||/||b|| 2.631122654189e-01
760 KSP preconditioned resid norm 4.217654931513e+00 true resid norm 3.229429391193e+05 ||r(i)||/||b|| 2.676750150299e-01
762 KSP preconditioned resid norm 1.066236667078e+01 true resid norm 5.422162008750e+05 ||r(i)||/||b|| 4.494222109778e-01
764 KSP preconditioned resid norm 1.975806452244e+01 true resid norm 1.112878090145e+06 ||r(i)||/||b|| 9.224219619672e-01
766 KSP preconditioned resid norm 7.552474265787e+00 true resid norm 3.823925337063e+05 ||r(i)||/||b|| 3.169505036595e-01
768 KSP preconditioned resid norm 7.089715869341e+00 true resid norm 7.306120427174e+05 ||r(i)||/||b|| 6.055762979327e-01
770 KSP preconditioned resid norm 6.871032217323e+00 true resid norm 7.156610892669e+05 ||r(i)||/||b|| 5.931840260953e-01
772 KSP preconditioned resid norm 7.880796551961e+00 true resid norm 7.870159612537e+05 ||r(i)||/||b|| 6.523273425077e-01
774 KSP preconditioned resid norm 8.766855532162e+00 true resid norm 8.503279231357e+05 ||r(i)||/||b|| 7.048041992383e-01
776 KSP preconditioned resid norm 5.486594440182e+00 true resid norm 6.096910000170e+05 ||r(i)||/||b|| 5.053494838382e-01
778 KSP preconditioned resid norm 3.611407848742e+00 true resid norm 3.789013091629e+05 ||r(i)||/||b|| 3.140567615493e-01
780 KSP preconditioned resid norm 6.101321574759e+00 true resid norm 3.433861245327e+05 ||r(i)||/||b|| 2.846195872744e-01
782 KSP preconditioned resid norm 7.582900072587e+00 true resid norm 4.020713317866e+05 ||r(i)||/||b|| 3.332615045635e-01
784 KSP preconditioned resid norm 1.018085010028e+01 true resid norm 5.384230146746e+05 ||r(i)||/||b|| 4.462781844325e-01
786 KSP preconditioned resid norm 4.617515516434e+01 true resid norm 3.426791950225e+06 ||r(i)||/||b|| 2.840336405194e+00
788 KSP preconditioned resid norm 3.442440070127e+00 true resid norm 3.830053828643e+05 ||r(i)||/||b|| 3.174584708194e-01
790 KSP preconditioned resid norm 6.914850205404e+00 true resid norm 3.740790609377e+05 ||r(i)||/||b|| 3.100597849636e-01
792 KSP preconditioned resid norm 6.272846145645e+00 true resid norm 3.488545199103e+05 ||r(i)||/||b|| 2.891521304503e-01
794 KSP preconditioned resid norm 9.861962916890e+00 true resid norm 5.268766278227e+05 ||r(i)||/||b|| 4.367078272587e-01
796 KSP preconditioned resid norm 7.044552102516e+00 true resid norm 3.810611579360e+05 ||r(i)||/||b|| 3.158469773514e-01
798 KSP preconditioned resid norm 7.407761655665e+00 true resid norm 3.975466794265e+05 ||r(i)||/||b|| 3.295111937755e-01
800 KSP preconditioned resid norm 4.562412752691e+00 true resid norm 3.490689219365e+05 ||r(i)||/||b|| 2.893298400659e-01
802 KSP preconditioned resid norm 4.582806930570e+00 true resid norm 3.426661158857e+05 ||r(i)||/||b|| 2.840227997246e-01
804 KSP preconditioned resid norm 6.033992443180e+00 true resid norm 5.095731763383e+05 ||r(i)||/||b|| 4.223656600363e-01
806 KSP preconditioned resid norm 9.515650290397e+00 true resid norm 7.501160912724e+05 ||r(i)||/||b|| 6.217424556581e-01
808 KSP preconditioned resid norm 9.770801182299e+00 true resid norm 7.702721204076e+05 ||r(i)||/||b|| 6.384490150783e-01
810 KSP preconditioned resid norm 7.693733462529e+00 true resid norm 6.818790908031e+05 ||r(i)||/||b|| 5.651834233535e-01
812 KSP preconditioned resid norm 1.874988455604e+01 true resid norm 1.081168001979e+06 ||r(i)||/||b|| 8.961386861991e-01
814 KSP preconditioned resid norm 2.761718183474e+01 true resid norm 1.760667465711e+06 ||r(i)||/||b|| 1.459349727949e+00
816 KSP preconditioned resid norm 9.213409525056e+00 true resid norm 8.712211215326e+05 ||r(i)||/||b|| 7.221217699837e-01
818 KSP preconditioned resid norm 1.116159410842e+01 true resid norm 1.028346497145e+06 ||r(i)||/||b|| 8.523569669299e-01
820 KSP preconditioned resid norm 7.725346527116e+00 true resid norm 7.661248027436e+05 ||r(i)||/||b|| 6.350114625463e-01
822 KSP preconditioned resid norm 8.040722772723e+00 true resid norm 7.964204252003e+05 ||r(i)||/||b|| 6.601223419436e-01
824 KSP preconditioned resid norm 1.336068711632e+01 true resid norm 1.218281915437e+06 ||r(i)||/||b|| 1.009787149750e+00
826 KSP preconditioned resid norm 1.907273332279e+01 true resid norm 1.171911541172e+06 ||r(i)||/||b|| 9.713525251623e-01
828 KSP preconditioned resid norm 1.132907167790e+01 true resid norm 6.118232682611e+05 ||r(i)||/||b|| 5.071168391978e-01
830 KSP preconditioned resid norm 7.923395656566e+00 true resid norm 4.013930426691e+05 ||r(i)||/||b|| 3.326992967314e-01
832 KSP preconditioned resid norm 1.103496248275e+01 true resid norm 5.966096046242e+05 ||r(i)||/||b|| 4.945068169636e-01
834 KSP preconditioned resid norm 6.594805174268e+00 true resid norm 6.524555240065e+05 ||r(i)||/||b|| 5.407953574432e-01
836 KSP preconditioned resid norm 6.172233325749e+00 true resid norm 6.110246176354e+05 ||r(i)||/||b|| 5.064548683282e-01
838 KSP preconditioned resid norm 8.434568338805e+00 true resid norm 8.187970838322e+05 ||r(i)||/||b|| 6.786694959763e-01
840 KSP preconditioned resid norm 5.948909221646e+00 true resid norm 5.882995582463e+05 ||r(i)||/||b|| 4.876189382715e-01
842 KSP preconditioned resid norm 3.747649119236e+00 true resid norm 3.190438057498e+05 ||r(i)||/||b|| 2.644431729399e-01
844 KSP preconditioned resid norm 1.394218448483e+01 true resid norm 6.476358091496e+05 ||r(i)||/||b|| 5.368004806693e-01
846 KSP preconditioned resid norm 4.447839623418e+00 true resid norm 3.858087879224e+05 ||r(i)||/||b|| 3.197821057411e-01
848 KSP preconditioned resid norm 3.767598676546e+00 true resid norm 3.417615678559e+05 ||r(i)||/||b|| 2.832730545586e-01
850 KSP preconditioned resid norm 1.257465623588e+01 true resid norm 8.774343092264e+05 ||r(i)||/||b|| 7.272716429422e-01
852 KSP preconditioned resid norm 2.725239627680e+01 true resid norm 1.809159249432e+06 ||r(i)||/||b|| 1.499542707463e+00
854 KSP preconditioned resid norm 5.471537224416e+01 true resid norm 3.616678640836e+06 ||r(i)||/||b|| 2.997726199508e+00
856 KSP preconditioned resid norm 2.626208065163e+02 true resid norm 1.730925079380e+07 ||r(i)||/||b|| 1.434697404756e+01
858 KSP preconditioned resid norm 1.729972210365e+01 true resid norm 1.201282595349e+06 ||r(i)||/||b|| 9.956970653763e-01
860 KSP preconditioned resid norm 2.794678477190e+01 true resid norm 1.783469069372e+06 ||r(i)||/||b|| 1.478249102617e+00
862 KSP preconditioned resid norm 1.006412158058e+01 true resid norm 7.403177872955e+05 ||r(i)||/||b|| 6.136210173277e-01
864 KSP preconditioned resid norm 3.811738927208e+00 true resid norm 3.404944456799e+05 ||r(i)||/||b|| 2.822227855902e-01
866 KSP preconditioned resid norm 3.774637229314e+00 true resid norm 3.389789820354e+05 ||r(i)||/||b|| 2.809666759044e-01
868 KSP preconditioned resid norm 3.770560532259e+00 true resid norm 3.395976323837e+05 ||r(i)||/||b|| 2.814794514483e-01
870 KSP preconditioned resid norm 3.679186530794e+00 true resid norm 3.241758706757e+05 ||r(i)||/||b|| 2.686969447051e-01
872 KSP preconditioned resid norm 3.674008628000e+00 true resid norm 3.218919668992e+05 ||r(i)||/||b|| 2.668039044690e-01
874 KSP preconditioned resid norm 3.668130820040e+00 true resid norm 3.208185490341e+05 ||r(i)||/||b|| 2.659141895740e-01
876 KSP preconditioned resid norm 4.393834634350e+00 true resid norm 3.905599159210e+05 ||r(i)||/||b|| 3.237201334989e-01
878 KSP preconditioned resid norm 3.884355134229e+00 true resid norm 4.083617158357e+05 ||r(i)||/||b|| 3.384753626199e-01
880 KSP preconditioned resid norm 1.053658775198e+02 true resid norm 8.972868275475e+06 ||r(i)||/||b|| 7.437266338904e+00
882 KSP preconditioned resid norm 1.180646642353e+02 true resid norm 1.016511640127e+07 ||r(i)||/||b|| 8.425475079008e+00
884 KSP preconditioned resid norm 2.825794476751e+01 true resid norm 2.647068797183e+06 ||r(i)||/||b|| 2.194053791680e+00
886 KSP preconditioned resid norm 2.688574527905e+01 true resid norm 2.527436973261e+06 ||r(i)||/||b|| 2.094895561580e+00
888 KSP preconditioned resid norm 1.325010431911e+01 true resid norm 1.331465974343e+06 ||r(i)||/||b|| 1.103601074747e+00
890 KSP preconditioned resid norm 5.999781701853e+00 true resid norm 4.026411039605e+05 ||r(i)||/||b|| 3.337337668635e-01
892 KSP preconditioned resid norm 5.520100913741e+00 true resid norm 3.731393722860e+05 ||r(i)||/||b|| 3.092809130842e-01
894 KSP preconditioned resid norm 5.997613371098e+00 true resid norm 4.329610134412e+05 ||r(i)||/||b|| 3.588647768435e-01
896 KSP preconditioned resid norm 4.291494528075e+00 true resid norm 3.233414284897e+05 ||r(i)||/||b|| 2.680053075841e-01
898 KSP preconditioned resid norm 2.666012343404e+01 true resid norm 2.123793345151e+06 ||r(i)||/||b|| 1.760330840904e+00
900 KSP preconditioned resid norm 4.122940877541e+00 true resid norm 3.240528668412e+05 ||r(i)||/||b|| 2.685949915448e-01
902 KSP preconditioned resid norm 4.022488129946e+00 true resid norm 3.145186362490e+05 ||r(i)||/||b|| 2.606924335138e-01
904 KSP preconditioned resid norm 5.220359692015e+00 true resid norm 4.724843394753e+05 ||r(i)||/||b|| 3.916241457866e-01
906 KSP preconditioned resid norm 3.603347221660e+00 true resid norm 3.185672102974e+05 ||r(i)||/||b|| 2.640481412503e-01
908 KSP preconditioned resid norm 3.667516015092e+00 true resid norm 3.429095621819e+05 ||r(i)||/||b|| 2.842245830215e-01
910 KSP preconditioned resid norm 3.792664073411e+00 true resid norm 3.614551046838e+05 ||r(i)||/||b|| 2.995962718451e-01
912 KSP preconditioned resid norm 3.639424920546e+00 true resid norm 3.139490030592e+05 ||r(i)||/||b|| 2.602202864124e-01
914 KSP preconditioned resid norm 3.639809025070e+00 true resid norm 3.139242912055e+05 ||r(i)||/||b|| 2.601998037047e-01
916 KSP preconditioned resid norm 3.599849118116e+00 true resid norm 3.158015677891e+05 ||r(i)||/||b|| 2.617558062577e-01
918 KSP preconditioned resid norm 3.586897432822e+00 true resid norm 3.162091190510e+05 ||r(i)||/||b|| 2.620936098661e-01
920 KSP preconditioned resid norm 3.582853392450e+00 true resid norm 3.166948170712e+05 ||r(i)||/||b|| 2.624961863251e-01
922 KSP preconditioned resid norm 3.592158420506e+00 true resid norm 3.160062557706e+05 ||r(i)||/||b|| 2.619254642743e-01
924 KSP preconditioned resid norm 3.560464287759e+00 true resid norm 3.194339418854e+05 ||r(i)||/||b|| 2.647665418182e-01
926 KSP preconditioned resid norm 3.555843797660e+00 true resid norm 3.205058574436e+05 ||r(i)||/||b|| 2.656550115086e-01
928 KSP preconditioned resid norm 3.552805515741e+00 true resid norm 3.201782833508e+05 ||r(i)||/||b|| 2.653834979080e-01
930 KSP preconditioned resid norm 3.552773050349e+00 true resid norm 3.201991394961e+05 ||r(i)||/||b|| 2.654007847668e-01
932 KSP preconditioned resid norm 3.552305977093e+00 true resid norm 3.204058544182e+05 ||r(i)||/||b|| 2.655721228368e-01
934 KSP preconditioned resid norm 3.552202438514e+00 true resid norm 3.204045998518e+05 ||r(i)||/||b|| 2.655710829747e-01
936 KSP preconditioned resid norm 3.553237006811e+00 true resid norm 3.199717252504e+05 ||r(i)||/||b|| 2.652122898215e-01
938 KSP preconditioned resid norm 3.552708154675e+00 true resid norm 3.203859763238e+05 ||r(i)||/||b|| 2.655556466467e-01
940 KSP preconditioned resid norm 3.548506657818e+00 true resid norm 3.212484150798e+05 ||r(i)||/||b|| 2.662704890508e-01
942 KSP preconditioned resid norm 3.544421237362e+00 true resid norm 3.226016806095e+05 ||r(i)||/||b|| 2.673921589408e-01
944 KSP preconditioned resid norm 3.545877014750e+00 true resid norm 3.219442184030e+05 ||r(i)||/||b|| 2.668472137363e-01
946 KSP preconditioned resid norm 3.545019732497e+00 true resid norm 3.224816952742e+05 ||r(i)||/||b|| 2.672927076987e-01
948 KSP preconditioned resid norm 3.535951936789e+00 true resid norm 3.275177850034e+05 ||r(i)||/||b|| 2.714669293046e-01
950 KSP preconditioned resid norm 3.579033368633e+00 true resid norm 3.152900205876e+05 ||r(i)||/||b|| 2.613318044039e-01
952 KSP preconditioned resid norm 3.591089543709e+00 true resid norm 3.138610116873e+05 ||r(i)||/||b|| 2.601473537394e-01
954 KSP preconditioned resid norm 6.731142466034e+00 true resid norm 7.753361127122e+05 ||r(i)||/||b|| 6.426463640586e-01
956 KSP preconditioned resid norm 5.328975690714e+00 true resid norm 4.251438667019e+05 ||r(i)||/||b|| 3.523854437556e-01
958 KSP preconditioned resid norm 4.542595999594e+00 true resid norm 3.551444501993e+05 ||r(i)||/||b|| 2.943656124024e-01
960 KSP preconditioned resid norm 4.176407294260e+00 true resid norm 3.286078232529e+05 ||r(i)||/||b|| 2.723704201988e-01
962 KSP preconditioned resid norm 4.968856029077e+00 true resid norm 3.915506555097e+05 ||r(i)||/||b|| 3.245413195419e-01
964 KSP preconditioned resid norm 1.234954133316e+01 true resid norm 1.148347445588e+06 ||r(i)||/||b|| 9.518211501869e-01
966 KSP preconditioned resid norm 2.956169906062e+01 true resid norm 2.946169248827e+06 ||r(i)||/||b|| 2.441966683374e+00
968 KSP preconditioned resid norm 5.086347395520e+00 true resid norm 4.035532414122e+05 ||r(i)||/||b|| 3.344898026102e-01
970 KSP preconditioned resid norm 3.784498683620e+00 true resid norm 3.066352734352e+05 ||r(i)||/||b|| 2.541582164617e-01
972 KSP preconditioned resid norm 3.731105759173e+00 true resid norm 3.061156916969e+05 ||r(i)||/||b|| 2.537275550885e-01
974 KSP preconditioned resid norm 6.824348501806e+00 true resid norm 5.650413398301e+05 ||r(i)||/||b|| 4.683410931478e-01
976 KSP preconditioned resid norm 1.083194992861e+01 true resid norm 9.716060451205e+05 ||r(i)||/||b|| 8.053269826552e-01
978 KSP preconditioned resid norm 4.966559262293e+00 true resid norm 3.859497219849e+05 ||r(i)||/||b|| 3.198989205797e-01
980 KSP preconditioned resid norm 6.037724105909e+00 true resid norm 4.857094177606e+05 ||r(i)||/||b|| 4.025859058995e-01
982 KSP preconditioned resid norm 6.353879549596e+00 true resid norm 5.203417936875e+05 ||r(i)||/||b|| 4.312913539024e-01
984 KSP preconditioned resid norm 6.625742478596e+00 true resid norm 5.476062843004e+05 ||r(i)||/||b|| 4.538898443803e-01
986 KSP preconditioned resid norm 6.636601094323e+00 true resid norm 5.513299046815e+05 ||r(i)||/||b|| 4.569762104863e-01
988 KSP preconditioned resid norm 5.800601357785e+00 true resid norm 4.715098666146e+05 ||r(i)||/||b|| 3.908164426105e-01
990 KSP preconditioned resid norm 6.042587485481e+00 true resid norm 4.955951929293e+05 ||r(i)||/||b|| 4.107798457457e-01
992 KSP preconditioned resid norm 5.663087629581e+00 true resid norm 4.537519824055e+05 ||r(i)||/||b|| 3.760976135334e-01
994 KSP preconditioned resid norm 5.602696799884e+00 true resid norm 4.471045838288e+05 ||r(i)||/||b|| 3.705878398291e-01
996 KSP preconditioned resid norm 4.821326234310e+00 true resid norm 3.804630634415e+05 ||r(i)||/||b|| 3.153512397662e-01
998 KSP preconditioned resid norm 4.513396152746e+00 true resid norm 3.574856233420e+05 ||r(i)||/||b|| 2.963061210194e-01
1000 KSP preconditioned resid norm 5.839642748760e+00 true resid norm 4.669455691379e+05 ||r(i)||/||b|| 3.870332715061e-01
1002 KSP preconditioned resid norm 5.193227170935e+00 true resid norm 4.099252359316e+05 ||r(i)||/||b|| 3.397713044551e-01
1004 KSP preconditioned resid norm 2.075546513867e+02 true resid norm 1.885217180187e+07 ||r(i)||/||b|| 1.562584208893e+01
1006 KSP preconditioned resid norm 5.014872996632e+01 true resid norm 5.341231535299e+06 ||r(i)||/||b|| 4.427141944606e+00
1008 KSP preconditioned resid norm 3.929208002584e+00 true resid norm 3.467352968549e+05 ||r(i)||/||b|| 2.873955877473e-01
1010 KSP preconditioned resid norm 3.937408227913e+00 true resid norm 3.857324794470e+05 ||r(i)||/||b|| 3.197188565728e-01
1012 KSP preconditioned resid norm 3.705277705248e+00 true resid norm 3.244721863683e+05 ||r(i)||/||b|| 2.689425494168e-01
1014 KSP preconditioned resid norm 3.743797138358e+00 true resid norm 3.251358862356e+05 ||r(i)||/||b|| 2.694926647791e-01
1016 KSP preconditioned resid norm 3.718297385628e+00 true resid norm 3.254987211731e+05 ||r(i)||/||b|| 2.697934047415e-01
1018 KSP preconditioned resid norm 3.971609867736e+00 true resid norm 3.307749608791e+05 ||r(i)||/||b|| 2.741666774516e-01
1020 KSP preconditioned resid norm 4.091036023934e+00 true resid norm 3.378867314988e+05 ||r(i)||/||b|| 2.800613513303e-01
1022 KSP preconditioned resid norm 4.558771826542e+00 true resid norm 3.737422396324e+05 ||r(i)||/||b|| 3.097806067032e-01
1024 KSP preconditioned resid norm 3.815532478703e+00 true resid norm 3.226670734470e+05 ||r(i)||/||b|| 2.674463605555e-01
1026 KSP preconditioned resid norm 3.152813685646e+01 true resid norm 3.126373745248e+06 ||r(i)||/||b|| 2.591331278307e+00
1028 KSP preconditioned resid norm 3.487031347472e+00 true resid norm 3.315803768236e+05 ||r(i)||/||b|| 2.748342558345e-01
1030 KSP preconditioned resid norm 3.481022309196e+00 true resid norm 3.408927880355e+05 ||r(i)||/||b|| 2.825529562895e-01
1032 KSP preconditioned resid norm 3.472072144137e+00 true resid norm 3.351626773076e+05 ||r(i)||/||b|| 2.778034872985e-01
1034 KSP preconditioned resid norm 3.527189963080e+00 true resid norm 3.201513618108e+05 ||r(i)||/||b|| 2.653611836761e-01
1036 KSP preconditioned resid norm 6.406931531024e+00 true resid norm 5.425836964340e+05 ||r(i)||/||b|| 4.497268139505e-01
1038 KSP preconditioned resid norm 6.029923337478e+00 true resid norm 5.128953544990e+05 ||r(i)||/||b|| 4.251192860840e-01
1040 KSP preconditioned resid norm 7.117120108608e+00 true resid norm 6.123123198639e+05 ||r(i)||/||b|| 5.075221953126e-01
1042 KSP preconditioned resid norm 6.594736884454e+00 true resid norm 5.684586348905e+05 ||r(i)||/||b|| 4.711735579454e-01
1044 KSP preconditioned resid norm 6.983830712524e+00 true resid norm 6.050796863915e+05 ||r(i)||/||b|| 5.015273428514e-01
1046 KSP preconditioned resid norm 8.093756838317e+00 true resid norm 7.114072314817e+05 ||r(i)||/||b|| 5.896581665434e-01
1048 KSP preconditioned resid norm 9.765226795705e+00 true resid norm 8.753457612032e+05 ||r(i)||/||b|| 7.255405255968e-01
1050 KSP preconditioned resid norm 7.542616010599e+00 true resid norm 6.605633037805e+05 ||r(i)||/||b|| 5.475155851056e-01
1052 KSP preconditioned resid norm 7.827257860509e+00 true resid norm 6.909384460973e+05 ||r(i)||/||b|| 5.726923754648e-01
1054 KSP preconditioned resid norm 7.661850948146e+00 true resid norm 6.752932982086e+05 ||r(i)||/||b|| 5.597247124848e-01
1056 KSP preconditioned resid norm 7.349858819800e+00 true resid norm 6.463492180985e+05 ||r(i)||/||b|| 5.357340746972e-01
1058 KSP preconditioned resid norm 1.148138027016e+01 true resid norm 1.124484921845e+06 ||r(i)||/||b|| 9.320424195572e-01
1060 KSP preconditioned resid norm 1.040204606385e+01 true resid norm 3.681553506360e+05 ||r(i)||/||b|| 3.051498487118e-01
1062 KSP preconditioned resid norm 1.014288196348e+01 true resid norm 3.889662660332e+05 ||r(i)||/||b|| 3.223992182349e-01
1064 KSP preconditioned resid norm 8.434090130122e+00 true resid norm 3.763017462630e+05 ||r(i)||/||b|| 3.119020835737e-01
1066 KSP preconditioned resid norm 5.499901972380e+00 true resid norm 4.221666951897e+05 ||r(i)||/||b|| 3.499177804853e-01
1068 KSP preconditioned resid norm 1.440874220894e+02 true resid norm 4.992120738576e+06 ||r(i)||/||b|| 4.137777396135e+00
1070 KSP preconditioned resid norm 5.808598799541e+03 true resid norm 2.006231819846e+08 ||r(i)||/||b|| 1.662888601916e+02
1072 KSP preconditioned resid norm 7.785517666269e+02 true resid norm 3.138291029061e+07 ||r(i)||/||b|| 2.601209057745e+01
1074 KSP preconditioned resid norm 1.703569987089e+02 true resid norm 7.559778476005e+06 ||r(i)||/||b|| 6.266010406376e+00
1076 KSP preconditioned resid norm 5.295829796159e+00 true resid norm 3.658136360346e+05 ||r(i)||/||b|| 3.032088913005e-01
1078 KSP preconditioned resid norm 9.572593343558e+00 true resid norm 5.679862841749e+05 ||r(i)||/||b|| 4.707820445553e-01
1080 KSP preconditioned resid norm 4.619052819743e+00 true resid norm 3.646670254518e+05 ||r(i)||/||b|| 3.022585097693e-01
1082 KSP preconditioned resid norm 4.613182324385e+00 true resid norm 3.637202317530e+05 ||r(i)||/||b|| 3.014737487888e-01
1084 KSP preconditioned resid norm 4.550660888842e+00 true resid norm 3.669482875372e+05 ||r(i)||/||b|| 3.041493604089e-01
1086 KSP preconditioned resid norm 3.904054144068e+01 true resid norm 9.760981858102e+05 ||r(i)||/||b|| 8.090503457667e-01
1088 KSP preconditioned resid norm 5.581747630784e+00 true resid norm 3.661661117837e+05 ||r(i)||/||b|| 3.035010449289e-01
1090 KSP preconditioned resid norm 5.015036794485e+00 true resid norm 4.022145486970e+05 ||r(i)||/||b|| 3.333802115671e-01
1092 KSP preconditioned resid norm 5.945324422347e+00 true resid norm 5.191441431582e+05 ||r(i)||/||b|| 4.302986673172e-01
1094 KSP preconditioned resid norm 4.702838461985e+00 true resid norm 3.741560191482e+05 ||r(i)||/||b|| 3.101235726724e-01
1096 KSP preconditioned resid norm 5.456740214931e+00 true resid norm 4.792950921736e+05 ||r(i)||/||b|| 3.972693174564e-01
1098 KSP preconditioned resid norm 5.199056028426e+00 true resid norm 4.336710493787e+05 ||r(i)||/||b|| 3.594532983970e-01
1100 KSP preconditioned resid norm 5.593520266580e+00 true resid norm 4.951934164546e+05 ||r(i)||/||b|| 4.104468286369e-01
1102 KSP preconditioned resid norm 5.452117260652e+00 true resid norm 4.793575561322e+05 ||r(i)||/||b|| 3.973210914358e-01
1104 KSP preconditioned resid norm 5.998051991811e+00 true resid norm 5.441853865726e+05 ||r(i)||/||b|| 4.510543934699e-01
1106 KSP preconditioned resid norm 5.288317733954e+00 true resid norm 4.595435062716e+05 ||r(i)||/||b|| 3.808979855190e-01
1108 KSP preconditioned resid norm 4.568687667842e+00 true resid norm 3.689148273314e+05 ||r(i)||/||b|| 3.057793498133e-01
1110 KSP preconditioned resid norm 4.528502689711e+00 true resid norm 3.656113617365e+05 ||r(i)||/||b|| 3.030412338935e-01
1112 KSP preconditioned resid norm 7.071613203700e+00 true resid norm 6.628503305401e+05 ||r(i)||/||b|| 5.494112138626e-01
1114 KSP preconditioned resid norm 5.348216220197e+00 true resid norm 4.664773203961e+05 ||r(i)||/||b|| 3.866451580847e-01
1116 KSP preconditioned resid norm 5.377907246506e+00 true resid norm 4.733864836279e+05 ||r(i)||/||b|| 3.923718984710e-01
1118 KSP preconditioned resid norm 1.063002909448e+01 true resid norm 9.291047122832e+05 ||r(i)||/||b|| 7.700992581010e-01
1120 KSP preconditioned resid norm 5.221666380687e+00 true resid norm 4.504586714131e+05 ||r(i)||/||b|| 3.733679143742e-01
1122 KSP preconditioned resid norm 5.300935455620e+00 true resid norm 4.624900435395e+05 ||r(i)||/||b|| 3.833402572393e-01
1124 KSP preconditioned resid norm 5.276747625582e+00 true resid norm 4.600969758569e+05 ||r(i)||/||b|| 3.813567352287e-01
1126 KSP preconditioned resid norm 5.214711739083e+00 true resid norm 4.537789806785e+05 ||r(i)||/||b|| 3.761199913663e-01
1128 KSP preconditioned resid norm 5.685123543005e+00 true resid norm 4.977852072212e+05 ||r(i)||/||b|| 4.125950645893e-01
1130 KSP preconditioned resid norm 4.753381206185e+00 true resid norm 3.634713710062e+05 ||r(i)||/||b|| 3.012674776614e-01
1132 KSP preconditioned resid norm 8.595921622011e+00 true resid norm 7.664127665973e+05 ||r(i)||/||b|| 6.352501447391e-01
1134 KSP preconditioned resid norm 7.375276752538e+00 true resid norm 6.600405860206e+05 ||r(i)||/||b|| 5.470823244044e-01
1136 KSP preconditioned resid norm 5.909935814731e+00 true resid norm 4.982037687238e+05 ||r(i)||/||b|| 4.129419941639e-01
1138 KSP preconditioned resid norm 5.383341887622e+00 true resid norm 4.683448225774e+05 ||r(i)||/||b|| 3.881930590105e-01
1140 KSP preconditioned resid norm 5.854075930942e+00 true resid norm 5.148948457081e+05 ||r(i)||/||b|| 4.267765876522e-01
1142 KSP preconditioned resid norm 1.077950867271e+01 true resid norm 9.988486986496e+05 ||r(i)||/||b|| 8.279073732119e-01
1144 KSP preconditioned resid norm 2.636466117179e+01 true resid norm 2.497813567589e+06 ||r(i)||/||b|| 2.070341856891e+00
1146 KSP preconditioned resid norm 2.333713294430e+01 true resid norm 2.212032674502e+06 ||r(i)||/||b|| 1.833469036383e+00
1148 KSP preconditioned resid norm 1.821511757476e+01 true resid norm 1.721555627949e+06 ||r(i)||/||b|| 1.426931425851e+00
1150 KSP preconditioned resid norm 1.815999469637e+01 true resid norm 1.717228575070e+06 ||r(i)||/||b|| 1.423344897693e+00
1152 KSP preconditioned resid norm 1.614982034788e+01 true resid norm 1.520610177502e+06 ||r(i)||/||b|| 1.260375449692e+00
1154 KSP preconditioned resid norm 1.661899234849e+01 true resid norm 1.580056332838e+06 ||r(i)||/||b|| 1.309648087658e+00
1156 KSP preconditioned resid norm 1.443420549007e+01 true resid norm 1.375325349600e+06 ||r(i)||/||b|| 1.139954428572e+00
1158 KSP preconditioned resid norm 1.375578394989e+01 true resid norm 1.312080362195e+06 ||r(i)||/||b|| 1.087533084417e+00
1160 KSP preconditioned resid norm 1.164636995584e+01 true resid norm 1.112096253780e+06 ||r(i)||/||b|| 9.217739277934e-01
1162 KSP preconditioned resid norm 1.168822640688e+01 true resid norm 1.115949827425e+06 ||r(i)||/||b|| 9.249680071759e-01
1164 KSP preconditioned resid norm 7.493371701768e+00 true resid norm 7.137242193779e+05 ||r(i)||/||b|| 5.915786289372e-01
1166 KSP preconditioned resid norm 4.465987075258e+00 true resid norm 3.715316246458e+05 ||r(i)||/||b|| 3.079483127340e-01
1168 KSP preconditioned resid norm 4.736540231314e+00 true resid norm 4.272778894550e+05 ||r(i)||/||b|| 3.541542533604e-01
1170 KSP preconditioned resid norm 4.990523693291e+00 true resid norm 4.563911379590e+05 ||r(i)||/||b|| 3.782851083409e-01
1172 KSP preconditioned resid norm 5.742845936325e+00 true resid norm 4.784752962830e+05 ||r(i)||/||b|| 3.965898200878e-01
1174 KSP preconditioned resid norm 4.404392495664e+00 true resid norm 3.692091888430e+05 ||r(i)||/||b|| 3.060233347793e-01
1176 KSP preconditioned resid norm 4.364235017509e+00 true resid norm 3.635573762724e+05 ||r(i)||/||b|| 3.013387641275e-01
1178 KSP preconditioned resid norm 4.725387355112e+00 true resid norm 4.284367871022e+05 ||r(i)||/||b|| 3.551148191680e-01
1180 KSP preconditioned resid norm 4.057597148176e+00 true resid norm 3.457890913176e+05 ||r(i)||/||b|| 2.866113142713e-01
1182 KSP preconditioned resid norm 4.490064143661e+00 true resid norm 3.625751461552e+05 ||r(i)||/||b|| 3.005246312591e-01
1184 KSP preconditioned resid norm 4.472781354214e+00 true resid norm 3.616714349845e+05 ||r(i)||/||b|| 2.997755797335e-01
1186 KSP preconditioned resid norm 3.947543342700e+00 true resid norm 3.401196762705e+05 ||r(i)||/||b|| 2.819121536019e-01
1188 KSP preconditioned resid norm 1.412785931590e+01 true resid norm 9.811342183312e+05 ||r(i)||/||b|| 8.132245199549e-01
1190 KSP preconditioned resid norm 3.949522110246e+00 true resid norm 3.377997436460e+05 ||r(i)||/||b|| 2.799892504357e-01
1192 KSP preconditioned resid norm 3.925086405187e+00 true resid norm 3.387199163033e+05 ||r(i)||/||b|| 2.807519462561e-01
1194 KSP preconditioned resid norm 3.930920252569e+00 true resid norm 3.374036575008e+05 ||r(i)||/||b|| 2.796609498227e-01
1196 KSP preconditioned resid norm 3.935230047787e+00 true resid norm 3.381550122807e+05 ||r(i)||/||b|| 2.802837189799e-01
1198 KSP preconditioned resid norm 3.935388046092e+00 true resid norm 3.368214227663e+05 ||r(i)||/||b|| 2.791783577843e-01
1200 KSP preconditioned resid norm 3.934615727731e+00 true resid norm 3.354635284102e+05 ||r(i)||/||b|| 2.780528512376e-01
1202 KSP preconditioned resid norm 3.934468085777e+00 true resid norm 3.356970644377e+05 ||r(i)||/||b|| 2.782464202930e-01
1204 KSP preconditioned resid norm 3.957173949783e+00 true resid norm 3.368988410550e+05 ||r(i)||/||b|| 2.792425268342e-01
1206 KSP preconditioned resid norm 4.012049827152e+00 true resid norm 3.423989678605e+05 ||r(i)||/||b|| 2.838013709735e-01
1208 KSP preconditioned resid norm 4.693103604243e+00 true resid norm 3.814329931436e+05 ||r(i)||/||b|| 3.161551772924e-01
1210 KSP preconditioned resid norm 7.958560715403e+00 true resid norm 5.636074565907e+05 ||r(i)||/||b|| 4.671526023306e-01
1212 KSP preconditioned resid norm 4.693394345374e+00 true resid norm 3.820291825438e+05 ||r(i)||/||b|| 3.166493358181e-01
1214 KSP preconditioned resid norm 3.904721193885e+00 true resid norm 3.449607663283e+05 ||r(i)||/||b|| 2.859247474599e-01
1216 KSP preconditioned resid norm 5.623808795125e+00 true resid norm 5.033323652869e+05 ||r(i)||/||b|| 4.171928911361e-01
1218 KSP preconditioned resid norm 2.905621024131e+02 true resid norm 2.364562195371e+07 ||r(i)||/||b|| 1.959894905617e+01
1220 KSP preconditioned resid norm 3.718909276589e+02 true resid norm 3.027598790365e+07 ||r(i)||/||b|| 2.509460506941e+01
1222 KSP preconditioned resid norm 5.223945462991e+02 true resid norm 4.291383242681e+07 ||r(i)||/||b|| 3.556962964158e+01
1224 KSP preconditioned resid norm 1.511621052366e+02 true resid norm 1.240064962767e+07 ||r(i)||/||b|| 1.027842282144e+01
1226 KSP preconditioned resid norm 1.499828030567e+02 true resid norm 1.245791175644e+07 ||r(i)||/||b|| 1.032588520356e+01
1228 KSP preconditioned resid norm 1.181041240745e+01 true resid norm 8.576430899517e+05 ||r(i)||/||b|| 7.108674604224e-01
1230 KSP preconditioned resid norm 4.870663853055e+00 true resid norm 4.176566160717e+05 ||r(i)||/||b|| 3.461795488986e-01
1232 KSP preconditioned resid norm 2.030623027485e+01 true resid norm 1.724811541024e+06 ||r(i)||/||b|| 1.429630127311e+00
1234 KSP preconditioned resid norm 8.190229293921e+00 true resid norm 7.191761986049e+05 ||r(i)||/||b|| 5.960975653955e-01
1236 KSP preconditioned resid norm 8.645307050277e+00 true resid norm 7.603572913796e+05 ||r(i)||/||b|| 6.302309936026e-01
1238 KSP preconditioned resid norm 8.414747584270e+00 true resid norm 7.525719479686e+05 ||r(i)||/||b|| 6.237780210737e-01
1240 KSP preconditioned resid norm 1.888369934373e+01 true resid norm 1.590105339903e+06 ||r(i)||/||b|| 1.317977324163e+00
1242 KSP preconditioned resid norm 1.128031143188e+01 true resid norm 9.895952976664e+05 ||r(i)||/||b|| 8.202375840721e-01
1244 KSP preconditioned resid norm 7.527435601415e+00 true resid norm 6.821060810359e+05 ||r(i)||/||b|| 5.653715668507e-01
1246 KSP preconditioned resid norm 6.983836634361e+00 true resid norm 6.372314513043e+05 ||r(i)||/||b|| 5.281767075340e-01
1248 KSP preconditioned resid norm 4.194474547113e+00 true resid norm 3.844890130628e+05 ||r(i)||/||b|| 3.186881949829e-01
1250 KSP preconditioned resid norm 5.290369835566e+00 true resid norm 4.914461459548e+05 ||r(i)||/||b|| 4.073408598546e-01
1252 KSP preconditioned resid norm 5.290376578698e+00 true resid norm 4.918318618836e+05 ||r(i)||/||b|| 4.076605649929e-01
1254 KSP preconditioned resid norm 5.255945803692e+00 true resid norm 4.888127720236e+05 ||r(i)||/||b|| 4.051581572120e-01
1256 KSP preconditioned resid norm 4.601887240755e+00 true resid norm 4.291002612911e+05 ||r(i)||/||b|| 3.556647474741e-01
1258 KSP preconditioned resid norm 4.133680154661e+00 true resid norm 3.780169410138e+05 ||r(i)||/||b|| 3.133237427124e-01
1260 KSP preconditioned resid norm 4.221856947854e+00 true resid norm 3.838582307191e+05 ||r(i)||/||b|| 3.181653636933e-01
1262 KSP preconditioned resid norm 4.124817994130e+00 true resid norm 3.780843542426e+05 ||r(i)||/||b|| 3.133796189520e-01
1264 KSP preconditioned resid norm 4.053609113755e+00 true resid norm 3.545481679972e+05 ||r(i)||/||b|| 2.938713769568e-01
1266 KSP preconditioned resid norm 3.991426020260e+00 true resid norm 3.573176421112e+05 ||r(i)||/||b|| 2.961668878204e-01
1268 KSP preconditioned resid norm 4.033161259905e+00 true resid norm 3.690787749226e+05 ||r(i)||/||b|| 3.059152396830e-01
1270 KSP preconditioned resid norm 5.459344274926e+00 true resid norm 4.274422522455e+05 ||r(i)||/||b|| 3.542904873729e-01
1272 KSP preconditioned resid norm 5.463854872591e+00 true resid norm 4.280375300156e+05 ||r(i)||/||b|| 3.547838902833e-01
1274 KSP preconditioned resid norm 4.006749102878e+00 true resid norm 3.623261696656e+05 ||r(i)||/||b|| 3.003182641969e-01
1276 KSP preconditioned resid norm 4.870456361271e+00 true resid norm 4.388908961471e+05 ||r(i)||/||b|| 3.637798291644e-01
1278 KSP preconditioned resid norm 4.890328620144e+00 true resid norm 4.410828241919e+05 ||r(i)||/||b|| 3.655966342444e-01
1280 KSP preconditioned resid norm 1.977839071615e+01 true resid norm 1.599213758210e+06 ||r(i)||/||b|| 1.325526942723e+00
1282 KSP preconditioned resid norm 1.120571470046e+01 true resid norm 9.340121576814e+05 ||r(i)||/||b|| 7.741668513554e-01
1284 KSP preconditioned resid norm 8.939116278292e+00 true resid norm 7.591595599740e+05 ||r(i)||/||b|| 6.292382399822e-01
1286 KSP preconditioned resid norm 4.199138042342e+00 true resid norm 3.561485493108e+05 ||r(i)||/||b|| 2.951978716414e-01
1288 KSP preconditioned resid norm 9.824965633731e+00 true resid norm 7.413870142982e+05 ||r(i)||/||b|| 6.145072585777e-01
1290 KSP preconditioned resid norm 6.104544823970e+00 true resid norm 4.717029093087e+05 ||r(i)||/||b|| 3.909764482951e-01
1292 KSP preconditioned resid norm 5.710987570643e+00 true resid norm 4.452282233382e+05 ||r(i)||/||b|| 3.690325965906e-01
1294 KSP preconditioned resid norm 4.213520117130e+00 true resid norm 3.896507417367e+05 ||r(i)||/||b|| 3.229665538910e-01
1296 KSP preconditioned resid norm 4.283177628766e+00 true resid norm 3.977595785424e+05 ||r(i)||/||b|| 3.296876576865e-01
1298 KSP preconditioned resid norm 4.320275496620e+00 true resid norm 4.012528123157e+05 ||r(i)||/||b|| 3.325830651702e-01
1300 KSP preconditioned resid norm 4.397995929982e+00 true resid norm 4.086496866271e+05 ||r(i)||/||b|| 3.387140505632e-01
1302 KSP preconditioned resid norm 4.474289287159e+00 true resid norm 4.165277686111e+05 ||r(i)||/||b|| 3.452438905380e-01
1304 KSP preconditioned resid norm 4.358794990876e+00 true resid norm 4.046341336086e+05 ||r(i)||/||b|| 3.353857126917e-01
1306 KSP preconditioned resid norm 4.304449911939e+00 true resid norm 3.996442895665e+05 ||r(i)||/||b|| 3.312498223619e-01
1308 KSP preconditioned resid norm 4.305808556865e+00 true resid norm 3.994184467149e+05 ||r(i)||/||b|| 3.310626298850e-01
1310 KSP preconditioned resid norm 4.669768788337e+00 true resid norm 4.333429095118e+05 ||r(i)||/||b|| 3.591813158479e-01
1312 KSP preconditioned resid norm 4.614326715002e+00 true resid norm 4.304247992512e+05 ||r(i)||/||b|| 3.567626061836e-01
1314 KSP preconditioned resid norm 4.136278920662e+00 true resid norm 3.838297531667e+05 ||r(i)||/||b|| 3.181417597424e-01
1316 KSP preconditioned resid norm 6.863182497528e+00 true resid norm 6.128035719779e+05 ||r(i)||/||b|| 5.079293753468e-01
1318 KSP preconditioned resid norm 1.463380595645e+02 true resid norm 1.168337663521e+07 ||r(i)||/||b|| 9.683902750616e+00
1320 KSP preconditioned resid norm 1.656746902272e+02 true resid norm 1.321954448133e+07 ||r(i)||/||b|| 1.095717335508e+01
1322 KSP preconditioned resid norm 1.543191323925e+02 true resid norm 1.231759240938e+07 ||r(i)||/||b|| 1.020957987905e+01
1324 KSP preconditioned resid norm 7.853620770568e+02 true resid norm 6.244303581101e+07 ||r(i)||/||b|| 5.175663724002e+01
1326 KSP preconditioned resid norm 3.587838379552e+02 true resid norm 2.856564585585e+07 ||r(i)||/||b|| 2.367696815003e+01
1328 KSP preconditioned resid norm 1.070063056973e+02 true resid norm 8.560538185748e+06 ||r(i)||/||b|| 7.095501743382e+00
1330 KSP preconditioned resid norm 3.749548185651e+02 true resid norm 2.985066206365e+07 ||r(i)||/||b|| 2.474206879496e+01
1332 KSP preconditioned resid norm 5.202666664198e+01 true resid norm 4.077081761842e+06 ||r(i)||/||b|| 3.379336686708e+00
1334 KSP preconditioned resid norm 6.740918820115e+01 true resid norm 5.298481824141e+06 ||r(i)||/||b|| 4.391708348788e+00
1336 KSP preconditioned resid norm 6.457064645257e+01 true resid norm 5.074545870039e+06 ||r(i)||/||b|| 4.206096426002e+00
1338 KSP preconditioned resid norm 6.588963886121e+01 true resid norm 5.179473197177e+06 ||r(i)||/||b|| 4.293066662743e+00
1340 KSP preconditioned resid norm 7.312753478336e+01 true resid norm 5.754424297812e+06 ||r(i)||/||b|| 4.769621576510e+00
1342 KSP preconditioned resid norm 5.707747852389e+01 true resid norm 4.480515644819e+06 ||r(i)||/||b|| 3.713727557689e+00
1344 KSP preconditioned resid norm 1.060156399142e+02 true resid norm 8.365727265660e+06 ||r(i)||/||b|| 6.934030444134e+00
1346 KSP preconditioned resid norm 4.450750389563e+01 true resid norm 3.598273504472e+06 ||r(i)||/||b|| 2.982470887947e+00
1348 KSP preconditioned resid norm 4.155671191873e+01 true resid norm 3.364203327860e+06 ||r(i)||/||b|| 2.788459096843e+00
1350 KSP preconditioned resid norm 5.333575384651e+01 true resid norm 4.299403003794e+06 ||r(i)||/||b|| 3.563610236528e+00
1352 KSP preconditioned resid norm 8.189413159982e+01 true resid norm 6.568509838108e+06 ||r(i)||/||b|| 5.444385854772e+00
1354 KSP preconditioned resid norm 4.193777318782e+01 true resid norm 3.396469635429e+06 ||r(i)||/||b|| 2.815203401540e+00
1356 KSP preconditioned resid norm 3.898556795565e+01 true resid norm 3.162746549106e+06 ||r(i)||/||b|| 2.621479300264e+00
1358 KSP preconditioned resid norm 8.564560216696e+00 true resid norm 6.509009927283e+05 ||r(i)||/||b|| 5.395068660942e-01
1360 KSP preconditioned resid norm 4.272674637391e+00 true resid norm 3.978937133624e+05 ||r(i)||/||b|| 3.297988368936e-01
1362 KSP preconditioned resid norm 6.023671403250e+00 true resid norm 5.488439126367e+05 ||r(i)||/||b|| 4.549156670362e-01
1364 KSP preconditioned resid norm 1.063377722363e+01 true resid norm 9.200146595335e+05 ||r(i)||/||b|| 7.625648620463e-01
1366 KSP preconditioned resid norm 1.158443519880e+01 true resid norm 9.973235280904e+05 ||r(i)||/||b|| 8.266432178368e-01
1368 KSP preconditioned resid norm 5.580612848911e+00 true resid norm 4.412043751280e+05 ||r(i)||/||b|| 3.656973831529e-01
1370 KSP preconditioned resid norm 1.783150450977e+01 true resid norm 1.400800076311e+06 ||r(i)||/||b|| 1.161069452402e+00
1372 KSP preconditioned resid norm 2.324689850651e+01 true resid norm 1.934602564060e+06 ||r(i)||/||b|| 1.603517859296e+00
1374 KSP preconditioned resid norm 1.074082068340e+01 true resid norm 8.362771331868e+05 ||r(i)||/||b|| 6.931580383996e-01
1376 KSP preconditioned resid norm 1.132399516987e+04 true resid norm 9.136840821288e+08 ||r(i)||/||b|| 7.573176892591e+02
Linear solve did not converge due to DIVERGED_DTOL iterations 1376
KSP Object: 1 MPI processes
  type: bcgsl
    Ell = 2
    Delta = 0
  maximum iterations=4000, initial guess is zero
  tolerances:  relative=1e-08, absolute=1e-50, divergence=10000.
  left preconditioning
  using PRECONDITIONED norm type for convergence test
PC Object: 1 MPI processes
  type: ilu
    out-of-place factorization
    0 levels of fill
    tolerance for zero pivot 2.22045e-14
    matrix ordering: qmd
    factor fill ratio given 1., needed 1.
      Factored matrix follows:
        Mat Object: 1 MPI processes
          type: seqaij
          rows=2263482, cols=2263482
          package used to perform factorization: petsc
          total: nonzeros=352085760, allocated nonzeros=352085760
          total number of mallocs used during MatSetValues calls =0
            using I-node routines: found 749464 nodes, limit used is 5
  linear system matrix = precond matrix:
  Mat Object: 1 MPI processes
    type: seqaij
    rows=2263482, cols=2263482
    total: nonzeros=352085760, allocated nonzeros=352085760
    total number of mallocs used during MatSetValues calls =0
      using I-node routines: found 753847 nodes, limit used is 5
Timing of PETSc KSPSolve routine 5601.91
Warning! input did not contain a solution, hence result can't be verified. Ignore the following relative error as it is not valid
The relative error in solutions is: inf
Number of KSP iterations is 1376
Time spent per KSP iteration is 4.07115
