/var/slurmd-mpp2/job635515/slurm_script: line 16: ./load_modules_mpp2cluster: Permission denied
warning:seems as no solution array provided in input file(or err in read nsz vector)
[0] PetscInitialize(): PETSc successfully started: number of processors = 1
[0] PetscGetHostName(): Rejecting domainname, likely is NIS mpp2r04c02s10.
[0] PetscInitialize(): Running on machine: mpp2r04c02s10
[0] PetscCommDuplicate(): Duplicating a communicator 1140850688 -2080374784 max tags = 2147483647
[0] PetscCommDuplicate(): Using internal PETSc communicator 1140850688 -2080374784
Timing of PETSc INIT1 0.018409
[0] MatAssemblyEnd_SeqAIJ(): Matrix size: 2263482 X 2263482; storage space: 0 unneeded,352085760 used
[0] MatAssemblyEnd_SeqAIJ(): Number of mallocs during MatSetValues() is 0
[0] MatAssemblyEnd_SeqAIJ(): Maximum nonzeros in any row is 1563
[0] MatCheckCompressedRow(): Found the ratio (num_zerorows 0)/(num_localrows 2263482) < 0.6. Do not use CompressedRow routines.
[0] MatSeqAIJCheckInode(): Found 753847 nodes of 2263482. Limit used: 5. Using Inode routines
[0] VecAssemblyBegin_MPI_BTS(): Stash has 0 entries, uses 0 mallocs.
[0] VecAssemblyBegin_MPI_BTS(): Block-Stash has 0 entries, uses 0 mallocs.
[0] VecAssemblyBegin_MPI_BTS(): Stash has 0 entries, uses 0 mallocs.
[0] VecAssemblyBegin_MPI_BTS(): Block-Stash has 0 entries, uses 0 mallocs.
[0] PetscCommDuplicate(): Using internal PETSc communicator 1140850688 -2080374784
[0]PETSC ERROR: --------------------- Error Message --------------------------------------------------------------
[0]PETSC ERROR: Argument out of range
[0]PETSC ERROR: Input string 2000-ksp_monitor_true_residual has no integer value (do not include . in it)
[0]PETSC ERROR: See http://www.mcs.anl.gov/petsc/documentation/faq.html for trouble shooting.
[0]PETSC ERROR: Petsc Release Version 3.9.1, Apr, 29, 2018 
[0]PETSC ERROR: /home/hpc/pr63so/ga53lov2/timing_results_petsc.txt on a  named mpp2r04c02s10 by ga53lov2 Sat Jul 21 21:12:53 2018
[0]PETSC ERROR: Configure options --with-clean=0 --prefix=/lrz/sys/libraries/petsc/3.9.1/Medium_Node/arch-linux-3-c-3.9.1-Medium_Node-real_mpi.intel_5.1_opt_gene --with-debugging=0 --with-valgrind-dir=/lrz/sys/tools/valgrind/3.10.0 --with-scalar-type=real --with-blaslapack-dir=/lrz/sys/intel/studio2017_u6/compilers_and_libraries_2017.6.256/linux/mkl PETSC_DIR=/lrz/noarch/src/petsc/petsc-3.9.1 PETSC_ARCH=arch-linux-3-c-3.9.1-Medium_Node-real_mpi.intel_5.1_opt_gene COPTFLAGS="-O3 -xHOST -pipe" CXXOPTFLAGS="-O3 -xHOST -pipe" FOPTFLAGS="-O3 -xHOST -pipe" --with-scalapack=1 --with-scalapack-lib="-L/lrz/sys/intel/studio2017_u6/compilers_and_libraries_2017.6.256/linux/mkl/lib/intel64 -Wl,-static -lmkl_scalapack_lp64 -lmkl_blacs_intelmpi_lp64 -Wl,-dy" --known-level1-dcache-linesize=32 --known-level1-dcache-assoc=0 --known-memcmp-ok=1 --known-sizeof-char=1 --known-sizeof-void-p=8 --known-sizeof-short=2 --known-sizeof-int=4 --known-sizeof-long=8 --known-sizeof-long-long=8 --known-sizeof-float=4 --known-sizeof-double=8 --known-sizeof-size_t=8 --known-bits-per-byte=8 --known-sizeof-MPI_Comm=4 --known-sizeof-MPI_Fint=4 --known-mpi-long-double=1 --known-mpi-int64_t=1 --known-sdot-returns-double=0 --known-snrm2-returns-double=0 --known-has-attribute-aligned=1 --with-fortran --with-clanguage=cxx --known-mpi-shared-libraries=no --with-batch=0 --with-64-bit-pointers=1
[0]PETSC ERROR: #1 PetscOptionsStringToInt() line 100 in /lrz/mnt/sys.noarch/src/petsc/petsc-3.9.1/src/sys/objects/options.c
[0]PETSC ERROR: #2 PetscOptionsGetInt() line 1552 in /lrz/mnt/sys.noarch/src/petsc/petsc-3.9.1/src/sys/objects/options.c
[0]PETSC ERROR: #3 PetscOptionsInt_Private() line 822 in /lrz/mnt/sys.noarch/src/petsc/petsc-3.9.1/src/sys/objects/aoptions.c
[0]PETSC ERROR: #4 KSPSetFromOptions() line 413 in /lrz/mnt/sys.noarch/src/petsc/petsc-3.9.1/src/ksp/ksp/interface/itcl.c
[0]PETSC ERROR: #5 PETSc_solver() line 258 in petsc_solver.cpp
[0] PCSetUp(): Setting up PC for first time
[0] MatAssemblyEnd_SeqAIJ(): Matrix size: 2263482 X 2263482; storage space: 0 unneeded,352085760 used
[0] MatAssemblyEnd_SeqAIJ(): Number of mallocs during MatSetValues() is 0
[0] MatAssemblyEnd_SeqAIJ(): Maximum nonzeros in any row is 1563
[0] MatCheckCompressedRow(): Found the ratio (num_zerorows 0)/(num_localrows 2263482) < 0.6. Do not use CompressedRow routines.
[0] MatSeqAIJCheckInode(): Found 753847 nodes of 2263482. Limit used: 5. Using Inode routines
[0] VecScatterCreate_Seq(): Special case: sequential vector general to stride
[0] MatAssemblyEnd_SeqAIJ(): Matrix size: 0 X 0; storage space: 0 unneeded,0 used
[0] MatAssemblyEnd_SeqAIJ(): Number of mallocs during MatSetValues() is 0
[0] MatAssemblyEnd_SeqAIJ(): Maximum nonzeros in any row is 0
[0] MatCheckCompressedRow(): Found the ratio (num_zerorows 0)/(num_localrows 0) > 0.6. Use CompressedRow routines.
[0] MatSeqAIJCheckInode(): Found 0 nodes out of 0 rows. Not using Inode routines
[0] VecScatterCreate_Seq(): Special case: sequential vector general to stride
[0] MatAssemblyEnd_SeqAIJ(): Matrix size: 2263482 X 0; storage space: 0 unneeded,0 used
[0] MatAssemblyEnd_SeqAIJ(): Number of mallocs during MatSetValues() is 0
[0] MatAssemblyEnd_SeqAIJ(): Maximum nonzeros in any row is 0
[0] MatCheckCompressedRow(): Found the ratio (num_zerorows 2263482)/(num_localrows 2263482) > 0.6. Use CompressedRow routines.
[0] MatSeqAIJCheckInode(): Found 452697 nodes of 2263482. Limit used: 5. Using Inode routines
[0] MatAssemblyEnd_SeqAIJ(): Matrix size: 0 X 2263482; storage space: 0 unneeded,0 used
[0] MatAssemblyEnd_SeqAIJ(): Number of mallocs during MatSetValues() is 0
[0] MatAssemblyEnd_SeqAIJ(): Maximum nonzeros in any row is 0
[0] MatCheckCompressedRow(): Found the ratio (num_zerorows 0)/(num_localrows 0) > 0.6. Use CompressedRow routines.
[0] MatSeqAIJCheckInode(): Found 0 nodes out of 0 rows. Not using Inode routines
[0]PETSC ERROR: --------------------- Error Message --------------------------------------------------------------
[0]PETSC ERROR: Argument out of range
[0]PETSC ERROR: Input string 2000-ksp_monitor_true_residual has no integer value (do not include . in it)
[0]PETSC ERROR: See http://www.mcs.anl.gov/petsc/documentation/faq.html for trouble shooting.
[0]PETSC ERROR: Petsc Release Version 3.9.1, Apr, 29, 2018 
[0]PETSC ERROR: /home/hpc/pr63so/ga53lov2/timing_results_petsc.txt on a  named mpp2r04c02s10 by ga53lov2 Sat Jul 21 21:12:53 2018
[0]PETSC ERROR: Configure options --with-clean=0 --prefix=/lrz/sys/libraries/petsc/3.9.1/Medium_Node/arch-linux-3-c-3.9.1-Medium_Node-real_mpi.intel_5.1_opt_gene --with-debugging=0 --with-valgrind-dir=/lrz/sys/tools/valgrind/3.10.0 --with-scalar-type=real --with-blaslapack-dir=/lrz/sys/intel/studio2017_u6/compilers_and_libraries_2017.6.256/linux/mkl PETSC_DIR=/lrz/noarch/src/petsc/petsc-3.9.1 PETSC_ARCH=arch-linux-3-c-3.9.1-Medium_Node-real_mpi.intel_5.1_opt_gene COPTFLAGS="-O3 -xHOST -pipe" CXXOPTFLAGS="-O3 -xHOST -pipe" FOPTFLAGS="-O3 -xHOST -pipe" --with-scalapack=1 --with-scalapack-lib="-L/lrz/sys/intel/studio2017_u6/compilers_and_libraries_2017.6.256/linux/mkl/lib/intel64 -Wl,-static -lmkl_scalapack_lp64 -lmkl_blacs_intelmpi_lp64 -Wl,-dy" --known-level1-dcache-linesize=32 --known-level1-dcache-assoc=0 --known-memcmp-ok=1 --known-sizeof-char=1 --known-sizeof-void-p=8 --known-sizeof-short=2 --known-sizeof-int=4 --known-sizeof-long=8 --known-sizeof-long-long=8 --known-sizeof-float=4 --known-sizeof-double=8 --known-sizeof-size_t=8 --known-bits-per-byte=8 --known-sizeof-MPI_Comm=4 --known-sizeof-MPI_Fint=4 --known-mpi-long-double=1 --known-mpi-int64_t=1 --known-sdot-returns-double=0 --known-snrm2-returns-double=0 --known-has-attribute-aligned=1 --with-fortran --with-clanguage=cxx --known-mpi-shared-libraries=no --with-batch=0 --with-64-bit-pointers=1
[0]PETSC ERROR: #6 PetscOptionsStringToInt() line 100 in /lrz/mnt/sys.noarch/src/petsc/petsc-3.9.1/src/sys/objects/options.c
[0]PETSC ERROR: #7 PetscOptionsGetInt() line 1552 in /lrz/mnt/sys.noarch/src/petsc/petsc-3.9.1/src/sys/objects/options.c
[0]PETSC ERROR: #8 PetscOptionsInt_Private() line 822 in /lrz/mnt/sys.noarch/src/petsc/petsc-3.9.1/src/sys/objects/aoptions.c
[0]PETSC ERROR: #9 KSPSetFromOptions() line 413 in /lrz/mnt/sys.noarch/src/petsc/petsc-3.9.1/src/ksp/ksp/interface/itcl.c
[0]PETSC ERROR: #10 MatSetFromOptions_SchurComplement() line 139 in /lrz/mnt/sys.noarch/src/petsc/petsc-3.9.1/src/ksp/ksp/utils/schurm.c
[0]PETSC ERROR: #11 MatSetFromOptions() line 239 in /lrz/mnt/sys.noarch/src/petsc/petsc-3.9.1/src/mat/utils/gcreate.c
[0]PETSC ERROR: #12 PCSetUp_FieldSplit() line 726 in /lrz/mnt/sys.noarch/src/petsc/petsc-3.9.1/src/ksp/pc/impls/fieldsplit/fieldsplit.c
[0]PETSC ERROR: #13 PCSetUp() line 923 in /lrz/mnt/sys.noarch/src/petsc/petsc-3.9.1/src/ksp/pc/interface/precon.c
[0]PETSC ERROR: #14 KSPSetUp() line 381 in /lrz/mnt/sys.noarch/src/petsc/petsc-3.9.1/src/ksp/ksp/interface/itfunc.c
[0]PETSC ERROR: #15 PETSc_solver() line 261 in petsc_solver.cpp
Timing of PETSc INIT2 16.5937
[0] PetscGetHostName(): Rejecting domainname, likely is NIS mpp2r04c02s10.
KSP Object: 1 MPI processes
  type: gmres
    restart=30, using Classical (unmodified) Gram-Schmidt Orthogonalization with no iterative refinement
    happy breakdown tolerance 1e-30
  maximum iterations=10000, initial guess is zero
  tolerances:  relative=1e-05, absolute=1e-50, divergence=10000.
  left preconditioning
  using PRECONDITIONED norm type for convergence test
PC Object: 1 MPI processes
  type: fieldsplit
  PC has not been set up so information may be incomplete
    FieldSplit with Schur preconditioner, blocksize = 1, factorization FULL
    Preconditioner for the Schur complement formed from A11
    Split info:
    Split number 0 Defined by IS
    Split number 1 Defined by IS
    KSP solver for A00 block
  KSP Object: (fieldsplit_0_) 1 MPI processes
    type: preonly
    maximum iterations=10000, initial guess is zero
    tolerances:  relative=1e-05, absolute=1e-50, divergence=10000.
    left preconditioning
    using DEFAULT norm type for convergence test
  PC Object: (fieldsplit_0_) 1 MPI processes
    type not yet set
    PC has not been set up so information may be incomplete
KSP solver for upper A00 in upper triangular factor 
    not yet available
KSP solver for S = A11 - A10 inv(A00) A01 
    not yet available
[0]PETSC ERROR: --------------------- Error Message --------------------------------------------------------------
[0]PETSC ERROR: Object is in wrong state
[0]PETSC ERROR: More tabs popped than pushed
[0]PETSC ERROR: See http://www.mcs.anl.gov/petsc/documentation/faq.html for trouble shooting.
[0]PETSC ERROR: Petsc Release Version 3.9.1, Apr, 29, 2018 
[0]PETSC ERROR: /home/hpc/pr63so/ga53lov2/timing_results_petsc.txt on a  named mpp2r04c02s10 by ga53lov2 Sat Jul 21 21:12:53 2018
[0]PETSC ERROR: Configure options --with-clean=0 --prefix=/lrz/sys/libraries/petsc/3.9.1/Medium_Node/arch-linux-3-c-3.9.1-Medium_Node-real_mpi.intel_5.1_opt_gene --with-debugging=0 --with-valgrind-dir=/lrz/sys/tools/valgrind/3.10.0 --with-scalar-type=real --with-blaslapack-dir=/lrz/sys/intel/studio2017_u6/compilers_and_libraries_2017.6.256/linux/mkl PETSC_DIR=/lrz/noarch/src/petsc/petsc-3.9.1 PETSC_ARCH=arch-linux-3-c-3.9.1-Medium_Node-real_mpi.intel_5.1_opt_gene COPTFLAGS="-O3 -xHOST -pipe" CXXOPTFLAGS="-O3 -xHOST -pipe" FOPTFLAGS="-O3 -xHOST -pipe" --with-scalapack=1 --with-scalapack-lib="-L/lrz/sys/intel/studio2017_u6/compilers_and_libraries_2017.6.256/linux/mkl/lib/intel64 -Wl,-static -lmkl_scalapack_lp64 -lmkl_blacs_intelmpi_lp64 -Wl,-dy" --known-level1-dcache-linesize=32 --known-level1-dcache-assoc=0 --known-memcmp-ok=1 --known-sizeof-char=1 --known-sizeof-void-p=8 --known-sizeof-short=2 --known-sizeof-int=4 --known-sizeof-long=8 --known-sizeof-long-long=8 --known-sizeof-float=4 --known-sizeof-double=8 --known-sizeof-size_t=8 --known-bits-per-byte=8 --known-sizeof-MPI_Comm=4 --known-sizeof-MPI_Fint=4 --known-mpi-long-double=1 --known-mpi-int64_t=1 --known-sdot-returns-double=0 --known-snrm2-returns-double=0 --known-has-attribute-aligned=1 --with-fortran --with-clanguage=cxx --known-mpi-shared-libraries=no --with-batch=0 --with-64-bit-pointers=1
[0]PETSC ERROR: #16 PetscViewerASCIIPopTab() line 503 in /lrz/mnt/sys.noarch/src/petsc/petsc-3.9.1/src/sys/classes/viewer/impls/ascii/filev.c
[0]PETSC ERROR: #17 PCView_FieldSplit_Schur() line 233 in /lrz/mnt/sys.noarch/src/petsc/petsc-3.9.1/src/ksp/pc/impls/fieldsplit/fieldsplit.c
[0]PETSC ERROR: #18 PCView() line 1644 in /lrz/mnt/sys.noarch/src/petsc/petsc-3.9.1/src/ksp/pc/interface/precon.c
[0]PETSC ERROR: #19 KSPView() line 217 in /lrz/mnt/sys.noarch/src/petsc/petsc-3.9.1/src/ksp/ksp/interface/itcreate.c
[0]PETSC ERROR: #20 PetscObjectView() line 100 in /lrz/mnt/sys.noarch/src/petsc/petsc-3.9.1/src/sys/objects/destroy.c
[0]PETSC ERROR: #21 PetscObjectViewFromOptions() line 2792 in /lrz/mnt/sys.noarch/src/petsc/petsc-3.9.1/src/sys/objects/options.c
[0]PETSC ERROR: #22 KSPSolve() line 585 in /lrz/mnt/sys.noarch/src/petsc/petsc-3.9.1/src/ksp/ksp/interface/itfunc.c
[0]PETSC ERROR: #23 solve_sys() line 16 in petsc_solver.cpp
[0] PetscFinalize(): PetscFinalize() called
[0] PetscCommDuplicate(): Using internal PETSc communicator 1140850688 -2080374784
Summary of Memory Usage in PETSc
Maximum (over computational time) process memory:        total 1.2402e+10 max 1.2402e+10 min 1.2402e+10
Current process memory:                                  total 2.0025e+08 max 2.0025e+08 min 2.0025e+08
/var/slurmd-mpp2/job635515/slurm_script: line 38: -mat_type: command not found
