loading mkl,intelmpi,petsc,gcc/5
WARNING(mpi.intel/5.1): This module is scheduled for retirement.
  It will be removed on or shortly after Oct 31, 2018.
INFO(petsc): invoking mpi.intel version for CMUC2.
[0] DAPL startup: RLIMIT_MEMLOCK too small
warning:seems as no solution array provided in input file(or err in read nsz vector)
Timing of PETSc INIT1 0.012212
[0]PETSC ERROR: --------------------- Error Message --------------------------------------------------------------
[0]PETSC ERROR: Unknown type. Check for miss-spelling or missing package: http://www.mcs.anl.gov/petsc/documentation/installation.html#external
[0]PETSC ERROR: Unable to find requested KSP type bgcsl
[0]PETSC ERROR: See http://www.mcs.anl.gov/petsc/documentation/faq.html for trouble shooting.
[0]PETSC ERROR: Petsc Release Version 3.7.2, Jun, 05, 2016 
[0]PETSC ERROR: /home/hpc/pr63so/ga53lov2/timing_results_petsc.txt on a arch-linux2-c-opt named mpp2r01c03s08 by ga53lov2 Tue Jul 10 20:04:55 2018
[0]PETSC ERROR: Configure options --prefix=/lrz/sys/libraries/petsc/3.7.2/Medium_Node/real_mpi.intel_51_opt --with-debugging=0 --with-valgrind-dir=/lrz/sys/tools/valgrind/3.10.0 --with-blas-lapack-lib="-L/lrz/sys/intel/studio2016_u3/compilers_and_libraries_2016.3.210/linux/mkl/lib/intel64 -Wl,--start-group /lrz/sys/intel/studio2016_u3/compilers_and_libraries_2016.3.210/linux/mkl/lib/intel64/libmkl_intel_lp64.a /lrz/sys/intel/studio2016_u3/compilers_and_libraries_2016.3.210/linux/mkl/lib/intel64/libmkl_intel_thread.a /lrz/sys/intel/studio2016_u3/compilers_and_libraries_2016.3.210/linux/mkl/lib/intel64/libmkl_core.a -Wl,--end-group -liomp5 -lpthread -lm" COPTFLAGS="-O3 -xHOST" CXXOPTFLAGS="-O3 -xHOST" FOPTFLAGS="-O3 -xHOST"
[0]PETSC ERROR: #1 KSPSetType() line 805 in /lrz/mnt/sys.noarch/src/petsc/petsc-3.7.2/src/ksp/ksp/interface/itcreate.c
[0]PETSC ERROR: #2 KSPSetFromOptions() line 407 in /lrz/mnt/sys.noarch/src/petsc/petsc-3.7.2/src/ksp/ksp/interface/itcl.c
[0]PETSC ERROR: #3 PETSc_solver() line 259 in petsc_solver.cpp
Timing of PETSc INIT2 178.014
KSP Object: 1 MPI processes
  type: gmres
    GMRES: restart=30, using Classical (unmodified) Gram-Schmidt Orthogonalization with no iterative refinement
    GMRES: happy breakdown tolerance 1e-30
  maximum iterations=10000, initial guess is zero
  tolerances:  relative=1e-05, absolute=1e-50, divergence=10000.
  left preconditioning
  using PRECONDITIONED norm type for convergence test
PC Object: 1 MPI processes
  type: ilu
    ILU: out-of-place factorization
    2 levels of fill
    tolerance for zero pivot 2.22045e-14
    matrix ordering: qmd
    factor fill ratio given 1., needed 3.92526
      Factored matrix follows:
        Mat Object:         1 MPI processes
          type: seqaij
          rows=1898468, cols=1898468
          package used to perform factorization: petsc
          total: nonzeros=561536406, allocated nonzeros=561536406
          total number of mallocs used during MatSetValues calls =0
            using I-node routines: found 613209 nodes, limit used is 5
  linear system matrix = precond matrix:
  Mat Object:   1 MPI processes
    type: seqaij
    rows=1898468, cols=1898468
    total: nonzeros=143056988, allocated nonzeros=143056988
    total number of mallocs used during MatSetValues calls =0
      using I-node routines: found 617989 nodes, limit used is 5
slurmstepd: *** JOB 7454489 ON mpp2r01c03s08 CANCELLED AT 2018-07-11T00:04:11 DUE TO TIME LIMIT ***
