loading mkl,intelmpi,petsc,gcc/5
WARNING(mpi.intel/5.1): This module is scheduled for retirement.
  It will be removed on or shortly after Oct 31, 2018.
INFO(petsc): invoking mpi.intel version for CMUC2.
[0] DAPL startup: RLIMIT_MEMLOCK too small
warning:seems as no solution array provided in input file(or err in read nsz vector)
Timing of PETSc INIT1 0.0126171
WARNING: using a PETSc matrix storage for non-symmetric matrices on a symmetric matrix. Wasting space and solving possibly slower
[0]PETSC ERROR: --------------------- Error Message --------------------------------------------------------------
[0]PETSC ERROR: Out of memory. This could be due to allocating
[0]PETSC ERROR: too large an object or bleeding by not properly
[0]PETSC ERROR: destroying unneeded objects.
[0]PETSC ERROR: Memory allocated 0 Memory used by process 24350932992
[0]PETSC ERROR: Try running with -malloc_dump or -malloc_log for info.
[0]PETSC ERROR: Memory requested 18446744067402135552
[0]PETSC ERROR: See http://www.mcs.anl.gov/petsc/documentation/faq.html for trouble shooting.
[0]PETSC ERROR: Petsc Release Version 3.7.2, Jun, 05, 2016 
[0]PETSC ERROR: /home/hpc/pr63so/ga53lov2/timing_results_petsc.txt on a arch-linux2-c-opt named mpp2r01c04s06 by ga53lov2 Tue Jul 10 19:44:10 2018
[0]PETSC ERROR: Configure options --prefix=/lrz/sys/libraries/petsc/3.7.2/Medium_Node/real_mpi.intel_51_opt --with-debugging=0 --with-valgrind-dir=/lrz/sys/tools/valgrind/3.10.0 --with-blas-lapack-lib="-L/lrz/sys/intel/studio2016_u3/compilers_and_libraries_2016.3.210/linux/mkl/lib/intel64 -Wl,--start-group /lrz/sys/intel/studio2016_u3/compilers_and_libraries_2016.3.210/linux/mkl/lib/intel64/libmkl_intel_lp64.a /lrz/sys/intel/studio2016_u3/compilers_and_libraries_2016.3.210/linux/mkl/lib/intel64/libmkl_intel_thread.a /lrz/sys/intel/studio2016_u3/compilers_and_libraries_2016.3.210/linux/mkl/lib/intel64/libmkl_core.a -Wl,--end-group -liomp5 -lpthread -lm" COPTFLAGS="-O3 -xHOST" CXXOPTFLAGS="-O3 -xHOST" FOPTFLAGS="-O3 -xHOST"
[0]PETSC ERROR: #1 MatILUFactorSymbolic_SeqAIJ() line 1830 in /lrz/mnt/sys.noarch/src/petsc/petsc-3.7.2/src/mat/impls/aij/seq/aijfact.c
[0]PETSC ERROR: #2 MatILUFactorSymbolic_SeqAIJ() line 1830 in /lrz/mnt/sys.noarch/src/petsc/petsc-3.7.2/src/mat/impls/aij/seq/aijfact.c
[0]PETSC ERROR: #3 MatILUFactorSymbolic() line 6579 in /lrz/mnt/sys.noarch/src/petsc/petsc-3.7.2/src/mat/interface/matrix.c
[0]PETSC ERROR: #4 PCSetUp_ILU() line 212 in /lrz/mnt/sys.noarch/src/petsc/petsc-3.7.2/src/ksp/pc/impls/factor/ilu/ilu.c
[0]PETSC ERROR: #5 PCSetUp() line 968 in /lrz/mnt/sys.noarch/src/petsc/petsc-3.7.2/src/ksp/pc/interface/precon.c
[0]PETSC ERROR: #6 KSPSetUp() line 390 in /lrz/mnt/sys.noarch/src/petsc/petsc-3.7.2/src/ksp/ksp/interface/itfunc.c
[0]PETSC ERROR: #7 PETSc_solver() line 262 in petsc_solver.cpp
Timing of PETSc INIT2 2643.16
KSP Object: 1 MPI processes
  type: gmres
    GMRES: restart=500, using Classical (unmodified) Gram-Schmidt Orthogonalization with no iterative refinement
    GMRES: happy breakdown tolerance 1e-30
  maximum iterations=10000, initial guess is zero
  tolerances:  relative=1e-08, absolute=1e-50, divergence=10000.
  right preconditioning
  using UNPRECONDITIONED norm type for convergence test
PC Object: 1 MPI processes
  type: ilu
  PC has not been set up so information may be incomplete
    ILU: out-of-place factorization
    3 levels of fill
    tolerance for zero pivot 2.22045e-14
    matrix ordering: natural
    factor fill ratio given 0., needed 0.
      Factored matrix follows:
[0]PETSC ERROR: --------------------- Error Message --------------------------------------------------------------
[0]PETSC ERROR: Operation done in wrong order
[0]PETSC ERROR: Must call MatAssemblyBegin/End() before viewing matrix
[0]PETSC ERROR: See http://www.mcs.anl.gov/petsc/documentation/faq.html for trouble shooting.
[0]PETSC ERROR: Petsc Release Version 3.7.2, Jun, 05, 2016 
[0]PETSC ERROR: /home/hpc/pr63so/ga53lov2/timing_results_petsc.txt on a arch-linux2-c-opt named mpp2r01c04s06 by ga53lov2 Tue Jul 10 19:44:10 2018
[0]PETSC ERROR: Configure options --prefix=/lrz/sys/libraries/petsc/3.7.2/Medium_Node/real_mpi.intel_51_opt --with-debugging=0 --with-valgrind-dir=/lrz/sys/tools/valgrind/3.10.0 --with-blas-lapack-lib="-L/lrz/sys/intel/studio2016_u3/compilers_and_libraries_2016.3.210/linux/mkl/lib/intel64 -Wl,--start-group /lrz/sys/intel/studio2016_u3/compilers_and_libraries_2016.3.210/linux/mkl/lib/intel64/libmkl_intel_lp64.a /lrz/sys/intel/studio2016_u3/compilers_and_libraries_2016.3.210/linux/mkl/lib/intel64/libmkl_intel_thread.a /lrz/sys/intel/studio2016_u3/compilers_and_libraries_2016.3.210/linux/mkl/lib/intel64/libmkl_core.a -Wl,--end-group -liomp5 -lpthread -lm" COPTFLAGS="-O3 -xHOST" CXXOPTFLAGS="-O3 -xHOST" FOPTFLAGS="-O3 -xHOST"
[0]PETSC ERROR: #8 MatView() line 862 in /lrz/mnt/sys.noarch/src/petsc/petsc-3.7.2/src/mat/interface/matrix.c
[0]PETSC ERROR: #9 PCView_Factor() line 326 in /lrz/mnt/sys.noarch/src/petsc/petsc-3.7.2/src/ksp/pc/impls/factor/factimpl.c
[0]PETSC ERROR: #10 PCView_ILU() line 146 in /lrz/mnt/sys.noarch/src/petsc/petsc-3.7.2/src/ksp/pc/impls/factor/ilu/ilu.c
[0]PETSC ERROR: #11 PCView() line 1715 in /lrz/mnt/sys.noarch/src/petsc/petsc-3.7.2/src/ksp/pc/interface/precon.c
[0]PETSC ERROR: #12 KSPView() line 213 in /lrz/mnt/sys.noarch/src/petsc/petsc-3.7.2/src/ksp/ksp/interface/itcreate.c
[0]PETSC ERROR: #13 PetscObjectView() line 106 in /lrz/mnt/sys.noarch/src/petsc/petsc-3.7.2/src/sys/objects/destroy.c
[0]PETSC ERROR: #14 PetscObjectViewFromOptions() line 2805 in /lrz/mnt/sys.noarch/src/petsc/petsc-3.7.2/src/sys/objects/options.c
[0]PETSC ERROR: #15 KSPSolve() line 583 in /lrz/mnt/sys.noarch/src/petsc/petsc-3.7.2/src/ksp/ksp/interface/itfunc.c
[0]PETSC ERROR: #16 solve_sys() line 16 in petsc_solver.cpp
/var/slurmd-serial/job7454224/slurm_script: line 28: 27856 Segmentation fault      ./time_solvers --solve-with-PETSc ${inputfile_path} ${outputfile_path} -mat_type seqaij -pc_type ilu -pc_factor_levels 3 -ksp_type gmres -ksp_gmres_restart 500 -ksp_max_it 10000 -ksp_converged_reason -ksp_monitor_true_residual -ksp_view_pre -ksp_view -ksp_norm_type unpreconditioned -ksp_rtol 1e-8
