loading mkl,intelmpi,petsc,gcc/5
WARNING(mpi.intel/5.1): This module is scheduled for retirement.
  It will be removed on or shortly after Oct 31, 2018.
INFO(petsc): invoking mpi.intel version for CMUC2.
[0] DAPL startup: RLIMIT_MEMLOCK too small
warning:seems as no solution array provided in input file(or err in read nsz vector)
Timing of PETSc INIT1 0.0103259
WARNING: using a PETSc matrix storage for non-symmetric matrices on a symmetric matrix. Wasting space and solving possibly slower
Timing of PETSc INIT2 215.892
KSP Object: 1 MPI processes
  type: minres
  maximum iterations=10000, initial guess is zero
  tolerances:  relative=1e-08, absolute=1e-50, divergence=10000.
  left preconditioning
  using PRECONDITIONED norm type for convergence test
PC Object: 1 MPI processes
  type: ilu
    ILU: out-of-place factorization
    2 levels of fill
    tolerance for zero pivot 2.22045e-14
    matrix ordering: qmd
    factor fill ratio given 1., needed 4.40615
      Factored matrix follows:
        Mat Object:         1 MPI processes
          type: seqaij
          rows=1260320, cols=1260320
          package used to perform factorization: petsc
          total: nonzeros=587372610, allocated nonzeros=587372610
          total number of mallocs used during MatSetValues calls =0
            using I-node routines: found 411290 nodes, limit used is 5
  linear system matrix = precond matrix:
  Mat Object:   1 MPI processes
    type: seqaij
    rows=1260320, cols=1260320
    total: nonzeros=133307458, allocated nonzeros=133307458
    total number of mallocs used during MatSetValues calls =0
      using I-node routines: found 420038 nodes, limit used is 5
  0 KSP preconditioned resid norm 8.889855410434e+02 true resid norm 2.414708141649e+06 ||r(i)||/||b|| 1.000000000000e+00
  1 KSP preconditioned resid norm 1.718290462685e+02 true resid norm 2.113158905492e+06 ||r(i)||/||b|| 8.751197997986e-01
  2 KSP preconditioned resid norm 1.495602746801e+02 true resid norm 2.111525194874e+06 ||r(i)||/||b|| 8.744432333060e-01
  3 KSP preconditioned resid norm 1.396207648097e+01 true resid norm 2.106661781017e+06 ||r(i)||/||b|| 8.724291539341e-01
  4 KSP preconditioned resid norm 9.936116322749e+00 true resid norm 2.106641121147e+06 ||r(i)||/||b|| 8.724205980886e-01
  5 KSP preconditioned resid norm 9.915044117004e+00 true resid norm 2.106641073477e+06 ||r(i)||/||b|| 8.724205783469e-01
  6 KSP preconditioned resid norm 8.396710948316e+00 true resid norm 2.106635086070e+06 ||r(i)||/||b|| 8.724180987899e-01
  7 KSP preconditioned resid norm 8.260005444255e+00 true resid norm 2.106634570196e+06 ||r(i)||/||b|| 8.724178851514e-01
  8 KSP preconditioned resid norm 6.905085972729e+00 true resid norm 2.106630164898e+06 ||r(i)||/||b|| 8.724160607913e-01
  9 KSP preconditioned resid norm 6.733256196061e+00 true resid norm 2.106629646548e+06 ||r(i)||/||b|| 8.724158461276e-01
 10 KSP preconditioned resid norm 5.595860388244e+00 true resid norm 2.106626652606e+06 ||r(i)||/||b|| 8.724146062501e-01
 11 KSP preconditioned resid norm 5.435622975751e+00 true resid norm 2.106626265107e+06 ||r(i)||/||b|| 8.724144457755e-01
 12 KSP preconditioned resid norm 4.506054922516e+00 true resid norm 2.106624300086e+06 ||r(i)||/||b|| 8.724136320042e-01
 13 KSP preconditioned resid norm 4.369883956762e+00 true resid norm 2.106624036632e+06 ||r(i)||/||b|| 8.724135229003e-01
 14 KSP preconditioned resid norm 3.618738456433e+00 true resid norm 2.106622765871e+06 ||r(i)||/||b|| 8.724129966416e-01
 15 KSP preconditioned resid norm 3.506991059777e+00 true resid norm 2.106622593100e+06 ||r(i)||/||b|| 8.724129250920e-01
 16 KSP preconditioned resid norm 2.902889787014e+00 true resid norm 2.106621776380e+06 ||r(i)||/||b|| 8.724125868651e-01
 17 KSP preconditioned resid norm 2.812452679477e+00 true resid norm 2.106621664703e+06 ||r(i)||/||b|| 8.724125406161e-01
 18 KSP preconditioned resid norm 2.327564569967e+00 true resid norm 2.106621141147e+06 ||r(i)||/||b|| 8.724123237968e-01
 19 KSP preconditioned resid norm 2.254787369823e+00 true resid norm 2.106621069384e+06 ||r(i)||/||b|| 8.724122940777e-01
 20 KSP preconditioned resid norm 1.865903730540e+00 true resid norm 2.106620734122e+06 ||r(i)||/||b|| 8.724121552360e-01
 21 KSP preconditioned resid norm 1.807474044967e+00 true resid norm 2.106620688120e+06 ||r(i)||/||b|| 8.724121361852e-01
 22 KSP preconditioned resid norm 1.495691753867e+00 true resid norm 2.106620473530e+06 ||r(i)||/||b|| 8.724120473173e-01
 23 KSP preconditioned resid norm 1.448826037742e+00 true resid norm 2.106620444071e+06 ||r(i)||/||b|| 8.724120351175e-01
 24 KSP preconditioned resid norm 1.198893598733e+00 true resid norm 2.106620306746e+06 ||r(i)||/||b|| 8.724119782474e-01
 25 KSP preconditioned resid norm 1.161318079978e+00 true resid norm 2.106620287890e+06 ||r(i)||/||b|| 8.724119704383e-01
 26 KSP preconditioned resid norm 9.609775832990e-01 true resid norm 2.106620200018e+06 ||r(i)||/||b|| 8.724119340481e-01
 27 KSP preconditioned resid norm 9.308555946206e-01 true resid norm 2.106620187950e+06 ||r(i)||/||b|| 8.724119290504e-01
 28 KSP preconditioned resid norm 7.702707748097e-01 true resid norm 2.106620131725e+06 ||r(i)||/||b|| 8.724119057661e-01
 29 KSP preconditioned resid norm 7.461254588463e-01 true resid norm 2.106620124002e+06 ||r(i)||/||b|| 8.724119025679e-01
 30 KSP preconditioned resid norm 6.174084567768e-01 true resid norm 2.106620088028e+06 ||r(i)||/||b|| 8.724118876698e-01
 31 KSP preconditioned resid norm 5.980544917418e-01 true resid norm 2.106620083086e+06 ||r(i)||/||b|| 8.724118856233e-01
 32 KSP preconditioned resid norm 4.948816042692e-01 true resid norm 2.106620060069e+06 ||r(i)||/||b|| 8.724118760913e-01
 33 KSP preconditioned resid norm 4.793683833132e-01 true resid norm 2.106620056907e+06 ||r(i)||/||b|| 8.724118747817e-01
 34 KSP preconditioned resid norm 3.966704742910e-01 true resid norm 2.106620042180e+06 ||r(i)||/||b|| 8.724118686831e-01
 35 KSP preconditioned resid norm 3.842358713821e-01 true resid norm 2.106620040157e+06 ||r(i)||/||b|| 8.724118678451e-01
 36 KSP preconditioned resid norm 3.179496444044e-01 true resid norm 2.106620030735e+06 ||r(i)||/||b|| 8.724118639432e-01
 37 KSP preconditioned resid norm 3.079827229119e-01 true resid norm 2.106620029440e+06 ||r(i)||/||b|| 8.724118634071e-01
 38 KSP preconditioned resid norm 2.548512573176e-01 true resid norm 2.106620023413e+06 ||r(i)||/||b|| 8.724118609107e-01
 39 KSP preconditioned resid norm 2.468623072062e-01 true resid norm 2.106620022584e+06 ||r(i)||/||b|| 8.724118605676e-01
 40 KSP preconditioned resid norm 2.042750439443e-01 true resid norm 2.106620018728e+06 ||r(i)||/||b|| 8.724118589705e-01
 41 KSP preconditioned resid norm 1.978715354262e-01 true resid norm 2.106620018198e+06 ||r(i)||/||b|| 8.724118587510e-01
 42 KSP preconditioned resid norm 1.637358732003e-01 true resid norm 2.106620015730e+06 ||r(i)||/||b|| 8.724118577293e-01
 43 KSP preconditioned resid norm 1.586031634601e-01 true resid norm 2.106620015391e+06 ||r(i)||/||b|| 8.724118575888e-01
 44 KSP preconditioned resid norm 1.312418919548e-01 true resid norm 2.106620013813e+06 ||r(i)||/||b|| 8.724118569352e-01
 45 KSP preconditioned resid norm 1.271277915645e-01 true resid norm 2.106620013596e+06 ||r(i)||/||b|| 8.724118568453e-01
 46 KSP preconditioned resid norm 1.051965164555e-01 true resid norm 2.106620012586e+06 ||r(i)||/||b|| 8.724118564271e-01
 47 KSP preconditioned resid norm 1.018988760145e-01 true resid norm 2.106620012447e+06 ||r(i)||/||b|| 8.724118563696e-01
 48 KSP preconditioned resid norm 8.431978290139e-02 true resid norm 2.106620011801e+06 ||r(i)||/||b|| 8.724118561021e-01
 49 KSP preconditioned resid norm 8.167656005393e-02 true resid norm 2.106620011712e+06 ||r(i)||/||b|| 8.724118560653e-01
 50 KSP preconditioned resid norm 6.758602949544e-02 true resid norm 2.106620011299e+06 ||r(i)||/||b|| 8.724118558942e-01
 51 KSP preconditioned resid norm 6.546736399104e-02 true resid norm 2.106620011242e+06 ||r(i)||/||b|| 8.724118558707e-01
 52 KSP preconditioned resid norm 5.417324178069e-02 true resid norm 2.106620010978e+06 ||r(i)||/||b|| 8.724118557612e-01
 53 KSP preconditioned resid norm 5.247503712478e-02 true resid norm 2.106620010942e+06 ||r(i)||/||b|| 8.724118557461e-01
 54 KSP preconditioned resid norm 4.342226556266e-02 true resid norm 2.106620010773e+06 ||r(i)||/||b|| 8.724118556761e-01
 55 KSP preconditioned resid norm 4.206107440885e-02 true resid norm 2.106620010749e+06 ||r(i)||/||b|| 8.724118556665e-01
 56 KSP preconditioned resid norm 3.480492180714e-02 true resid norm 2.106620010641e+06 ||r(i)||/||b|| 8.724118556217e-01
 57 KSP preconditioned resid norm 3.371387425507e-02 true resid norm 2.106620010626e+06 ||r(i)||/||b|| 8.724118556155e-01
 58 KSP preconditioned resid norm 2.789810092024e-02 true resid norm 2.106620010557e+06 ||r(i)||/||b|| 8.724118555869e-01
 59 KSP preconditioned resid norm 2.702359207892e-02 true resid norm 2.106620010547e+06 ||r(i)||/||b|| 8.724118555829e-01
 60 KSP preconditioned resid norm 2.236167687530e-02 true resid norm 2.106620010503e+06 ||r(i)||/||b|| 8.724118555646e-01
 61 KSP preconditioned resid norm 2.166071179276e-02 true resid norm 2.106620010497e+06 ||r(i)||/||b|| 8.724118555621e-01
 62 KSP preconditioned resid norm 1.792386488888e-02 true resid norm 2.106620010469e+06 ||r(i)||/||b|| 8.724118555503e-01
 63 KSP preconditioned resid norm 1.736198091894e-02 true resid norm 2.106620010465e+06 ||r(i)||/||b|| 8.724118555487e-01
 64 KSP preconditioned resid norm 1.436720529488e-02 true resid norm 2.106620010447e+06 ||r(i)||/||b|| 8.724118555412e-01
 65 KSP preconditioned resid norm 1.391686857227e-02 true resid norm 2.106620010444e+06 ||r(i)||/||b|| 8.724118555402e-01
 66 KSP preconditioned resid norm 1.151667808082e-02 true resid norm 2.106620010433e+06 ||r(i)||/||b|| 8.724118555354e-01
 67 KSP preconditioned resid norm 1.115573347975e-02 true resid norm 2.106620010431e+06 ||r(i)||/||b|| 8.724118555347e-01
 68 KSP preconditioned resid norm 9.230429810431e-03 true resid norm 2.106620010424e+06 ||r(i)||/||b|| 8.724118555317e-01
 69 KSP preconditioned resid norm 8.940971961670e-03 true resid norm 2.106620010423e+06 ||r(i)||/||b|| 8.724118555313e-01
 70 KSP preconditioned resid norm 7.396619321686e-03 true resid norm 2.106620010418e+06 ||r(i)||/||b|| 8.724118555293e-01
 71 KSP preconditioned resid norm 7.164572633075e-03 true resid norm 2.106620010417e+06 ||r(i)||/||b|| 8.724118555290e-01
 72 KSP preconditioned resid norm 5.929003949996e-03 true resid norm 2.106620010414e+06 ||r(i)||/||b|| 8.724118555278e-01
 73 KSP preconditioned resid norm 5.743101217507e-03 true resid norm 2.106620010414e+06 ||r(i)||/||b|| 8.724118555276e-01
 74 KSP preconditioned resid norm 4.751216692722e-03 true resid norm 2.106620010412e+06 ||r(i)||/||b|| 8.724118555268e-01
 75 KSP preconditioned resid norm 4.602184234846e-03 true resid norm 2.106620010412e+06 ||r(i)||/||b|| 8.724118555267e-01
 76 KSP preconditioned resid norm 3.809240287722e-03 true resid norm 2.106620010410e+06 ||r(i)||/||b|| 8.724118555262e-01
 77 KSP preconditioned resid norm 3.689801749489e-03 true resid norm 2.106620010410e+06 ||r(i)||/||b|| 8.724118555261e-01
 78 KSP preconditioned resid norm 3.051819523723e-03 true resid norm 2.106620010409e+06 ||r(i)||/||b|| 8.724118555258e-01
 79 KSP preconditioned resid norm 2.956004106723e-03 true resid norm 2.106620010409e+06 ||r(i)||/||b|| 8.724118555257e-01
 80 KSP preconditioned resid norm 2.443299473364e-03 true resid norm 2.106620010409e+06 ||r(i)||/||b|| 8.724118555255e-01
 81 KSP preconditioned resid norm 2.366474515656e-03 true resid norm 2.106620010409e+06 ||r(i)||/||b|| 8.724118555255e-01
 82 KSP preconditioned resid norm 1.962967085026e-03 true resid norm 2.106620010408e+06 ||r(i)||/||b|| 8.724118555253e-01
 83 KSP preconditioned resid norm 1.901620225309e-03 true resid norm 2.106620010408e+06 ||r(i)||/||b|| 8.724118555253e-01
 84 KSP preconditioned resid norm 1.575781542733e-03 true resid norm 2.106620010408e+06 ||r(i)||/||b|| 8.724118555252e-01
 85 KSP preconditioned resid norm 1.526816577522e-03 true resid norm 2.106620010408e+06 ||r(i)||/||b|| 8.724118555252e-01
 86 KSP preconditioned resid norm 1.259796883148e-03 true resid norm 2.106620010408e+06 ||r(i)||/||b|| 8.724118555252e-01
 87 KSP preconditioned resid norm 1.219849377964e-03 true resid norm 2.106620010408e+06 ||r(i)||/||b|| 8.724118555252e-01
 88 KSP preconditioned resid norm 1.015564459323e-03 true resid norm 2.106620010408e+06 ||r(i)||/||b|| 8.724118555251e-01
 89 KSP preconditioned resid norm 9.841626740780e-04 true resid norm 2.106620010408e+06 ||r(i)||/||b|| 8.724118555251e-01
 90 KSP preconditioned resid norm 8.178548934972e-04 true resid norm 2.106620010408e+06 ||r(i)||/||b|| 8.724118555251e-01
 91 KSP preconditioned resid norm 7.925332154038e-04 true resid norm 2.106620010408e+06 ||r(i)||/||b|| 8.724118555251e-01
 92 KSP preconditioned resid norm 6.561032219612e-04 true resid norm 2.106620010408e+06 ||r(i)||/||b|| 8.724118555251e-01
 93 KSP preconditioned resid norm 6.354890011854e-04 true resid norm 2.106620010408e+06 ||r(i)||/||b|| 8.724118555251e-01
 94 KSP preconditioned resid norm 5.178101125857e-04 true resid norm 2.106620010408e+06 ||r(i)||/||b|| 8.724118555251e-01
 95 KSP preconditioned resid norm 5.011023374161e-04 true resid norm 2.106620010408e+06 ||r(i)||/||b|| 8.724118555251e-01
 96 KSP preconditioned resid norm 4.180346917382e-04 true resid norm 2.106620010408e+06 ||r(i)||/||b|| 8.724118555251e-01
 97 KSP preconditioned resid norm 4.041379693820e-04 true resid norm 2.106620010408e+06 ||r(i)||/||b|| 8.724118555251e-01
 98 KSP preconditioned resid norm 2.913163914748e-04 true resid norm 2.106620010408e+06 ||r(i)||/||b|| 8.724118555251e-01
 99 KSP preconditioned resid norm 2.765854192167e-04 true resid norm 2.106620010408e+06 ||r(i)||/||b|| 8.724118555251e-01
100 KSP preconditioned resid norm 2.473170090505e-04 true resid norm 2.106620010408e+06 ||r(i)||/||b|| 8.724118555251e-01
101 KSP preconditioned resid norm 2.371324297997e-04 true resid norm 2.106620010408e+06 ||r(i)||/||b|| 8.724118555251e-01
102 KSP preconditioned resid norm 8.381482922709e-05 true resid norm 2.106620010408e+06 ||r(i)||/||b|| 8.724118555251e-01
103 KSP preconditioned resid norm 8.074011434257e-05 true resid norm 2.106620010408e+06 ||r(i)||/||b|| 8.724118555251e-01
104 KSP preconditioned resid norm 7.384764514180e-05 true resid norm 2.106620010408e+06 ||r(i)||/||b|| 8.724118555251e-01
105 KSP preconditioned resid norm 7.118111793708e-05 true resid norm 2.106620010408e+06 ||r(i)||/||b|| 8.724118555251e-01
106 KSP preconditioned resid norm 6.935462934580e-05 true resid norm 2.106620010408e+06 ||r(i)||/||b|| 8.724118555251e-01
107 KSP preconditioned resid norm 6.028342420429e-05 true resid norm 2.106620010408e+06 ||r(i)||/||b|| 8.724118555251e-01
108 KSP preconditioned resid norm 5.856210887824e-05 true resid norm 2.106620010408e+06 ||r(i)||/||b|| 8.724118555251e-01
109 KSP preconditioned resid norm 5.677135315385e-05 true resid norm 2.106620010408e+06 ||r(i)||/||b|| 8.724118555251e-01
110 KSP preconditioned resid norm 5.403098496994e-05 true resid norm 2.106620010408e+06 ||r(i)||/||b|| 8.724118555251e-01
111 KSP preconditioned resid norm 5.350642362206e-05 true resid norm 2.106620010408e+06 ||r(i)||/||b|| 8.724118555251e-01
112 KSP preconditioned resid norm 5.295077671732e-05 true resid norm 2.106620010408e+06 ||r(i)||/||b|| 8.724118555251e-01
113 KSP preconditioned resid norm 5.234653246218e-05 true resid norm 2.106620010408e+06 ||r(i)||/||b|| 8.724118555251e-01
114 KSP preconditioned resid norm 5.083467371571e-05 true resid norm 2.106620010408e+06 ||r(i)||/||b|| 8.724118555251e-01
115 KSP preconditioned resid norm 5.043946800799e-05 true resid norm 2.106620010408e+06 ||r(i)||/||b|| 8.724118555251e-01
116 KSP preconditioned resid norm 4.920041637403e-05 true resid norm 2.106620010408e+06 ||r(i)||/||b|| 8.724118555251e-01
117 KSP preconditioned resid norm 4.820147068282e-05 true resid norm 2.106620010408e+06 ||r(i)||/||b|| 8.724118555251e-01
118 KSP preconditioned resid norm 4.795243071290e-05 true resid norm 2.106620010408e+06 ||r(i)||/||b|| 8.724118555251e-01
119 KSP preconditioned resid norm 4.729663491049e-05 true resid norm 2.106620010408e+06 ||r(i)||/||b|| 8.724118555251e-01
120 KSP preconditioned resid norm 4.670348830975e-05 true resid norm 2.106620010408e+06 ||r(i)||/||b|| 8.724118555251e-01
121 KSP preconditioned resid norm 4.559636432768e-05 true resid norm 2.106620010408e+06 ||r(i)||/||b|| 8.724118555251e-01
122 KSP preconditioned resid norm 4.490665806180e-05 true resid norm 2.106620010408e+06 ||r(i)||/||b|| 8.724118555251e-01
123 KSP preconditioned resid norm 4.475373850124e-05 true resid norm 2.106620010408e+06 ||r(i)||/||b|| 8.724118555251e-01
124 KSP preconditioned resid norm 4.358333039652e-05 true resid norm 2.106620010408e+06 ||r(i)||/||b|| 8.724118555251e-01
125 KSP preconditioned resid norm 4.331516224289e-05 true resid norm 2.106620010408e+06 ||r(i)||/||b|| 8.724118555251e-01
126 KSP preconditioned resid norm 4.284362746552e-05 true resid norm 2.106620010408e+06 ||r(i)||/||b|| 8.724118555251e-01
127 KSP preconditioned resid norm 4.236135655690e-05 true resid norm 2.106620010408e+06 ||r(i)||/||b|| 8.724118555251e-01
128 KSP preconditioned resid norm 4.080588473282e-05 true resid norm 2.106620010408e+06 ||r(i)||/||b|| 8.724118555251e-01
129 KSP preconditioned resid norm 4.051796599000e-05 true resid norm 2.106620010408e+06 ||r(i)||/||b|| 8.724118555251e-01
130 KSP preconditioned resid norm 3.888314840919e-05 true resid norm 2.106620010408e+06 ||r(i)||/||b|| 8.724118555251e-01
131 KSP preconditioned resid norm 3.834365055473e-05 true resid norm 2.106620010408e+06 ||r(i)||/||b|| 8.724118555251e-01
132 KSP preconditioned resid norm 3.808309255289e-05 true resid norm 2.106620010408e+06 ||r(i)||/||b|| 8.724118555251e-01
133 KSP preconditioned resid norm 3.779483946246e-05 true resid norm 2.106620010408e+06 ||r(i)||/||b|| 8.724118555251e-01
134 KSP preconditioned resid norm 3.741024232556e-05 true resid norm 2.106620010408e+06 ||r(i)||/||b|| 8.724118555251e-01
135 KSP preconditioned resid norm 3.667781228680e-05 true resid norm 2.106620010408e+06 ||r(i)||/||b|| 8.724118555251e-01
136 KSP preconditioned resid norm 3.642903813326e-05 true resid norm 2.106620010408e+06 ||r(i)||/||b|| 8.724118555251e-01
137 KSP preconditioned resid norm 3.629647083356e-05 true resid norm 2.106620010408e+06 ||r(i)||/||b|| 8.724118555251e-01
138 KSP preconditioned resid norm 3.615227469063e-05 true resid norm 2.106620010408e+06 ||r(i)||/||b|| 8.724118555251e-01
139 KSP preconditioned resid norm 3.594340597456e-05 true resid norm 2.106620010408e+06 ||r(i)||/||b|| 8.724118555251e-01
140 KSP preconditioned resid norm 3.550127190163e-05 true resid norm 2.106620010408e+06 ||r(i)||/||b|| 8.724118555251e-01
141 KSP preconditioned resid norm 3.521817779574e-05 true resid norm 2.106620010408e+06 ||r(i)||/||b|| 8.724118555251e-01
142 KSP preconditioned resid norm 3.506387622847e-05 true resid norm 2.106620010408e+06 ||r(i)||/||b|| 8.724118555251e-01
143 KSP preconditioned resid norm 3.455065620785e-05 true resid norm 2.106620010408e+06 ||r(i)||/||b|| 8.724118555251e-01
144 KSP preconditioned resid norm 3.424956279791e-05 true resid norm 2.106620010408e+06 ||r(i)||/||b|| 8.724118555251e-01
145 KSP preconditioned resid norm 3.413243252077e-05 true resid norm 2.106620010408e+06 ||r(i)||/||b|| 8.724118555251e-01
146 KSP preconditioned resid norm 3.356120947177e-05 true resid norm 2.106620010408e+06 ||r(i)||/||b|| 8.724118555251e-01
147 KSP preconditioned resid norm 3.310608947903e-05 true resid norm 2.106620010408e+06 ||r(i)||/||b|| 8.724118555251e-01
148 KSP preconditioned resid norm 3.287440036435e-05 true resid norm 2.106620010408e+06 ||r(i)||/||b|| 8.724118555251e-01
149 KSP preconditioned resid norm 3.128718462364e-05 true resid norm 2.106620010408e+06 ||r(i)||/||b|| 8.724118555251e-01
150 KSP preconditioned resid norm 3.120760753970e-05 true resid norm 2.106620010408e+06 ||r(i)||/||b|| 8.724118555251e-01
151 KSP preconditioned resid norm 3.100052853055e-05 true resid norm 2.106620010408e+06 ||r(i)||/||b|| 8.724118555251e-01
152 KSP preconditioned resid norm 3.096257332782e-05 true resid norm 2.106620010408e+06 ||r(i)||/||b|| 8.724118555251e-01
153 KSP preconditioned resid norm 3.022833539344e-05 true resid norm 2.106620010408e+06 ||r(i)||/||b|| 8.724118555251e-01
154 KSP preconditioned resid norm 3.019135001097e-05 true resid norm 2.106620010408e+06 ||r(i)||/||b|| 8.724118555251e-01
155 KSP preconditioned resid norm 2.986746549060e-05 true resid norm 2.106620010408e+06 ||r(i)||/||b|| 8.724118555251e-01
156 KSP preconditioned resid norm 2.983244613411e-05 true resid norm 2.106620010408e+06 ||r(i)||/||b|| 8.724118555251e-01
157 KSP preconditioned resid norm 2.967184169324e-05 true resid norm 2.106620010408e+06 ||r(i)||/||b|| 8.724118555251e-01
158 KSP preconditioned resid norm 2.964666330636e-05 true resid norm 2.106620010408e+06 ||r(i)||/||b|| 8.724118555251e-01
159 KSP preconditioned resid norm 2.955136258933e-05 true resid norm 2.106620010408e+06 ||r(i)||/||b|| 8.724118555251e-01
160 KSP preconditioned resid norm 2.951978968544e-05 true resid norm 2.106620010408e+06 ||r(i)||/||b|| 8.724118555251e-01
161 KSP preconditioned resid norm 2.935316317819e-05 true resid norm 2.106620010408e+06 ||r(i)||/||b|| 8.724118555251e-01
162 KSP preconditioned resid norm 2.930431854905e-05 true resid norm 2.106620010408e+06 ||r(i)||/||b|| 8.724118555251e-01
163 KSP preconditioned resid norm 2.925091234913e-05 true resid norm 2.106620010408e+06 ||r(i)||/||b|| 8.724118555251e-01
164 KSP preconditioned resid norm 2.922653711924e-05 true resid norm 2.106620010408e+06 ||r(i)||/||b|| 8.724118555251e-01
165 KSP preconditioned resid norm 2.816310160277e-05 true resid norm 2.106620010408e+06 ||r(i)||/||b|| 8.724118555251e-01
166 KSP preconditioned resid norm 2.814872227749e-05 true resid norm 2.106620010408e+06 ||r(i)||/||b|| 8.724118555251e-01
167 KSP preconditioned resid norm 2.774135453242e-05 true resid norm 2.106620010408e+06 ||r(i)||/||b|| 8.724118555251e-01
168 KSP preconditioned resid norm 2.772192626117e-05 true resid norm 2.106620010408e+06 ||r(i)||/||b|| 8.724118555251e-01
169 KSP preconditioned resid norm 2.760798257381e-05 true resid norm 2.106620010408e+06 ||r(i)||/||b|| 8.724118555251e-01
170 KSP preconditioned resid norm 2.757822875262e-05 true resid norm 2.106620010408e+06 ||r(i)||/||b|| 8.724118555251e-01
171 KSP preconditioned resid norm 2.746504821246e-05 true resid norm 2.106620010408e+06 ||r(i)||/||b|| 8.724118555251e-01
172 KSP preconditioned resid norm 2.744641109049e-05 true resid norm 2.106620010408e+06 ||r(i)||/||b|| 8.724118555251e-01
173 KSP preconditioned resid norm 2.740401083517e-05 true resid norm 2.106620010408e+06 ||r(i)||/||b|| 8.724118555251e-01
174 KSP preconditioned resid norm 2.737577671262e-05 true resid norm 2.106620010408e+06 ||r(i)||/||b|| 8.724118555251e-01
175 KSP preconditioned resid norm 2.733387614867e-05 true resid norm 2.106620010408e+06 ||r(i)||/||b|| 8.724118555251e-01
176 KSP preconditioned resid norm 2.731701357099e-05 true resid norm 2.106620010408e+06 ||r(i)||/||b|| 8.724118555251e-01
177 KSP preconditioned resid norm 2.723146022380e-05 true resid norm 2.106620010408e+06 ||r(i)||/||b|| 8.724118555251e-01
178 KSP preconditioned resid norm 2.721489019044e-05 true resid norm 2.106620010408e+06 ||r(i)||/||b|| 8.724118555251e-01
179 KSP preconditioned resid norm 2.704740801631e-05 true resid norm 2.106620010408e+06 ||r(i)||/||b|| 8.724118555251e-01
180 KSP preconditioned resid norm 2.703153242814e-05 true resid norm 2.106620010408e+06 ||r(i)||/||b|| 8.724118555251e-01
181 KSP preconditioned resid norm 2.698015360198e-05 true resid norm 2.106620010408e+06 ||r(i)||/||b|| 8.724118555251e-01
182 KSP preconditioned resid norm 2.695403447485e-05 true resid norm 2.106620010408e+06 ||r(i)||/||b|| 8.724118555251e-01
183 KSP preconditioned resid norm 2.684584211412e-05 true resid norm 2.106620010408e+06 ||r(i)||/||b|| 8.724118555251e-01
184 KSP preconditioned resid norm 2.681641430326e-05 true resid norm 2.106620010408e+06 ||r(i)||/||b|| 8.724118555251e-01
185 KSP preconditioned resid norm 2.667840769885e-05 true resid norm 2.106620010408e+06 ||r(i)||/||b|| 8.724118555251e-01
186 KSP preconditioned resid norm 2.665660083978e-05 true resid norm 2.106620010408e+06 ||r(i)||/||b|| 8.724118555251e-01
187 KSP preconditioned resid norm 2.656798358716e-05 true resid norm 2.106620010408e+06 ||r(i)||/||b|| 8.724118555251e-01
188 KSP preconditioned resid norm 2.655098746784e-05 true resid norm 2.106620010408e+06 ||r(i)||/||b|| 8.724118555251e-01
189 KSP preconditioned resid norm 2.647819124312e-05 true resid norm 2.106620010408e+06 ||r(i)||/||b|| 8.724118555251e-01
190 KSP preconditioned resid norm 2.646316758786e-05 true resid norm 2.106620010408e+06 ||r(i)||/||b|| 8.724118555251e-01
191 KSP preconditioned resid norm 2.638992919350e-05 true resid norm 2.106620010408e+06 ||r(i)||/||b|| 8.724118555251e-01
192 KSP preconditioned resid norm 2.637682079412e-05 true resid norm 2.106620010408e+06 ||r(i)||/||b|| 8.724118555251e-01
193 KSP preconditioned resid norm 2.633254127126e-05 true resid norm 2.106620010408e+06 ||r(i)||/||b|| 8.724118555251e-01
194 KSP preconditioned resid norm 2.631089541126e-05 true resid norm 2.106620010408e+06 ||r(i)||/||b|| 8.724118555251e-01
195 KSP preconditioned resid norm 2.621508978564e-05 true resid norm 2.106620010408e+06 ||r(i)||/||b|| 8.724118555251e-01
196 KSP preconditioned resid norm 2.619211655981e-05 true resid norm 2.106620010408e+06 ||r(i)||/||b|| 8.724118555251e-01
197 KSP preconditioned resid norm 2.200438600876e-05 true resid norm 2.106620010408e+06 ||r(i)||/||b|| 8.724118555251e-01
198 KSP preconditioned resid norm 1.883929799629e-05 true resid norm 2.106620010408e+06 ||r(i)||/||b|| 8.724118555251e-01
199 KSP preconditioned resid norm 1.879016757549e-05 true resid norm 2.106620010408e+06 ||r(i)||/||b|| 8.724118555251e-01
200 KSP preconditioned resid norm 1.874601591196e-05 true resid norm 2.106620010408e+06 ||r(i)||/||b|| 8.724118555251e-01
201 KSP preconditioned resid norm 1.872398800992e-05 true resid norm 2.106620010408e+06 ||r(i)||/||b|| 8.724118555251e-01
202 KSP preconditioned resid norm 1.869640839180e-05 true resid norm 2.106620010408e+06 ||r(i)||/||b|| 8.724118555251e-01
203 KSP preconditioned resid norm 1.846967429989e-05 true resid norm 2.106620010408e+06 ||r(i)||/||b|| 8.724118555251e-01
204 KSP preconditioned resid norm 1.826053491335e-05 true resid norm 2.106620010408e+06 ||r(i)||/||b|| 8.724118555251e-01
205 KSP preconditioned resid norm 1.824095023547e-05 true resid norm 2.106620010408e+06 ||r(i)||/||b|| 8.724118555251e-01
206 KSP preconditioned resid norm 1.821258862539e-05 true resid norm 2.106620010408e+06 ||r(i)||/||b|| 8.724118555251e-01
207 KSP preconditioned resid norm 1.818655128151e-05 true resid norm 2.106620010408e+06 ||r(i)||/||b|| 8.724118555251e-01
208 KSP preconditioned resid norm 1.813416306014e-05 true resid norm 2.106620010408e+06 ||r(i)||/||b|| 8.724118555251e-01
209 KSP preconditioned resid norm 1.726428463640e-05 true resid norm 2.106620010408e+06 ||r(i)||/||b|| 8.724118555251e-01
210 KSP preconditioned resid norm 1.724809719920e-05 true resid norm 2.106620010408e+06 ||r(i)||/||b|| 8.724118555251e-01
211 KSP preconditioned resid norm 1.720572027856e-05 true resid norm 2.106620010408e+06 ||r(i)||/||b|| 8.724118555251e-01
212 KSP preconditioned resid norm 1.719444217867e-05 true resid norm 2.106620010408e+06 ||r(i)||/||b|| 8.724118555251e-01
213 KSP preconditioned resid norm 1.716473985273e-05 true resid norm 2.106620010408e+06 ||r(i)||/||b|| 8.724118555251e-01
214 KSP preconditioned resid norm 1.682635468679e-05 true resid norm 2.106620010408e+06 ||r(i)||/||b|| 8.724118555251e-01
215 KSP preconditioned resid norm 1.677831791805e-05 true resid norm 2.106620010408e+06 ||r(i)||/||b|| 8.724118555251e-01
216 KSP preconditioned resid norm 1.668296793900e-05 true resid norm 2.106620010408e+06 ||r(i)||/||b|| 8.724118555251e-01
217 KSP preconditioned resid norm 1.658269980556e-05 true resid norm 2.106620010408e+06 ||r(i)||/||b|| 8.724118555251e-01
218 KSP preconditioned resid norm 1.629964111825e-05 true resid norm 2.106620010408e+06 ||r(i)||/||b|| 8.724118555251e-01
219 KSP preconditioned resid norm 1.627869649768e-05 true resid norm 2.106620010408e+06 ||r(i)||/||b|| 8.724118555251e-01
220 KSP preconditioned resid norm 1.623485324727e-05 true resid norm 2.106620010408e+06 ||r(i)||/||b|| 8.724118555251e-01
221 KSP preconditioned resid norm 1.619368924442e-05 true resid norm 2.106620010408e+06 ||r(i)||/||b|| 8.724118555251e-01
222 KSP preconditioned resid norm 1.607767759590e-05 true resid norm 2.106620010408e+06 ||r(i)||/||b|| 8.724118555251e-01
223 KSP preconditioned resid norm 1.604846745778e-05 true resid norm 2.106620010408e+06 ||r(i)||/||b|| 8.724118555251e-01
224 KSP preconditioned resid norm 1.603809179574e-05 true resid norm 2.106620010408e+06 ||r(i)||/||b|| 8.724118555251e-01
225 KSP preconditioned resid norm 1.602755774360e-05 true resid norm 2.106620010408e+06 ||r(i)||/||b|| 8.724118555251e-01
226 KSP preconditioned resid norm 1.601753408956e-05 true resid norm 2.106620010408e+06 ||r(i)||/||b|| 8.724118555251e-01
227 KSP preconditioned resid norm 1.600375822040e-05 true resid norm 2.106620010408e+06 ||r(i)||/||b|| 8.724118555251e-01
228 KSP preconditioned resid norm 1.598544061216e-05 true resid norm 2.106620010408e+06 ||r(i)||/||b|| 8.724118555251e-01
229 KSP preconditioned resid norm 1.594605937666e-05 true resid norm 2.106620010408e+06 ||r(i)||/||b|| 8.724118555251e-01
230 KSP preconditioned resid norm 1.591894286218e-05 true resid norm 2.106620010408e+06 ||r(i)||/||b|| 8.724118555251e-01
231 KSP preconditioned resid norm 1.585519572414e-05 true resid norm 2.106620010408e+06 ||r(i)||/||b|| 8.724118555251e-01
232 KSP preconditioned resid norm 1.582717211043e-05 true resid norm 2.106620010408e+06 ||r(i)||/||b|| 8.724118555251e-01
233 KSP preconditioned resid norm 1.581532209196e-05 true resid norm 2.106620010408e+06 ||r(i)||/||b|| 8.724118555251e-01
234 KSP preconditioned resid norm 1.170219336013e-05 true resid norm 2.106620010408e+06 ||r(i)||/||b|| 8.724118555251e-01
235 KSP preconditioned resid norm 1.169238971605e-05 true resid norm 2.106620010408e+06 ||r(i)||/||b|| 8.724118555251e-01
236 KSP preconditioned resid norm 1.168402138367e-05 true resid norm 2.106620010408e+06 ||r(i)||/||b|| 8.724118555251e-01
237 KSP preconditioned resid norm 1.167006022863e-05 true resid norm 2.106620010408e+06 ||r(i)||/||b|| 8.724118555251e-01
238 KSP preconditioned resid norm 1.166090450879e-05 true resid norm 2.106620010408e+06 ||r(i)||/||b|| 8.724118555251e-01
239 KSP preconditioned resid norm 1.164976013472e-05 true resid norm 2.106620010408e+06 ||r(i)||/||b|| 8.724118555251e-01
240 KSP preconditioned resid norm 1.159661525583e-05 true resid norm 2.106620010408e+06 ||r(i)||/||b|| 8.724118555251e-01
241 KSP preconditioned resid norm 1.157470569276e-05 true resid norm 2.106620010408e+06 ||r(i)||/||b|| 8.724118555251e-01
242 KSP preconditioned resid norm 1.125602176962e-05 true resid norm 2.106620010408e+06 ||r(i)||/||b|| 8.724118555251e-01
243 KSP preconditioned resid norm 1.125296076855e-05 true resid norm 2.106620010408e+06 ||r(i)||/||b|| 8.724118555251e-01
244 KSP preconditioned resid norm 1.124721254670e-05 true resid norm 2.106620010408e+06 ||r(i)||/||b|| 8.724118555251e-01
245 KSP preconditioned resid norm 1.124417555476e-05 true resid norm 2.106620010408e+06 ||r(i)||/||b|| 8.724118555251e-01
246 KSP preconditioned resid norm 1.123606881646e-05 true resid norm 2.106620010408e+06 ||r(i)||/||b|| 8.724118555251e-01
247 KSP preconditioned resid norm 1.069603577582e-05 true resid norm 2.106620010408e+06 ||r(i)||/||b|| 8.724118555251e-01
248 KSP preconditioned resid norm 1.068182430969e-05 true resid norm 2.106620010408e+06 ||r(i)||/||b|| 8.724118555251e-01
249 KSP preconditioned resid norm 1.067543298618e-05 true resid norm 2.106620010408e+06 ||r(i)||/||b|| 8.724118555251e-01
250 KSP preconditioned resid norm 1.067156748611e-05 true resid norm 2.106620010408e+06 ||r(i)||/||b|| 8.724118555251e-01
251 KSP preconditioned resid norm 1.065941965704e-05 true resid norm 2.106620010408e+06 ||r(i)||/||b|| 8.724118555251e-01
252 KSP preconditioned resid norm 1.065490342378e-05 true resid norm 2.106620010408e+06 ||r(i)||/||b|| 8.724118555251e-01
253 KSP preconditioned resid norm 1.064715821551e-05 true resid norm 2.106620010408e+06 ||r(i)||/||b|| 8.724118555251e-01
254 KSP preconditioned resid norm 1.064235229783e-05 true resid norm 2.106620010408e+06 ||r(i)||/||b|| 8.724118555251e-01
255 KSP preconditioned resid norm 1.063235301171e-05 true resid norm 2.106620010408e+06 ||r(i)||/||b|| 8.724118555251e-01
256 KSP preconditioned resid norm 1.055830736459e-05 true resid norm 2.106620010408e+06 ||r(i)||/||b|| 8.724118555251e-01
257 KSP preconditioned resid norm 1.054972014667e-05 true resid norm 2.106620010408e+06 ||r(i)||/||b|| 8.724118555251e-01
258 KSP preconditioned resid norm 1.054231719374e-05 true resid norm 2.106620010408e+06 ||r(i)||/||b|| 8.724118555251e-01
259 KSP preconditioned resid norm 1.037519752752e-05 true resid norm 2.106620010408e+06 ||r(i)||/||b|| 8.724118555251e-01
260 KSP preconditioned resid norm 1.036591941271e-05 true resid norm 2.106620010408e+06 ||r(i)||/||b|| 8.724118555251e-01
261 KSP preconditioned resid norm 1.035244700258e-05 true resid norm 2.106620010408e+06 ||r(i)||/||b|| 8.724118555251e-01
262 KSP preconditioned resid norm 1.030875381336e-05 true resid norm 2.106620010408e+06 ||r(i)||/||b|| 8.724118555251e-01
263 KSP preconditioned resid norm 1.028937008401e-05 true resid norm 2.106620010408e+06 ||r(i)||/||b|| 8.724118555251e-01
264 KSP preconditioned resid norm 1.028500972667e-05 true resid norm 2.106620010408e+06 ||r(i)||/||b|| 8.724118555251e-01
265 KSP preconditioned resid norm 1.025666517727e-05 true resid norm 2.106620010408e+06 ||r(i)||/||b|| 8.724118555251e-01
266 KSP preconditioned resid norm 1.025105455937e-05 true resid norm 2.106620010408e+06 ||r(i)||/||b|| 8.724118555251e-01
267 KSP preconditioned resid norm 1.023899796215e-05 true resid norm 2.106620010408e+06 ||r(i)||/||b|| 8.724118555251e-01
268 KSP preconditioned resid norm 1.023650445171e-05 true resid norm 2.106620010408e+06 ||r(i)||/||b|| 8.724118555251e-01
269 KSP preconditioned resid norm 1.022914844849e-05 true resid norm 2.106620010408e+06 ||r(i)||/||b|| 8.724118555251e-01
270 KSP preconditioned resid norm 1.021419991612e-05 true resid norm 2.106620010408e+06 ||r(i)||/||b|| 8.724118555251e-01
271 KSP preconditioned resid norm 1.019787217397e-05 true resid norm 2.106620010408e+06 ||r(i)||/||b|| 8.724118555251e-01
272 KSP preconditioned resid norm 1.018563370962e-05 true resid norm 2.106620010408e+06 ||r(i)||/||b|| 8.724118555251e-01
273 KSP preconditioned resid norm 1.017130519604e-05 true resid norm 2.106620010408e+06 ||r(i)||/||b|| 8.724118555251e-01
274 KSP preconditioned resid norm 1.015916372432e-05 true resid norm 2.106620010408e+06 ||r(i)||/||b|| 8.724118555251e-01
275 KSP preconditioned resid norm 1.014828523263e-05 true resid norm 2.106620010408e+06 ||r(i)||/||b|| 8.724118555251e-01
276 KSP preconditioned resid norm 1.014452791502e-05 true resid norm 2.106620010408e+06 ||r(i)||/||b|| 8.724118555251e-01
277 KSP preconditioned resid norm 1.013220393821e-05 true resid norm 2.106620010408e+06 ||r(i)||/||b|| 8.724118555251e-01
278 KSP preconditioned resid norm 1.001456757145e-05 true resid norm 2.106620010408e+06 ||r(i)||/||b|| 8.724118555251e-01
279 KSP preconditioned resid norm 9.972177661135e-06 true resid norm 2.106620010408e+06 ||r(i)||/||b|| 8.724118555251e-01
280 KSP preconditioned resid norm 9.968848808972e-06 true resid norm 2.106620010408e+06 ||r(i)||/||b|| 8.724118555251e-01
281 KSP preconditioned resid norm 9.964854365961e-06 true resid norm 2.106620010408e+06 ||r(i)||/||b|| 8.724118555251e-01
282 KSP preconditioned resid norm 9.947178062365e-06 true resid norm 2.106620010408e+06 ||r(i)||/||b|| 8.724118555251e-01
283 KSP preconditioned resid norm 9.938880463916e-06 true resid norm 2.106620010408e+06 ||r(i)||/||b|| 8.724118555251e-01
284 KSP preconditioned resid norm 9.936806778591e-06 true resid norm 2.106620010408e+06 ||r(i)||/||b|| 8.724118555251e-01
285 KSP preconditioned resid norm 9.933463787910e-06 true resid norm 2.106620010408e+06 ||r(i)||/||b|| 8.724118555251e-01
286 KSP preconditioned resid norm 9.926889376170e-06 true resid norm 2.106620010408e+06 ||r(i)||/||b|| 8.724118555251e-01
287 KSP preconditioned resid norm 9.908749466285e-06 true resid norm 2.106620010408e+06 ||r(i)||/||b|| 8.724118555251e-01
288 KSP preconditioned resid norm 9.901062076401e-06 true resid norm 2.106620010408e+06 ||r(i)||/||b|| 8.724118555251e-01
289 KSP preconditioned resid norm 9.897625960395e-06 true resid norm 2.106620010408e+06 ||r(i)||/||b|| 8.724118555251e-01
290 KSP preconditioned resid norm 9.879489704055e-06 true resid norm 2.106620010408e+06 ||r(i)||/||b|| 8.724118555251e-01
291 KSP preconditioned resid norm 9.859136722700e-06 true resid norm 2.106620010408e+06 ||r(i)||/||b|| 8.724118555251e-01
292 KSP preconditioned resid norm 9.854479374863e-06 true resid norm 2.106620010408e+06 ||r(i)||/||b|| 8.724118555251e-01
293 KSP preconditioned resid norm 9.836907570445e-06 true resid norm 2.106620010408e+06 ||r(i)||/||b|| 8.724118555251e-01
294 KSP preconditioned resid norm 9.697981560850e-06 true resid norm 2.106620010408e+06 ||r(i)||/||b|| 8.724118555251e-01
295 KSP preconditioned resid norm 9.685678446065e-06 true resid norm 2.106620010408e+06 ||r(i)||/||b|| 8.724118555251e-01
296 KSP preconditioned resid norm 9.675364471139e-06 true resid norm 2.106620010408e+06 ||r(i)||/||b|| 8.724118555251e-01
297 KSP preconditioned resid norm 9.636356147117e-06 true resid norm 2.106620010408e+06 ||r(i)||/||b|| 8.724118555251e-01
298 KSP preconditioned resid norm 9.632877842370e-06 true resid norm 2.106620010408e+06 ||r(i)||/||b|| 8.724118555251e-01
299 KSP preconditioned resid norm 9.621457492689e-06 true resid norm 2.106620010408e+06 ||r(i)||/||b|| 8.724118555251e-01
300 KSP preconditioned resid norm 9.618363813978e-06 true resid norm 2.106620010408e+06 ||r(i)||/||b|| 8.724118555251e-01
301 KSP preconditioned resid norm 9.361395941733e-06 true resid norm 2.106620010408e+06 ||r(i)||/||b|| 8.724118555251e-01
302 KSP preconditioned resid norm 9.354082731992e-06 true resid norm 2.106620010408e+06 ||r(i)||/||b|| 8.724118555251e-01
303 KSP preconditioned resid norm 9.350748775246e-06 true resid norm 2.106620010408e+06 ||r(i)||/||b|| 8.724118555251e-01
304 KSP preconditioned resid norm 9.344444065739e-06 true resid norm 2.106620010408e+06 ||r(i)||/||b|| 8.724118555251e-01
305 KSP preconditioned resid norm 9.342081789332e-06 true resid norm 2.106620010408e+06 ||r(i)||/||b|| 8.724118555251e-01
306 KSP preconditioned resid norm 9.326652227831e-06 true resid norm 2.106620010408e+06 ||r(i)||/||b|| 8.724118555251e-01
307 KSP preconditioned resid norm 9.321599502747e-06 true resid norm 2.106620010408e+06 ||r(i)||/||b|| 8.724118555251e-01
308 KSP preconditioned resid norm 9.314364016273e-06 true resid norm 2.106620010408e+06 ||r(i)||/||b|| 8.724118555251e-01
309 KSP preconditioned resid norm 9.247919329542e-06 true resid norm 2.106620010408e+06 ||r(i)||/||b|| 8.724118555251e-01
310 KSP preconditioned resid norm 9.234045271055e-06 true resid norm 2.106620010408e+06 ||r(i)||/||b|| 8.724118555251e-01
311 KSP preconditioned resid norm 9.216707525467e-06 true resid norm 2.106620010408e+06 ||r(i)||/||b|| 8.724118555251e-01
312 KSP preconditioned resid norm 9.213052617066e-06 true resid norm 2.106620010408e+06 ||r(i)||/||b|| 8.724118555251e-01
313 KSP preconditioned resid norm 9.202419673679e-06 true resid norm 2.106620010408e+06 ||r(i)||/||b|| 8.724118555251e-01
314 KSP preconditioned resid norm 9.199729774566e-06 true resid norm 2.106620010408e+06 ||r(i)||/||b|| 8.724118555251e-01
315 KSP preconditioned resid norm 9.190904708812e-06 true resid norm 2.106620010408e+06 ||r(i)||/||b|| 8.724118555251e-01
316 KSP preconditioned resid norm 9.180714326994e-06 true resid norm 2.106620010408e+06 ||r(i)||/||b|| 8.724118555251e-01
317 KSP preconditioned resid norm 9.175009866545e-06 true resid norm 2.106620010408e+06 ||r(i)||/||b|| 8.724118555251e-01
318 KSP preconditioned resid norm 9.147126305828e-06 true resid norm 2.106620010408e+06 ||r(i)||/||b|| 8.724118555251e-01
319 KSP preconditioned resid norm 9.140373319002e-06 true resid norm 2.106620010408e+06 ||r(i)||/||b|| 8.724118555251e-01
320 KSP preconditioned resid norm 9.106127443581e-06 true resid norm 2.106620010408e+06 ||r(i)||/||b|| 8.724118555251e-01
321 KSP preconditioned resid norm 9.102485674018e-06 true resid norm 2.106620010408e+06 ||r(i)||/||b|| 8.724118555251e-01
322 KSP preconditioned resid norm 9.098207227710e-06 true resid norm 2.106620010408e+06 ||r(i)||/||b|| 8.724118555251e-01
323 KSP preconditioned resid norm 9.094900661471e-06 true resid norm 2.106620010408e+06 ||r(i)||/||b|| 8.724118555251e-01
324 KSP preconditioned resid norm 9.072013888383e-06 true resid norm 2.106620010408e+06 ||r(i)||/||b|| 8.724118555251e-01
325 KSP preconditioned resid norm 9.030002738421e-06 true resid norm 2.106620010408e+06 ||r(i)||/||b|| 8.724118555251e-01
326 KSP preconditioned resid norm 9.017606191903e-06 true resid norm 2.106620010408e+06 ||r(i)||/||b|| 8.724118555251e-01
327 KSP preconditioned resid norm 9.014927590572e-06 true resid norm 2.106620010408e+06 ||r(i)||/||b|| 8.724118555251e-01
328 KSP preconditioned resid norm 8.979740477077e-06 true resid norm 2.106620010408e+06 ||r(i)||/||b|| 8.724118555251e-01
329 KSP preconditioned resid norm 8.975257512786e-06 true resid norm 2.106620010408e+06 ||r(i)||/||b|| 8.724118555251e-01
330 KSP preconditioned resid norm 8.848271831186e-06 true resid norm 2.106620010408e+06 ||r(i)||/||b|| 8.724118555251e-01
Linear solve converged due to CONVERGED_RTOL iterations 330
KSP Object: 1 MPI processes
  type: minres
  maximum iterations=10000, initial guess is zero
  tolerances:  relative=1e-08, absolute=1e-50, divergence=10000.
  left preconditioning
  using PRECONDITIONED norm type for convergence test
PC Object: 1 MPI processes
  type: ilu
    ILU: out-of-place factorization
    2 levels of fill
    tolerance for zero pivot 2.22045e-14
    matrix ordering: qmd
    factor fill ratio given 1., needed 4.40615
      Factored matrix follows:
        Mat Object:         1 MPI processes
          type: seqaij
          rows=1260320, cols=1260320
          package used to perform factorization: petsc
          total: nonzeros=587372610, allocated nonzeros=587372610
          total number of mallocs used during MatSetValues calls =0
            using I-node routines: found 411290 nodes, limit used is 5
  linear system matrix = precond matrix:
  Mat Object:   1 MPI processes
    type: seqaij
    rows=1260320, cols=1260320
    total: nonzeros=133307458, allocated nonzeros=133307458
    total number of mallocs used during MatSetValues calls =0
      using I-node routines: found 420038 nodes, limit used is 5
Timing of PETSc KSPSolve routine 490.159
Warning! input did not contain a solution, hence result can't be verified. Ignore the following relative error as it is not valid
The relative error in solutions is: inf
Number of KSP iterations is 330
Time spent per KSP iteration is 1.48533
/var/slurmd-serial/job7454512/slurm_script: line 28: 23383 Segmentation fault      ./time_solvers --solve-with-PETSc ${inputfile_path} ${outputfile_path} -mat_type seqaij -pc_type ilu -pc_factor_levels 2 -pc_factor_nonzeros_along_diagonal -pc_factor_mat_ordering_type qmd -ksp_type minres -ksp_max_it 10000 -ksp_converged_reason -ksp_monitor_true_residual -ksp_view_pre -ksp_view -ksp_norm_type preconditioned -ksp_rtol 1e-8
