loading mkl,intelmpi,petsc,gcc/5
WARNING(mpi.intel/5.1): This module is scheduled for retirement.
  It will be removed on or shortly after Oct 31, 2018.
INFO(petsc): invoking mpi.intel version for CMUC2.
warning:seems as no solution array provided in input file(or err in read nsz vector)
Timing of PETSc INIT1 0.0131838
WARNING: using a PETSc matrix storage for non-symmetric matrices on a symmetric matrix. Wasting space and solving possibly slower
Timing of PETSc INIT2 0.127092
KSP Object: 1 MPI processes
  type: cg
  maximum iterations=10000, initial guess is zero
  tolerances:  relative=1e-08, absolute=1e-50, divergence=10000.
  left preconditioning
  using UNPRECONDITIONED norm type for convergence test
PC Object: 1 MPI processes
  type: none
  linear system matrix = precond matrix:
  Mat Object:   1 MPI processes
    type: seqaij
    rows=1260320, cols=1260320
    total: nonzeros=133307458, allocated nonzeros=133307458
    total number of mallocs used during MatSetValues calls =0
      using I-node routines: found 420038 nodes, limit used is 5
  0 KSP unpreconditioned resid norm 2.414708141649e+06 true resid norm 2.414708141649e+06 ||r(i)||/||b|| 1.000000000000e+00
  1 KSP unpreconditioned resid norm 2.211825493910e+06 true resid norm 2.211825493910e+06 ||r(i)||/||b|| 9.159804680988e-01
  2 KSP unpreconditioned resid norm 1.386190162134e+06 true resid norm 1.386190162134e+06 ||r(i)||/||b|| 5.740611621856e-01
  3 KSP unpreconditioned resid norm 1.603585309667e+06 true resid norm 1.603585309667e+06 ||r(i)||/||b|| 6.640907370990e-01
  4 KSP unpreconditioned resid norm 1.266056374656e+06 true resid norm 1.266056374656e+06 ||r(i)||/||b|| 5.243103101441e-01
  5 KSP unpreconditioned resid norm 1.224902905817e+06 true resid norm 1.224902905817e+06 ||r(i)||/||b|| 5.072674766318e-01
  6 KSP unpreconditioned resid norm 1.416493430150e+06 true resid norm 1.416493430150e+06 ||r(i)||/||b|| 5.866106158827e-01
  7 KSP unpreconditioned resid norm 1.484673506315e+06 true resid norm 1.484673506315e+06 ||r(i)||/||b|| 6.148459437837e-01
  8 KSP unpreconditioned resid norm 1.352474817249e+06 true resid norm 1.352474817249e+06 ||r(i)||/||b|| 5.600986694505e-01
  9 KSP unpreconditioned resid norm 1.329929609043e+06 true resid norm 1.329929609043e+06 ||r(i)||/||b|| 5.507620511582e-01
 10 KSP unpreconditioned resid norm 1.203215991165e+06 true resid norm 1.203215991165e+06 ||r(i)||/||b|| 4.982863023533e-01
 11 KSP unpreconditioned resid norm 1.066434075657e+06 true resid norm 1.066434075657e+06 ||r(i)||/||b|| 4.416409823045e-01
 12 KSP unpreconditioned resid norm 9.897588591394e+05 true resid norm 9.897588591394e+05 ||r(i)||/||b|| 4.098875727745e-01
 13 KSP unpreconditioned resid norm 9.177154919496e+05 true resid norm 9.177154919496e+05 ||r(i)||/||b|| 3.800523450932e-01
 14 KSP unpreconditioned resid norm 7.853084535578e+05 true resid norm 7.853084535578e+05 ||r(i)||/||b|| 3.252187873195e-01
 15 KSP unpreconditioned resid norm 7.641668434246e+05 true resid norm 7.641668434246e+05 ||r(i)||/||b|| 3.164634393052e-01
 16 KSP unpreconditioned resid norm 7.281654789353e+05 true resid norm 7.281654789353e+05 ||r(i)||/||b|| 3.015542401899e-01
 17 KSP unpreconditioned resid norm 7.205834746345e+05 true resid norm 7.205834746345e+05 ||r(i)||/||b|| 2.984143144282e-01
 18 KSP unpreconditioned resid norm 7.707756339418e+05 true resid norm 7.707756339418e+05 ||r(i)||/||b|| 3.192003292851e-01
 19 KSP unpreconditioned resid norm 7.978648074161e+05 true resid norm 7.978648074161e+05 ||r(i)||/||b|| 3.304187341130e-01
 20 KSP unpreconditioned resid norm 7.311316850112e+05 true resid norm 7.311316850112e+05 ||r(i)||/||b|| 3.027826313253e-01
 21 KSP unpreconditioned resid norm 6.623978553638e+05 true resid norm 6.623978553638e+05 ||r(i)||/||b|| 2.743179782014e-01
 22 KSP unpreconditioned resid norm 6.074264832912e+05 true resid norm 6.074264832912e+05 ||r(i)||/||b|| 2.515527540634e-01
 23 KSP unpreconditioned resid norm 6.361788708129e+05 true resid norm 6.361788708129e+05 ||r(i)||/||b|| 2.634599436015e-01
 24 KSP unpreconditioned resid norm 5.695800524397e+05 true resid norm 5.695800524397e+05 ||r(i)||/||b|| 2.358794599709e-01
 25 KSP unpreconditioned resid norm 5.779172643085e+05 true resid norm 5.779172643085e+05 ||r(i)||/||b|| 2.393321388786e-01
 26 KSP unpreconditioned resid norm 5.183497703345e+05 true resid norm 5.183497703345e+05 ||r(i)||/||b|| 2.146635286451e-01
 27 KSP unpreconditioned resid norm 5.497798735894e+05 true resid norm 5.497798735894e+05 ||r(i)||/||b|| 2.276796371813e-01
 28 KSP unpreconditioned resid norm 5.119870246006e+05 true resid norm 5.119870246006e+05 ||r(i)||/||b|| 2.120285328772e-01
 29 KSP unpreconditioned resid norm 4.972843923114e+05 true resid norm 4.972843923114e+05 ||r(i)||/||b|| 2.059397505372e-01
 30 KSP unpreconditioned resid norm 5.488429827223e+05 true resid norm 5.488429827223e+05 ||r(i)||/||b|| 2.272916437626e-01
 31 KSP unpreconditioned resid norm 5.531248883842e+05 true resid norm 5.531248883842e+05 ||r(i)||/||b|| 2.290649038879e-01
 32 KSP unpreconditioned resid norm 5.252193780680e+05 true resid norm 5.252193780680e+05 ||r(i)||/||b|| 2.175084305258e-01
 33 KSP unpreconditioned resid norm 5.213832035460e+05 true resid norm 5.213832035460e+05 ||r(i)||/||b|| 2.159197604684e-01
 34 KSP unpreconditioned resid norm 4.964796347487e+05 true resid norm 4.964796347487e+05 ||r(i)||/||b|| 2.056064773151e-01
 35 KSP unpreconditioned resid norm 5.039415572104e+05 true resid norm 5.039415572104e+05 ||r(i)||/||b|| 2.086966737381e-01
 36 KSP unpreconditioned resid norm 5.038059019205e+05 true resid norm 5.038059019205e+05 ||r(i)||/||b|| 2.086404949860e-01
 37 KSP unpreconditioned resid norm 4.718285367537e+05 true resid norm 4.718285367537e+05 ||r(i)||/||b|| 1.953977495729e-01
 38 KSP unpreconditioned resid norm 5.106969695113e+05 true resid norm 5.106969695113e+05 ||r(i)||/||b|| 2.114942840100e-01
 39 KSP unpreconditioned resid norm 4.986011225728e+05 true resid norm 4.986011225728e+05 ||r(i)||/||b|| 2.064850463594e-01
 40 KSP unpreconditioned resid norm 5.119103069612e+05 true resid norm 5.119103069612e+05 ||r(i)||/||b|| 2.119967618992e-01
 41 KSP unpreconditioned resid norm 4.617966363922e+05 true resid norm 4.617966363922e+05 ||r(i)||/||b|| 1.912432514833e-01
 42 KSP unpreconditioned resid norm 4.544261688770e+05 true resid norm 4.544261688770e+05 ||r(i)||/||b|| 1.881909291806e-01
 43 KSP unpreconditioned resid norm 4.978086702138e+05 true resid norm 4.978086702138e+05 ||r(i)||/||b|| 2.061568690756e-01
 44 KSP unpreconditioned resid norm 4.472575539288e+05 true resid norm 4.472575539288e+05 ||r(i)||/||b|| 1.852221998238e-01
 45 KSP unpreconditioned resid norm 3.983548275059e+05 true resid norm 3.983548275059e+05 ||r(i)||/||b|| 1.649701761613e-01
 46 KSP unpreconditioned resid norm 4.025373417639e+05 true resid norm 4.025373417639e+05 ||r(i)||/||b|| 1.667022754514e-01
 47 KSP unpreconditioned resid norm 4.196606920624e+05 true resid norm 4.196606920624e+05 ||r(i)||/||b|| 1.737935466502e-01
 48 KSP unpreconditioned resid norm 4.113047542610e+05 true resid norm 4.113047542610e+05 ||r(i)||/||b|| 1.703331127960e-01
 49 KSP unpreconditioned resid norm 3.814049743482e+05 true resid norm 3.814049743482e+05 ||r(i)||/||b|| 1.579507551118e-01
 50 KSP unpreconditioned resid norm 3.773090629642e+05 true resid norm 3.773090629642e+05 ||r(i)||/||b|| 1.562545205594e-01
 51 KSP unpreconditioned resid norm 3.937844437387e+05 true resid norm 3.937844437387e+05 ||r(i)||/||b|| 1.630774489665e-01
 52 KSP unpreconditioned resid norm 3.483264742708e+05 true resid norm 3.483264742708e+05 ||r(i)||/||b|| 1.442519981039e-01
 53 KSP unpreconditioned resid norm 3.563555605699e+05 true resid norm 3.563555605699e+05 ||r(i)||/||b|| 1.475770733628e-01
 54 KSP unpreconditioned resid norm 3.428677256327e+05 true resid norm 3.428677256327e+05 ||r(i)||/||b|| 1.419913734993e-01
 55 KSP unpreconditioned resid norm 3.702765608274e+05 true resid norm 3.702765608274e+05 ||r(i)||/||b|| 1.533421594274e-01
 56 KSP unpreconditioned resid norm 3.440540815595e+05 true resid norm 3.440540815595e+05 ||r(i)||/||b|| 1.424826775647e-01
 57 KSP unpreconditioned resid norm 3.396255261562e+05 true resid norm 3.396255261562e+05 ||r(i)||/||b|| 1.406486855692e-01
 58 KSP unpreconditioned resid norm 3.144702892409e+05 true resid norm 3.144702892409e+05 ||r(i)||/||b|| 1.302311794195e-01
 59 KSP unpreconditioned resid norm 3.154424503914e+05 true resid norm 3.154424503914e+05 ||r(i)||/||b|| 1.306337792757e-01
 60 KSP unpreconditioned resid norm 3.330010851580e+05 true resid norm 3.330010851580e+05 ||r(i)||/||b|| 1.379053142756e-01
 61 KSP unpreconditioned resid norm 2.931305634242e+05 true resid norm 2.931305634242e+05 ||r(i)||/||b|| 1.213937860101e-01
 62 KSP unpreconditioned resid norm 2.783948144980e+05 true resid norm 2.783948144980e+05 ||r(i)||/||b|| 1.152912891195e-01
 63 KSP unpreconditioned resid norm 2.826084981719e+05 true resid norm 2.826084981719e+05 ||r(i)||/||b|| 1.170362965600e-01
 64 KSP unpreconditioned resid norm 3.060715062158e+05 true resid norm 3.060715062158e+05 ||r(i)||/||b|| 1.267530021275e-01
 65 KSP unpreconditioned resid norm 2.681343598751e+05 true resid norm 2.681343598751e+05 ||r(i)||/||b|| 1.110421401453e-01
 66 KSP unpreconditioned resid norm 2.737315986966e+05 true resid norm 2.737315986966e+05 ||r(i)||/||b|| 1.133601175128e-01
 67 KSP unpreconditioned resid norm 2.849662998092e+05 true resid norm 2.849662998092e+05 ||r(i)||/||b|| 1.180127299420e-01
 68 KSP unpreconditioned resid norm 3.020485544251e+05 true resid norm 3.020485544251e+05 ||r(i)||/||b|| 1.250869822383e-01
 69 KSP unpreconditioned resid norm 2.986730732534e+05 true resid norm 2.986730732534e+05 ||r(i)||/||b|| 1.236890985299e-01
 70 KSP unpreconditioned resid norm 2.718245349214e+05 true resid norm 2.718245349214e+05 ||r(i)||/||b|| 1.125703476263e-01
 71 KSP unpreconditioned resid norm 2.649582188910e+05 true resid norm 2.649582188910e+05 ||r(i)||/||b|| 1.097268089343e-01
 72 KSP unpreconditioned resid norm 2.760195944379e+05 true resid norm 2.760195944379e+05 ||r(i)||/||b|| 1.143076422683e-01
 73 KSP unpreconditioned resid norm 2.740711379485e+05 true resid norm 2.740711379485e+05 ||r(i)||/||b|| 1.135007304698e-01
 74 KSP unpreconditioned resid norm 2.669557417549e+05 true resid norm 2.669557417549e+05 ||r(i)||/||b|| 1.105540405279e-01
 75 KSP unpreconditioned resid norm 2.574328853356e+05 true resid norm 2.574328853356e+05 ||r(i)||/||b|| 1.066103521562e-01
 76 KSP unpreconditioned resid norm 2.578016750388e+05 true resid norm 2.578016750388e+05 ||r(i)||/||b|| 1.067630785651e-01
 77 KSP unpreconditioned resid norm 2.623250692500e+05 true resid norm 2.623250692500e+05 ||r(i)||/||b|| 1.086363460351e-01
 78 KSP unpreconditioned resid norm 2.534754502477e+05 true resid norm 2.534754502477e+05 ||r(i)||/||b|| 1.049714646154e-01
 79 KSP unpreconditioned resid norm 2.637807345195e+05 true resid norm 2.637807345195e+05 ||r(i)||/||b|| 1.092391788348e-01
 80 KSP unpreconditioned resid norm 2.407608733876e+05 true resid norm 2.407608733876e+05 ||r(i)||/||b|| 9.970599313223e-02
 81 KSP unpreconditioned resid norm 2.404519797815e+05 true resid norm 2.404519797815e+05 ||r(i)||/||b|| 9.957807141746e-02
 82 KSP unpreconditioned resid norm 2.425879499525e+05 true resid norm 2.425879499525e+05 ||r(i)||/||b|| 1.004626380175e-01
 83 KSP unpreconditioned resid norm 2.463255106275e+05 true resid norm 2.463255106275e+05 ||r(i)||/||b|| 1.020104692483e-01
 84 KSP unpreconditioned resid norm 2.533114981783e+05 true resid norm 2.533114981783e+05 ||r(i)||/||b|| 1.049035673542e-01
 85 KSP unpreconditioned resid norm 2.321551477514e+05 true resid norm 2.321551477514e+05 ||r(i)||/||b|| 9.614211496085e-02
 86 KSP unpreconditioned resid norm 2.312371880319e+05 true resid norm 2.312371880319e+05 ||r(i)||/||b|| 9.576196147412e-02
 87 KSP unpreconditioned resid norm 2.321907979011e+05 true resid norm 2.321907979011e+05 ||r(i)||/||b|| 9.615687871183e-02
 88 KSP unpreconditioned resid norm 2.367037382451e+05 true resid norm 2.367037382451e+05 ||r(i)||/||b|| 9.802581693515e-02
 89 KSP unpreconditioned resid norm 2.323020264427e+05 true resid norm 2.323020264427e+05 ||r(i)||/||b|| 9.620294164580e-02
 90 KSP unpreconditioned resid norm 2.235757788145e+05 true resid norm 2.235757788145e+05 ||r(i)||/||b|| 9.258915185575e-02
 91 KSP unpreconditioned resid norm 2.203042040284e+05 true resid norm 2.203042040284e+05 ||r(i)||/||b|| 9.123429876618e-02
 92 KSP unpreconditioned resid norm 2.207150051729e+05 true resid norm 2.207150051729e+05 ||r(i)||/||b|| 9.140442331972e-02
 93 KSP unpreconditioned resid norm 2.139016058391e+05 true resid norm 2.139016058391e+05 ||r(i)||/||b|| 8.858279895185e-02
 94 KSP unpreconditioned resid norm 2.179532566352e+05 true resid norm 2.179532566352e+05 ||r(i)||/||b|| 9.026070392356e-02
 95 KSP unpreconditioned resid norm 2.063654309299e+05 true resid norm 2.063654309299e+05 ||r(i)||/||b|| 8.546185245765e-02
 96 KSP unpreconditioned resid norm 2.142928335613e+05 true resid norm 2.142928335613e+05 ||r(i)||/||b|| 8.874481758897e-02
 97 KSP unpreconditioned resid norm 2.258786330357e+05 true resid norm 2.258786330357e+05 ||r(i)||/||b|| 9.354282993446e-02
 98 KSP unpreconditioned resid norm 2.130817104774e+05 true resid norm 2.130817104774e+05 ||r(i)||/||b|| 8.824325673240e-02
 99 KSP unpreconditioned resid norm 2.316514396448e+05 true resid norm 2.316514396448e+05 ||r(i)||/||b|| 9.593351496574e-02
100 KSP unpreconditioned resid norm 2.091558441069e+05 true resid norm 2.091558441069e+05 ||r(i)||/||b|| 8.661744270428e-02
101 KSP unpreconditioned resid norm 2.046650902173e+05 true resid norm 2.046650902173e+05 ||r(i)||/||b|| 8.475769252904e-02
102 KSP unpreconditioned resid norm 2.170844359735e+05 true resid norm 2.170844359735e+05 ||r(i)||/||b|| 8.990090033209e-02
103 KSP unpreconditioned resid norm 2.035579846912e+05 true resid norm 2.035579846912e+05 ||r(i)||/||b|| 8.429920833088e-02
104 KSP unpreconditioned resid norm 1.996216646146e+05 true resid norm 1.996216646146e+05 ||r(i)||/||b|| 8.266906512282e-02
105 KSP unpreconditioned resid norm 2.019447457276e+05 true resid norm 2.019447457276e+05 ||r(i)||/||b|| 8.363111973842e-02
106 KSP unpreconditioned resid norm 2.038331179175e+05 true resid norm 2.038331179175e+05 ||r(i)||/||b|| 8.441314890266e-02
107 KSP unpreconditioned resid norm 1.987082799034e+05 true resid norm 1.987082799034e+05 ||r(i)||/||b|| 8.229080627843e-02
108 KSP unpreconditioned resid norm 2.000149739160e+05 true resid norm 2.000149739160e+05 ||r(i)||/||b|| 8.283194580167e-02
109 KSP unpreconditioned resid norm 1.892214025268e+05 true resid norm 1.892214025268e+05 ||r(i)||/||b|| 7.836201786171e-02
110 KSP unpreconditioned resid norm 1.950529010450e+05 true resid norm 1.950529010450e+05 ||r(i)||/||b|| 8.077700889840e-02
111 KSP unpreconditioned resid norm 1.894237509191e+05 true resid norm 1.894237509191e+05 ||r(i)||/||b|| 7.844581614313e-02
112 KSP unpreconditioned resid norm 1.947045422453e+05 true resid norm 1.947045422453e+05 ||r(i)||/||b|| 8.063274351340e-02
113 KSP unpreconditioned resid norm 1.927575633402e+05 true resid norm 1.927575633402e+05 ||r(i)||/||b|| 7.982644362500e-02
114 KSP unpreconditioned resid norm 2.056928704931e+05 true resid norm 2.056928704931e+05 ||r(i)||/||b|| 8.518332586255e-02
115 KSP unpreconditioned resid norm 1.959660407011e+05 true resid norm 1.959660407011e+05 ||r(i)||/||b|| 8.115516625842e-02
116 KSP unpreconditioned resid norm 1.845597482867e+05 true resid norm 1.845597482867e+05 ||r(i)||/||b|| 7.643149294250e-02
117 KSP unpreconditioned resid norm 1.988454942479e+05 true resid norm 1.988454942479e+05 ||r(i)||/||b|| 8.234763067974e-02
118 KSP unpreconditioned resid norm 1.797900823333e+05 true resid norm 1.797900823333e+05 ||r(i)||/||b|| 7.445623727037e-02
119 KSP unpreconditioned resid norm 1.805882467981e+05 true resid norm 1.805882467981e+05 ||r(i)||/||b|| 7.478678010120e-02
120 KSP unpreconditioned resid norm 1.930324364019e+05 true resid norm 1.930324364019e+05 ||r(i)||/||b|| 7.994027645511e-02
121 KSP unpreconditioned resid norm 2.021945127187e+05 true resid norm 2.021945127187e+05 ||r(i)||/||b|| 8.373455542358e-02
122 KSP unpreconditioned resid norm 1.861502146834e+05 true resid norm 1.861502146834e+05 ||r(i)||/||b|| 7.709015076092e-02
123 KSP unpreconditioned resid norm 1.852999719253e+05 true resid norm 1.852999719253e+05 ||r(i)||/||b|| 7.673804081298e-02
124 KSP unpreconditioned resid norm 1.883750360039e+05 true resid norm 1.883750360039e+05 ||r(i)||/||b|| 7.801151317409e-02
125 KSP unpreconditioned resid norm 1.896535452257e+05 true resid norm 1.896535452257e+05 ||r(i)||/||b|| 7.854098056592e-02
126 KSP unpreconditioned resid norm 1.949632945916e+05 true resid norm 1.949632945916e+05 ||r(i)||/||b|| 8.073990029223e-02
127 KSP unpreconditioned resid norm 1.757504391262e+05 true resid norm 1.757504391262e+05 ||r(i)||/||b|| 7.278330498613e-02
128 KSP unpreconditioned resid norm 1.893830677582e+05 true resid norm 1.893830677582e+05 ||r(i)||/||b|| 7.842896807761e-02
129 KSP unpreconditioned resid norm 1.924697503832e+05 true resid norm 1.924697503832e+05 ||r(i)||/||b|| 7.970725201255e-02
130 KSP unpreconditioned resid norm 1.887742355782e+05 true resid norm 1.887742355782e+05 ||r(i)||/||b|| 7.817683318418e-02
131 KSP unpreconditioned resid norm 1.794810499321e+05 true resid norm 1.794810499321e+05 ||r(i)||/||b|| 7.432825807658e-02
132 KSP unpreconditioned resid norm 1.753388012796e+05 true resid norm 1.753388012796e+05 ||r(i)||/||b|| 7.261283393023e-02
133 KSP unpreconditioned resid norm 1.860121307391e+05 true resid norm 1.860121307391e+05 ||r(i)||/||b|| 7.703296623338e-02
134 KSP unpreconditioned resid norm 1.816569596383e+05 true resid norm 1.816569596383e+05 ||r(i)||/||b|| 7.522936478536e-02
135 KSP unpreconditioned resid norm 1.789567249910e+05 true resid norm 1.789567249910e+05 ||r(i)||/||b|| 7.411112005809e-02
136 KSP unpreconditioned resid norm 1.803070097609e+05 true resid norm 1.803070097609e+05 ||r(i)||/||b|| 7.467031176603e-02
137 KSP unpreconditioned resid norm 1.919034934631e+05 true resid norm 1.919034934631e+05 ||r(i)||/||b|| 7.947274875711e-02
138 KSP unpreconditioned resid norm 1.909719895690e+05 true resid norm 1.909719895690e+05 ||r(i)||/||b|| 7.908698623866e-02
139 KSP unpreconditioned resid norm 1.799271880987e+05 true resid norm 1.799271880987e+05 ||r(i)||/||b|| 7.451301670595e-02
140 KSP unpreconditioned resid norm 1.717320006206e+05 true resid norm 1.717320006206e+05 ||r(i)||/||b|| 7.111915417791e-02
141 KSP unpreconditioned resid norm 1.763797428545e+05 true resid norm 1.763797428545e+05 ||r(i)||/||b|| 7.304391773575e-02
142 KSP unpreconditioned resid norm 1.923639342903e+05 true resid norm 1.923639342903e+05 ||r(i)||/||b|| 7.966343052907e-02
143 KSP unpreconditioned resid norm 1.801817335441e+05 true resid norm 1.801817335441e+05 ||r(i)||/||b|| 7.461843128629e-02
144 KSP unpreconditioned resid norm 1.774743773264e+05 true resid norm 1.774743773264e+05 ||r(i)||/||b|| 7.349723731215e-02
145 KSP unpreconditioned resid norm 1.807004045512e+05 true resid norm 1.807004045512e+05 ||r(i)||/||b|| 7.483322784830e-02
146 KSP unpreconditioned resid norm 1.794295565397e+05 true resid norm 1.794295565397e+05 ||r(i)||/||b|| 7.430693318370e-02
147 KSP unpreconditioned resid norm 1.924786428395e+05 true resid norm 1.924786428395e+05 ||r(i)||/||b|| 7.971093463413e-02
148 KSP unpreconditioned resid norm 1.754697567737e+05 true resid norm 1.754697567737e+05 ||r(i)||/||b|| 7.266706636184e-02
149 KSP unpreconditioned resid norm 1.795118930054e+05 true resid norm 1.795118930054e+05 ||r(i)||/||b|| 7.434103107912e-02
150 KSP unpreconditioned resid norm 1.737348160236e+05 true resid norm 1.737348160236e+05 ||r(i)||/||b|| 7.194857756388e-02
151 KSP unpreconditioned resid norm 1.743601917291e+05 true resid norm 1.743601917291e+05 ||r(i)||/||b|| 7.220756360643e-02
152 KSP unpreconditioned resid norm 1.807398862595e+05 true resid norm 1.807398862595e+05 ||r(i)||/||b|| 7.484957835774e-02
153 KSP unpreconditioned resid norm 1.835185206681e+05 true resid norm 1.835185206681e+05 ||r(i)||/||b|| 7.600029067811e-02
154 KSP unpreconditioned resid norm 1.881189011218e+05 true resid norm 1.881189011218e+05 ||r(i)||/||b|| 7.790544036236e-02
155 KSP unpreconditioned resid norm 1.783636375751e+05 true resid norm 1.783636375751e+05 ||r(i)||/||b|| 7.386550552368e-02
156 KSP unpreconditioned resid norm 1.756946171126e+05 true resid norm 1.756946171126e+05 ||r(i)||/||b|| 7.276018748692e-02
157 KSP unpreconditioned resid norm 1.828768546563e+05 true resid norm 1.828768546563e+05 ||r(i)||/||b|| 7.573455835180e-02
158 KSP unpreconditioned resid norm 1.842368779182e+05 true resid norm 1.842368779182e+05 ||r(i)||/||b|| 7.629778304901e-02
159 KSP unpreconditioned resid norm 1.902931821822e+05 true resid norm 1.902931821822e+05 ||r(i)||/||b|| 7.880587260215e-02
160 KSP unpreconditioned resid norm 1.790956441728e+05 true resid norm 1.790956441728e+05 ||r(i)||/||b|| 7.416865048148e-02
161 KSP unpreconditioned resid norm 1.770030185896e+05 true resid norm 1.770030185896e+05 ||r(i)||/||b|| 7.330203412023e-02
162 KSP unpreconditioned resid norm 1.742738371968e+05 true resid norm 1.742738371968e+05 ||r(i)||/||b|| 7.217180171421e-02
163 KSP unpreconditioned resid norm 1.831659140837e+05 true resid norm 1.831659140837e+05 ||r(i)||/||b|| 7.585426616343e-02
164 KSP unpreconditioned resid norm 1.841808291595e+05 true resid norm 1.841808291595e+05 ||r(i)||/||b|| 7.627457164809e-02
165 KSP unpreconditioned resid norm 1.793244543372e+05 true resid norm 1.793244543372e+05 ||r(i)||/||b|| 7.426340734278e-02
166 KSP unpreconditioned resid norm 1.922487137655e+05 true resid norm 1.922487137655e+05 ||r(i)||/||b|| 7.961571440026e-02
167 KSP unpreconditioned resid norm 1.785660381707e+05 true resid norm 1.785660381707e+05 ||r(i)||/||b|| 7.394932542393e-02
168 KSP unpreconditioned resid norm 1.824170391262e+05 true resid norm 1.824170391262e+05 ||r(i)||/||b|| 7.554413553335e-02
169 KSP unpreconditioned resid norm 1.843321328850e+05 true resid norm 1.843321328850e+05 ||r(i)||/||b|| 7.633723086678e-02
170 KSP unpreconditioned resid norm 1.808162226873e+05 true resid norm 1.808162226873e+05 ||r(i)||/||b|| 7.488119146514e-02
171 KSP unpreconditioned resid norm 1.893971004148e+05 true resid norm 1.893971004148e+05 ||r(i)||/||b|| 7.843477940379e-02
172 KSP unpreconditioned resid norm 1.869068333534e+05 true resid norm 1.869068333534e+05 ||r(i)||/||b|| 7.740348828481e-02
173 KSP unpreconditioned resid norm 1.942684900459e+05 true resid norm 1.942684900459e+05 ||r(i)||/||b|| 8.045216177272e-02
174 KSP unpreconditioned resid norm 1.864838363664e+05 true resid norm 1.864838363664e+05 ||r(i)||/||b|| 7.722831308262e-02
175 KSP unpreconditioned resid norm 1.930216349749e+05 true resid norm 1.930216349749e+05 ||r(i)||/||b|| 7.993580327394e-02
176 KSP unpreconditioned resid norm 1.968761818404e+05 true resid norm 1.968761818404e+05 ||r(i)||/||b|| 8.153208184650e-02
177 KSP unpreconditioned resid norm 1.963404347656e+05 true resid norm 1.963404347656e+05 ||r(i)||/||b|| 8.131021359439e-02
178 KSP unpreconditioned resid norm 1.900827382240e+05 true resid norm 1.900827382240e+05 ||r(i)||/||b|| 7.871872171442e-02
179 KSP unpreconditioned resid norm 1.906000770383e+05 true resid norm 1.906000770383e+05 ||r(i)||/||b|| 7.893296657711e-02
180 KSP unpreconditioned resid norm 1.924764354386e+05 true resid norm 1.924764354386e+05 ||r(i)||/||b|| 7.971002048600e-02
181 KSP unpreconditioned resid norm 1.905061102004e+05 true resid norm 1.905061102004e+05 ||r(i)||/||b|| 7.889405221048e-02
182 KSP unpreconditioned resid norm 1.842750587341e+05 true resid norm 1.842750587341e+05 ||r(i)||/||b|| 7.631359482154e-02
183 KSP unpreconditioned resid norm 2.105621303748e+05 true resid norm 2.105621303748e+05 ||r(i)||/||b|| 8.719982624112e-02
184 KSP unpreconditioned resid norm 2.008124424599e+05 true resid norm 2.008124424599e+05 ||r(i)||/||b|| 8.316220043168e-02
185 KSP unpreconditioned resid norm 1.945834147536e+05 true resid norm 1.945834147536e+05 ||r(i)||/||b|| 8.058258113989e-02
186 KSP unpreconditioned resid norm 1.889425332578e+05 true resid norm 1.889425332578e+05 ||r(i)||/||b|| 7.824653008738e-02
187 KSP unpreconditioned resid norm 1.906699112391e+05 true resid norm 1.906699112391e+05 ||r(i)||/||b|| 7.896188692556e-02
188 KSP unpreconditioned resid norm 1.851600750577e+05 true resid norm 1.851600750577e+05 ||r(i)||/||b|| 7.668010550177e-02
189 KSP unpreconditioned resid norm 1.963651394107e+05 true resid norm 1.963651394107e+05 ||r(i)||/||b|| 8.132044449753e-02
190 KSP unpreconditioned resid norm 1.852966391555e+05 true resid norm 1.852966391555e+05 ||r(i)||/||b|| 7.673666061727e-02
191 KSP unpreconditioned resid norm 1.907103372622e+05 true resid norm 1.907103372622e+05 ||r(i)||/||b|| 7.897862850287e-02
192 KSP unpreconditioned resid norm 1.865943574248e+05 true resid norm 1.865943574248e+05 ||r(i)||/||b|| 7.727408302740e-02
193 KSP unpreconditioned resid norm 1.766697807279e+05 true resid norm 1.766697807279e+05 ||r(i)||/||b|| 7.316403074999e-02
194 KSP unpreconditioned resid norm 1.983105029757e+05 true resid norm 1.983105029757e+05 ||r(i)||/||b|| 8.212607542719e-02
195 KSP unpreconditioned resid norm 1.903608526478e+05 true resid norm 1.903608526478e+05 ||r(i)||/||b|| 7.883389688569e-02
196 KSP unpreconditioned resid norm 1.923667375929e+05 true resid norm 1.923667375929e+05 ||r(i)||/||b|| 7.966459145723e-02
197 KSP unpreconditioned resid norm 1.787343633301e+05 true resid norm 1.787343633301e+05 ||r(i)||/||b|| 7.401903370733e-02
198 KSP unpreconditioned resid norm 1.781113868904e+05 true resid norm 1.781113868904e+05 ||r(i)||/||b|| 7.376104126968e-02
199 KSP unpreconditioned resid norm 1.757288828253e+05 true resid norm 1.757288828253e+05 ||r(i)||/||b|| 7.277437790279e-02
200 KSP unpreconditioned resid norm 1.843482182235e+05 true resid norm 1.843482182235e+05 ||r(i)||/||b|| 7.634389226750e-02
201 KSP unpreconditioned resid norm 1.827406201319e+05 true resid norm 1.827406201319e+05 ||r(i)||/||b|| 7.567813972212e-02
202 KSP unpreconditioned resid norm 1.792774895667e+05 true resid norm 1.792774895667e+05 ||r(i)||/||b|| 7.424395788230e-02
203 KSP unpreconditioned resid norm 1.809021848905e+05 true resid norm 1.809021848905e+05 ||r(i)||/||b|| 7.491679088263e-02
204 KSP unpreconditioned resid norm 1.760866723356e+05 true resid norm 1.760866723356e+05 ||r(i)||/||b|| 7.292254881592e-02
205 KSP unpreconditioned resid norm 1.812658339936e+05 true resid norm 1.812658339936e+05 ||r(i)||/||b|| 7.506738842144e-02
206 KSP unpreconditioned resid norm 1.842774744210e+05 true resid norm 1.842774744210e+05 ||r(i)||/||b|| 7.631459522686e-02
207 KSP unpreconditioned resid norm 1.723102992023e+05 true resid norm 1.723102992023e+05 ||r(i)||/||b|| 7.135864423129e-02
208 KSP unpreconditioned resid norm 1.761406533792e+05 true resid norm 1.761406533792e+05 ||r(i)||/||b|| 7.294490391660e-02
209 KSP unpreconditioned resid norm 1.781334989661e+05 true resid norm 1.781334989661e+05 ||r(i)||/||b|| 7.377019851536e-02
210 KSP unpreconditioned resid norm 1.881400102431e+05 true resid norm 1.881400102431e+05 ||r(i)||/||b|| 7.791418225584e-02
211 KSP unpreconditioned resid norm 1.766067612059e+05 true resid norm 1.766067612059e+05 ||r(i)||/||b|| 7.313793255582e-02
212 KSP unpreconditioned resid norm 1.763253953098e+05 true resid norm 1.763253953098e+05 ||r(i)||/||b|| 7.302141085645e-02
213 KSP unpreconditioned resid norm 1.669023962630e+05 true resid norm 1.669023962630e+05 ||r(i)||/||b|| 6.911907629095e-02
214 KSP unpreconditioned resid norm 1.739146753794e+05 true resid norm 1.739146753794e+05 ||r(i)||/||b|| 7.202306248929e-02
215 KSP unpreconditioned resid norm 1.669189819604e+05 true resid norm 1.669189819604e+05 ||r(i)||/||b|| 6.912594490461e-02
216 KSP unpreconditioned resid norm 1.850641060507e+05 true resid norm 1.850641060507e+05 ||r(i)||/||b|| 7.664036197945e-02
217 KSP unpreconditioned resid norm 1.894618160114e+05 true resid norm 1.894618160114e+05 ||r(i)||/||b|| 7.846157999121e-02
218 KSP unpreconditioned resid norm 1.692728849585e+05 true resid norm 1.692728849585e+05 ||r(i)||/||b|| 7.010076374814e-02
219 KSP unpreconditioned resid norm 1.668897898484e+05 true resid norm 1.668897898484e+05 ||r(i)||/||b|| 6.911385561255e-02
220 KSP unpreconditioned resid norm 1.683526091552e+05 true resid norm 1.683526091552e+05 ||r(i)||/||b|| 6.971965110460e-02
221 KSP unpreconditioned resid norm 1.701894513848e+05 true resid norm 1.701894513848e+05 ||r(i)||/||b|| 7.048034023215e-02
222 KSP unpreconditioned resid norm 1.757788198892e+05 true resid norm 1.757788198892e+05 ||r(i)||/||b|| 7.279505827530e-02
223 KSP unpreconditioned resid norm 1.733784581014e+05 true resid norm 1.733784581014e+05 ||r(i)||/||b|| 7.180099951252e-02
224 KSP unpreconditioned resid norm 1.766286173834e+05 true resid norm 1.766286173834e+05 ||r(i)||/||b|| 7.314698382670e-02
225 KSP unpreconditioned resid norm 1.738606979929e+05 true resid norm 1.738606979929e+05 ||r(i)||/||b|| 7.200070890310e-02
226 KSP unpreconditioned resid norm 1.754759066760e+05 true resid norm 1.754759066760e+05 ||r(i)||/||b|| 7.266961321303e-02
227 KSP unpreconditioned resid norm 1.682015165930e+05 true resid norm 1.682015165930e+05 ||r(i)||/||b|| 6.965707933470e-02
228 KSP unpreconditioned resid norm 1.674623580001e+05 true resid norm 1.674623580001e+05 ||r(i)||/||b|| 6.935097253026e-02
229 KSP unpreconditioned resid norm 1.733061832202e+05 true resid norm 1.733061832202e+05 ||r(i)||/||b|| 7.177106840823e-02
230 KSP unpreconditioned resid norm 1.772221213740e+05 true resid norm 1.772221213740e+05 ||r(i)||/||b|| 7.339277087663e-02
231 KSP unpreconditioned resid norm 1.724531539902e+05 true resid norm 1.724531539902e+05 ||r(i)||/||b|| 7.141780450219e-02
232 KSP unpreconditioned resid norm 1.654187712506e+05 true resid norm 1.654187712506e+05 ||r(i)||/||b|| 6.850466455859e-02
233 KSP unpreconditioned resid norm 1.718487067503e+05 true resid norm 1.718487067503e+05 ||r(i)||/||b|| 7.116748553841e-02
234 KSP unpreconditioned resid norm 1.696640397319e+05 true resid norm 1.696640397319e+05 ||r(i)||/||b|| 7.026275217509e-02
235 KSP unpreconditioned resid norm 1.656033612045e+05 true resid norm 1.656033612045e+05 ||r(i)||/||b|| 6.858110856056e-02
236 KSP unpreconditioned resid norm 1.668210199748e+05 true resid norm 1.668210199748e+05 ||r(i)||/||b|| 6.908537603257e-02
237 KSP unpreconditioned resid norm 1.708355564668e+05 true resid norm 1.708355564668e+05 ||r(i)||/||b|| 7.074791090492e-02
238 KSP unpreconditioned resid norm 1.739098908563e+05 true resid norm 1.739098908563e+05 ||r(i)||/||b|| 7.202108108084e-02
239 KSP unpreconditioned resid norm 1.757910484429e+05 true resid norm 1.757910484429e+05 ||r(i)||/||b|| 7.280012247063e-02
240 KSP unpreconditioned resid norm 1.714001104953e+05 true resid norm 1.714001104953e+05 ||r(i)||/||b|| 7.098170894401e-02
241 KSP unpreconditioned resid norm 1.634472097763e+05 true resid norm 1.634472097763e+05 ||r(i)||/||b|| 6.768818432220e-02
242 KSP unpreconditioned resid norm 1.645641690415e+05 true resid norm 1.645641690415e+05 ||r(i)||/||b|| 6.815074923675e-02
243 KSP unpreconditioned resid norm 1.700174287004e+05 true resid norm 1.700174287004e+05 ||r(i)||/||b|| 7.040910069748e-02
244 KSP unpreconditioned resid norm 1.656766353023e+05 true resid norm 1.656766353023e+05 ||r(i)||/||b|| 6.861145346915e-02
245 KSP unpreconditioned resid norm 1.809771451902e+05 true resid norm 1.809771451902e+05 ||r(i)||/||b|| 7.494783409586e-02
246 KSP unpreconditioned resid norm 1.797130585571e+05 true resid norm 1.797130585571e+05 ||r(i)||/||b|| 7.442433951224e-02
247 KSP unpreconditioned resid norm 1.789685477590e+05 true resid norm 1.789685477590e+05 ||r(i)||/||b|| 7.411601620590e-02
248 KSP unpreconditioned resid norm 1.766239140067e+05 true resid norm 1.766239140067e+05 ||r(i)||/||b|| 7.314503602331e-02
249 KSP unpreconditioned resid norm 1.784900340228e+05 true resid norm 1.784900340228e+05 ||r(i)||/||b|| 7.391784992322e-02
250 KSP unpreconditioned resid norm 1.740860594467e+05 true resid norm 1.740860594467e+05 ||r(i)||/||b|| 7.209403755427e-02
251 KSP unpreconditioned resid norm 1.736628628297e+05 true resid norm 1.736628628297e+05 ||r(i)||/||b|| 7.191877967956e-02
252 KSP unpreconditioned resid norm 1.781281809857e+05 true resid norm 1.781281809857e+05 ||r(i)||/||b|| 7.376799618692e-02
253 KSP unpreconditioned resid norm 1.644269089785e+05 true resid norm 1.644269089785e+05 ||r(i)||/||b|| 6.809390590210e-02
254 KSP unpreconditioned resid norm 1.781385752494e+05 true resid norm 1.781385752494e+05 ||r(i)||/||b|| 7.377230075006e-02
255 KSP unpreconditioned resid norm 1.735582208556e+05 true resid norm 1.735582208556e+05 ||r(i)||/||b|| 7.187544443241e-02
256 KSP unpreconditioned resid norm 1.668143299008e+05 true resid norm 1.668143299008e+05 ||r(i)||/||b|| 6.908260548077e-02
257 KSP unpreconditioned resid norm 1.596285321162e+05 true resid norm 1.596285321162e+05 ||r(i)||/||b|| 6.610676021787e-02
258 KSP unpreconditioned resid norm 1.666259963281e+05 true resid norm 1.666259963281e+05 ||r(i)||/||b|| 6.900461113875e-02
259 KSP unpreconditioned resid norm 1.705362538126e+05 true resid norm 1.705362538126e+05 ||r(i)||/||b|| 7.062396107885e-02
260 KSP unpreconditioned resid norm 1.684159086303e+05 true resid norm 1.684159086303e+05 ||r(i)||/||b|| 6.974586523538e-02
261 KSP unpreconditioned resid norm 1.729733426513e+05 true resid norm 1.729733426513e+05 ||r(i)||/||b|| 7.163322956834e-02
262 KSP unpreconditioned resid norm 1.676463740438e+05 true resid norm 1.676463740438e+05 ||r(i)||/||b|| 6.942717885952e-02
263 KSP unpreconditioned resid norm 1.736336557801e+05 true resid norm 1.736336557801e+05 ||r(i)||/||b|| 7.190668420137e-02
264 KSP unpreconditioned resid norm 1.740640601738e+05 true resid norm 1.740640601738e+05 ||r(i)||/||b|| 7.208492702346e-02
265 KSP unpreconditioned resid norm 1.737095789742e+05 true resid norm 1.737095789742e+05 ||r(i)||/||b|| 7.193812617685e-02
266 KSP unpreconditioned resid norm 1.825494280387e+05 true resid norm 1.825494280387e+05 ||r(i)||/||b|| 7.559896158465e-02
267 KSP unpreconditioned resid norm 1.701605350602e+05 true resid norm 1.701605350602e+05 ||r(i)||/||b|| 7.046836515157e-02
268 KSP unpreconditioned resid norm 1.568705640353e+05 true resid norm 1.568705640353e+05 ||r(i)||/||b|| 6.496460641745e-02
269 KSP unpreconditioned resid norm 1.609655134867e+05 true resid norm 1.609655134867e+05 ||r(i)||/||b|| 6.666044260601e-02
270 KSP unpreconditioned resid norm 1.641524314729e+05 true resid norm 1.641524314729e+05 ||r(i)||/||b|| 6.798023688313e-02
271 KSP unpreconditioned resid norm 1.674735536812e+05 true resid norm 1.674735536812e+05 ||r(i)||/||b|| 6.935560898337e-02
272 KSP unpreconditioned resid norm 1.697285378349e+05 true resid norm 1.697285378349e+05 ||r(i)||/||b|| 7.028946269215e-02
273 KSP unpreconditioned resid norm 1.695192303234e+05 true resid norm 1.695192303234e+05 ||r(i)||/||b|| 7.020278243962e-02
274 KSP unpreconditioned resid norm 1.666153117225e+05 true resid norm 1.666153117225e+05 ||r(i)||/||b|| 6.900018633668e-02
275 KSP unpreconditioned resid norm 1.667546171902e+05 true resid norm 1.667546171902e+05 ||r(i)||/||b|| 6.905787673217e-02
276 KSP unpreconditioned resid norm 1.767459729500e+05 true resid norm 1.767459729500e+05 ||r(i)||/||b|| 7.319558413766e-02
277 KSP unpreconditioned resid norm 1.693157092405e+05 true resid norm 1.693157092405e+05 ||r(i)||/||b|| 7.011849851338e-02
278 KSP unpreconditioned resid norm 1.651408301595e+05 true resid norm 1.651408301595e+05 ||r(i)||/||b|| 6.838956116936e-02
279 KSP unpreconditioned resid norm 1.708051833275e+05 true resid norm 1.708051833275e+05 ||r(i)||/||b|| 7.073533251554e-02
280 KSP unpreconditioned resid norm 1.621464207369e+05 true resid norm 1.621464207369e+05 ||r(i)||/||b|| 6.714949021796e-02
281 KSP unpreconditioned resid norm 1.727546646131e+05 true resid norm 1.727546646131e+05 ||r(i)||/||b|| 7.154266871156e-02
282 KSP unpreconditioned resid norm 1.639230755826e+05 true resid norm 1.639230755826e+05 ||r(i)||/||b|| 6.788525402108e-02
283 KSP unpreconditioned resid norm 1.716087313434e+05 true resid norm 1.716087313434e+05 ||r(i)||/||b|| 7.106810482952e-02
284 KSP unpreconditioned resid norm 1.623320932156e+05 true resid norm 1.623320932156e+05 ||r(i)||/||b|| 6.722638252451e-02
285 KSP unpreconditioned resid norm 1.642735863243e+05 true resid norm 1.642735863243e+05 ||r(i)||/||b|| 6.803041058704e-02
286 KSP unpreconditioned resid norm 1.819494699229e+05 true resid norm 1.819494699229e+05 ||r(i)||/||b|| 7.535050169608e-02
287 KSP unpreconditioned resid norm 1.651239314191e+05 true resid norm 1.651239314191e+05 ||r(i)||/||b|| 6.838256291558e-02
288 KSP unpreconditioned resid norm 1.824586026360e+05 true resid norm 1.824586026360e+05 ||r(i)||/||b|| 7.556134817660e-02
289 KSP unpreconditioned resid norm 1.831416491502e+05 true resid norm 1.831416491502e+05 ||r(i)||/||b|| 7.584421735751e-02
290 KSP unpreconditioned resid norm 1.773763330120e+05 true resid norm 1.773763330120e+05 ||r(i)||/||b|| 7.345663434539e-02
291 KSP unpreconditioned resid norm 1.899992787860e+05 true resid norm 1.899992787860e+05 ||r(i)||/||b|| 7.868415876391e-02
292 KSP unpreconditioned resid norm 1.685870593532e+05 true resid norm 1.685870593532e+05 ||r(i)||/||b|| 6.981674366578e-02
293 KSP unpreconditioned resid norm 1.707604975047e+05 true resid norm 1.707604975047e+05 ||r(i)||/||b|| 7.071682683277e-02
294 KSP unpreconditioned resid norm 1.799359714467e+05 true resid norm 1.799359714467e+05 ||r(i)||/||b|| 7.451665414266e-02
295 KSP unpreconditioned resid norm 1.820023599864e+05 true resid norm 1.820023599864e+05 ||r(i)||/||b|| 7.537240499057e-02
296 KSP unpreconditioned resid norm 1.796769776469e+05 true resid norm 1.796769776469e+05 ||r(i)||/||b|| 7.440939737099e-02
297 KSP unpreconditioned resid norm 1.700262271007e+05 true resid norm 1.700262271007e+05 ||r(i)||/||b|| 7.041274436774e-02
298 KSP unpreconditioned resid norm 1.680499051924e+05 true resid norm 1.680499051924e+05 ||r(i)||/||b|| 6.959429269892e-02
299 KSP unpreconditioned resid norm 1.802084886947e+05 true resid norm 1.802084886947e+05 ||r(i)||/||b|| 7.462951136264e-02
300 KSP unpreconditioned resid norm 1.806821853599e+05 true resid norm 1.806821853599e+05 ||r(i)||/||b|| 7.482568275789e-02
301 KSP unpreconditioned resid norm 1.779095610613e+05 true resid norm 1.779095610613e+05 ||r(i)||/||b|| 7.367745939674e-02
302 KSP unpreconditioned resid norm 1.783222629539e+05 true resid norm 1.783222629539e+05 ||r(i)||/||b|| 7.384837110464e-02
303 KSP unpreconditioned resid norm 1.911079545546e+05 true resid norm 1.911079545546e+05 ||r(i)||/||b|| 7.914329324459e-02
304 KSP unpreconditioned resid norm 1.869979039072e+05 true resid norm 1.869979039072e+05 ||r(i)||/||b|| 7.744120321698e-02
305 KSP unpreconditioned resid norm 1.741634730189e+05 true resid norm 1.741634730189e+05 ||r(i)||/||b|| 7.212609673810e-02
306 KSP unpreconditioned resid norm 1.853560986143e+05 true resid norm 1.853560986143e+05 ||r(i)||/||b|| 7.676128448702e-02
307 KSP unpreconditioned resid norm 1.858130334347e+05 true resid norm 1.858130334347e+05 ||r(i)||/||b|| 7.695051432086e-02
308 KSP unpreconditioned resid norm 1.721736774094e+05 true resid norm 1.721736774094e+05 ||r(i)||/||b|| 7.130206522259e-02
309 KSP unpreconditioned resid norm 1.721123726922e+05 true resid norm 1.721123726922e+05 ||r(i)||/||b|| 7.127667717832e-02
310 KSP unpreconditioned resid norm 1.795025363426e+05 true resid norm 1.795025363426e+05 ||r(i)||/||b|| 7.433715621631e-02
311 KSP unpreconditioned resid norm 1.859238942095e+05 true resid norm 1.859238942095e+05 ||r(i)||/||b|| 7.699642495199e-02
312 KSP unpreconditioned resid norm 1.799585751079e+05 true resid norm 1.799585751079e+05 ||r(i)||/||b|| 7.452601496801e-02
313 KSP unpreconditioned resid norm 1.832711140931e+05 true resid norm 1.832711140931e+05 ||r(i)||/||b|| 7.589783250903e-02
314 KSP unpreconditioned resid norm 1.906143922610e+05 true resid norm 1.906143922610e+05 ||r(i)||/||b|| 7.893889492200e-02
315 KSP unpreconditioned resid norm 1.897918356645e+05 true resid norm 1.897918356645e+05 ||r(i)||/||b|| 7.859825060882e-02
316 KSP unpreconditioned resid norm 1.713161335897e+05 true resid norm 1.713161335897e+05 ||r(i)||/||b|| 7.094693169530e-02
317 KSP unpreconditioned resid norm 1.807756056373e+05 true resid norm 1.807756056373e+05 ||r(i)||/||b|| 7.486437077810e-02
318 KSP unpreconditioned resid norm 1.818256939369e+05 true resid norm 1.818256939369e+05 ||r(i)||/||b|| 7.529924250502e-02
319 KSP unpreconditioned resid norm 1.807581467981e+05 true resid norm 1.807581467981e+05 ||r(i)||/||b|| 7.485714057130e-02
320 KSP unpreconditioned resid norm 1.871351976214e+05 true resid norm 1.871351976214e+05 ||r(i)||/||b|| 7.749806048759e-02
321 KSP unpreconditioned resid norm 1.824624082413e+05 true resid norm 1.824624082413e+05 ||r(i)||/||b|| 7.556292418703e-02
322 KSP unpreconditioned resid norm 1.804277488929e+05 true resid norm 1.804277488929e+05 ||r(i)||/||b|| 7.472031330860e-02
323 KSP unpreconditioned resid norm 1.814148321510e+05 true resid norm 1.814148321510e+05 ||r(i)||/||b|| 7.512909283815e-02
324 KSP unpreconditioned resid norm 1.883993664283e+05 true resid norm 1.883993664283e+05 ||r(i)||/||b|| 7.802158910172e-02
325 KSP unpreconditioned resid norm 1.845461054733e+05 true resid norm 1.845461054733e+05 ||r(i)||/||b|| 7.642584306161e-02
326 KSP unpreconditioned resid norm 1.938982327164e+05 true resid norm 1.938982327164e+05 ||r(i)||/||b|| 8.029882757753e-02
327 KSP unpreconditioned resid norm 1.938719619538e+05 true resid norm 1.938719619538e+05 ||r(i)||/||b|| 8.028794810016e-02
328 KSP unpreconditioned resid norm 1.889535658458e+05 true resid norm 1.889535658458e+05 ||r(i)||/||b|| 7.825109899896e-02
329 KSP unpreconditioned resid norm 1.939460427237e+05 true resid norm 1.939460427237e+05 ||r(i)||/||b|| 8.031862707485e-02
330 KSP unpreconditioned resid norm 1.947959526352e+05 true resid norm 1.947959526352e+05 ||r(i)||/||b|| 8.067059918148e-02
331 KSP unpreconditioned resid norm 1.931560171583e+05 true resid norm 1.931560171583e+05 ||r(i)||/||b|| 7.999145479601e-02
332 KSP unpreconditioned resid norm 1.907873670695e+05 true resid norm 1.907873670695e+05 ||r(i)||/||b|| 7.901052875864e-02
333 KSP unpreconditioned resid norm 2.115559539210e+05 true resid norm 2.115559539210e+05 ||r(i)||/||b|| 8.761139711754e-02
334 KSP unpreconditioned resid norm 1.965379299623e+05 true resid norm 1.965379299623e+05 ||r(i)||/||b|| 8.139200202808e-02
335 KSP unpreconditioned resid norm 1.811325273936e+05 true resid norm 1.811325273936e+05 ||r(i)||/||b|| 7.501218232938e-02
336 KSP unpreconditioned resid norm 1.833341786707e+05 true resid norm 1.833341786707e+05 ||r(i)||/||b|| 7.592394936202e-02
337 KSP unpreconditioned resid norm 1.822324649140e+05 true resid norm 1.822324649140e+05 ||r(i)||/||b|| 7.546769805045e-02
338 KSP unpreconditioned resid norm 1.999556871411e+05 true resid norm 1.999556871411e+05 ||r(i)||/||b|| 8.280739344530e-02
339 KSP unpreconditioned resid norm 1.937736201666e+05 true resid norm 1.937736201666e+05 ||r(i)||/||b|| 8.024722194138e-02
340 KSP unpreconditioned resid norm 1.893805499627e+05 true resid norm 1.893805499627e+05 ||r(i)||/||b|| 7.842792538620e-02
341 KSP unpreconditioned resid norm 1.883579328388e+05 true resid norm 1.883579328388e+05 ||r(i)||/||b|| 7.800443026218e-02
342 KSP unpreconditioned resid norm 1.954611792582e+05 true resid norm 1.954611792582e+05 ||r(i)||/||b|| 8.094608863360e-02
343 KSP unpreconditioned resid norm 2.103939431921e+05 true resid norm 2.103939431921e+05 ||r(i)||/||b|| 8.713017509784e-02
344 KSP unpreconditioned resid norm 2.112820415818e+05 true resid norm 2.112820415818e+05 ||r(i)||/||b|| 8.749796215018e-02
345 KSP unpreconditioned resid norm 2.008970966939e+05 true resid norm 2.008970966939e+05 ||r(i)||/||b|| 8.319725818155e-02
346 KSP unpreconditioned resid norm 2.027384793056e+05 true resid norm 2.027384793056e+05 ||r(i)||/||b|| 8.395982761175e-02
347 KSP unpreconditioned resid norm 1.999491215220e+05 true resid norm 1.999491215220e+05 ||r(i)||/||b|| 8.280467443382e-02
348 KSP unpreconditioned resid norm 2.090737604456e+05 true resid norm 2.090737604456e+05 ||r(i)||/||b|| 8.658344950244e-02
349 KSP unpreconditioned resid norm 2.101151791134e+05 true resid norm 2.101151791134e+05 ||r(i)||/||b|| 8.701473088581e-02
350 KSP unpreconditioned resid norm 1.995790735017e+05 true resid norm 1.995790735017e+05 ||r(i)||/||b|| 8.265142691961e-02
351 KSP unpreconditioned resid norm 2.062983110542e+05 true resid norm 2.062983110542e+05 ||r(i)||/||b|| 8.543405618921e-02
352 KSP unpreconditioned resid norm 2.132988329349e+05 true resid norm 2.132988329349e+05 ||r(i)||/||b|| 8.833317337854e-02
353 KSP unpreconditioned resid norm 2.108313164421e+05 true resid norm 2.108313164421e+05 ||r(i)||/||b|| 8.731130392351e-02
354 KSP unpreconditioned resid norm 2.080760149550e+05 true resid norm 2.080760149550e+05 ||r(i)||/||b|| 8.617025443617e-02
355 KSP unpreconditioned resid norm 2.061190427929e+05 true resid norm 2.061190427929e+05 ||r(i)||/||b|| 8.535981605301e-02
356 KSP unpreconditioned resid norm 1.967322470084e+05 true resid norm 1.967322470084e+05 ||r(i)||/||b|| 8.147247429830e-02
357 KSP unpreconditioned resid norm 1.965858599052e+05 true resid norm 1.965858599052e+05 ||r(i)||/||b|| 8.141185119411e-02
358 KSP unpreconditioned resid norm 2.024352836261e+05 true resid norm 2.024352836261e+05 ||r(i)||/||b|| 8.383426557208e-02
359 KSP unpreconditioned resid norm 2.048079348024e+05 true resid norm 2.048079348024e+05 ||r(i)||/||b|| 8.481684857470e-02
360 KSP unpreconditioned resid norm 2.056412843879e+05 true resid norm 2.056412843879e+05 ||r(i)||/||b|| 8.516196257469e-02
361 KSP unpreconditioned resid norm 2.058922625623e+05 true resid norm 2.058922625623e+05 ||r(i)||/||b|| 8.526589984562e-02
362 KSP unpreconditioned resid norm 2.046001099796e+05 true resid norm 2.046001099796e+05 ||r(i)||/||b|| 8.473078234616e-02
363 KSP unpreconditioned resid norm 2.023122386818e+05 true resid norm 2.023122386818e+05 ||r(i)||/||b|| 8.378330912637e-02
364 KSP unpreconditioned resid norm 2.140241164690e+05 true resid norm 2.140241164690e+05 ||r(i)||/||b|| 8.863353412258e-02
365 KSP unpreconditioned resid norm 2.193018577999e+05 true resid norm 2.193018577999e+05 ||r(i)||/||b|| 9.081919840221e-02
366 KSP unpreconditioned resid norm 2.054542953192e+05 true resid norm 2.054542953192e+05 ||r(i)||/||b|| 8.508452503035e-02
367 KSP unpreconditioned resid norm 2.012613125292e+05 true resid norm 2.012613125292e+05 ||r(i)||/||b|| 8.334809042045e-02
368 KSP unpreconditioned resid norm 2.051752568308e+05 true resid norm 2.051752568308e+05 ||r(i)||/||b|| 8.496896717739e-02
369 KSP unpreconditioned resid norm 2.078317822540e+05 true resid norm 2.078317822540e+05 ||r(i)||/||b|| 8.606911065948e-02
370 KSP unpreconditioned resid norm 2.033380307121e+05 true resid norm 2.033380307121e+05 ||r(i)||/||b|| 8.420811907031e-02
371 KSP unpreconditioned resid norm 2.076439172640e+05 true resid norm 2.076439172640e+05 ||r(i)||/||b|| 8.599131037103e-02
372 KSP unpreconditioned resid norm 2.076698492211e+05 true resid norm 2.076698492211e+05 ||r(i)||/||b|| 8.600204953931e-02
373 KSP unpreconditioned resid norm 2.107735240791e+05 true resid norm 2.107735240791e+05 ||r(i)||/||b|| 8.728737044600e-02
374 KSP unpreconditioned resid norm 2.123958116612e+05 true resid norm 2.123958116612e+05 ||r(i)||/||b|| 8.795920633130e-02
375 KSP unpreconditioned resid norm 2.157585002367e+05 true resid norm 2.157585002367e+05 ||r(i)||/||b|| 8.935179225815e-02
376 KSP unpreconditioned resid norm 2.168056498489e+05 true resid norm 2.168056498489e+05 ||r(i)||/||b|| 8.978544699020e-02
377 KSP unpreconditioned resid norm 2.207844185626e+05 true resid norm 2.207844185626e+05 ||r(i)||/||b|| 9.143316939819e-02
378 KSP unpreconditioned resid norm 2.090958252286e+05 true resid norm 2.090958252286e+05 ||r(i)||/||b|| 8.659258716285e-02
379 KSP unpreconditioned resid norm 2.088800267276e+05 true resid norm 2.088800267276e+05 ||r(i)||/||b|| 8.650321880511e-02
380 KSP unpreconditioned resid norm 2.127743582919e+05 true resid norm 2.127743582919e+05 ||r(i)||/||b|| 8.811597336419e-02
381 KSP unpreconditioned resid norm 2.153456143333e+05 true resid norm 2.153456143333e+05 ||r(i)||/||b|| 8.918080434606e-02
382 KSP unpreconditioned resid norm 2.236005234868e+05 true resid norm 2.236005234868e+05 ||r(i)||/||b|| 9.259939933529e-02
383 KSP unpreconditioned resid norm 2.247334008781e+05 true resid norm 2.247334008781e+05 ||r(i)||/||b|| 9.306855640309e-02
384 KSP unpreconditioned resid norm 2.101023942353e+05 true resid norm 2.101023942353e+05 ||r(i)||/||b|| 8.700943630056e-02
385 KSP unpreconditioned resid norm 2.145798930095e+05 true resid norm 2.145798930095e+05 ||r(i)||/||b|| 8.886369715181e-02
386 KSP unpreconditioned resid norm 2.107695863349e+05 true resid norm 2.107695863349e+05 ||r(i)||/||b|| 8.728573971300e-02
387 KSP unpreconditioned resid norm 2.212560088593e+05 true resid norm 2.212560088593e+05 ||r(i)||/||b|| 9.162846848573e-02
388 KSP unpreconditioned resid norm 2.126294891476e+05 true resid norm 2.126294891476e+05 ||r(i)||/||b|| 8.805597889041e-02
389 KSP unpreconditioned resid norm 2.069459708307e+05 true resid norm 2.069459708307e+05 ||r(i)||/||b|| 8.570227070562e-02
390 KSP unpreconditioned resid norm 2.054484255714e+05 true resid norm 2.054484255714e+05 ||r(i)||/||b|| 8.508209419920e-02
391 KSP unpreconditioned resid norm 2.145642959180e+05 true resid norm 2.145642959180e+05 ||r(i)||/||b|| 8.885723794819e-02
392 KSP unpreconditioned resid norm 2.166651757060e+05 true resid norm 2.166651757060e+05 ||r(i)||/||b|| 8.972727261274e-02
393 KSP unpreconditioned resid norm 2.139716552919e+05 true resid norm 2.139716552919e+05 ||r(i)||/||b|| 8.861180844231e-02
394 KSP unpreconditioned resid norm 2.071233929643e+05 true resid norm 2.071233929643e+05 ||r(i)||/||b|| 8.577574630730e-02
395 KSP unpreconditioned resid norm 2.103662690306e+05 true resid norm 2.103662690306e+05 ||r(i)||/||b|| 8.711871443266e-02
396 KSP unpreconditioned resid norm 2.246281831295e+05 true resid norm 2.246281831295e+05 ||r(i)||/||b|| 9.302498271121e-02
397 KSP unpreconditioned resid norm 2.169712666966e+05 true resid norm 2.169712666966e+05 ||r(i)||/||b|| 8.985403368392e-02
398 KSP unpreconditioned resid norm 2.162807627324e+05 true resid norm 2.162807627324e+05 ||r(i)||/||b|| 8.956807615874e-02
399 KSP unpreconditioned resid norm 2.099348267366e+05 true resid norm 2.099348267366e+05 ||r(i)||/||b|| 8.694004178625e-02
400 KSP unpreconditioned resid norm 2.167146458207e+05 true resid norm 2.167146458207e+05 ||r(i)||/||b|| 8.974775960819e-02
401 KSP unpreconditioned resid norm 2.167048174646e+05 true resid norm 2.167048174646e+05 ||r(i)||/||b|| 8.974368940365e-02
402 KSP unpreconditioned resid norm 2.249595502085e+05 true resid norm 2.249595502085e+05 ||r(i)||/||b|| 9.316221133660e-02
403 KSP unpreconditioned resid norm 2.212535848636e+05 true resid norm 2.212535848636e+05 ||r(i)||/||b|| 9.162746463948e-02
404 KSP unpreconditioned resid norm 2.176402558878e+05 true resid norm 2.176402558878e+05 ||r(i)||/||b|| 9.013108132363e-02
405 KSP unpreconditioned resid norm 2.261797652763e+05 true resid norm 2.261797652763e+05 ||r(i)||/||b|| 9.366753744482e-02
406 KSP unpreconditioned resid norm 2.229962230968e+05 true resid norm 2.229962230968e+05 ||r(i)||/||b|| 9.234914118625e-02
407 KSP unpreconditioned resid norm 2.283017181255e+05 true resid norm 2.283017181255e+05 ||r(i)||/||b|| 9.454629906932e-02
408 KSP unpreconditioned resid norm 2.273111464063e+05 true resid norm 2.273111464063e+05 ||r(i)||/||b|| 9.413607486786e-02
409 KSP unpreconditioned resid norm 2.210193440412e+05 true resid norm 2.210193440412e+05 ||r(i)||/||b|| 9.153045878673e-02
410 KSP unpreconditioned resid norm 2.186254161421e+05 true resid norm 2.186254161421e+05 ||r(i)||/||b|| 9.053906448203e-02
411 KSP unpreconditioned resid norm 2.327272981522e+05 true resid norm 2.327272981522e+05 ||r(i)||/||b|| 9.637905887591e-02
412 KSP unpreconditioned resid norm 2.411922109503e+05 true resid norm 2.411922109503e+05 ||r(i)||/||b|| 9.988462240641e-02
413 KSP unpreconditioned resid norm 2.244921808644e+05 true resid norm 2.244921808644e+05 ||r(i)||/||b|| 9.296866026677e-02
414 KSP unpreconditioned resid norm 2.198326956127e+05 true resid norm 2.198326956127e+05 ||r(i)||/||b|| 9.103903358794e-02
415 KSP unpreconditioned resid norm 2.349689805641e+05 true resid norm 2.349689805641e+05 ||r(i)||/||b|| 9.730740395136e-02
416 KSP unpreconditioned resid norm 2.360708634865e+05 true resid norm 2.360708634865e+05 ||r(i)||/||b|| 9.776372531932e-02
417 KSP unpreconditioned resid norm 2.322809857855e+05 true resid norm 2.322809857855e+05 ||r(i)||/||b|| 9.619422810529e-02
418 KSP unpreconditioned resid norm 2.532601246384e+05 true resid norm 2.532601246384e+05 ||r(i)||/||b|| 1.048822920957e-01
419 KSP unpreconditioned resid norm 2.428240830843e+05 true resid norm 2.428240830843e+05 ||r(i)||/||b|| 1.005604275299e-01
420 KSP unpreconditioned resid norm 2.374921365275e+05 true resid norm 2.374921365275e+05 ||r(i)||/||b|| 9.835231530932e-02
421 KSP unpreconditioned resid norm 2.370943725601e+05 true resid norm 2.370943725601e+05 ||r(i)||/||b|| 9.818758982529e-02
422 KSP unpreconditioned resid norm 2.395755950432e+05 true resid norm 2.395755950432e+05 ||r(i)||/||b|| 9.921513532461e-02
423 KSP unpreconditioned resid norm 2.300797902670e+05 true resid norm 2.300797902670e+05 ||r(i)||/||b|| 9.528264981533e-02
424 KSP unpreconditioned resid norm 2.246312389628e+05 true resid norm 2.246312389628e+05 ||r(i)||/||b|| 9.302624821952e-02
425 KSP unpreconditioned resid norm 2.402679933790e+05 true resid norm 2.402679933790e+05 ||r(i)||/||b|| 9.950187736349e-02
426 KSP unpreconditioned resid norm 2.274148403290e+05 true resid norm 2.274148403290e+05 ||r(i)||/||b|| 9.417901749969e-02
427 KSP unpreconditioned resid norm 2.354769113274e+05 true resid norm 2.354769113274e+05 ||r(i)||/||b|| 9.751775266991e-02
428 KSP unpreconditioned resid norm 2.377174121740e+05 true resid norm 2.377174121740e+05 ||r(i)||/||b|| 9.844560842523e-02
429 KSP unpreconditioned resid norm 2.401486850900e+05 true resid norm 2.401486850900e+05 ||r(i)||/||b|| 9.945246837409e-02
430 KSP unpreconditioned resid norm 2.537404564654e+05 true resid norm 2.537404564654e+05 ||r(i)||/||b|| 1.050812113020e-01
431 KSP unpreconditioned resid norm 2.530052901041e+05 true resid norm 2.530052901041e+05 ||r(i)||/||b|| 1.047767577954e-01
432 KSP unpreconditioned resid norm 2.465350239876e+05 true resid norm 2.465350239876e+05 ||r(i)||/||b|| 1.020972347487e-01
433 KSP unpreconditioned resid norm 2.641748531316e+05 true resid norm 2.641748531316e+05 ||r(i)||/||b|| 1.094023946725e-01
434 KSP unpreconditioned resid norm 2.421848958052e+05 true resid norm 2.421848958052e+05 ||r(i)||/||b|| 1.002957217181e-01
435 KSP unpreconditioned resid norm 2.460167489953e+05 true resid norm 2.460167489953e+05 ||r(i)||/||b|| 1.018826021878e-01
436 KSP unpreconditioned resid norm 2.552048409576e+05 true resid norm 2.552048409576e+05 ||r(i)||/||b|| 1.056876549823e-01
437 KSP unpreconditioned resid norm 2.504727505948e+05 true resid norm 2.504727505948e+05 ||r(i)||/||b|| 1.037279604415e-01
438 KSP unpreconditioned resid norm 2.573409380603e+05 true resid norm 2.573409380603e+05 ||r(i)||/||b|| 1.065722741484e-01
439 KSP unpreconditioned resid norm 2.654587617621e+05 true resid norm 2.654587617621e+05 ||r(i)||/||b|| 1.099340981145e-01
440 KSP unpreconditioned resid norm 2.563988830586e+05 true resid norm 2.563988830586e+05 ||r(i)||/||b|| 1.061821421132e-01
441 KSP unpreconditioned resid norm 2.475027560825e+05 true resid norm 2.475027560825e+05 ||r(i)||/||b|| 1.024980004057e-01
442 KSP unpreconditioned resid norm 2.620332545164e+05 true resid norm 2.620332545164e+05 ||r(i)||/||b|| 1.085154971720e-01
443 KSP unpreconditioned resid norm 2.578384027193e+05 true resid norm 2.578384027193e+05 ||r(i)||/||b|| 1.067782885526e-01
444 KSP unpreconditioned resid norm 2.532241097541e+05 true resid norm 2.532241097541e+05 ||r(i)||/||b|| 1.048673772977e-01
445 KSP unpreconditioned resid norm 2.422656630940e+05 true resid norm 2.422656630940e+05 ||r(i)||/||b|| 1.003291697723e-01
446 KSP unpreconditioned resid norm 2.603689305667e+05 true resid norm 2.603689305667e+05 ||r(i)||/||b|| 1.078262528195e-01
447 KSP unpreconditioned resid norm 2.516314031546e+05 true resid norm 2.516314031546e+05 ||r(i)||/||b|| 1.042077917469e-01
448 KSP unpreconditioned resid norm 2.572919775695e+05 true resid norm 2.572919775695e+05 ||r(i)||/||b|| 1.065519982029e-01
449 KSP unpreconditioned resid norm 2.518250045651e+05 true resid norm 2.518250045651e+05 ||r(i)||/||b|| 1.042879676519e-01
450 KSP unpreconditioned resid norm 2.431211958018e+05 true resid norm 2.431211958018e+05 ||r(i)||/||b|| 1.006834704403e-01
451 KSP unpreconditioned resid norm 2.621819234637e+05 true resid norm 2.621819234637e+05 ||r(i)||/||b|| 1.085770652534e-01
452 KSP unpreconditioned resid norm 2.631749048232e+05 true resid norm 2.631749048232e+05 ||r(i)||/||b|| 1.089882873561e-01
453 KSP unpreconditioned resid norm 2.711808011691e+05 true resid norm 2.711808011691e+05 ||r(i)||/||b|| 1.123037589892e-01
454 KSP unpreconditioned resid norm 2.832878633608e+05 true resid norm 2.832878633608e+05 ||r(i)||/||b|| 1.173176411984e-01
455 KSP unpreconditioned resid norm 2.749281052712e+05 true resid norm 2.749281052712e+05 ||r(i)||/||b|| 1.138556252531e-01
456 KSP unpreconditioned resid norm 2.628377979642e+05 true resid norm 2.628377979642e+05 ||r(i)||/||b|| 1.088486817229e-01
457 KSP unpreconditioned resid norm 2.517971726265e+05 true resid norm 2.517971726265e+05 ||r(i)||/||b|| 1.042764416467e-01
458 KSP unpreconditioned resid norm 2.571551006145e+05 true resid norm 2.571551006145e+05 ||r(i)||/||b|| 1.064953135242e-01
459 KSP unpreconditioned resid norm 2.816188267737e+05 true resid norm 2.816188267737e+05 ||r(i)||/||b|| 1.166264452073e-01
460 KSP unpreconditioned resid norm 2.703336884673e+05 true resid norm 2.703336884674e+05 ||r(i)||/||b|| 1.119529452875e-01
461 KSP unpreconditioned resid norm 2.631764033153e+05 true resid norm 2.631764033153e+05 ||r(i)||/||b|| 1.089889079247e-01
462 KSP unpreconditioned resid norm 2.815857303264e+05 true resid norm 2.815857303264e+05 ||r(i)||/||b|| 1.166127390178e-01
463 KSP unpreconditioned resid norm 2.767637362741e+05 true resid norm 2.767637362741e+05 ||r(i)||/||b|| 1.146158127769e-01
464 KSP unpreconditioned resid norm 2.688418839742e+05 true resid norm 2.688418839742e+05 ||r(i)||/||b|| 1.113351461973e-01
465 KSP unpreconditioned resid norm 2.759383018020e+05 true resid norm 2.759383018020e+05 ||r(i)||/||b|| 1.142739766527e-01
466 KSP unpreconditioned resid norm 2.827456336243e+05 true resid norm 2.827456336243e+05 ||r(i)||/||b|| 1.170930882898e-01
467 KSP unpreconditioned resid norm 2.986801169898e+05 true resid norm 2.986801169898e+05 ||r(i)||/||b|| 1.236920155434e-01
468 KSP unpreconditioned resid norm 2.671022454608e+05 true resid norm 2.671022454608e+05 ||r(i)||/||b|| 1.106147119206e-01
469 KSP unpreconditioned resid norm 2.770985016244e+05 true resid norm 2.770985016244e+05 ||r(i)||/||b|| 1.147544487240e-01
470 KSP unpreconditioned resid norm 2.881473629681e+05 true resid norm 2.881473629681e+05 ||r(i)||/||b|| 1.193300995669e-01
471 KSP unpreconditioned resid norm 2.694957594836e+05 true resid norm 2.694957594836e+05 ||r(i)||/||b|| 1.116059348272e-01
472 KSP unpreconditioned resid norm 2.758515000309e+05 true resid norm 2.758515000309e+05 ||r(i)||/||b|| 1.142380295461e-01
473 KSP unpreconditioned resid norm 3.014057545581e+05 true resid norm 3.014057545581e+05 ||r(i)||/||b|| 1.248207803500e-01
474 KSP unpreconditioned resid norm 2.828773985439e+05 true resid norm 2.828773985439e+05 ||r(i)||/||b|| 1.171476559278e-01
475 KSP unpreconditioned resid norm 2.858815301752e+05 true resid norm 2.858815301752e+05 ||r(i)||/||b|| 1.183917531251e-01
476 KSP unpreconditioned resid norm 2.776454727741e+05 true resid norm 2.776454727741e+05 ||r(i)||/||b|| 1.149809651880e-01
477 KSP unpreconditioned resid norm 2.960337974222e+05 true resid norm 2.960337974222e+05 ||r(i)||/||b|| 1.225960985993e-01
478 KSP unpreconditioned resid norm 2.905380064000e+05 true resid norm 2.905380064000e+05 ||r(i)||/||b|| 1.203201336794e-01
479 KSP unpreconditioned resid norm 2.978394390766e+05 true resid norm 2.978394390766e+05 ||r(i)||/||b|| 1.233438666725e-01
480 KSP unpreconditioned resid norm 3.067781265538e+05 true resid norm 3.067781265538e+05 ||r(i)||/||b|| 1.270456339060e-01
481 KSP unpreconditioned resid norm 2.866370915316e+05 true resid norm 2.866370915316e+05 ||r(i)||/||b|| 1.187046527850e-01
482 KSP unpreconditioned resid norm 2.940564274635e+05 true resid norm 2.940564274635e+05 ||r(i)||/||b|| 1.217772129027e-01
483 KSP unpreconditioned resid norm 2.927018984852e+05 true resid norm 2.927018984852e+05 ||r(i)||/||b|| 1.212162635462e-01
484 KSP unpreconditioned resid norm 2.972971541334e+05 true resid norm 2.972971541334e+05 ||r(i)||/||b|| 1.231192909013e-01
485 KSP unpreconditioned resid norm 3.023815869706e+05 true resid norm 3.023815869706e+05 ||r(i)||/||b|| 1.252249005812e-01
486 KSP unpreconditioned resid norm 2.894277086907e+05 true resid norm 2.894277086907e+05 ||r(i)||/||b|| 1.198603275065e-01
487 KSP unpreconditioned resid norm 2.822753804325e+05 true resid norm 2.822753804325e+05 ||r(i)||/||b|| 1.168983429358e-01
488 KSP unpreconditioned resid norm 2.947597928683e+05 true resid norm 2.947597928683e+05 ||r(i)||/||b|| 1.220684967199e-01
489 KSP unpreconditioned resid norm 3.243864254315e+05 true resid norm 3.243864254315e+05 ||r(i)||/||b|| 1.343377362409e-01
490 KSP unpreconditioned resid norm 3.450017538243e+05 true resid norm 3.450017538243e+05 ||r(i)||/||b|| 1.428751358699e-01
491 KSP unpreconditioned resid norm 3.003021207259e+05 true resid norm 3.003021207259e+05 ||r(i)||/||b|| 1.243637338800e-01
492 KSP unpreconditioned resid norm 3.078431242251e+05 true resid norm 3.078431242251e+05 ||r(i)||/||b|| 1.274866800320e-01
493 KSP unpreconditioned resid norm 3.407025137723e+05 true resid norm 3.407025137723e+05 ||r(i)||/||b|| 1.410946970757e-01
494 KSP unpreconditioned resid norm 3.093247855366e+05 true resid norm 3.093247855366e+05 ||r(i)||/||b|| 1.281002785394e-01
495 KSP unpreconditioned resid norm 3.098538533558e+05 true resid norm 3.098538533558e+05 ||r(i)||/||b|| 1.283193807199e-01
496 KSP unpreconditioned resid norm 3.282453122311e+05 true resid norm 3.282453122311e+05 ||r(i)||/||b|| 1.359358121048e-01
497 KSP unpreconditioned resid norm 3.445535087447e+05 true resid norm 3.445535087447e+05 ||r(i)||/||b|| 1.426895047073e-01
498 KSP unpreconditioned resid norm 3.225264561432e+05 true resid norm 3.225264561432e+05 ||r(i)||/||b|| 1.335674695340e-01
499 KSP unpreconditioned resid norm 3.258659435760e+05 true resid norm 3.258659435760e+05 ||r(i)||/||b|| 1.349504472012e-01
500 KSP unpreconditioned resid norm 3.374325714024e+05 true resid norm 3.374325714024e+05 ||r(i)||/||b|| 1.397405200166e-01
501 KSP unpreconditioned resid norm 3.235226934838e+05 true resid norm 3.235226934838e+05 ||r(i)||/||b|| 1.339800400320e-01
502 KSP unpreconditioned resid norm 3.123239258023e+05 true resid norm 3.123239258023e+05 ||r(i)||/||b|| 1.293423086688e-01
503 KSP unpreconditioned resid norm 3.438656623021e+05 true resid norm 3.438656623021e+05 ||r(i)||/||b|| 1.424046477382e-01
504 KSP unpreconditioned resid norm 3.538522269404e+05 true resid norm 3.538522269404e+05 ||r(i)||/||b|| 1.465403710026e-01
505 KSP unpreconditioned resid norm 3.441309078683e+05 true resid norm 3.441309078683e+05 ||r(i)||/||b|| 1.425144935459e-01
506 KSP unpreconditioned resid norm 3.392177957890e+05 true resid norm 3.392177957890e+05 ||r(i)||/||b|| 1.404798327127e-01
507 KSP unpreconditioned resid norm 3.521510696815e+05 true resid norm 3.521510696815e+05 ||r(i)||/||b|| 1.458358729188e-01
508 KSP unpreconditioned resid norm 3.763491580752e+05 true resid norm 3.763491580752e+05 ||r(i)||/||b|| 1.558569963731e-01
509 KSP unpreconditioned resid norm 3.657646438828e+05 true resid norm 3.657646438828e+05 ||r(i)||/||b|| 1.514736450232e-01
510 KSP unpreconditioned resid norm 3.583709297266e+05 true resid norm 3.583709297266e+05 ||r(i)||/||b|| 1.484116956188e-01
511 KSP unpreconditioned resid norm 3.564602249071e+05 true resid norm 3.564602249071e+05 ||r(i)||/||b|| 1.476204178711e-01
512 KSP unpreconditioned resid norm 3.665959483610e+05 true resid norm 3.665959483610e+05 ||r(i)||/||b|| 1.518179120855e-01
513 KSP unpreconditioned resid norm 3.519182671828e+05 true resid norm 3.519182671828e+05 ||r(i)||/||b|| 1.457394627172e-01
514 KSP unpreconditioned resid norm 3.533969018766e+05 true resid norm 3.533969018766e+05 ||r(i)||/||b|| 1.463518078152e-01
515 KSP unpreconditioned resid norm 3.641994404900e+05 true resid norm 3.641994404900e+05 ||r(i)||/||b|| 1.508254493403e-01
516 KSP unpreconditioned resid norm 4.105205786737e+05 true resid norm 4.105205786737e+05 ||r(i)||/||b|| 1.700083631611e-01
517 KSP unpreconditioned resid norm 4.010547643705e+05 true resid norm 4.010547643705e+05 ||r(i)||/||b|| 1.660882975682e-01
518 KSP unpreconditioned resid norm 4.085342308719e+05 true resid norm 4.085342308719e+05 ||r(i)||/||b|| 1.691857594818e-01
519 KSP unpreconditioned resid norm 3.964844883219e+05 true resid norm 3.964844883219e+05 ||r(i)||/||b|| 1.641956149827e-01
520 KSP unpreconditioned resid norm 4.027786530321e+05 true resid norm 4.027786530321e+05 ||r(i)||/||b|| 1.668022093788e-01
521 KSP unpreconditioned resid norm 4.270622405452e+05 true resid norm 4.270622405452e+05 ||r(i)||/||b|| 1.768587404743e-01
522 KSP unpreconditioned resid norm 4.394163987418e+05 true resid norm 4.394163987418e+05 ||r(i)||/||b|| 1.819749522365e-01
523 KSP unpreconditioned resid norm 4.275603717214e+05 true resid norm 4.275603717214e+05 ||r(i)||/||b|| 1.770650309024e-01
524 KSP unpreconditioned resid norm 4.173094019071e+05 true resid norm 4.173094019071e+05 ||r(i)||/||b|| 1.728198098599e-01
525 KSP unpreconditioned resid norm 4.422116318602e+05 true resid norm 4.422116318602e+05 ||r(i)||/||b|| 1.831325385594e-01
526 KSP unpreconditioned resid norm 4.459545215273e+05 true resid norm 4.459545215273e+05 ||r(i)||/||b|| 1.846825766789e-01
527 KSP unpreconditioned resid norm 4.301087413001e+05 true resid norm 4.301087413001e+05 ||r(i)||/||b|| 1.781203839427e-01
528 KSP unpreconditioned resid norm 4.503681711282e+05 true resid norm 4.503681711282e+05 ||r(i)||/||b|| 1.865103957535e-01
529 KSP unpreconditioned resid norm 4.603941930460e+05 true resid norm 4.603941930460e+05 ||r(i)||/||b|| 1.906624594107e-01
530 KSP unpreconditioned resid norm 4.694827581402e+05 true resid norm 4.694827581402e+05 ||r(i)||/||b|| 1.944262952704e-01
531 KSP unpreconditioned resid norm 4.851120801463e+05 true resid norm 4.851120801463e+05 ||r(i)||/||b|| 2.008988464399e-01
532 KSP unpreconditioned resid norm 4.944681551972e+05 true resid norm 4.944681551972e+05 ||r(i)||/||b|| 2.047734658564e-01
533 KSP unpreconditioned resid norm 4.970602889161e+05 true resid norm 4.970602889161e+05 ||r(i)||/||b|| 2.058469428842e-01
534 KSP unpreconditioned resid norm 5.187029779292e+05 true resid norm 5.187029779292e+05 ||r(i)||/||b|| 2.148098020554e-01
535 KSP unpreconditioned resid norm 4.952671282136e+05 true resid norm 4.952671282136e+05 ||r(i)||/||b|| 2.051043435317e-01
536 KSP unpreconditioned resid norm 4.992609631713e+05 true resid norm 4.992609631714e+05 ||r(i)||/||b|| 2.067583053041e-01
537 KSP unpreconditioned resid norm 4.762287916697e+05 true resid norm 4.762287916697e+05 ||r(i)||/||b|| 1.972200215238e-01
538 KSP unpreconditioned resid norm 5.163143079991e+05 true resid norm 5.163143079991e+05 ||r(i)||/||b|| 2.138205852267e-01
539 KSP unpreconditioned resid norm 5.398174280201e+05 true resid norm 5.398174280201e+05 ||r(i)||/||b|| 2.235539023161e-01
540 KSP unpreconditioned resid norm 5.409723613943e+05 true resid norm 5.409723613943e+05 ||r(i)||/||b|| 2.240321933999e-01
541 KSP unpreconditioned resid norm 5.652946019787e+05 true resid norm 5.652946019786e+05 ||r(i)||/||b|| 2.341047318425e-01
542 KSP unpreconditioned resid norm 5.544523367213e+05 true resid norm 5.544523367213e+05 ||r(i)||/||b|| 2.296146383731e-01
543 KSP unpreconditioned resid norm 5.737484936510e+05 true resid norm 5.737484936510e+05 ||r(i)||/||b|| 2.376057312082e-01
544 KSP unpreconditioned resid norm 5.862428875125e+05 true resid norm 5.862428875125e+05 ||r(i)||/||b|| 2.427800185873e-01
545 KSP unpreconditioned resid norm 6.046830417130e+05 true resid norm 6.046830417130e+05 ||r(i)||/||b|| 2.504166161050e-01
546 KSP unpreconditioned resid norm 6.023072087825e+05 true resid norm 6.023072087825e+05 ||r(i)||/||b|| 2.494327154466e-01
547 KSP unpreconditioned resid norm 6.052638936895e+05 true resid norm 6.052638936895e+05 ||r(i)||/||b|| 2.506571635925e-01
548 KSP unpreconditioned resid norm 6.021948609523e+05 true resid norm 6.021948609523e+05 ||r(i)||/||b|| 2.493861889831e-01
549 KSP unpreconditioned resid norm 6.138533877953e+05 true resid norm 6.138533877953e+05 ||r(i)||/||b|| 2.542143198209e-01
550 KSP unpreconditioned resid norm 6.180494893239e+05 true resid norm 6.180494893239e+05 ||r(i)||/||b|| 2.559520459900e-01
551 KSP unpreconditioned resid norm 6.366556739274e+05 true resid norm 6.366556739274e+05 ||r(i)||/||b|| 2.636574014666e-01
552 KSP unpreconditioned resid norm 6.850687422794e+05 true resid norm 6.850687422794e+05 ||r(i)||/||b|| 2.837066436573e-01
553 KSP unpreconditioned resid norm 6.736299591754e+05 true resid norm 6.736299591754e+05 ||r(i)||/||b|| 2.789695150136e-01
554 KSP unpreconditioned resid norm 6.969035393964e+05 true resid norm 6.969035393964e+05 ||r(i)||/||b|| 2.886077730787e-01
555 KSP unpreconditioned resid norm 7.300286934621e+05 true resid norm 7.300286934621e+05 ||r(i)||/||b|| 3.023258508432e-01
556 KSP unpreconditioned resid norm 7.182625536483e+05 true resid norm 7.182625536483e+05 ||r(i)||/||b|| 2.974531543832e-01
557 KSP unpreconditioned resid norm 7.043118699560e+05 true resid norm 7.043118699560e+05 ||r(i)||/||b|| 2.916757755556e-01
558 KSP unpreconditioned resid norm 7.458693388325e+05 true resid norm 7.458693388325e+05 ||r(i)||/||b|| 3.088859170877e-01
559 KSP unpreconditioned resid norm 8.478349862835e+05 true resid norm 8.478349862836e+05 ||r(i)||/||b|| 3.511128204937e-01
560 KSP unpreconditioned resid norm 7.938152943708e+05 true resid norm 7.938152943708e+05 ||r(i)||/||b|| 3.287417144453e-01
561 KSP unpreconditioned resid norm 8.074020895088e+05 true resid norm 8.074020895088e+05 ||r(i)||/||b|| 3.343683965704e-01
562 KSP unpreconditioned resid norm 8.382592949724e+05 true resid norm 8.382592949724e+05 ||r(i)||/||b|| 3.471472516757e-01
563 KSP unpreconditioned resid norm 9.194062851628e+05 true resid norm 9.194062851628e+05 ||r(i)||/||b|| 3.807525511281e-01
564 KSP unpreconditioned resid norm 9.108732950700e+05 true resid norm 9.108732950700e+05 ||r(i)||/||b|| 3.772187948345e-01
565 KSP unpreconditioned resid norm 9.167504727283e+05 true resid norm 9.167504727283e+05 ||r(i)||/||b|| 3.796527029151e-01
566 KSP unpreconditioned resid norm 9.760898373767e+05 true resid norm 9.760898373767e+05 ||r(i)||/||b|| 4.042268382422e-01
567 KSP unpreconditioned resid norm 1.103695801795e+06 true resid norm 1.103695801795e+06 ||r(i)||/||b|| 4.570721333806e-01
568 KSP unpreconditioned resid norm 9.798581124314e+05 true resid norm 9.798581124314e+05 ||r(i)||/||b|| 4.057873891799e-01
569 KSP unpreconditioned resid norm 1.001712795795e+06 true resid norm 1.001712795795e+06 ||r(i)||/||b|| 4.148380413010e-01
570 KSP unpreconditioned resid norm 1.137649888298e+06 true resid norm 1.137649888298e+06 ||r(i)||/||b|| 4.711334958771e-01
571 KSP unpreconditioned resid norm 1.157298866623e+06 true resid norm 1.157298866623e+06 ||r(i)||/||b|| 4.792707021860e-01
572 KSP unpreconditioned resid norm 1.150377331412e+06 true resid norm 1.150377331412e+06 ||r(i)||/||b|| 4.764042956455e-01
573 KSP unpreconditioned resid norm 1.170207755986e+06 true resid norm 1.170207755986e+06 ||r(i)||/||b|| 4.846166440582e-01
574 KSP unpreconditioned resid norm 1.243526521808e+06 true resid norm 1.243526521808e+06 ||r(i)||/||b|| 5.149800509469e-01
575 KSP unpreconditioned resid norm 1.317490598925e+06 true resid norm 1.317490598925e+06 ||r(i)||/||b|| 5.456106997780e-01
576 KSP unpreconditioned resid norm 1.452869267115e+06 true resid norm 1.452869267115e+06 ||r(i)||/||b|| 6.016748948063e-01
577 KSP unpreconditioned resid norm 1.495040094606e+06 true resid norm 1.495040094606e+06 ||r(i)||/||b|| 6.191390457584e-01
578 KSP unpreconditioned resid norm 1.440729136447e+06 true resid norm 1.440729136447e+06 ||r(i)||/||b|| 5.966473179915e-01
579 KSP unpreconditioned resid norm 1.514087811400e+06 true resid norm 1.514087811400e+06 ||r(i)||/||b|| 6.270272523973e-01
580 KSP unpreconditioned resid norm 1.597592756758e+06 true resid norm 1.597592756758e+06 ||r(i)||/||b|| 6.616090488133e-01
581 KSP unpreconditioned resid norm 1.671131634001e+06 true resid norm 1.671131634001e+06 ||r(i)||/||b|| 6.920636101636e-01
582 KSP unpreconditioned resid norm 1.810050307409e+06 true resid norm 1.810050307409e+06 ||r(i)||/||b|| 7.495938230334e-01
583 KSP unpreconditioned resid norm 1.959428812010e+06 true resid norm 1.959428812010e+06 ||r(i)||/||b|| 8.114557524422e-01
584 KSP unpreconditioned resid norm 1.950483911445e+06 true resid norm 1.950483911445e+06 ||r(i)||/||b|| 8.077514121904e-01
585 KSP unpreconditioned resid norm 2.080061783459e+06 true resid norm 2.080061783459e+06 ||r(i)||/||b|| 8.614133309037e-01
586 KSP unpreconditioned resid norm 2.327165777503e+06 true resid norm 2.327165777503e+06 ||r(i)||/||b|| 9.637461924956e-01
587 KSP unpreconditioned resid norm 2.410254971915e+06 true resid norm 2.410254971915e+06 ||r(i)||/||b|| 9.981558145030e-01
588 KSP unpreconditioned resid norm 2.671302384553e+06 true resid norm 2.671302384553e+06 ||r(i)||/||b|| 1.106263046236e+00
589 KSP unpreconditioned resid norm 2.878649970314e+06 true resid norm 2.878649970314e+06 ||r(i)||/||b|| 1.192131637220e+00
590 KSP unpreconditioned resid norm 3.207238127243e+06 true resid norm 3.207238127243e+06 ||r(i)||/||b|| 1.328209431162e+00
591 KSP unpreconditioned resid norm 3.439036407027e+06 true resid norm 3.439036407027e+06 ||r(i)||/||b|| 1.424203756847e+00
592 KSP unpreconditioned resid norm 4.144007322388e+06 true resid norm 4.144007322388e+06 ||r(i)||/||b|| 1.716152462035e+00
593 KSP unpreconditioned resid norm 4.772228400956e+06 true resid norm 4.772228400956e+06 ||r(i)||/||b|| 1.976316855294e+00
594 KSP unpreconditioned resid norm 5.767682966303e+06 true resid norm 5.767682966303e+06 ||r(i)||/||b|| 2.388563183608e+00
595 KSP unpreconditioned resid norm 6.323942794372e+06 true resid norm 6.323942794372e+06 ||r(i)||/||b|| 2.618926356066e+00
596 KSP unpreconditioned resid norm 8.227870148667e+06 true resid norm 8.227870148667e+06 ||r(i)||/||b|| 3.407397360679e+00
597 KSP unpreconditioned resid norm 1.071663123768e+07 true resid norm 1.071663123768e+07 ||r(i)||/||b|| 4.438064813232e+00
598 KSP unpreconditioned resid norm 1.685954183968e+07 true resid norm 1.685954183968e+07 ||r(i)||/||b|| 6.982020538583e+00
599 KSP unpreconditioned resid norm 3.531848660075e+07 true resid norm 3.531848660075e+07 ||r(i)||/||b|| 1.462639976715e+01
600 KSP unpreconditioned resid norm 1.079076969085e+09 true resid norm 1.079076969085e+09 ||r(i)||/||b|| 4.468767676195e+02
Linear solve did not converge due to DIVERGED_INDEFINITE_MAT iterations 601
KSP Object: 1 MPI processes
  type: cg
  maximum iterations=10000, initial guess is zero
  tolerances:  relative=1e-08, absolute=1e-50, divergence=10000.
  left preconditioning
  using UNPRECONDITIONED norm type for convergence test
PC Object: 1 MPI processes
  type: none
  linear system matrix = precond matrix:
  Mat Object:   1 MPI processes
    type: seqaij
    rows=1260320, cols=1260320
    total: nonzeros=133307458, allocated nonzeros=133307458
    total number of mallocs used during MatSetValues calls =0
      using I-node routines: found 420038 nodes, limit used is 5
Timing of PETSc KSPSolve routine 201.478
Warning! input did not contain a solution, hence result can't be verified. Ignore the following relative error as it is not valid
The relative error in solutions is: inf
Number of KSP iterations is 601
Time spent per KSP iteration is 0.335238
