loading mkl,intelmpi,petsc,gcc/5
WARNING(mpi.intel/5.1): This module is scheduled for retirement.
  It will be removed on or shortly after Oct 31, 2018.
INFO(petsc): invoking mpi.intel version for CMUC2.
warning:seems as no solution array provided in input file(or err in read nsz vector)
Timing of PETSc INIT1 0.013238
WARNING: using a PETSc matrix storage for non-symmetric matrices on a symmetric matrix. Wasting space and solving possibly slower
Timing of PETSc INIT2 3.66936
KSP Object: 1 MPI processes
  type: cg
  maximum iterations=10000, initial guess is zero
  tolerances:  relative=1e-08, absolute=1e-50, divergence=10000.
  left preconditioning
  using UNPRECONDITIONED norm type for convergence test
PC Object: 1 MPI processes
  type: icc
    0 levels of fill
    tolerance for zero pivot 2.22045e-14
    using Manteuffel shift [POSITIVE_DEFINITE]
    matrix ordering: natural
    factor fill ratio given 1., needed 1.
      Factored matrix follows:
        Mat Object:         1 MPI processes
          type: seqsbaij
          rows=1260320, cols=1260320
          package used to perform factorization: petsc
          total: nonzeros=67283889, allocated nonzeros=67283889
          total number of mallocs used during MatSetValues calls =0
              block size is 1
  linear system matrix = precond matrix:
  Mat Object:   1 MPI processes
    type: seqaij
    rows=1260320, cols=1260320
    total: nonzeros=133307458, allocated nonzeros=133307458
    total number of mallocs used during MatSetValues calls =0
      using I-node routines: found 420038 nodes, limit used is 5
  0 KSP unpreconditioned resid norm 2.414708141649e+06 true resid norm 2.414708141649e+06 ||r(i)||/||b|| 1.000000000000e+00
  1 KSP unpreconditioned resid norm 1.637393095701e+06 true resid norm 1.637393095701e+06 ||r(i)||/||b|| 6.780915123693e-01
  2 KSP unpreconditioned resid norm 1.560729146374e+06 true resid norm 1.560729146374e+06 ||r(i)||/||b|| 6.463427689061e-01
  3 KSP unpreconditioned resid norm 1.192777246305e+06 true resid norm 1.192777246305e+06 ||r(i)||/||b|| 4.939633182708e-01
  4 KSP unpreconditioned resid norm 1.224219226152e+06 true resid norm 1.224219226152e+06 ||r(i)||/||b|| 5.069843452452e-01
  5 KSP unpreconditioned resid norm 1.416672383108e+06 true resid norm 1.416672383108e+06 ||r(i)||/||b|| 5.866847254430e-01
  6 KSP unpreconditioned resid norm 1.175053874256e+06 true resid norm 1.175053874256e+06 ||r(i)||/||b|| 4.866235608305e-01
  7 KSP unpreconditioned resid norm 1.108436107138e+06 true resid norm 1.108436107138e+06 ||r(i)||/||b|| 4.590352299805e-01
  8 KSP unpreconditioned resid norm 9.815870156761e+05 true resid norm 9.815870156761e+05 ||r(i)||/||b|| 4.065033776735e-01
  9 KSP unpreconditioned resid norm 8.634274173302e+05 true resid norm 8.634274173302e+05 ||r(i)||/||b|| 3.575700940572e-01
 10 KSP unpreconditioned resid norm 7.702895510855e+05 true resid norm 7.702895510855e+05 ||r(i)||/||b|| 3.189990284123e-01
 11 KSP unpreconditioned resid norm 6.651460889887e+05 true resid norm 6.651460889887e+05 ||r(i)||/||b|| 2.754561006840e-01
 12 KSP unpreconditioned resid norm 7.006688153262e+05 true resid norm 7.006688153262e+05 ||r(i)||/||b|| 2.901670819926e-01
 13 KSP unpreconditioned resid norm 7.324396969994e+05 true resid norm 7.324396969994e+05 ||r(i)||/||b|| 3.033243166601e-01
 14 KSP unpreconditioned resid norm 6.648704138963e+05 true resid norm 6.648704138963e+05 ||r(i)||/||b|| 2.753419357099e-01
 15 KSP unpreconditioned resid norm 5.975677486844e+05 true resid norm 5.975677486844e+05 ||r(i)||/||b|| 2.474699688867e-01
 16 KSP unpreconditioned resid norm 5.547503214827e+05 true resid norm 5.547503214827e+05 ||r(i)||/||b|| 2.297380424219e-01
 17 KSP unpreconditioned resid norm 5.118361808210e+05 true resid norm 5.118361808210e+05 ||r(i)||/||b|| 2.119660641354e-01
 18 KSP unpreconditioned resid norm 5.329738432954e+05 true resid norm 5.329738432954e+05 ||r(i)||/||b|| 2.207197773108e-01
 19 KSP unpreconditioned resid norm 5.352431305370e+05 true resid norm 5.352431305370e+05 ||r(i)||/||b|| 2.216595543391e-01
 20 KSP unpreconditioned resid norm 5.295189036353e+05 true resid norm 5.295189036353e+05 ||r(i)||/||b|| 2.192889875601e-01
 21 KSP unpreconditioned resid norm 5.465931014126e+05 true resid norm 5.465931014126e+05 ||r(i)||/||b|| 2.263599032880e-01
 22 KSP unpreconditioned resid norm 4.930755515062e+05 true resid norm 4.930755515062e+05 ||r(i)||/||b|| 2.041967486677e-01
 23 KSP unpreconditioned resid norm 4.949934720750e+05 true resid norm 4.949934720750e+05 ||r(i)||/||b|| 2.049910146644e-01
 24 KSP unpreconditioned resid norm 5.103095451853e+05 true resid norm 5.103095451853e+05 ||r(i)||/||b|| 2.113338404685e-01
 25 KSP unpreconditioned resid norm 4.684450066638e+05 true resid norm 4.684450066638e+05 ||r(i)||/||b|| 1.939965325763e-01
 26 KSP unpreconditioned resid norm 5.102280806054e+05 true resid norm 5.102280806054e+05 ||r(i)||/||b|| 2.113001036460e-01
 27 KSP unpreconditioned resid norm 4.730379399955e+05 true resid norm 4.730379399955e+05 ||r(i)||/||b|| 1.958985981935e-01
 28 KSP unpreconditioned resid norm 4.519545842155e+05 true resid norm 4.519545842155e+05 ||r(i)||/||b|| 1.871673749800e-01
 29 KSP unpreconditioned resid norm 4.696905273834e+05 true resid norm 4.696905273834e+05 ||r(i)||/||b|| 1.945123384819e-01
 30 KSP unpreconditioned resid norm 4.353164930992e+05 true resid norm 4.353164930992e+05 ||r(i)||/||b|| 1.802770635468e-01
 31 KSP unpreconditioned resid norm 3.780322035079e+05 true resid norm 3.780322035079e+05 ||r(i)||/||b|| 1.565539938295e-01
 32 KSP unpreconditioned resid norm 3.959836033928e+05 true resid norm 3.959836033928e+05 ||r(i)||/||b|| 1.639881841465e-01
 33 KSP unpreconditioned resid norm 3.888822968227e+05 true resid norm 3.888822968227e+05 ||r(i)||/||b|| 1.610473291224e-01
 34 KSP unpreconditioned resid norm 3.555110589574e+05 true resid norm 3.555110589574e+05 ||r(i)||/||b|| 1.472273409881e-01
 35 KSP unpreconditioned resid norm 3.503525681735e+05 true resid norm 3.503525681735e+05 ||r(i)||/||b|| 1.450910617853e-01
 36 KSP unpreconditioned resid norm 3.550926619810e+05 true resid norm 3.550926619810e+05 ||r(i)||/||b|| 1.470540707824e-01
 37 KSP unpreconditioned resid norm 3.511976559809e+05 true resid norm 3.511976559809e+05 ||r(i)||/||b|| 1.454410369201e-01
 38 KSP unpreconditioned resid norm 3.529198832706e+05 true resid norm 3.529198832706e+05 ||r(i)||/||b|| 1.461542607089e-01
 39 KSP unpreconditioned resid norm 3.119900976962e+05 true resid norm 3.119900976962e+05 ||r(i)||/||b|| 1.292040608614e-01
 40 KSP unpreconditioned resid norm 2.916502413179e+05 true resid norm 2.916502413179e+05 ||r(i)||/||b|| 1.207807421060e-01
 41 KSP unpreconditioned resid norm 3.132934066798e+05 true resid norm 3.132934066798e+05 ||r(i)||/||b|| 1.297437985469e-01
 42 KSP unpreconditioned resid norm 2.864478762077e+05 true resid norm 2.864478762077e+05 ||r(i)||/||b|| 1.186262932845e-01
 43 KSP unpreconditioned resid norm 2.648874265179e+05 true resid norm 2.648874265179e+05 ||r(i)||/||b|| 1.096974917793e-01
 44 KSP unpreconditioned resid norm 2.891015930660e+05 true resid norm 2.891015930660e+05 ||r(i)||/||b|| 1.197252736592e-01
 45 KSP unpreconditioned resid norm 2.865403091246e+05 true resid norm 2.865403091246e+05 ||r(i)||/||b|| 1.186645724103e-01
 46 KSP unpreconditioned resid norm 2.731163186964e+05 true resid norm 2.731163186964e+05 ||r(i)||/||b|| 1.131053123919e-01
 47 KSP unpreconditioned resid norm 2.832805168423e+05 true resid norm 2.832805168423e+05 ||r(i)||/||b|| 1.173145987941e-01
 48 KSP unpreconditioned resid norm 2.645900345812e+05 true resid norm 2.645900345812e+05 ||r(i)||/||b|| 1.095743332362e-01
 49 KSP unpreconditioned resid norm 2.606723620515e+05 true resid norm 2.606723620515e+05 ||r(i)||/||b|| 1.079519125129e-01
 50 KSP unpreconditioned resid norm 2.601522193224e+05 true resid norm 2.601522193224e+05 ||r(i)||/||b|| 1.077365064685e-01
 51 KSP unpreconditioned resid norm 2.498006096036e+05 true resid norm 2.498006096036e+05 ||r(i)||/||b|| 1.034496075509e-01
 52 KSP unpreconditioned resid norm 2.400523748801e+05 true resid norm 2.400523748801e+05 ||r(i)||/||b|| 9.941258354979e-02
 53 KSP unpreconditioned resid norm 2.444077455962e+05 true resid norm 2.444077455962e+05 ||r(i)||/||b|| 1.012162676642e-01
 54 KSP unpreconditioned resid norm 2.438722800192e+05 true resid norm 2.438722800192e+05 ||r(i)||/||b|| 1.009945159884e-01
 55 KSP unpreconditioned resid norm 2.289301315729e+05 true resid norm 2.289301315729e+05 ||r(i)||/||b|| 9.480654312802e-02
 56 KSP unpreconditioned resid norm 2.481962008321e+05 true resid norm 2.481962008321e+05 ||r(i)||/||b|| 1.027851757946e-01
 57 KSP unpreconditioned resid norm 2.308246815941e+05 true resid norm 2.308246815941e+05 ||r(i)||/||b|| 9.559113070966e-02
 58 KSP unpreconditioned resid norm 2.395212014429e+05 true resid norm 2.395212014429e+05 ||r(i)||/||b|| 9.919260937235e-02
 59 KSP unpreconditioned resid norm 2.410689178059e+05 true resid norm 2.410689178059e+05 ||r(i)||/||b|| 9.983356317393e-02
 60 KSP unpreconditioned resid norm 2.220000944121e+05 true resid norm 2.220000944121e+05 ||r(i)||/||b|| 9.193661568576e-02
 61 KSP unpreconditioned resid norm 2.214744826434e+05 true resid norm 2.214744826434e+05 ||r(i)||/||b|| 9.171894475499e-02
 62 KSP unpreconditioned resid norm 2.162523471634e+05 true resid norm 2.162523471634e+05 ||r(i)||/||b|| 8.955630845542e-02
 63 KSP unpreconditioned resid norm 2.198232158366e+05 true resid norm 2.198232158366e+05 ||r(i)||/||b|| 9.103510774037e-02
 64 KSP unpreconditioned resid norm 2.226490910368e+05 true resid norm 2.226490910368e+05 ||r(i)||/||b|| 9.220538382941e-02
 65 KSP unpreconditioned resid norm 2.282829397259e+05 true resid norm 2.282829397259e+05 ||r(i)||/||b|| 9.453852239468e-02
 66 KSP unpreconditioned resid norm 2.095273525904e+05 true resid norm 2.095273525904e+05 ||r(i)||/||b|| 8.677129503827e-02
 67 KSP unpreconditioned resid norm 2.088388631470e+05 true resid norm 2.088388631470e+05 ||r(i)||/||b|| 8.648617178403e-02
 68 KSP unpreconditioned resid norm 2.059836359949e+05 true resid norm 2.059836359949e+05 ||r(i)||/||b|| 8.530374020862e-02
 69 KSP unpreconditioned resid norm 1.958869534960e+05 true resid norm 1.958869534960e+05 ||r(i)||/||b|| 8.112241397514e-02
 70 KSP unpreconditioned resid norm 2.055101330262e+05 true resid norm 2.055101330262e+05 ||r(i)||/||b|| 8.510764902867e-02
 71 KSP unpreconditioned resid norm 1.954606364528e+05 true resid norm 1.954606364528e+05 ||r(i)||/||b|| 8.094586384230e-02
 72 KSP unpreconditioned resid norm 1.870619118913e+05 true resid norm 1.870619118913e+05 ||r(i)||/||b|| 7.746771076172e-02
 73 KSP unpreconditioned resid norm 1.932968530136e+05 true resid norm 1.932968530136e+05 ||r(i)||/||b|| 8.004977896898e-02
 74 KSP unpreconditioned resid norm 1.959080755969e+05 true resid norm 1.959080755969e+05 ||r(i)||/||b|| 8.113116124381e-02
 75 KSP unpreconditioned resid norm 1.985347464535e+05 true resid norm 1.985347464535e+05 ||r(i)||/||b|| 8.221894109234e-02
 76 KSP unpreconditioned resid norm 1.994056491712e+05 true resid norm 1.994056491712e+05 ||r(i)||/||b|| 8.257960692299e-02
 77 KSP unpreconditioned resid norm 1.821694098759e+05 true resid norm 1.821694098759e+05 ||r(i)||/||b|| 7.544158514803e-02
 78 KSP unpreconditioned resid norm 1.760623000290e+05 true resid norm 1.760623000290e+05 ||r(i)||/||b|| 7.291245554369e-02
 79 KSP unpreconditioned resid norm 1.943248274784e+05 true resid norm 1.943248274784e+05 ||r(i)||/||b|| 8.047549272172e-02
 80 KSP unpreconditioned resid norm 1.990119061308e+05 true resid norm 1.990119061308e+05 ||r(i)||/||b|| 8.241654662037e-02
 81 KSP unpreconditioned resid norm 1.897041520976e+05 true resid norm 1.897041520976e+05 ||r(i)||/||b|| 7.856193832518e-02
 82 KSP unpreconditioned resid norm 1.942789537153e+05 true resid norm 1.942789537153e+05 ||r(i)||/||b|| 8.045649507879e-02
 83 KSP unpreconditioned resid norm 1.914273055629e+05 true resid norm 1.914273055629e+05 ||r(i)||/||b|| 7.927554566993e-02
 84 KSP unpreconditioned resid norm 1.907384517106e+05 true resid norm 1.907384517106e+05 ||r(i)||/||b|| 7.899027150350e-02
 85 KSP unpreconditioned resid norm 1.839599528221e+05 true resid norm 1.839599528221e+05 ||r(i)||/||b|| 7.618310041249e-02
 86 KSP unpreconditioned resid norm 1.742686791495e+05 true resid norm 1.742686791495e+05 ||r(i)||/||b|| 7.216966561868e-02
 87 KSP unpreconditioned resid norm 1.804827622980e+05 true resid norm 1.804827622980e+05 ||r(i)||/||b|| 7.474309593985e-02
 88 KSP unpreconditioned resid norm 1.883415715329e+05 true resid norm 1.883415715329e+05 ||r(i)||/||b|| 7.799765457546e-02
 89 KSP unpreconditioned resid norm 1.759856901615e+05 true resid norm 1.759856901615e+05 ||r(i)||/||b|| 7.288072919707e-02
 90 KSP unpreconditioned resid norm 1.813777523528e+05 true resid norm 1.813777523528e+05 ||r(i)||/||b|| 7.511373702865e-02
 91 KSP unpreconditioned resid norm 1.781009280622e+05 true resid norm 1.781009280622e+05 ||r(i)||/||b|| 7.375670996850e-02
 92 KSP unpreconditioned resid norm 1.841955031590e+05 true resid norm 1.841955031590e+05 ||r(i)||/||b|| 7.628064857279e-02
 93 KSP unpreconditioned resid norm 1.752961304633e+05 true resid norm 1.752961304633e+05 ||r(i)||/||b|| 7.259516271955e-02
 94 KSP unpreconditioned resid norm 1.744821475751e+05 true resid norm 1.744821475751e+05 ||r(i)||/||b|| 7.225806902522e-02
 95 KSP unpreconditioned resid norm 1.839315118710e+05 true resid norm 1.839315118710e+05 ||r(i)||/||b|| 7.617132219770e-02
 96 KSP unpreconditioned resid norm 1.742030921030e+05 true resid norm 1.742030921030e+05 ||r(i)||/||b|| 7.214250413884e-02
 97 KSP unpreconditioned resid norm 1.726209294268e+05 true resid norm 1.726209294268e+05 ||r(i)||/||b|| 7.148728512959e-02
 98 KSP unpreconditioned resid norm 1.771777738473e+05 true resid norm 1.771777738473e+05 ||r(i)||/||b|| 7.337440529202e-02
 99 KSP unpreconditioned resid norm 1.803387253005e+05 true resid norm 1.803387253005e+05 ||r(i)||/||b|| 7.468344608194e-02
100 KSP unpreconditioned resid norm 1.853930608890e+05 true resid norm 1.853930608890e+05 ||r(i)||/||b|| 7.677659162667e-02
101 KSP unpreconditioned resid norm 1.841165140021e+05 true resid norm 1.841165140021e+05 ||r(i)||/||b|| 7.624793689409e-02
102 KSP unpreconditioned resid norm 1.759155302764e+05 true resid norm 1.759155302764e+05 ||r(i)||/||b|| 7.285167397343e-02
103 KSP unpreconditioned resid norm 1.766673341480e+05 true resid norm 1.766673341480e+05 ||r(i)||/||b|| 7.316301755097e-02
104 KSP unpreconditioned resid norm 1.883201444686e+05 true resid norm 1.883201444686e+05 ||r(i)||/||b|| 7.798878101268e-02
105 KSP unpreconditioned resid norm 1.806206859565e+05 true resid norm 1.806206859565e+05 ||r(i)||/||b|| 7.480021408845e-02
106 KSP unpreconditioned resid norm 1.743955687080e+05 true resid norm 1.743955687080e+05 ||r(i)||/||b|| 7.222221422954e-02
107 KSP unpreconditioned resid norm 1.838580832368e+05 true resid norm 1.838580832368e+05 ||r(i)||/||b|| 7.614091329115e-02
108 KSP unpreconditioned resid norm 1.822555796561e+05 true resid norm 1.822555796561e+05 ||r(i)||/||b|| 7.547727052912e-02
109 KSP unpreconditioned resid norm 1.818828170686e+05 true resid norm 1.818828170686e+05 ||r(i)||/||b|| 7.532289883464e-02
110 KSP unpreconditioned resid norm 1.849160373332e+05 true resid norm 1.849160373332e+05 ||r(i)||/||b|| 7.657904247048e-02
111 KSP unpreconditioned resid norm 1.735076371276e+05 true resid norm 1.735076371276e+05 ||r(i)||/||b|| 7.185449625769e-02
112 KSP unpreconditioned resid norm 1.930183392323e+05 true resid norm 1.930183392323e+05 ||r(i)||/||b|| 7.993443841229e-02
113 KSP unpreconditioned resid norm 1.883075278179e+05 true resid norm 1.883075278179e+05 ||r(i)||/||b|| 7.798355609522e-02
114 KSP unpreconditioned resid norm 1.863823261761e+05 true resid norm 1.863823261761e+05 ||r(i)||/||b|| 7.718627479707e-02
115 KSP unpreconditioned resid norm 1.884933080763e+05 true resid norm 1.884933080763e+05 ||r(i)||/||b|| 7.806049303644e-02
116 KSP unpreconditioned resid norm 1.995134600217e+05 true resid norm 1.995134600217e+05 ||r(i)||/||b|| 8.262425449288e-02
117 KSP unpreconditioned resid norm 1.955056613164e+05 true resid norm 1.955056613164e+05 ||r(i)||/||b|| 8.096450993155e-02
118 KSP unpreconditioned resid norm 1.983908697932e+05 true resid norm 1.983908697932e+05 ||r(i)||/||b|| 8.215935763468e-02
119 KSP unpreconditioned resid norm 1.950743535460e+05 true resid norm 1.950743535460e+05 ||r(i)||/||b|| 8.078589299522e-02
120 KSP unpreconditioned resid norm 1.885380063952e+05 true resid norm 1.885380063952e+05 ||r(i)||/||b|| 7.807900389422e-02
121 KSP unpreconditioned resid norm 1.923367367818e+05 true resid norm 1.923367367818e+05 ||r(i)||/||b|| 7.965216725960e-02
122 KSP unpreconditioned resid norm 1.935431667314e+05 true resid norm 1.935431667314e+05 ||r(i)||/||b|| 8.015178455445e-02
123 KSP unpreconditioned resid norm 1.877781182781e+05 true resid norm 1.877781182781e+05 ||r(i)||/||b|| 7.776431239838e-02
124 KSP unpreconditioned resid norm 1.887435744643e+05 true resid norm 1.887435744643e+05 ||r(i)||/||b|| 7.816413553621e-02
125 KSP unpreconditioned resid norm 1.875504434888e+05 true resid norm 1.875504434888e+05 ||r(i)||/||b|| 7.767002572853e-02
126 KSP unpreconditioned resid norm 1.850502392571e+05 true resid norm 1.850502392571e+05 ||r(i)||/||b|| 7.663461934192e-02
127 KSP unpreconditioned resid norm 1.950047370703e+05 true resid norm 1.950047370703e+05 ||r(i)||/||b|| 8.075706281301e-02
128 KSP unpreconditioned resid norm 1.898626053486e+05 true resid norm 1.898626053486e+05 ||r(i)||/||b|| 7.862755836773e-02
129 KSP unpreconditioned resid norm 1.868288934682e+05 true resid norm 1.868288934682e+05 ||r(i)||/||b|| 7.737121113964e-02
130 KSP unpreconditioned resid norm 1.824977412424e+05 true resid norm 1.824977412424e+05 ||r(i)||/||b|| 7.557755659769e-02
131 KSP unpreconditioned resid norm 1.802002385312e+05 true resid norm 1.802002385312e+05 ||r(i)||/||b|| 7.462609473299e-02
132 KSP unpreconditioned resid norm 1.882973960961e+05 true resid norm 1.882973960961e+05 ||r(i)||/||b|| 7.797936025820e-02
133 KSP unpreconditioned resid norm 1.846955418372e+05 true resid norm 1.846955418372e+05 ||r(i)||/||b|| 7.648772895223e-02
134 KSP unpreconditioned resid norm 1.787529868842e+05 true resid norm 1.787529868842e+05 ||r(i)||/||b|| 7.402674625599e-02
135 KSP unpreconditioned resid norm 1.847020404994e+05 true resid norm 1.847020404994e+05 ||r(i)||/||b|| 7.649042023492e-02
136 KSP unpreconditioned resid norm 1.799961890575e+05 true resid norm 1.799961890575e+05 ||r(i)||/||b|| 7.454159198493e-02
137 KSP unpreconditioned resid norm 1.815977249967e+05 true resid norm 1.815977249967e+05 ||r(i)||/||b|| 7.520483401885e-02
138 KSP unpreconditioned resid norm 1.700123363040e+05 true resid norm 1.700123363040e+05 ||r(i)||/||b|| 7.040699178986e-02
139 KSP unpreconditioned resid norm 1.797040128173e+05 true resid norm 1.797040128173e+05 ||r(i)||/||b|| 7.442059341157e-02
140 KSP unpreconditioned resid norm 1.787916408460e+05 true resid norm 1.787916408460e+05 ||r(i)||/||b|| 7.404275397186e-02
141 KSP unpreconditioned resid norm 1.744730636141e+05 true resid norm 1.744730636141e+05 ||r(i)||/||b|| 7.225430709606e-02
142 KSP unpreconditioned resid norm 1.754483768538e+05 true resid norm 1.754483768538e+05 ||r(i)||/||b|| 7.265821232289e-02
143 KSP unpreconditioned resid norm 1.753371838459e+05 true resid norm 1.753371838459e+05 ||r(i)||/||b|| 7.261216410450e-02
144 KSP unpreconditioned resid norm 1.771959293199e+05 true resid norm 1.771959293199e+05 ||r(i)||/||b|| 7.338192399470e-02
145 KSP unpreconditioned resid norm 1.791288471661e+05 true resid norm 1.791288471661e+05 ||r(i)||/||b|| 7.418240079472e-02
146 KSP unpreconditioned resid norm 1.783373440065e+05 true resid norm 1.783373440065e+05 ||r(i)||/||b|| 7.385461660168e-02
147 KSP unpreconditioned resid norm 1.750380978360e+05 true resid norm 1.750380978360e+05 ||r(i)||/||b|| 7.248830399705e-02
148 KSP unpreconditioned resid norm 1.676121624615e+05 true resid norm 1.676121624615e+05 ||r(i)||/||b|| 6.941301086062e-02
149 KSP unpreconditioned resid norm 1.651466985983e+05 true resid norm 1.651466985983e+05 ||r(i)||/||b|| 6.839199145844e-02
150 KSP unpreconditioned resid norm 1.695789027530e+05 true resid norm 1.695789027530e+05 ||r(i)||/||b|| 7.022749450671e-02
151 KSP unpreconditioned resid norm 1.687356934153e+05 true resid norm 1.687356934153e+05 ||r(i)||/||b|| 6.987829730017e-02
152 KSP unpreconditioned resid norm 1.724474117756e+05 true resid norm 1.724474117756e+05 ||r(i)||/||b|| 7.141542648619e-02
153 KSP unpreconditioned resid norm 1.707246261070e+05 true resid norm 1.707246261070e+05 ||r(i)||/||b|| 7.070197145666e-02
154 KSP unpreconditioned resid norm 1.669149899105e+05 true resid norm 1.669149899105e+05 ||r(i)||/||b|| 6.912429168209e-02
155 KSP unpreconditioned resid norm 1.736147798553e+05 true resid norm 1.736147798553e+05 ||r(i)||/||b|| 7.189886713873e-02
156 KSP unpreconditioned resid norm 1.676961772590e+05 true resid norm 1.676961772590e+05 ||r(i)||/||b|| 6.944780380144e-02
157 KSP unpreconditioned resid norm 1.665893047411e+05 true resid norm 1.665893047411e+05 ||r(i)||/||b|| 6.898941609867e-02
158 KSP unpreconditioned resid norm 1.713059567836e+05 true resid norm 1.713059567836e+05 ||r(i)||/||b|| 7.094271718758e-02
159 KSP unpreconditioned resid norm 1.677845654925e+05 true resid norm 1.677845654925e+05 ||r(i)||/||b|| 6.948440790774e-02
160 KSP unpreconditioned resid norm 1.679077878169e+05 true resid norm 1.679077878169e+05 ||r(i)||/||b|| 6.953543781164e-02
161 KSP unpreconditioned resid norm 1.708702619918e+05 true resid norm 1.708702619918e+05 ||r(i)||/||b|| 7.076228345967e-02
162 KSP unpreconditioned resid norm 1.763318893271e+05 true resid norm 1.763318893271e+05 ||r(i)||/||b|| 7.302410021554e-02
163 KSP unpreconditioned resid norm 1.772588822783e+05 true resid norm 1.772588822783e+05 ||r(i)||/||b|| 7.340799462301e-02
164 KSP unpreconditioned resid norm 1.816110641544e+05 true resid norm 1.816110641544e+05 ||r(i)||/||b|| 7.521035814722e-02
165 KSP unpreconditioned resid norm 1.743465450965e+05 true resid norm 1.743465450965e+05 ||r(i)||/||b|| 7.220191214388e-02
166 KSP unpreconditioned resid norm 1.659820649338e+05 true resid norm 1.659820649338e+05 ||r(i)||/||b|| 6.873794065248e-02
167 KSP unpreconditioned resid norm 1.642643614887e+05 true resid norm 1.642643614887e+05 ||r(i)||/||b|| 6.802659031766e-02
168 KSP unpreconditioned resid norm 1.633724649964e+05 true resid norm 1.633724649964e+05 ||r(i)||/||b|| 6.765723036192e-02
169 KSP unpreconditioned resid norm 1.643516136459e+05 true resid norm 1.643516136459e+05 ||r(i)||/||b|| 6.806272394215e-02
170 KSP unpreconditioned resid norm 1.625890659931e+05 true resid norm 1.625890659931e+05 ||r(i)||/||b|| 6.733280233280e-02
171 KSP unpreconditioned resid norm 1.707296582060e+05 true resid norm 1.707296582060e+05 ||r(i)||/||b|| 7.070405539336e-02
172 KSP unpreconditioned resid norm 1.740208459017e+05 true resid norm 1.740208459017e+05 ||r(i)||/||b|| 7.206703075215e-02
173 KSP unpreconditioned resid norm 1.815548915856e+05 true resid norm 1.815548915856e+05 ||r(i)||/||b|| 7.518709547298e-02
174 KSP unpreconditioned resid norm 1.771698951993e+05 true resid norm 1.771698951993e+05 ||r(i)||/||b|| 7.337114251759e-02
175 KSP unpreconditioned resid norm 1.726263869276e+05 true resid norm 1.726263869276e+05 ||r(i)||/||b|| 7.148954523740e-02
176 KSP unpreconditioned resid norm 1.702239948708e+05 true resid norm 1.702239948708e+05 ||r(i)||/||b|| 7.049464568190e-02
177 KSP unpreconditioned resid norm 1.602421840085e+05 true resid norm 1.602421840085e+05 ||r(i)||/||b|| 6.636089109265e-02
178 KSP unpreconditioned resid norm 1.674433961818e+05 true resid norm 1.674433961818e+05 ||r(i)||/||b|| 6.934311989663e-02
179 KSP unpreconditioned resid norm 1.656836524971e+05 true resid norm 1.656836524971e+05 ||r(i)||/||b|| 6.861435949104e-02
180 KSP unpreconditioned resid norm 1.680818936758e+05 true resid norm 1.680818936758e+05 ||r(i)||/||b|| 6.960754004873e-02
181 KSP unpreconditioned resid norm 1.596375257377e+05 true resid norm 1.596375257377e+05 ||r(i)||/||b|| 6.611048473490e-02
182 KSP unpreconditioned resid norm 1.657396541295e+05 true resid norm 1.657396541295e+05 ||r(i)||/||b|| 6.863755137561e-02
183 KSP unpreconditioned resid norm 1.743614366850e+05 true resid norm 1.743614366850e+05 ||r(i)||/||b|| 7.220807917842e-02
184 KSP unpreconditioned resid norm 1.696451268383e+05 true resid norm 1.696451268383e+05 ||r(i)||/||b|| 7.025491980260e-02
185 KSP unpreconditioned resid norm 1.660101286643e+05 true resid norm 1.660101286643e+05 ||r(i)||/||b|| 6.874956264939e-02
186 KSP unpreconditioned resid norm 1.702401286111e+05 true resid norm 1.702401286111e+05 ||r(i)||/||b|| 7.050132712720e-02
187 KSP unpreconditioned resid norm 1.766159923049e+05 true resid norm 1.766159923049e+05 ||r(i)||/||b|| 7.314175541905e-02
188 KSP unpreconditioned resid norm 1.834718458436e+05 true resid norm 1.834718458436e+05 ||r(i)||/||b|| 7.598096129260e-02
189 KSP unpreconditioned resid norm 1.726904938632e+05 true resid norm 1.726904938632e+05 ||r(i)||/||b|| 7.151609376081e-02
190 KSP unpreconditioned resid norm 1.890982543916e+05 true resid norm 1.890982543916e+05 ||r(i)||/||b|| 7.831101868172e-02
191 KSP unpreconditioned resid norm 1.844845975999e+05 true resid norm 1.844845975999e+05 ||r(i)||/||b|| 7.640037088451e-02
192 KSP unpreconditioned resid norm 1.783735002332e+05 true resid norm 1.783735002332e+05 ||r(i)||/||b|| 7.386958993371e-02
193 KSP unpreconditioned resid norm 1.715300337704e+05 true resid norm 1.715300337704e+05 ||r(i)||/||b|| 7.103551390405e-02
194 KSP unpreconditioned resid norm 1.735102702627e+05 true resid norm 1.735102702627e+05 ||r(i)||/||b|| 7.185558671459e-02
195 KSP unpreconditioned resid norm 1.749587719786e+05 true resid norm 1.749587719786e+05 ||r(i)||/||b|| 7.245545288098e-02
196 KSP unpreconditioned resid norm 1.778508650985e+05 true resid norm 1.778508650985e+05 ||r(i)||/||b|| 7.365315171259e-02
197 KSP unpreconditioned resid norm 1.726312979488e+05 true resid norm 1.726312979488e+05 ||r(i)||/||b|| 7.149157903234e-02
198 KSP unpreconditioned resid norm 1.761661081593e+05 true resid norm 1.761661081593e+05 ||r(i)||/||b|| 7.295544547215e-02
199 KSP unpreconditioned resid norm 1.761501844133e+05 true resid norm 1.761501844133e+05 ||r(i)||/||b|| 7.294885099158e-02
200 KSP unpreconditioned resid norm 1.807305786194e+05 true resid norm 1.807305786194e+05 ||r(i)||/||b|| 7.484572379666e-02
201 KSP unpreconditioned resid norm 1.769815345458e+05 true resid norm 1.769815345458e+05 ||r(i)||/||b|| 7.329313696061e-02
202 KSP unpreconditioned resid norm 1.824672238973e+05 true resid norm 1.824672238973e+05 ||r(i)||/||b|| 7.556491848852e-02
203 KSP unpreconditioned resid norm 1.778619665860e+05 true resid norm 1.778619665860e+05 ||r(i)||/||b|| 7.365774915741e-02
204 KSP unpreconditioned resid norm 1.807131685096e+05 true resid norm 1.807131685096e+05 ||r(i)||/||b|| 7.483851377010e-02
205 KSP unpreconditioned resid norm 1.810107347050e+05 true resid norm 1.810107347050e+05 ||r(i)||/||b|| 7.496174447870e-02
206 KSP unpreconditioned resid norm 1.811086914579e+05 true resid norm 1.811086914579e+05 ||r(i)||/||b|| 7.500231118375e-02
207 KSP unpreconditioned resid norm 1.810232510404e+05 true resid norm 1.810232510404e+05 ||r(i)||/||b|| 7.496692785270e-02
208 KSP unpreconditioned resid norm 1.944487378319e+05 true resid norm 1.944487378319e+05 ||r(i)||/||b|| 8.052680755825e-02
209 KSP unpreconditioned resid norm 1.913386218230e+05 true resid norm 1.913386218230e+05 ||r(i)||/||b|| 7.923881918594e-02
210 KSP unpreconditioned resid norm 1.880740561967e+05 true resid norm 1.880740561967e+05 ||r(i)||/||b|| 7.788686879080e-02
211 KSP unpreconditioned resid norm 1.934925262128e+05 true resid norm 1.934925262128e+05 ||r(i)||/||b|| 8.013081286115e-02
212 KSP unpreconditioned resid norm 1.853813097189e+05 true resid norm 1.853813097189e+05 ||r(i)||/||b|| 7.677172512960e-02
213 KSP unpreconditioned resid norm 1.725726385426e+05 true resid norm 1.725726385426e+05 ||r(i)||/||b|| 7.146728648735e-02
214 KSP unpreconditioned resid norm 1.798189408446e+05 true resid norm 1.798189408447e+05 ||r(i)||/||b|| 7.446818840882e-02
215 KSP unpreconditioned resid norm 1.924296135113e+05 true resid norm 1.924296135113e+05 ||r(i)||/||b|| 7.969063018102e-02
216 KSP unpreconditioned resid norm 1.867661039589e+05 true resid norm 1.867661039589e+05 ||r(i)||/||b|| 7.734520820035e-02
217 KSP unpreconditioned resid norm 1.862979983831e+05 true resid norm 1.862979983831e+05 ||r(i)||/||b|| 7.715135223582e-02
218 KSP unpreconditioned resid norm 1.968501717074e+05 true resid norm 1.968501717074e+05 ||r(i)||/||b|| 8.152131030335e-02
219 KSP unpreconditioned resid norm 2.076249003318e+05 true resid norm 2.076249003318e+05 ||r(i)||/||b|| 8.598343491318e-02
220 KSP unpreconditioned resid norm 1.947565297859e+05 true resid norm 1.947565297859e+05 ||r(i)||/||b|| 8.065427304722e-02
221 KSP unpreconditioned resid norm 1.966453487155e+05 true resid norm 1.966453487155e+05 ||r(i)||/||b|| 8.143648721918e-02
222 KSP unpreconditioned resid norm 2.010871730432e+05 true resid norm 2.010871730432e+05 ||r(i)||/||b|| 8.327597425741e-02
223 KSP unpreconditioned resid norm 1.900708802216e+05 true resid norm 1.900708802216e+05 ||r(i)||/||b|| 7.871381097501e-02
224 KSP unpreconditioned resid norm 1.971519297781e+05 true resid norm 1.971519297781e+05 ||r(i)||/||b|| 8.164627698791e-02
225 KSP unpreconditioned resid norm 1.993266868870e+05 true resid norm 1.993266868870e+05 ||r(i)||/||b|| 8.254690637304e-02
226 KSP unpreconditioned resid norm 1.987114199660e+05 true resid norm 1.987114199660e+05 ||r(i)||/||b|| 8.229210666853e-02
227 KSP unpreconditioned resid norm 1.999866148614e+05 true resid norm 1.999866148614e+05 ||r(i)||/||b|| 8.282020150261e-02
228 KSP unpreconditioned resid norm 1.933151968594e+05 true resid norm 1.933151968594e+05 ||r(i)||/||b|| 8.005737568242e-02
229 KSP unpreconditioned resid norm 2.064055638555e+05 true resid norm 2.064055638555e+05 ||r(i)||/||b|| 8.547847265487e-02
230 KSP unpreconditioned resid norm 2.103665523039e+05 true resid norm 2.103665523039e+05 ||r(i)||/||b|| 8.711883174429e-02
231 KSP unpreconditioned resid norm 1.963105522810e+05 true resid norm 1.963105522810e+05 ||r(i)||/||b|| 8.129783839920e-02
232 KSP unpreconditioned resid norm 2.085601282425e+05 true resid norm 2.085601282425e+05 ||r(i)||/||b|| 8.637073965388e-02
233 KSP unpreconditioned resid norm 2.014160180734e+05 true resid norm 2.014160180734e+05 ||r(i)||/||b|| 8.341215842999e-02
234 KSP unpreconditioned resid norm 2.094350077018e+05 true resid norm 2.094350077018e+05 ||r(i)||/||b|| 8.673305236745e-02
235 KSP unpreconditioned resid norm 2.080410580876e+05 true resid norm 2.080410580876e+05 ||r(i)||/||b|| 8.615577779329e-02
236 KSP unpreconditioned resid norm 2.055895085979e+05 true resid norm 2.055895085979e+05 ||r(i)||/||b|| 8.514052073284e-02
237 KSP unpreconditioned resid norm 2.000009158822e+05 true resid norm 2.000009158822e+05 ||r(i)||/||b|| 8.282612396611e-02
238 KSP unpreconditioned resid norm 2.107111649483e+05 true resid norm 2.107111649483e+05 ||r(i)||/||b|| 8.726154573875e-02
239 KSP unpreconditioned resid norm 2.005947554909e+05 true resid norm 2.005947554909e+05 ||r(i)||/||b|| 8.307205000513e-02
240 KSP unpreconditioned resid norm 2.041675232529e+05 true resid norm 2.041675232529e+05 ||r(i)||/||b|| 8.455163575730e-02
241 KSP unpreconditioned resid norm 2.093383682717e+05 true resid norm 2.093383682717e+05 ||r(i)||/||b|| 8.669303120366e-02
242 KSP unpreconditioned resid norm 2.045317701555e+05 true resid norm 2.045317701555e+05 ||r(i)||/||b|| 8.470248086205e-02
243 KSP unpreconditioned resid norm 2.070160107907e+05 true resid norm 2.070160107907e+05 ||r(i)||/||b|| 8.573127626483e-02
244 KSP unpreconditioned resid norm 2.107937332788e+05 true resid norm 2.107937332788e+05 ||r(i)||/||b|| 8.729573965608e-02
245 KSP unpreconditioned resid norm 2.049700369765e+05 true resid norm 2.049700369765e+05 ||r(i)||/||b|| 8.488397974111e-02
246 KSP unpreconditioned resid norm 2.098815495008e+05 true resid norm 2.098815495008e+05 ||r(i)||/||b|| 8.691797815261e-02
247 KSP unpreconditioned resid norm 2.048512115596e+05 true resid norm 2.048512115596e+05 ||r(i)||/||b|| 8.483477072292e-02
248 KSP unpreconditioned resid norm 2.066875009434e+05 true resid norm 2.066875009434e+05 ||r(i)||/||b|| 8.559523090117e-02
249 KSP unpreconditioned resid norm 1.988825379488e+05 true resid norm 1.988825379488e+05 ||r(i)||/||b|| 8.236297154031e-02
250 KSP unpreconditioned resid norm 2.082043232708e+05 true resid norm 2.082043232708e+05 ||r(i)||/||b|| 8.622339059519e-02
251 KSP unpreconditioned resid norm 2.071672439499e+05 true resid norm 2.071672439500e+05 ||r(i)||/||b|| 8.579390626001e-02
252 KSP unpreconditioned resid norm 2.041419802549e+05 true resid norm 2.041419802549e+05 ||r(i)||/||b|| 8.454105766814e-02
253 KSP unpreconditioned resid norm 2.112609981043e+05 true resid norm 2.112609981043e+05 ||r(i)||/||b|| 8.748924744173e-02
254 KSP unpreconditioned resid norm 2.205664303067e+05 true resid norm 2.205664303067e+05 ||r(i)||/||b|| 9.134289420005e-02
255 KSP unpreconditioned resid norm 2.202993877087e+05 true resid norm 2.202993877087e+05 ||r(i)||/||b|| 9.123230418985e-02
256 KSP unpreconditioned resid norm 2.161960570913e+05 true resid norm 2.161960570913e+05 ||r(i)||/||b|| 8.953299711973e-02
257 KSP unpreconditioned resid norm 2.197940538786e+05 true resid norm 2.197940538786e+05 ||r(i)||/||b|| 9.102303093593e-02
258 KSP unpreconditioned resid norm 2.218701580285e+05 true resid norm 2.218701580285e+05 ||r(i)||/||b|| 9.188280529711e-02
259 KSP unpreconditioned resid norm 2.085149846297e+05 true resid norm 2.085149846297e+05 ||r(i)||/||b|| 8.635204438715e-02
260 KSP unpreconditioned resid norm 2.183531634238e+05 true resid norm 2.183531634238e+05 ||r(i)||/||b|| 9.042631681138e-02
261 KSP unpreconditioned resid norm 2.184401013730e+05 true resid norm 2.184401013730e+05 ||r(i)||/||b|| 9.046232031329e-02
262 KSP unpreconditioned resid norm 2.174097084438e+05 true resid norm 2.174097084438e+05 ||r(i)||/||b|| 9.003560500497e-02
263 KSP unpreconditioned resid norm 2.252437801294e+05 true resid norm 2.252437801294e+05 ||r(i)||/||b|| 9.327991911088e-02
264 KSP unpreconditioned resid norm 2.324576732032e+05 true resid norm 2.324576732032e+05 ||r(i)||/||b|| 9.626739944000e-02
265 KSP unpreconditioned resid norm 2.352899388982e+05 true resid norm 2.352899388982e+05 ||r(i)||/||b|| 9.744032201649e-02
266 KSP unpreconditioned resid norm 2.329920024025e+05 true resid norm 2.329920024025e+05 ||r(i)||/||b|| 9.648868050918e-02
267 KSP unpreconditioned resid norm 2.230575199449e+05 true resid norm 2.230575199449e+05 ||r(i)||/||b|| 9.237452597172e-02
268 KSP unpreconditioned resid norm 2.244832269689e+05 true resid norm 2.244832269689e+05 ||r(i)||/||b|| 9.296495220145e-02
269 KSP unpreconditioned resid norm 2.205901349332e+05 true resid norm 2.205901349332e+05 ||r(i)||/||b|| 9.135271096676e-02
270 KSP unpreconditioned resid norm 2.259043785361e+05 true resid norm 2.259043785361e+05 ||r(i)||/||b|| 9.355349188571e-02
271 KSP unpreconditioned resid norm 2.271809510492e+05 true resid norm 2.271809510492e+05 ||r(i)||/||b|| 9.408215723082e-02
272 KSP unpreconditioned resid norm 2.356570171006e+05 true resid norm 2.356570171006e+05 ||r(i)||/||b|| 9.759233964385e-02
273 KSP unpreconditioned resid norm 2.362779047418e+05 true resid norm 2.362779047418e+05 ||r(i)||/||b|| 9.784946705005e-02
274 KSP unpreconditioned resid norm 2.266671117619e+05 true resid norm 2.266671117619e+05 ||r(i)||/||b|| 9.386936162276e-02
275 KSP unpreconditioned resid norm 2.345943793755e+05 true resid norm 2.345943793755e+05 ||r(i)||/||b|| 9.715227083936e-02
276 KSP unpreconditioned resid norm 2.378682898467e+05 true resid norm 2.378682898467e+05 ||r(i)||/||b|| 9.850809120320e-02
277 KSP unpreconditioned resid norm 2.536878987538e+05 true resid norm 2.536878987538e+05 ||r(i)||/||b|| 1.050594456440e-01
278 KSP unpreconditioned resid norm 2.379137467547e+05 true resid norm 2.379137467547e+05 ||r(i)||/||b|| 9.852691621448e-02
279 KSP unpreconditioned resid norm 2.406599937269e+05 true resid norm 2.406599937269e+05 ||r(i)||/||b|| 9.966421596713e-02
280 KSP unpreconditioned resid norm 2.528834100019e+05 true resid norm 2.528834100019e+05 ||r(i)||/||b|| 1.047262837442e-01
281 KSP unpreconditioned resid norm 2.416029833498e+05 true resid norm 2.416029833498e+05 ||r(i)||/||b|| 1.000547350558e-01
282 KSP unpreconditioned resid norm 2.424544196434e+05 true resid norm 2.424544196434e+05 ||r(i)||/||b|| 1.004073392811e-01
283 KSP unpreconditioned resid norm 2.529371877491e+05 true resid norm 2.529371877491e+05 ||r(i)||/||b|| 1.047485546540e-01
284 KSP unpreconditioned resid norm 2.456312968498e+05 true resid norm 2.456312968498e+05 ||r(i)||/||b|| 1.017229753828e-01
285 KSP unpreconditioned resid norm 2.497268601673e+05 true resid norm 2.497268601673e+05 ||r(i)||/||b|| 1.034190657910e-01
286 KSP unpreconditioned resid norm 2.541607728675e+05 true resid norm 2.541607728675e+05 ||r(i)||/||b|| 1.052552763970e-01
287 KSP unpreconditioned resid norm 2.571417700837e+05 true resid norm 2.571417700836e+05 ||r(i)||/||b|| 1.064897929685e-01
288 KSP unpreconditioned resid norm 2.521604710114e+05 true resid norm 2.521604710114e+05 ||r(i)||/||b|| 1.044268939430e-01
289 KSP unpreconditioned resid norm 2.634777228942e+05 true resid norm 2.634777228942e+05 ||r(i)||/||b|| 1.091136930173e-01
290 KSP unpreconditioned resid norm 2.548793002512e+05 true resid norm 2.548793002512e+05 ||r(i)||/||b|| 1.055528392252e-01
291 KSP unpreconditioned resid norm 2.420232722067e+05 true resid norm 2.420232722067e+05 ||r(i)||/||b|| 1.002287887435e-01
292 KSP unpreconditioned resid norm 2.478855564048e+05 true resid norm 2.478855564048e+05 ||r(i)||/||b|| 1.026565290145e-01
293 KSP unpreconditioned resid norm 2.531779937408e+05 true resid norm 2.531779937408e+05 ||r(i)||/||b|| 1.048482793320e-01
294 KSP unpreconditioned resid norm 2.618524068954e+05 true resid norm 2.618524068954e+05 ||r(i)||/||b|| 1.084406029776e-01
295 KSP unpreconditioned resid norm 2.582800288277e+05 true resid norm 2.582800288277e+05 ||r(i)||/||b|| 1.069611786091e-01
296 KSP unpreconditioned resid norm 2.647656890049e+05 true resid norm 2.647656890049e+05 ||r(i)||/||b|| 1.096470767784e-01
297 KSP unpreconditioned resid norm 2.723666623375e+05 true resid norm 2.723666623375e+05 ||r(i)||/||b|| 1.127948581610e-01
298 KSP unpreconditioned resid norm 2.774448884938e+05 true resid norm 2.774448884938e+05 ||r(i)||/||b|| 1.148978974760e-01
299 KSP unpreconditioned resid norm 2.741741629441e+05 true resid norm 2.741741629441e+05 ||r(i)||/||b|| 1.135433960797e-01
300 KSP unpreconditioned resid norm 2.821797482100e+05 true resid norm 2.821797482100e+05 ||r(i)||/||b|| 1.168587388856e-01
301 KSP unpreconditioned resid norm 2.837283227972e+05 true resid norm 2.837283227972e+05 ||r(i)||/||b|| 1.175000481024e-01
302 KSP unpreconditioned resid norm 2.810219939942e+05 true resid norm 2.810219939942e+05 ||r(i)||/||b|| 1.163792796103e-01
303 KSP unpreconditioned resid norm 2.739236719507e+05 true resid norm 2.739236719507e+05 ||r(i)||/||b|| 1.134396605643e-01
304 KSP unpreconditioned resid norm 2.699239557259e+05 true resid norm 2.699239557259e+05 ||r(i)||/||b|| 1.117832631904e-01
305 KSP unpreconditioned resid norm 2.698836534394e+05 true resid norm 2.698836534394e+05 ||r(i)||/||b|| 1.117665728559e-01
306 KSP unpreconditioned resid norm 2.917685825261e+05 true resid norm 2.917685825261e+05 ||r(i)||/||b|| 1.208297505995e-01
307 KSP unpreconditioned resid norm 2.888597861150e+05 true resid norm 2.888597861150e+05 ||r(i)||/||b|| 1.196251344552e-01
308 KSP unpreconditioned resid norm 2.892083790096e+05 true resid norm 2.892083790096e+05 ||r(i)||/||b|| 1.197694967857e-01
309 KSP unpreconditioned resid norm 2.888355297904e+05 true resid norm 2.888355297904e+05 ||r(i)||/||b|| 1.196150892145e-01
310 KSP unpreconditioned resid norm 2.895449948513e+05 true resid norm 2.895449948513e+05 ||r(i)||/||b|| 1.199088990744e-01
311 KSP unpreconditioned resid norm 2.901320320841e+05 true resid norm 2.901320320841e+05 ||r(i)||/||b|| 1.201520080543e-01
312 KSP unpreconditioned resid norm 2.948629551759e+05 true resid norm 2.948629551759e+05 ||r(i)||/||b|| 1.221112191946e-01
313 KSP unpreconditioned resid norm 2.976661986236e+05 true resid norm 2.976661986236e+05 ||r(i)||/||b|| 1.232721228248e-01
314 KSP unpreconditioned resid norm 3.036284150028e+05 true resid norm 3.036284150028e+05 ||r(i)||/||b|| 1.257412478824e-01
315 KSP unpreconditioned resid norm 3.081387459092e+05 true resid norm 3.081387459092e+05 ||r(i)||/||b|| 1.276091054626e-01
316 KSP unpreconditioned resid norm 2.999134228449e+05 true resid norm 2.999134228449e+05 ||r(i)||/||b|| 1.242027629227e-01
317 KSP unpreconditioned resid norm 3.044747747721e+05 true resid norm 3.044747747721e+05 ||r(i)||/||b|| 1.260917497732e-01
318 KSP unpreconditioned resid norm 2.979220388100e+05 true resid norm 2.979220388100e+05 ||r(i)||/||b|| 1.233780735947e-01
319 KSP unpreconditioned resid norm 3.084115841151e+05 true resid norm 3.084115841151e+05 ||r(i)||/||b|| 1.277220956005e-01
320 KSP unpreconditioned resid norm 3.126746393198e+05 true resid norm 3.126746393198e+05 ||r(i)||/||b|| 1.294875492101e-01
321 KSP unpreconditioned resid norm 3.088947394069e+05 true resid norm 3.088947394069e+05 ||r(i)||/||b|| 1.279221840847e-01
322 KSP unpreconditioned resid norm 3.106053101869e+05 true resid norm 3.106053101869e+05 ||r(i)||/||b|| 1.286305805781e-01
323 KSP unpreconditioned resid norm 3.172501099673e+05 true resid norm 3.172501099673e+05 ||r(i)||/||b|| 1.313823830281e-01
324 KSP unpreconditioned resid norm 3.287088806128e+05 true resid norm 3.287088806128e+05 ||r(i)||/||b|| 1.361277890869e-01
325 KSP unpreconditioned resid norm 3.418208054360e+05 true resid norm 3.418208054360e+05 ||r(i)||/||b|| 1.415578137748e-01
326 KSP unpreconditioned resid norm 3.395854301646e+05 true resid norm 3.395854301646e+05 ||r(i)||/||b|| 1.406320806674e-01
327 KSP unpreconditioned resid norm 3.248444765395e+05 true resid norm 3.248444765395e+05 ||r(i)||/||b|| 1.345274283614e-01
328 KSP unpreconditioned resid norm 3.253308394767e+05 true resid norm 3.253308394767e+05 ||r(i)||/||b|| 1.347288452237e-01
329 KSP unpreconditioned resid norm 3.289853427420e+05 true resid norm 3.289853427420e+05 ||r(i)||/||b|| 1.362422799955e-01
330 KSP unpreconditioned resid norm 3.403134673293e+05 true resid norm 3.403134673293e+05 ||r(i)||/||b|| 1.409335817689e-01
331 KSP unpreconditioned resid norm 3.395803516385e+05 true resid norm 3.395803516385e+05 ||r(i)||/||b|| 1.406299775039e-01
332 KSP unpreconditioned resid norm 3.727484989709e+05 true resid norm 3.727484989709e+05 ||r(i)||/||b|| 1.543658600150e-01
333 KSP unpreconditioned resid norm 3.671397649094e+05 true resid norm 3.671397649094e+05 ||r(i)||/||b|| 1.520431221384e-01
334 KSP unpreconditioned resid norm 3.550804981534e+05 true resid norm 3.550804981534e+05 ||r(i)||/||b|| 1.470490333920e-01
335 KSP unpreconditioned resid norm 3.671712758036e+05 true resid norm 3.671712758036e+05 ||r(i)||/||b|| 1.520561717048e-01
336 KSP unpreconditioned resid norm 3.650977046263e+05 true resid norm 3.650977046263e+05 ||r(i)||/||b|| 1.511974463203e-01
337 KSP unpreconditioned resid norm 3.864517749834e+05 true resid norm 3.864517749834e+05 ||r(i)||/||b|| 1.600407802160e-01
338 KSP unpreconditioned resid norm 3.846237044649e+05 true resid norm 3.846237044649e+05 ||r(i)||/||b|| 1.592837237059e-01
339 KSP unpreconditioned resid norm 3.804283501019e+05 true resid norm 3.804283501019e+05 ||r(i)||/||b|| 1.575463069595e-01
340 KSP unpreconditioned resid norm 4.005851825894e+05 true resid norm 4.005851825894e+05 ||r(i)||/||b|| 1.658938302646e-01
341 KSP unpreconditioned resid norm 4.296438873233e+05 true resid norm 4.296438873233e+05 ||r(i)||/||b|| 1.779278745587e-01
342 KSP unpreconditioned resid norm 4.137961921229e+05 true resid norm 4.137961921229e+05 ||r(i)||/||b|| 1.713648887771e-01
343 KSP unpreconditioned resid norm 4.374751677941e+05 true resid norm 4.374751677941e+05 ||r(i)||/||b|| 1.811710327424e-01
344 KSP unpreconditioned resid norm 4.347577240140e+05 true resid norm 4.347577240140e+05 ||r(i)||/||b|| 1.800456612190e-01
345 KSP unpreconditioned resid norm 4.337477204292e+05 true resid norm 4.337477204292e+05 ||r(i)||/||b|| 1.796273897238e-01
346 KSP unpreconditioned resid norm 4.303202603596e+05 true resid norm 4.303202603596e+05 ||r(i)||/||b|| 1.782079800608e-01
347 KSP unpreconditioned resid norm 4.591068595492e+05 true resid norm 4.591068595492e+05 ||r(i)||/||b|| 1.901293376332e-01
348 KSP unpreconditioned resid norm 4.662198231775e+05 true resid norm 4.662198231775e+05 ||r(i)||/||b|| 1.930750201799e-01
349 KSP unpreconditioned resid norm 4.894348466773e+05 true resid norm 4.894348466773e+05 ||r(i)||/||b|| 2.026890282248e-01
350 KSP unpreconditioned resid norm 5.006156487938e+05 true resid norm 5.006156487938e+05 ||r(i)||/||b|| 2.073193195314e-01
351 KSP unpreconditioned resid norm 5.126898042168e+05 true resid norm 5.126898042168e+05 ||r(i)||/||b|| 2.123195741025e-01
352 KSP unpreconditioned resid norm 5.293170661152e+05 true resid norm 5.293170661152e+05 ||r(i)||/||b|| 2.192054008455e-01
353 KSP unpreconditioned resid norm 5.715960455294e+05 true resid norm 5.715960455294e+05 ||r(i)||/||b|| 2.367143406155e-01
354 KSP unpreconditioned resid norm 5.613844754742e+05 true resid norm 5.613844754742e+05 ||r(i)||/||b|| 2.324854361450e-01
355 KSP unpreconditioned resid norm 5.823348967837e+05 true resid norm 5.823348967837e+05 ||r(i)||/||b|| 2.411616073758e-01
356 KSP unpreconditioned resid norm 6.250174200693e+05 true resid norm 6.250174200693e+05 ||r(i)||/||b|| 2.588376662541e-01
357 KSP unpreconditioned resid norm 6.373175921422e+05 true resid norm 6.373175921422e+05 ||r(i)||/||b|| 2.639315208118e-01
358 KSP unpreconditioned resid norm 6.331453452396e+05 true resid norm 6.331453452396e+05 ||r(i)||/||b|| 2.622036735285e-01
359 KSP unpreconditioned resid norm 6.538545267182e+05 true resid norm 6.538545267182e+05 ||r(i)||/||b|| 2.707799404162e-01
360 KSP unpreconditioned resid norm 6.582579427422e+05 true resid norm 6.582579427422e+05 ||r(i)||/||b|| 2.726035214726e-01
361 KSP unpreconditioned resid norm 6.883791051935e+05 true resid norm 6.883791051935e+05 ||r(i)||/||b|| 2.850775600249e-01
362 KSP unpreconditioned resid norm 6.844818757403e+05 true resid norm 6.844818757403e+05 ||r(i)||/||b|| 2.834636053667e-01
363 KSP unpreconditioned resid norm 7.181507948736e+05 true resid norm 7.181507948736e+05 ||r(i)||/||b|| 2.974068718645e-01
364 KSP unpreconditioned resid norm 7.562846395193e+05 true resid norm 7.562846395193e+05 ||r(i)||/||b|| 3.131991922646e-01
365 KSP unpreconditioned resid norm 7.630721666604e+05 true resid norm 7.630721666604e+05 ||r(i)||/||b|| 3.160101022143e-01
366 KSP unpreconditioned resid norm 8.036751210824e+05 true resid norm 8.036751210825e+05 ||r(i)||/||b|| 3.328249518940e-01
367 KSP unpreconditioned resid norm 8.751213018416e+05 true resid norm 8.751213018416e+05 ||r(i)||/||b|| 3.624128675211e-01
368 KSP unpreconditioned resid norm 8.804235502927e+05 true resid norm 8.804235502927e+05 ||r(i)||/||b|| 3.646086809031e-01
369 KSP unpreconditioned resid norm 9.323837154828e+05 true resid norm 9.323837154828e+05 ||r(i)||/||b|| 3.861268777791e-01
370 KSP unpreconditioned resid norm 9.993307733580e+05 true resid norm 9.993307733580e+05 ||r(i)||/||b|| 4.138515773900e-01
371 KSP unpreconditioned resid norm 1.045035680499e+06 true resid norm 1.045035680499e+06 ||r(i)||/||b|| 4.327792922358e-01
372 KSP unpreconditioned resid norm 1.088117893523e+06 true resid norm 1.088117893523e+06 ||r(i)||/||b|| 4.506208741150e-01
373 KSP unpreconditioned resid norm 1.170533321720e+06 true resid norm 1.170533321720e+06 ||r(i)||/||b|| 4.847514701801e-01
374 KSP unpreconditioned resid norm 1.198200747241e+06 true resid norm 1.198200747241e+06 ||r(i)||/||b|| 4.962093457898e-01
375 KSP unpreconditioned resid norm 1.282163102487e+06 true resid norm 1.282163102487e+06 ||r(i)||/||b|| 5.309805687785e-01
376 KSP unpreconditioned resid norm 1.320398222737e+06 true resid norm 1.320398222737e+06 ||r(i)||/||b|| 5.468148303155e-01
377 KSP unpreconditioned resid norm 1.373821632508e+06 true resid norm 1.373821632508e+06 ||r(i)||/||b|| 5.689389988017e-01
378 KSP unpreconditioned resid norm 1.524406799389e+06 true resid norm 1.524406799389e+06 ||r(i)||/||b|| 6.313006417198e-01
379 KSP unpreconditioned resid norm 1.654888738214e+06 true resid norm 1.654888738214e+06 ||r(i)||/||b|| 6.853369604674e-01
380 KSP unpreconditioned resid norm 1.752268389500e+06 true resid norm 1.752268389500e+06 ||r(i)||/||b|| 7.256646711361e-01
381 KSP unpreconditioned resid norm 1.919901988583e+06 true resid norm 1.919901988583e+06 ||r(i)||/||b|| 7.950865595174e-01
382 KSP unpreconditioned resid norm 2.109712093820e+06 true resid norm 2.109712093820e+06 ||r(i)||/||b|| 8.736923760812e-01
383 KSP unpreconditioned resid norm 2.394403601366e+06 true resid norm 2.394403601366e+06 ||r(i)||/||b|| 9.915913066539e-01
384 KSP unpreconditioned resid norm 2.767190212196e+06 true resid norm 2.767190212196e+06 ||r(i)||/||b|| 1.145972949885e+00
385 KSP unpreconditioned resid norm 3.256909369083e+06 true resid norm 3.256909369083e+06 ||r(i)||/||b|| 1.348779719133e+00
386 KSP unpreconditioned resid norm 3.651381168455e+06 true resid norm 3.651381168455e+06 ||r(i)||/||b|| 1.512141821811e+00
387 KSP unpreconditioned resid norm 4.234249609850e+06 true resid norm 4.234249609850e+06 ||r(i)||/||b|| 1.753524385335e+00
388 KSP unpreconditioned resid norm 5.400847028826e+06 true resid norm 5.400847028826e+06 ||r(i)||/||b|| 2.236645885137e+00
389 KSP unpreconditioned resid norm 7.441186173997e+06 true resid norm 7.441186173997e+06 ||r(i)||/||b|| 3.081608930558e+00
390 KSP unpreconditioned resid norm 1.219311171332e+07 true resid norm 1.219311171332e+07 ||r(i)||/||b|| 5.049517787682e+00
391 KSP unpreconditioned resid norm 2.655595276271e+07 true resid norm 2.655595276271e+07 ||r(i)||/||b|| 1.099758281536e+01
Linear solve did not converge due to DIVERGED_INDEFINITE_MAT iterations 392
KSP Object: 1 MPI processes
  type: cg
  maximum iterations=10000, initial guess is zero
  tolerances:  relative=1e-08, absolute=1e-50, divergence=10000.
  left preconditioning
  using UNPRECONDITIONED norm type for convergence test
PC Object: 1 MPI processes
  type: icc
    0 levels of fill
    tolerance for zero pivot 2.22045e-14
    using Manteuffel shift [POSITIVE_DEFINITE]
    matrix ordering: natural
    factor fill ratio given 1., needed 1.
      Factored matrix follows:
        Mat Object:         1 MPI processes
          type: seqsbaij
          rows=1260320, cols=1260320
          package used to perform factorization: petsc
          total: nonzeros=67283889, allocated nonzeros=67283889
          total number of mallocs used during MatSetValues calls =0
              block size is 1
  linear system matrix = precond matrix:
  Mat Object:   1 MPI processes
    type: seqaij
    rows=1260320, cols=1260320
    total: nonzeros=133307458, allocated nonzeros=133307458
    total number of mallocs used during MatSetValues calls =0
      using I-node routines: found 420038 nodes, limit used is 5
Timing of PETSc KSPSolve routine 198.084
Warning! input did not contain a solution, hence result can't be verified. Ignore the following relative error as it is not valid
The relative error in solutions is: inf
Number of KSP iterations is 392
Time spent per KSP iteration is 0.505316
