INFO(/home/hpc/pr63so/ga53lov2/petsc-3.9_hypre_test): This is a test module.
WARNING(/home/hpc/pr63so/ga53lov2/petsc-3.9_hypre_test): This is a beta release. It is advised 
         not to use this for production work. Please abide by the 
         licensing restrictions applying for this product.
WARNING(/home/hpc/pr63so/ga53lov2/petsc-3.9_hypre_test): This module is scheduled for retirement.
  It will be removed on or shortly after the testing phase succeeds.
INFO(/home/hpc/pr63so/ga53lov2/petsc-3.9_hypre_test): invoking mpi.intel version for Medium_Node.
warning:seems as no solution array provided in input file(or err in read nsz vector)
Timing of PETSc INIT1 0.0466981
Timing of PETSc INIT2 53.7951
  0 KSP unpreconditioned resid norm 1.206473973984e+06 true resid norm 1.206473973984e+06 ||r(i)||/||b|| 1.000000000000e+00
  1 KSP unpreconditioned resid norm 2.614462430831e+05 true resid norm 2.614462430831e+05 ||r(i)||/||b|| 2.167027625302e-01
  2 KSP unpreconditioned resid norm 1.500663541817e+05 true resid norm 1.500663541817e+05 ||r(i)||/||b|| 1.243842448471e-01
  3 KSP unpreconditioned resid norm 1.023767813591e+05 true resid norm 1.023767813591e+05 ||r(i)||/||b|| 8.485618717579e-02
  4 KSP unpreconditioned resid norm 7.836489712194e+04 true resid norm 7.836489712194e+04 ||r(i)||/||b|| 6.495365736168e-02
  5 KSP unpreconditioned resid norm 6.366389813494e+04 true resid norm 6.366389813494e+04 ||r(i)||/||b|| 5.276856319139e-02
  6 KSP unpreconditioned resid norm 5.507841176412e+04 true resid norm 5.507841176413e+04 ||r(i)||/||b|| 4.565238285435e-02
  7 KSP unpreconditioned resid norm 4.882891664184e+04 true resid norm 4.882891664184e+04 ||r(i)||/||b|| 4.047241606099e-02
  8 KSP unpreconditioned resid norm 4.298484016776e+04 true resid norm 4.298484016776e+04 ||r(i)||/||b|| 3.562848523439e-02
  9 KSP unpreconditioned resid norm 3.826433213763e+04 true resid norm 3.826433213764e+04 ||r(i)||/||b|| 3.171583719397e-02
 10 KSP unpreconditioned resid norm 3.436299521113e+04 true resid norm 3.436299521113e+04 ||r(i)||/||b|| 2.848216866018e-02
 11 KSP unpreconditioned resid norm 3.077334378515e+04 true resid norm 3.077334378515e+04 ||r(i)||/||b|| 2.550684428238e-02
 12 KSP unpreconditioned resid norm 2.774538520559e+04 true resid norm 2.774538520560e+04 ||r(i)||/||b|| 2.299708555998e-02
 13 KSP unpreconditioned resid norm 2.524198207817e+04 true resid norm 2.524198207817e+04 ||r(i)||/||b|| 2.092211073134e-02
 14 KSP unpreconditioned resid norm 2.314298926118e+04 true resid norm 2.314298926118e+04 ||r(i)||/||b|| 1.918233609695e-02
 15 KSP unpreconditioned resid norm 2.119965473096e+04 true resid norm 2.119965473096e+04 ||r(i)||/||b|| 1.757158064584e-02
 16 KSP unpreconditioned resid norm 1.943746885279e+04 true resid norm 1.943746885280e+04 ||r(i)||/||b|| 1.611097236405e-02
 17 KSP unpreconditioned resid norm 1.764266434273e+04 true resid norm 1.764266434273e+04 ||r(i)||/||b|| 1.462332774944e-02
 18 KSP unpreconditioned resid norm 1.605507575610e+04 true resid norm 1.605507575611e+04 ||r(i)||/||b|| 1.330743646553e-02
 19 KSP unpreconditioned resid norm 1.454142751481e+04 true resid norm 1.454142751481e+04 ||r(i)||/||b|| 1.205283149772e-02
 20 KSP unpreconditioned resid norm 1.332798853219e+04 true resid norm 1.332798853220e+04 ||r(i)||/||b|| 1.104705846922e-02
 21 KSP unpreconditioned resid norm 1.228642752737e+04 true resid norm 1.228642752738e+04 ||r(i)||/||b|| 1.018374850376e-02
 22 KSP unpreconditioned resid norm 1.142948128585e+04 true resid norm 1.142948128586e+04 ||r(i)||/||b|| 9.473458634268e-03
 23 KSP unpreconditioned resid norm 1.067538054684e+04 true resid norm 1.067538054684e+04 ||r(i)||/||b|| 8.848413456937e-03
 24 KSP unpreconditioned resid norm 9.998424065504e+03 true resid norm 9.998424065512e+03 ||r(i)||/||b|| 8.287310195756e-03
 25 KSP unpreconditioned resid norm 9.438144606172e+03 true resid norm 9.438144606180e+03 ||r(i)||/||b|| 7.822916042700e-03
 26 KSP unpreconditioned resid norm 8.915417404331e+03 true resid norm 8.915417404339e+03 ||r(i)||/||b|| 7.389647515478e-03
 27 KSP unpreconditioned resid norm 8.441873364131e+03 true resid norm 8.441873364139e+03 ||r(i)||/||b|| 6.997145024408e-03
 28 KSP unpreconditioned resid norm 8.008811107573e+03 true resid norm 8.008811107581e+03 ||r(i)||/||b|| 6.638196331028e-03
 29 KSP unpreconditioned resid norm 7.602424725868e+03 true resid norm 7.602424725876e+03 ||r(i)||/||b|| 6.301358247100e-03
 30 KSP unpreconditioned resid norm 7.223503933541e+03 true resid norm 7.223503933549e+03 ||r(i)||/||b|| 5.987285336704e-03
 31 KSP unpreconditioned resid norm 6.872011237833e+03 true resid norm 6.872011237842e+03 ||r(i)||/||b|| 5.695946523529e-03
 32 KSP unpreconditioned resid norm 6.558843024419e+03 true resid norm 6.558843024427e+03 ||r(i)||/||b|| 5.436373403704e-03
 33 KSP unpreconditioned resid norm 6.268596305655e+03 true resid norm 6.268596305664e+03 ||r(i)||/||b|| 5.195799031590e-03
 34 KSP unpreconditioned resid norm 6.011787294613e+03 true resid norm 6.011787294622e+03 ||r(i)||/||b|| 4.982939892827e-03
 35 KSP unpreconditioned resid norm 5.784508704871e+03 true resid norm 5.784508704880e+03 ||r(i)||/||b|| 4.794557387574e-03
 36 KSP unpreconditioned resid norm 5.576961151113e+03 true resid norm 5.576961151124e+03 ||r(i)||/||b|| 4.622529181220e-03
 37 KSP unpreconditioned resid norm 5.383238722618e+03 true resid norm 5.383238722629e+03 ||r(i)||/||b|| 4.461960090903e-03
 38 KSP unpreconditioned resid norm 5.191771103455e+03 true resid norm 5.191771103468e+03 ||r(i)||/||b|| 4.303259925553e-03
 39 KSP unpreconditioned resid norm 5.009930680623e+03 true resid norm 5.009930680637e+03 ||r(i)||/||b|| 4.152539373969e-03
 40 KSP unpreconditioned resid norm 4.830480271063e+03 true resid norm 4.830480271078e+03 ||r(i)||/||b|| 4.003799812711e-03
 41 KSP unpreconditioned resid norm 4.664309090816e+03 true resid norm 4.664309090832e+03 ||r(i)||/||b|| 3.866066895277e-03
 42 KSP unpreconditioned resid norm 4.499762789130e+03 true resid norm 4.499762789147e+03 ||r(i)||/||b|| 3.729680777355e-03
 43 KSP unpreconditioned resid norm 4.348070564876e+03 true resid norm 4.348070564894e+03 ||r(i)||/||b|| 3.603948911170e-03
 44 KSP unpreconditioned resid norm 4.199043279083e+03 true resid norm 4.199043279103e+03 ||r(i)||/||b|| 3.480425910255e-03
 45 KSP unpreconditioned resid norm 4.057520477415e+03 true resid norm 4.057520477435e+03 ||r(i)||/||b|| 3.363123088380e-03
 46 KSP unpreconditioned resid norm 3.914755665184e+03 true resid norm 3.914755665206e+03 ||r(i)||/||b|| 3.244790811590e-03
 47 KSP unpreconditioned resid norm 3.779909272655e+03 true resid norm 3.779909272678e+03 ||r(i)||/||b|| 3.133021809162e-03
 48 KSP unpreconditioned resid norm 3.652539034303e+03 true resid norm 3.652539034328e+03 ||r(i)||/||b|| 3.027449504167e-03
 49 KSP unpreconditioned resid norm 3.540032744652e+03 true resid norm 3.540032744678e+03 ||r(i)||/||b|| 2.934197356109e-03
 50 KSP unpreconditioned resid norm 3.436258425913e+03 true resid norm 3.436258425940e+03 ||r(i)||/||b|| 2.848182803805e-03
 51 KSP unpreconditioned resid norm 3.345902766242e+03 true resid norm 3.345902766269e+03 ||r(i)||/||b|| 2.773290463300e-03
 52 KSP unpreconditioned resid norm 3.261556286460e+03 true resid norm 3.261556286489e+03 ||r(i)||/||b|| 2.703378901510e-03
 53 KSP unpreconditioned resid norm 3.181400187806e+03 true resid norm 3.181400187835e+03 ||r(i)||/||b|| 2.636940585904e-03
 54 KSP unpreconditioned resid norm 3.100888095201e+03 true resid norm 3.100888095232e+03 ||r(i)||/||b|| 2.570207200568e-03
 55 KSP unpreconditioned resid norm 3.021194762315e+03 true resid norm 3.021194762347e+03 ||r(i)||/||b|| 2.504152453758e-03
 56 KSP unpreconditioned resid norm 2.940464096056e+03 true resid norm 2.940464096089e+03 ||r(i)||/||b|| 2.437237901104e-03
 57 KSP unpreconditioned resid norm 2.860561462111e+03 true resid norm 2.860561462145e+03 ||r(i)||/||b|| 2.371009672674e-03
 58 KSP unpreconditioned resid norm 2.783084840067e+03 true resid norm 2.783084840102e+03 ||r(i)||/||b|| 2.306792272453e-03
 59 KSP unpreconditioned resid norm 2.708212274038e+03 true resid norm 2.708212274074e+03 ||r(i)||/||b|| 2.244733274379e-03
 60 KSP unpreconditioned resid norm 2.635874663392e+03 true resid norm 2.635874663430e+03 ||r(i)||/||b|| 2.184775403588e-03
 61 KSP unpreconditioned resid norm 2.564439850994e+03 true resid norm 2.564439851032e+03 ||r(i)||/||b|| 2.125565827635e-03
 62 KSP unpreconditioned resid norm 2.492759307065e+03 true resid norm 2.492759307104e+03 ||r(i)||/||b|| 2.066152574243e-03
 63 KSP unpreconditioned resid norm 2.421999039615e+03 true resid norm 2.421999039655e+03 ||r(i)||/||b|| 2.007502102724e-03
 64 KSP unpreconditioned resid norm 2.352379514119e+03 true resid norm 2.352379514160e+03 ||r(i)||/||b|| 1.949797148455e-03
 65 KSP unpreconditioned resid norm 2.285401093331e+03 true resid norm 2.285401093372e+03 ||r(i)||/||b|| 1.894281304573e-03
 66 KSP unpreconditioned resid norm 2.221339503391e+03 true resid norm 2.221339503432e+03 ||r(i)||/||b|| 1.841183109899e-03
 67 KSP unpreconditioned resid norm 2.160649175355e+03 true resid norm 2.160649175396e+03 ||r(i)||/||b|| 1.790879224905e-03
 68 KSP unpreconditioned resid norm 2.102615164375e+03 true resid norm 2.102615164417e+03 ||r(i)||/||b|| 1.742777059229e-03
 69 KSP unpreconditioned resid norm 2.047121507867e+03 true resid norm 2.047121507908e+03 ||r(i)||/||b|| 1.696780495934e-03
 70 KSP unpreconditioned resid norm 1.992865682822e+03 true resid norm 1.992865682862e+03 ||r(i)||/||b|| 1.651809923658e-03
 71 KSP unpreconditioned resid norm 1.940118249196e+03 true resid norm 1.940118249237e+03 ||r(i)||/||b|| 1.608089599173e-03
 72 KSP unpreconditioned resid norm 1.888504651199e+03 true resid norm 1.888504651238e+03 ||r(i)||/||b|| 1.565309067549e-03
 73 KSP unpreconditioned resid norm 1.838572693954e+03 true resid norm 1.838572693994e+03 ||r(i)||/||b|| 1.523922383441e-03
 74 KSP unpreconditioned resid norm 1.790441965014e+03 true resid norm 1.790441965053e+03 ||r(i)||/||b|| 1.484028668386e-03
 75 KSP unpreconditioned resid norm 1.743613003364e+03 true resid norm 1.743613003403e+03 ||r(i)||/||b|| 1.445213938304e-03
 76 KSP unpreconditioned resid norm 1.698970647619e+03 true resid norm 1.698970647657e+03 ||r(i)||/||b|| 1.408211601985e-03
 77 KSP unpreconditioned resid norm 1.655913911023e+03 true resid norm 1.655913911061e+03 ||r(i)||/||b|| 1.372523524559e-03
 78 KSP unpreconditioned resid norm 1.614207501027e+03 true resid norm 1.614207501065e+03 ||r(i)||/||b|| 1.337954681057e-03
 79 KSP unpreconditioned resid norm 1.574185710403e+03 true resid norm 1.574185710440e+03 ||r(i)||/||b|| 1.304782153934e-03
 80 KSP unpreconditioned resid norm 1.536948345078e+03 true resid norm 1.536948345115e+03 ||r(i)||/||b|| 1.273917530139e-03
 81 KSP unpreconditioned resid norm 1.501890742876e+03 true resid norm 1.501890742912e+03 ||r(i)||/||b|| 1.244859628387e-03
 82 KSP unpreconditioned resid norm 1.468750037050e+03 true resid norm 1.468750037086e+03 ||r(i)||/||b|| 1.217390568514e-03
 83 KSP unpreconditioned resid norm 1.436680760169e+03 true resid norm 1.436680760204e+03 ||r(i)||/||b|| 1.190809574996e-03
 84 KSP unpreconditioned resid norm 1.406104993855e+03 true resid norm 1.406104993889e+03 ||r(i)||/||b|| 1.165466495100e-03
 85 KSP unpreconditioned resid norm 1.376369597931e+03 true resid norm 1.376369597964e+03 ||r(i)||/||b|| 1.140819965987e-03
 86 KSP unpreconditioned resid norm 1.347920178442e+03 true resid norm 1.347920178474e+03 ||r(i)||/||b|| 1.117239333413e-03
 87 KSP unpreconditioned resid norm 1.319188568348e+03 true resid norm 1.319188568379e+03 ||r(i)||/||b|| 1.093424803871e-03
 88 KSP unpreconditioned resid norm 1.291905750297e+03 true resid norm 1.291905750327e+03 ||r(i)||/||b|| 1.070811122482e-03
 89 KSP unpreconditioned resid norm 1.265738506680e+03 true resid norm 1.265738506710e+03 ||r(i)||/||b|| 1.049122097951e-03
 90 KSP unpreconditioned resid norm 1.240984805609e+03 true resid norm 1.240984805638e+03 ||r(i)||/||b|| 1.028604704617e-03
 91 KSP unpreconditioned resid norm 1.216740466048e+03 true resid norm 1.216740466076e+03 ||r(i)||/||b|| 1.008509501501e-03
 92 KSP unpreconditioned resid norm 1.193193275346e+03 true resid norm 1.193193275374e+03 ||r(i)||/||b|| 9.889921383337e-04
 93 KSP unpreconditioned resid norm 1.169790579985e+03 true resid norm 1.169790580012e+03 ||r(i)||/||b|| 9.695945418113e-04
 94 KSP unpreconditioned resid norm 1.146416746240e+03 true resid norm 1.146416746267e+03 ||r(i)||/||b|| 9.502208675765e-04
 95 KSP unpreconditioned resid norm 1.123410070895e+03 true resid norm 1.123410070922e+03 ||r(i)||/||b|| 9.311515168559e-04
 96 KSP unpreconditioned resid norm 1.100398131079e+03 true resid norm 1.100398131106e+03 ||r(i)||/||b|| 9.120778026175e-04
 97 KSP unpreconditioned resid norm 1.078211648838e+03 true resid norm 1.078211648865e+03 ||r(i)||/||b|| 8.936882785000e-04
 98 KSP unpreconditioned resid norm 1.056051973297e+03 true resid norm 1.056051973324e+03 ||r(i)||/||b|| 8.753209734287e-04
 99 KSP unpreconditioned resid norm 1.034666082162e+03 true resid norm 1.034666082189e+03 ||r(i)||/||b|| 8.575950285712e-04
100 KSP unpreconditioned resid norm 1.012975795949e+03 true resid norm 1.012975795977e+03 ||r(i)||/||b|| 8.396167823097e-04
101 KSP unpreconditioned resid norm 9.920428694635e+02 true resid norm 9.920428694911e+02 ||r(i)||/||b|| 8.222662824754e-04
102 KSP unpreconditioned resid norm 9.700100321250e+02 true resid norm 9.700100321527e+02 ||r(i)||/||b|| 8.040041087248e-04
103 KSP unpreconditioned resid norm 9.483658375099e+02 true resid norm 9.483658375376e+02 ||r(i)||/||b|| 7.860640660204e-04
104 KSP unpreconditioned resid norm 9.260810537041e+02 true resid norm 9.260810537317e+02 ||r(i)||/||b|| 7.675930635069e-04
105 KSP unpreconditioned resid norm 9.047206768282e+02 true resid norm 9.047206768557e+02 ||r(i)||/||b|| 7.498882664399e-04
106 KSP unpreconditioned resid norm 8.832725947600e+02 true resid norm 8.832725947873e+02 ||r(i)||/||b|| 7.321107739031e-04
107 KSP unpreconditioned resid norm 8.626163819470e+02 true resid norm 8.626163819740e+02 ||r(i)||/||b|| 7.149896314178e-04
108 KSP unpreconditioned resid norm 8.424980504978e+02 true resid norm 8.424980505244e+02 ||r(i)||/||b|| 6.983143181633e-04
109 KSP unpreconditioned resid norm 8.235293469233e+02 true resid norm 8.235293469496e+02 ||r(i)||/||b|| 6.825918873577e-04
110 KSP unpreconditioned resid norm 8.049382469308e+02 true resid norm 8.049382469568e+02 ||r(i)||/||b|| 6.671824376773e-04
111 KSP unpreconditioned resid norm 7.866456106479e+02 true resid norm 7.866456106736e+02 ||r(i)||/||b|| 6.520203731175e-04
112 KSP unpreconditioned resid norm 7.690634401501e+02 true resid norm 7.690634401756e+02 ||r(i)||/||b|| 6.374471863956e-04
113 KSP unpreconditioned resid norm 7.521150300436e+02 true resid norm 7.521150300689e+02 ||r(i)||/||b|| 6.233992993527e-04
114 KSP unpreconditioned resid norm 7.356043676364e+02 true resid norm 7.356043676616e+02 ||r(i)||/||b|| 6.097142445871e-04
115 KSP unpreconditioned resid norm 7.191828059718e+02 true resid norm 7.191828059970e+02 ||r(i)||/||b|| 5.961030420094e-04
116 KSP unpreconditioned resid norm 7.040770947547e+02 true resid norm 7.040770947801e+02 ||r(i)||/||b|| 5.835824973954e-04
117 KSP unpreconditioned resid norm 6.892326162080e+02 true resid norm 6.892326162335e+02 ||r(i)||/||b|| 5.712784785216e-04
118 KSP unpreconditioned resid norm 6.756435207656e+02 true resid norm 6.756435207913e+02 ||r(i)||/||b|| 5.600149985500e-04
119 KSP unpreconditioned resid norm 6.621430740707e+02 true resid norm 6.621430740966e+02 ||r(i)||/||b|| 5.488249961249e-04
120 KSP unpreconditioned resid norm 6.504310661150e+02 true resid norm 6.504310661410e+02 ||r(i)||/||b|| 5.391173619711e-04
121 KSP unpreconditioned resid norm 6.385220571008e+02 true resid norm 6.385220571271e+02 ||r(i)||/||b|| 5.292464411964e-04
122 KSP unpreconditioned resid norm 6.284231410941e+02 true resid norm 6.284231411205e+02 ||r(i)||/||b|| 5.208758370852e-04
123 KSP unpreconditioned resid norm 6.179895221376e+02 true resid norm 6.179895221642e+02 ||r(i)||/||b|| 5.122278105375e-04
124 KSP unpreconditioned resid norm 6.088100579844e+02 true resid norm 6.088100580113e+02 ||r(i)||/||b|| 5.046193048002e-04
125 KSP unpreconditioned resid norm 5.995906052205e+02 true resid norm 5.995906052478e+02 ||r(i)||/||b|| 4.969776540374e-04
126 KSP unpreconditioned resid norm 5.908148895188e+02 true resid norm 5.908148895465e+02 ||r(i)||/||b|| 4.897037999050e-04
127 KSP unpreconditioned resid norm 5.816600841626e+02 true resid norm 5.816600841909e+02 ||r(i)||/||b|| 4.821157328990e-04
128 KSP unpreconditioned resid norm 5.724329023990e+02 true resid norm 5.724329024278e+02 ||r(i)||/||b|| 4.744676758650e-04
129 KSP unpreconditioned resid norm 5.633106503979e+02 true resid norm 5.633106504274e+02 ||r(i)||/||b|| 4.669065910865e-04
130 KSP unpreconditioned resid norm 5.539593553185e+02 true resid norm 5.539593553488e+02 ||r(i)||/||b|| 4.591556612859e-04
131 KSP unpreconditioned resid norm 5.448983303398e+02 true resid norm 5.448983303711e+02 ||r(i)||/||b|| 4.516453252379e-04
132 KSP unpreconditioned resid norm 5.354576199275e+02 true resid norm 5.354576199597e+02 ||r(i)||/||b|| 4.438202824977e-04
133 KSP unpreconditioned resid norm 5.261993875232e+02 true resid norm 5.261993875565e+02 ||r(i)||/||b|| 4.361464887792e-04
134 KSP unpreconditioned resid norm 5.169574765299e+02 true resid norm 5.169574765643e+02 ||r(i)||/||b|| 4.284862232521e-04
135 KSP unpreconditioned resid norm 5.077497847508e+02 true resid norm 5.077497847866e+02 ||r(i)||/||b|| 4.208543207193e-04
136 KSP unpreconditioned resid norm 4.986826565900e+02 true resid norm 4.986826566270e+02 ||r(i)||/||b|| 4.133389259781e-04
137 KSP unpreconditioned resid norm 4.898959445516e+02 true resid norm 4.898959445900e+02 ||r(i)||/||b|| 4.060559574048e-04
138 KSP unpreconditioned resid norm 4.812284969003e+02 true resid norm 4.812284969400e+02 ||r(i)||/||b|| 3.988718425072e-04
139 KSP unpreconditioned resid norm 4.730173241115e+02 true resid norm 4.730173241526e+02 ||r(i)||/||b|| 3.920659163418e-04
140 KSP unpreconditioned resid norm 4.652063144083e+02 true resid norm 4.652063144505e+02 ||r(i)||/||b|| 3.855916700087e-04
141 KSP unpreconditioned resid norm 4.579735973541e+02 true resid norm 4.579735973975e+02 ||r(i)||/||b|| 3.795967482707e-04
142 KSP unpreconditioned resid norm 4.509134635897e+02 true resid norm 4.509134636341e+02 ||r(i)||/||b|| 3.737448742016e-04
143 KSP unpreconditioned resid norm 4.438602153217e+02 true resid norm 4.438602153672e+02 ||r(i)||/||b|| 3.678987072564e-04
144 KSP unpreconditioned resid norm 4.369667647111e+02 true resid norm 4.369667647573e+02 ||r(i)||/||b|| 3.621849904597e-04
145 KSP unpreconditioned resid norm 4.301316772761e+02 true resid norm 4.301316773231e+02 ||r(i)||/||b|| 3.565196486608e-04
146 KSP unpreconditioned resid norm 4.236846424675e+02 true resid norm 4.236846425151e+02 ||r(i)||/||b|| 3.511759487990e-04
147 KSP unpreconditioned resid norm 4.174757981734e+02 true resid norm 4.174757982216e+02 ||r(i)||/||b|| 3.460296759183e-04
148 KSP unpreconditioned resid norm 4.114473732672e+02 true resid norm 4.114473733159e+02 ||r(i)||/||b|| 3.410329457479e-04
149 KSP unpreconditioned resid norm 4.057350321575e+02 true resid norm 4.057350322066e+02 ||r(i)||/||b|| 3.362982053122e-04
150 KSP unpreconditioned resid norm 4.001905477952e+02 true resid norm 4.001905478449e+02 ||r(i)||/||b|| 3.317025948960e-04
151 KSP unpreconditioned resid norm 3.947244123760e+02 true resid norm 3.947244124263e+02 ||r(i)||/||b|| 3.271719249134e-04
152 KSP unpreconditioned resid norm 3.894728527322e+02 true resid norm 3.894728527830e+02 ||r(i)||/||b|| 3.228191085605e-04
153 KSP unpreconditioned resid norm 3.838253410519e+02 true resid norm 3.838253411035e+02 ||r(i)||/||b|| 3.181381027524e-04
154 KSP unpreconditioned resid norm 3.784041875469e+02 true resid norm 3.784041875990e+02 ||r(i)||/||b|| 3.136447165532e-04
155 KSP unpreconditioned resid norm 3.722138619571e+02 true resid norm 3.722138620099e+02 ||r(i)||/||b|| 3.085137931163e-04
156 KSP unpreconditioned resid norm 3.664745892022e+02 true resid norm 3.664745892556e+02 ||r(i)||/||b|| 3.037567300731e-04
157 KSP unpreconditioned resid norm 3.603170699060e+02 true resid norm 3.603170699600e+02 ||r(i)||/||b|| 2.986529985145e-04
158 KSP unpreconditioned resid norm 3.546535029699e+02 true resid norm 3.546535030244e+02 ||r(i)||/||b|| 2.939586851205e-04
159 KSP unpreconditioned resid norm 3.484925527914e+02 true resid norm 3.484925528463e+02 ||r(i)||/||b|| 2.888521098350e-04
160 KSP unpreconditioned resid norm 3.427967939369e+02 true resid norm 3.427967939922e+02 ||r(i)||/||b|| 2.841311137945e-04
161 KSP unpreconditioned resid norm 3.368065781551e+02 true resid norm 3.368065782108e+02 ||r(i)||/||b|| 2.791660537016e-04
162 KSP unpreconditioned resid norm 3.311827471707e+02 true resid norm 3.311827472268e+02 ||r(i)||/||b|| 2.745046759137e-04
163 KSP unpreconditioned resid norm 3.252944529842e+02 true resid norm 3.252944530408e+02 ||r(i)||/||b|| 2.696240947218e-04
164 KSP unpreconditioned resid norm 3.196001370491e+02 true resid norm 3.196001371064e+02 ||r(i)||/||b|| 2.649042946621e-04
165 KSP unpreconditioned resid norm 3.137691739842e+02 true resid norm 3.137691740422e+02 ||r(i)||/||b|| 2.600712330380e-04
166 KSP unpreconditioned resid norm 3.079890416635e+02 true resid norm 3.079890417223e+02 ||r(i)||/||b|| 2.552803030680e-04
167 KSP unpreconditioned resid norm 3.022158859184e+02 true resid norm 3.022158859781e+02 ||r(i)||/||b|| 2.504951557140e-04
168 KSP unpreconditioned resid norm 2.967833990454e+02 true resid norm 2.967833991058e+02 ||r(i)||/||b|| 2.459923757210e-04
169 KSP unpreconditioned resid norm 2.912961351071e+02 true resid norm 2.912961351682e+02 ||r(i)||/||b|| 2.414441931195e-04
170 KSP unpreconditioned resid norm 2.860021434213e+02 true resid norm 2.860021434832e+02 ||r(i)||/||b|| 2.370562064748e-04
171 KSP unpreconditioned resid norm 2.807787280935e+02 true resid norm 2.807787281561e+02 ||r(i)||/||b|| 2.327267178660e-04
172 KSP unpreconditioned resid norm 2.756900442281e+02 true resid norm 2.756900442912e+02 ||r(i)||/||b|| 2.285089029984e-04
173 KSP unpreconditioned resid norm 2.708483216494e+02 true resid norm 2.708483217132e+02 ||r(i)||/||b|| 2.244957848687e-04
174 KSP unpreconditioned resid norm 2.660718674507e+02 true resid norm 2.660718675149e+02 ||r(i)||/||b|| 2.205367651954e-04
175 KSP unpreconditioned resid norm 2.615750210843e+02 true resid norm 2.615750211490e+02 ||r(i)||/||b|| 2.168095017294e-04
176 KSP unpreconditioned resid norm 2.570995249664e+02 true resid norm 2.570995250316e+02 ||r(i)||/||b|| 2.130999346655e-04
177 KSP unpreconditioned resid norm 2.529968278525e+02 true resid norm 2.529968279182e+02 ||r(i)||/||b|| 2.096993663964e-04
178 KSP unpreconditioned resid norm 2.489443863658e+02 true resid norm 2.489443864319e+02 ||r(i)||/||b|| 2.063404530890e-04
179 KSP unpreconditioned resid norm 2.452187989681e+02 true resid norm 2.452187990348e+02 ||r(i)||/||b|| 2.032524565989e-04
180 KSP unpreconditioned resid norm 2.414087938696e+02 true resid norm 2.414087939369e+02 ||r(i)||/||b|| 2.000944895145e-04
181 KSP unpreconditioned resid norm 2.378687274825e+02 true resid norm 2.378687275504e+02 ||r(i)||/||b|| 1.971602642740e-04
182 KSP unpreconditioned resid norm 2.341006280899e+02 true resid norm 2.341006281584e+02 ||r(i)||/||b|| 1.940370312220e-04
183 KSP unpreconditioned resid norm 2.304919192076e+02 true resid norm 2.304919192768e+02 ||r(i)||/||b|| 1.910459108502e-04
184 KSP unpreconditioned resid norm 2.268279677669e+02 true resid norm 2.268279678368e+02 ||r(i)||/||b|| 1.880090020407e-04
185 KSP unpreconditioned resid norm 2.233026861424e+02 true resid norm 2.233026862130e+02 ||r(i)||/||b|| 1.850870313229e-04
186 KSP unpreconditioned resid norm 2.198524414375e+02 true resid norm 2.198524415088e+02 ||r(i)||/||b|| 1.822272558295e-04
187 KSP unpreconditioned resid norm 2.165731604468e+02 true resid norm 2.165731605189e+02 ||r(i)||/||b|| 1.795091856012e-04
188 KSP unpreconditioned resid norm 2.133934246186e+02 true resid norm 2.133934246913e+02 ||r(i)||/||b|| 1.768736245396e-04
189 KSP unpreconditioned resid norm 2.103037935705e+02 true resid norm 2.103037936437e+02 ||r(i)||/||b|| 1.743127478741e-04
190 KSP unpreconditioned resid norm 2.073409198623e+02 true resid norm 2.073409199359e+02 ||r(i)||/||b|| 1.718569355054e-04
191 KSP unpreconditioned resid norm 2.045751853192e+02 true resid norm 2.045751853930e+02 ||r(i)||/||b|| 1.695645242287e-04
192 KSP unpreconditioned resid norm 2.018069481781e+02 true resid norm 2.018069482523e+02 ||r(i)||/||b|| 1.672700386449e-04
193 KSP unpreconditioned resid norm 1.990892362841e+02 true resid norm 1.990892363585e+02 ||r(i)||/||b|| 1.650174315000e-04
194 KSP unpreconditioned resid norm 1.964009405756e+02 true resid norm 1.964009406504e+02 ||r(i)||/||b|| 1.627892063033e-04
195 KSP unpreconditioned resid norm 1.938168522166e+02 true resid norm 1.938168522918e+02 ||r(i)||/||b|| 1.606473545813e-04
196 KSP unpreconditioned resid norm 1.912516370752e+02 true resid norm 1.912516371509e+02 ||r(i)||/||b|| 1.585211461457e-04
197 KSP unpreconditioned resid norm 1.888287269778e+02 true resid norm 1.888287270539e+02 ||r(i)||/||b|| 1.565128889025e-04
198 KSP unpreconditioned resid norm 1.863088817755e+02 true resid norm 1.863088818522e+02 ||r(i)||/||b|| 1.544242858692e-04
199 KSP unpreconditioned resid norm 1.838780813299e+02 true resid norm 1.838780814072e+02 ||r(i)||/||b|| 1.524094886191e-04
200 KSP unpreconditioned resid norm 1.814464989671e+02 true resid norm 1.814464990451e+02 ||r(i)||/||b|| 1.503940432680e-04
201 KSP unpreconditioned resid norm 1.790921979548e+02 true resid norm 1.790921980334e+02 ||r(i)||/||b|| 1.484426534640e-04
202 KSP unpreconditioned resid norm 1.767453372398e+02 true resid norm 1.767453373190e+02 ||r(i)||/||b|| 1.464974306369e-04
203 KSP unpreconditioned resid norm 1.744127276372e+02 true resid norm 1.744127277169e+02 ||r(i)||/||b|| 1.445640200103e-04
204 KSP unpreconditioned resid norm 1.720731397533e+02 true resid norm 1.720731398335e+02 ||r(i)||/||b|| 1.426248253539e-04
205 KSP unpreconditioned resid norm 1.697261319910e+02 true resid norm 1.697261320714e+02 ||r(i)||/||b|| 1.406794806447e-04
206 KSP unpreconditioned resid norm 1.674545500752e+02 true resid norm 1.674545501559e+02 ||r(i)||/||b|| 1.387966535266e-04
207 KSP unpreconditioned resid norm 1.653303948257e+02 true resid norm 1.653303949061e+02 ||r(i)||/||b|| 1.370360227168e-04
208 KSP unpreconditioned resid norm 1.632669450261e+02 true resid norm 1.632669451063e+02 ||r(i)||/||b|| 1.353257083260e-04
209 KSP unpreconditioned resid norm 1.612822664225e+02 true resid norm 1.612822665021e+02 ||r(i)||/||b|| 1.336806843579e-04
210 KSP unpreconditioned resid norm 1.593309889223e+02 true resid norm 1.593309890011e+02 ||r(i)||/||b|| 1.320633452830e-04
211 KSP unpreconditioned resid norm 1.574452697517e+02 true resid norm 1.574452698294e+02 ||r(i)||/||b|| 1.305003449925e-04
212 KSP unpreconditioned resid norm 1.555472791967e+02 true resid norm 1.555472792733e+02 ||r(i)||/||b|| 1.289271734223e-04
213 KSP unpreconditioned resid norm 1.536778574890e+02 true resid norm 1.536778575643e+02 ||r(i)||/||b|| 1.273776814736e-04
214 KSP unpreconditioned resid norm 1.517803647873e+02 true resid norm 1.517803648613e+02 ||r(i)||/||b|| 1.258049225547e-04
215 KSP unpreconditioned resid norm 1.498989275221e+02 true resid norm 1.498989275943e+02 ||r(i)||/||b|| 1.242454713708e-04
216 KSP unpreconditioned resid norm 1.479987106242e+02 true resid norm 1.479987106949e+02 ||r(i)||/||b|| 1.226704544700e-04
217 KSP unpreconditioned resid norm 1.462432054316e+02 true resid norm 1.462432055005e+02 ||r(i)||/||b|| 1.212153835507e-04
218 KSP unpreconditioned resid norm 1.444819392765e+02 true resid norm 1.444819393436e+02 ||r(i)||/||b|| 1.197555375907e-04
219 KSP unpreconditioned resid norm 1.427949604666e+02 true resid norm 1.427949605315e+02 ||r(i)||/||b|| 1.183572655612e-04
220 KSP unpreconditioned resid norm 1.411244226875e+02 true resid norm 1.411244227499e+02 ||r(i)||/||b|| 1.169726208713e-04
221 KSP unpreconditioned resid norm 1.395026888891e+02 true resid norm 1.395026889487e+02 ||r(i)||/||b|| 1.156284279288e-04
222 KSP unpreconditioned resid norm 1.378827264440e+02 true resid norm 1.378827265008e+02 ||r(i)||/||b|| 1.142857031930e-04
223 KSP unpreconditioned resid norm 1.362075585807e+02 true resid norm 1.362075586341e+02 ||r(i)||/||b|| 1.128972208031e-04
224 KSP unpreconditioned resid norm 1.344671952228e+02 true resid norm 1.344671952726e+02 ||r(i)||/||b|| 1.114547003683e-04
225 KSP unpreconditioned resid norm 1.325966612141e+02 true resid norm 1.325966612599e+02 ||r(i)||/||b|| 1.099042864738e-04
226 KSP unpreconditioned resid norm 1.308240065824e+02 true resid norm 1.308240066247e+02 ||r(i)||/||b|| 1.084350010408e-04
227 KSP unpreconditioned resid norm 1.290003430066e+02 true resid norm 1.290003430454e+02 ||r(i)||/||b|| 1.069234362507e-04
228 KSP unpreconditioned resid norm 1.273177371836e+02 true resid norm 1.273177372190e+02 ||r(i)||/||b|| 1.055287888213e-04
229 KSP unpreconditioned resid norm 1.256638287771e+02 true resid norm 1.256638288094e+02 ||r(i)||/||b|| 1.041579275800e-04
230 KSP unpreconditioned resid norm 1.240891558353e+02 true resid norm 1.240891558645e+02 ||r(i)||/||b|| 1.028527415761e-04
231 KSP unpreconditioned resid norm 1.225982636274e+02 true resid norm 1.225982636537e+02 ||r(i)||/||b|| 1.016169982091e-04
232 KSP unpreconditioned resid norm 1.211913458147e+02 true resid norm 1.211913458379e+02 ||r(i)||/||b|| 1.004508579971e-04
233 KSP unpreconditioned resid norm 1.197945990685e+02 true resid norm 1.197945990890e+02 ||r(i)||/||b|| 9.929314819235e-05
234 KSP unpreconditioned resid norm 1.184596486901e+02 true resid norm 1.184596487080e+02 ||r(i)||/||b|| 9.818665902660e-05
235 KSP unpreconditioned resid norm 1.170265534579e+02 true resid norm 1.170265534732e+02 ||r(i)||/||b|| 9.699882135605e-05
236 KSP unpreconditioned resid norm 1.156386755185e+02 true resid norm 1.156386755316e+02 ||r(i)||/||b|| 9.584846256547e-05
237 KSP unpreconditioned resid norm 1.142118445858e+02 true resid norm 1.142118445973e+02 ||r(i)||/||b|| 9.466581713335e-05
238 KSP unpreconditioned resid norm 1.127324489579e+02 true resid norm 1.127324489682e+02 ||r(i)||/||b|| 9.343960284194e-05
239 KSP unpreconditioned resid norm 1.111833677711e+02 true resid norm 1.111833677808e+02 ||r(i)||/||b|| 9.215562886420e-05
240 KSP unpreconditioned resid norm 1.095836412234e+02 true resid norm 1.095836412328e+02 ||r(i)||/||b|| 9.082967688969e-05
241 KSP unpreconditioned resid norm 1.080311241067e+02 true resid norm 1.080311241163e+02 ||r(i)||/||b|| 8.954285500213e-05
242 KSP unpreconditioned resid norm 1.064791950450e+02 true resid norm 1.064791950552e+02 ||r(i)||/||b|| 8.825652053116e-05
243 KSP unpreconditioned resid norm 1.049686564351e+02 true resid norm 1.049686564467e+02 ||r(i)||/||b|| 8.700449301865e-05
244 KSP unpreconditioned resid norm 1.035649167242e+02 true resid norm 1.035649167377e+02 ||r(i)||/||b|| 8.584098701745e-05
245 KSP unpreconditioned resid norm 1.021549230513e+02 true resid norm 1.021549230666e+02 ||r(i)||/||b|| 8.467229734701e-05
246 KSP unpreconditioned resid norm 1.007872919738e+02 true resid norm 1.007872919915e+02 ||r(i)||/||b|| 8.353872040746e-05
247 KSP unpreconditioned resid norm 9.952365513138e+01 true resid norm 9.952365515220e+01 ||r(i)||/||b|| 8.249134030099e-05
248 KSP unpreconditioned resid norm 9.830546028253e+01 true resid norm 9.830546030732e+01 ||r(i)||/||b|| 8.148162532068e-05
249 KSP unpreconditioned resid norm 9.715280289950e+01 true resid norm 9.715280292852e+01 ||r(i)||/||b|| 8.052623183218e-05
250 KSP unpreconditioned resid norm 9.597086662542e+01 true resid norm 9.597086665924e+01 ||r(i)||/||b|| 7.954657019441e-05
251 KSP unpreconditioned resid norm 9.484643333182e+01 true resid norm 9.484643337101e+01 ||r(i)||/||b|| 7.861457057197e-05
252 KSP unpreconditioned resid norm 9.369278574034e+01 true resid norm 9.369278578522e+01 ||r(i)||/||b|| 7.765835633887e-05
253 KSP unpreconditioned resid norm 9.254063789450e+01 true resid norm 9.254063794572e+01 ||r(i)||/||b|| 7.670338518794e-05
254 KSP unpreconditioned resid norm 9.133622322078e+01 true resid norm 9.133622327852e+01 ||r(i)||/||b|| 7.570509206834e-05
255 KSP unpreconditioned resid norm 9.008134601593e+01 true resid norm 9.008134608063e+01 ||r(i)||/||b|| 7.466497249267e-05
256 KSP unpreconditioned resid norm 8.882330301749e+01 true resid norm 8.882330308884e+01 ||r(i)||/||b|| 7.362222891186e-05
257 KSP unpreconditioned resid norm 8.755160543727e+01 true resid norm 8.755160551588e+01 ||r(i)||/||b|| 7.256816757246e-05
258 KSP unpreconditioned resid norm 8.633811553312e+01 true resid norm 8.633811561846e+01 ||r(i)||/||b|| 7.156235234264e-05
259 KSP unpreconditioned resid norm 8.520019674815e+01 true resid norm 8.520019684058e+01 ||r(i)||/||b|| 7.061917511509e-05
260 KSP unpreconditioned resid norm 8.410998991360e+01 true resid norm 8.410999001245e+01 ||r(i)||/||b|| 6.971554449261e-05
261 KSP unpreconditioned resid norm 8.303481292078e+01 true resid norm 8.303481302659e+01 ||r(i)||/||b|| 6.882437152987e-05
262 KSP unpreconditioned resid norm 8.208488244457e+01 true resid norm 8.208488255666e+01 ||r(i)||/||b|| 6.803701060007e-05
263 KSP unpreconditioned resid norm 8.115450489120e+01 true resid norm 8.115450500967e+01 ||r(i)||/||b|| 6.726585633811e-05
264 KSP unpreconditioned resid norm 8.031573352250e+01 true resid norm 8.031573364666e+01 ||r(i)||/||b|| 6.657063092828e-05
265 KSP unpreconditioned resid norm 7.944256507809e+01 true resid norm 7.944256520803e+01 ||r(i)||/||b|| 6.584689510184e-05
266 KSP unpreconditioned resid norm 7.859361537968e+01 true resid norm 7.859361551517e+01 ||r(i)||/||b|| 6.514323326482e-05
267 KSP unpreconditioned resid norm 7.771149354511e+01 true resid norm 7.771149368626e+01 ||r(i)||/||b|| 6.441207631661e-05
268 KSP unpreconditioned resid norm 7.684020029803e+01 true resid norm 7.684020044429e+01 ||r(i)||/||b|| 6.368989476876e-05
269 KSP unpreconditioned resid norm 7.595106636861e+01 true resid norm 7.595106652034e+01 ||r(i)||/||b|| 6.295292576394e-05
270 KSP unpreconditioned resid norm 7.507777879213e+01 true resid norm 7.507777894846e+01 ||r(i)||/||b|| 6.222909119253e-05
271 KSP unpreconditioned resid norm 7.416096590886e+01 true resid norm 7.416096606978e+01 ||r(i)||/||b|| 6.146918016382e-05
272 KSP unpreconditioned resid norm 7.325585569968e+01 true resid norm 7.325585586438e+01 ||r(i)||/||b|| 6.071896903211e-05
273 KSP unpreconditioned resid norm 7.235047940684e+01 true resid norm 7.235047957579e+01 ||r(i)||/||b|| 5.996853735425e-05
274 KSP unpreconditioned resid norm 7.149884175064e+01 true resid norm 7.149884192259e+01 ||r(i)||/||b|| 5.926264757000e-05
275 KSP unpreconditioned resid norm 7.069525097865e+01 true resid norm 7.069525115280e+01 ||r(i)||/||b|| 5.859658200446e-05
276 KSP unpreconditioned resid norm 6.993306243287e+01 true resid norm 6.993306260774e+01 ||r(i)||/||b|| 5.796483315493e-05
277 KSP unpreconditioned resid norm 6.923717448023e+01 true resid norm 6.923717465586e+01 ||r(i)||/||b|| 5.738803832397e-05
278 KSP unpreconditioned resid norm 6.858158308764e+01 true resid norm 6.858158326205e+01 ||r(i)||/||b|| 5.684464376432e-05
279 KSP unpreconditioned resid norm 6.795454456320e+01 true resid norm 6.795454473615e+01 ||r(i)||/||b|| 5.632491558169e-05
280 KSP unpreconditioned resid norm 6.731275488457e+01 true resid norm 6.731275505532e+01 ||r(i)||/||b|| 5.579296073254e-05
281 KSP unpreconditioned resid norm 6.667472564619e+01 true resid norm 6.667472581413e+01 ||r(i)||/||b|| 5.526412276757e-05
282 KSP unpreconditioned resid norm 6.598530977505e+01 true resid norm 6.598530993942e+01 ||r(i)||/||b|| 5.469269239312e-05
283 KSP unpreconditioned resid norm 6.533421124404e+01 true resid norm 6.533421140528e+01 ||r(i)||/||b|| 5.415302179254e-05
284 KSP unpreconditioned resid norm 6.464684155127e+01 true resid norm 6.464684170839e+01 ||r(i)||/||b|| 5.358328741640e-05
285 KSP unpreconditioned resid norm 6.403080250415e+01 true resid norm 6.403080265760e+01 ||r(i)||/||b|| 5.307267627678e-05
286 KSP unpreconditioned resid norm 6.335736460293e+01 true resid norm 6.335736475165e+01 ||r(i)||/||b|| 5.251448942776e-05
287 KSP unpreconditioned resid norm 6.274868215223e+01 true resid norm 6.274868229623e+01 ||r(i)||/||b|| 5.200997588786e-05
288 KSP unpreconditioned resid norm 6.212760494042e+01 true resid norm 6.212760507910e+01 ||r(i)||/||b|| 5.149518880540e-05
289 KSP unpreconditioned resid norm 6.155940688199e+01 true resid norm 6.155940701539e+01 ||r(i)||/||b|| 5.102423122491e-05
290 KSP unpreconditioned resid norm 6.100823768689e+01 true resid norm 6.100823781471e+01 ||r(i)||/||b|| 5.056738821580e-05
291 KSP unpreconditioned resid norm 6.051183773219e+01 true resid norm 6.051183785464e+01 ||r(i)||/||b|| 5.015594132944e-05
292 KSP unpreconditioned resid norm 6.003549683500e+01 true resid norm 6.003549695217e+01 ||r(i)||/||b|| 4.976112062652e-05
293 KSP unpreconditioned resid norm 5.958029547949e+01 true resid norm 5.958029559114e+01 ||r(i)||/||b|| 4.938382167863e-05
294 KSP unpreconditioned resid norm 5.914971936721e+01 true resid norm 5.914971947436e+01 ||r(i)||/||b|| 4.902693365116e-05
295 KSP unpreconditioned resid norm 5.873213771717e+01 true resid norm 5.873213781907e+01 ||r(i)||/||b|| 4.868081623438e-05
296 KSP unpreconditioned resid norm 5.829027130432e+01 true resid norm 5.829027140081e+01 ||r(i)||/||b|| 4.831457010907e-05
297 KSP unpreconditioned resid norm 5.791355755889e+01 true resid norm 5.791355765068e+01 ||r(i)||/||b|| 4.800232653129e-05
298 KSP unpreconditioned resid norm 5.748351921202e+01 true resid norm 5.748351929833e+01 ||r(i)||/||b|| 4.764588423612e-05
299 KSP unpreconditioned resid norm 5.712236096743e+01 true resid norm 5.712236104900e+01 ||r(i)||/||b|| 4.734653401629e-05
300 KSP unpreconditioned resid norm 5.673164085003e+01 true resid norm 5.673164092630e+01 ||r(i)||/||b|| 4.702268109354e-05
301 KSP unpreconditioned resid norm 5.637862905713e+01 true resid norm 5.637862912979e+01 ||r(i)||/||b|| 4.673008315598e-05
302 KSP unpreconditioned resid norm 5.601625128799e+01 true resid norm 5.601625135667e+01 ||r(i)||/||b|| 4.642972211965e-05
303 KSP unpreconditioned resid norm 5.566099992076e+01 true resid norm 5.566099998680e+01 ||r(i)||/||b|| 4.613526788564e-05
304 KSP unpreconditioned resid norm 5.532952965399e+01 true resid norm 5.532952971730e+01 ||r(i)||/||b|| 4.586052489354e-05
305 KSP unpreconditioned resid norm 5.498491105312e+01 true resid norm 5.498491111463e+01 ||r(i)||/||b|| 4.557488375242e-05
306 KSP unpreconditioned resid norm 5.469501252371e+01 true resid norm 5.469501258406e+01 ||r(i)||/||b|| 4.533459798014e-05
307 KSP unpreconditioned resid norm 5.438315027603e+01 true resid norm 5.438315033494e+01 ||r(i)||/||b|| 4.507610732402e-05
308 KSP unpreconditioned resid norm 5.410075948320e+01 true resid norm 5.410075954104e+01 ||r(i)||/||b|| 4.484204442670e-05
309 KSP unpreconditioned resid norm 5.382384847878e+01 true resid norm 5.382384853544e+01 ||r(i)||/||b|| 4.461252351570e-05
310 KSP unpreconditioned resid norm 5.353085162994e+01 true resid norm 5.353085168511e+01 ||r(i)||/||b|| 4.436966966502e-05
311 KSP unpreconditioned resid norm 5.327459898539e+01 true resid norm 5.327459903991e+01 ||r(i)||/||b|| 4.415727167656e-05
312 KSP unpreconditioned resid norm 5.297791485608e+01 true resid norm 5.297791490878e+01 ||r(i)||/||b|| 4.391136158026e-05
313 KSP unpreconditioned resid norm 5.271454904431e+01 true resid norm 5.271454909663e+01 ||r(i)||/||b|| 4.369306776056e-05
314 KSP unpreconditioned resid norm 5.244650148064e+01 true resid norm 5.244650153088e+01 ||r(i)||/||b|| 4.347089341488e-05
315 KSP unpreconditioned resid norm 5.218523538272e+01 true resid norm 5.218523543265e+01 ||r(i)||/||b|| 4.325433996750e-05
316 KSP unpreconditioned resid norm 5.193678477683e+01 true resid norm 5.193678482515e+01 ||r(i)||/||b|| 4.304840878883e-05
317 KSP unpreconditioned resid norm 5.168582169098e+01 true resid norm 5.168582173765e+01 ||r(i)||/||b|| 4.284039511186e-05
318 KSP unpreconditioned resid norm 5.146586928507e+01 true resid norm 5.146586933030e+01 ||r(i)||/||b|| 4.265808499818e-05
319 KSP unpreconditioned resid norm 5.122027171094e+01 true resid norm 5.122027175438e+01 ||r(i)||/||b|| 4.245451858795e-05
320 KSP unpreconditioned resid norm 5.099578884143e+01 true resid norm 5.099578888312e+01 ||r(i)||/||b|| 4.226845334651e-05
321 KSP unpreconditioned resid norm 5.075259046079e+01 true resid norm 5.075259049926e+01 ||r(i)||/||b|| 4.206687553455e-05
322 KSP unpreconditioned resid norm 5.050392783887e+01 true resid norm 5.050392787483e+01 ||r(i)||/||b|| 4.186076862318e-05
323 KSP unpreconditioned resid norm 5.025932134001e+01 true resid norm 5.025932137301e+01 ||r(i)||/||b|| 4.165802367626e-05
324 KSP unpreconditioned resid norm 4.999086139890e+01 true resid norm 4.999086142744e+01 ||r(i)||/||b|| 4.143550752476e-05
325 KSP unpreconditioned resid norm 4.974251676976e+01 true resid norm 4.974251679432e+01 ||r(i)||/||b|| 4.122966418419e-05
326 KSP unpreconditioned resid norm 4.950474085982e+01 true resid norm 4.950474087936e+01 ||r(i)||/||b|| 4.103258084871e-05
327 KSP unpreconditioned resid norm 4.926888320825e+01 true resid norm 4.926888322376e+01 ||r(i)||/||b|| 4.083708748484e-05
328 KSP unpreconditioned resid norm 4.904460868207e+01 true resid norm 4.904460869164e+01 ||r(i)||/||b|| 4.065119492772e-05
329 KSP unpreconditioned resid norm 4.882481408411e+01 true resid norm 4.882481408783e+01 ||r(i)||/||b|| 4.046901561134e-05
330 KSP unpreconditioned resid norm 4.861180636797e+01 true resid norm 4.861180636487e+01 ||r(i)||/||b|| 4.029246168017e-05
331 KSP unpreconditioned resid norm 4.839366200917e+01 true resid norm 4.839366199811e+01 ||r(i)||/||b|| 4.011165018198e-05
332 KSP unpreconditioned resid norm 4.818554844244e+01 true resid norm 4.818554842300e+01 ||r(i)||/||b|| 3.993915282224e-05
333 KSP unpreconditioned resid norm 4.797126367516e+01 true resid norm 4.797126364464e+01 ||r(i)||/||b|| 3.976154038883e-05
334 KSP unpreconditioned resid norm 4.776084107301e+01 true resid norm 4.776084103095e+01 ||r(i)||/||b|| 3.958712915558e-05
335 KSP unpreconditioned resid norm 4.755498519579e+01 true resid norm 4.755498514063e+01 ||r(i)||/||b|| 3.941650310416e-05
336 KSP unpreconditioned resid norm 4.733736276372e+01 true resid norm 4.733736269287e+01 ||r(i)||/||b|| 3.923612420461e-05
337 KSP unpreconditioned resid norm 4.714662217389e+01 true resid norm 4.714662208754e+01 ||r(i)||/||b|| 3.907802663314e-05
338 KSP unpreconditioned resid norm 4.692938330431e+01 true resid norm 4.692938320006e+01 ||r(i)||/||b|| 3.889796565200e-05
339 KSP unpreconditioned resid norm 4.674425793919e+01 true resid norm 4.674425781772e+01 ||r(i)||/||b|| 3.874452232348e-05
340 KSP unpreconditioned resid norm 4.653919531489e+01 true resid norm 4.653919517434e+01 ||r(i)||/||b|| 3.857455376403e-05
341 KSP unpreconditioned resid norm 4.635980011684e+01 true resid norm 4.635979995811e+01 ||r(i)||/||b|| 3.842585995040e-05
342 KSP unpreconditioned resid norm 4.618046925334e+01 true resid norm 4.618046907555e+01 ||r(i)||/||b|| 3.827721946049e-05
343 KSP unpreconditioned resid norm 4.600369094386e+01 true resid norm 4.600369074558e+01 ||r(i)||/||b|| 3.813069468351e-05
344 KSP unpreconditioned resid norm 4.583454161011e+01 true resid norm 4.583454139121e+01 ||r(i)||/||b|| 3.799049327178e-05
345 KSP unpreconditioned resid norm 4.567049338369e+01 true resid norm 4.567049314305e+01 ||r(i)||/||b|| 3.785451997132e-05
346 KSP unpreconditioned resid norm 4.550153028601e+01 true resid norm 4.550153002162e+01 ||r(i)||/||b|| 3.771447292093e-05
347 KSP unpreconditioned resid norm 4.534542475919e+01 true resid norm 4.534542447110e+01 ||r(i)||/||b|| 3.758508301788e-05
348 KSP unpreconditioned resid norm 4.516889155755e+01 true resid norm 4.516889124231e+01 ||r(i)||/||b|| 3.743876139587e-05
349 KSP unpreconditioned resid norm 4.501495680877e+01 true resid norm 4.501495646765e+01 ||r(i)||/||b|| 3.731117076567e-05
350 KSP unpreconditioned resid norm 4.483640057340e+01 true resid norm 4.483640020299e+01 ||r(i)||/||b|| 3.716317232682e-05
351 KSP unpreconditioned resid norm 4.466576755204e+01 true resid norm 4.466576715214e+01 ||r(i)||/||b|| 3.702174113598e-05
352 KSP unpreconditioned resid norm 4.449152867894e+01 true resid norm 4.449152824709e+01 ||r(i)||/||b|| 3.687732119092e-05
353 KSP unpreconditioned resid norm 4.430875907937e+01 true resid norm 4.430875861409e+01 ||r(i)||/||b|| 3.672583045267e-05
354 KSP unpreconditioned resid norm 4.412551759644e+01 true resid norm 4.412551709732e+01 ||r(i)||/||b|| 3.657394858805e-05
355 KSP unpreconditioned resid norm 4.393806335969e+01 true resid norm 4.393806282482e+01 ||r(i)||/||b|| 3.641857493182e-05
356 KSP unpreconditioned resid norm 4.375532777656e+01 true resid norm 4.375532720643e+01 ||r(i)||/||b|| 3.626711238697e-05
357 KSP unpreconditioned resid norm 4.357487589441e+01 true resid norm 4.357487528749e+01 ||r(i)||/||b|| 3.611754271300e-05
358 KSP unpreconditioned resid norm 4.339992859319e+01 true resid norm 4.339992795227e+01 ||r(i)||/||b|| 3.597253557734e-05
359 KSP unpreconditioned resid norm 4.323341895433e+01 true resid norm 4.323341827967e+01 ||r(i)||/||b|| 3.583452209657e-05
360 KSP unpreconditioned resid norm 4.306810822479e+01 true resid norm 4.306810751836e+01 ||r(i)||/||b|| 3.569750234739e-05
361 KSP unpreconditioned resid norm 4.290465101092e+01 true resid norm 4.290465027284e+01 ||r(i)||/||b|| 3.556201890635e-05
362 KSP unpreconditioned resid norm 4.274551031047e+01 true resid norm 4.274550954189e+01 ||r(i)||/||b|| 3.543011325867e-05
363 KSP unpreconditioned resid norm 4.257814262255e+01 true resid norm 4.257814182400e+01 ||r(i)||/||b|| 3.529138857708e-05
364 KSP unpreconditioned resid norm 4.240545166998e+01 true resid norm 4.240545084149e+01 ||r(i)||/||b|| 3.514825164563e-05
365 KSP unpreconditioned resid norm 4.223069610449e+01 true resid norm 4.223069524555e+01 ||r(i)||/||b|| 3.500340343530e-05
366 KSP unpreconditioned resid norm 4.204032304829e+01 true resid norm 4.204032216006e+01 ||r(i)||/||b|| 3.484561048693e-05
367 KSP unpreconditioned resid norm 4.185715865415e+01 true resid norm 4.185715773774e+01 ||r(i)||/||b|| 3.469379252295e-05
368 KSP unpreconditioned resid norm 4.165754211221e+01 true resid norm 4.165754116740e+01 ||r(i)||/||b|| 3.452833800454e-05
369 KSP unpreconditioned resid norm 4.146829652669e+01 true resid norm 4.146829555792e+01 ||r(i)||/||b|| 3.437147957779e-05
370 KSP unpreconditioned resid norm 4.127170588866e+01 true resid norm 4.127170489787e+01 ||r(i)||/||b|| 3.420853312035e-05
371 KSP unpreconditioned resid norm 4.109403730649e+01 true resid norm 4.109403629723e+01 ||r(i)||/||b|| 3.406127043216e-05
372 KSP unpreconditioned resid norm 4.091252726548e+01 true resid norm 4.091252624140e+01 ||r(i)||/||b|| 3.391082370911e-05
373 KSP unpreconditioned resid norm 4.074676200030e+01 true resid norm 4.074676096315e+01 ||r(i)||/||b|| 3.377342722827e-05
374 KSP unpreconditioned resid norm 4.058013169052e+01 true resid norm 4.058013064713e+01 ||r(i)||/||b|| 3.363531375081e-05
375 KSP unpreconditioned resid norm 4.042278911493e+01 true resid norm 4.042278806604e+01 ||r(i)||/||b|| 3.350489852057e-05
376 KSP unpreconditioned resid norm 4.025694862226e+01 true resid norm 4.025694757243e+01 ||r(i)||/||b|| 3.336743969661e-05
377 KSP unpreconditioned resid norm 4.010007160112e+01 true resid norm 4.010007055211e+01 ||r(i)||/||b|| 3.323741035183e-05
378 KSP unpreconditioned resid norm 3.994442090912e+01 true resid norm 3.994441986568e+01 ||r(i)||/||b|| 3.310839746818e-05
379 KSP unpreconditioned resid norm 3.977605965439e+01 true resid norm 3.977605861954e+01 ||r(i)||/||b|| 3.296884928914e-05
380 KSP unpreconditioned resid norm 3.961372350549e+01 true resid norm 3.961372248278e+01 ||r(i)||/||b|| 3.283429509214e-05
381 KSP unpreconditioned resid norm 3.943866024444e+01 true resid norm 3.943865923749e+01 ||r(i)||/||b|| 3.268919188307e-05
382 KSP unpreconditioned resid norm 3.926515291168e+01 true resid norm 3.926515192347e+01 ||r(i)||/||b|| 3.254537832574e-05
383 KSP unpreconditioned resid norm 3.908289312781e+01 true resid norm 3.908289216249e+01 ||r(i)||/||b|| 3.239431020085e-05
384 KSP unpreconditioned resid norm 3.891129439015e+01 true resid norm 3.891129344984e+01 ||r(i)||/||b|| 3.225207860999e-05
385 KSP unpreconditioned resid norm 3.873342563153e+01 true resid norm 3.873342472079e+01 ||r(i)||/||b|| 3.210465004304e-05
386 KSP unpreconditioned resid norm 3.856849512355e+01 true resid norm 3.856849424257e+01 ||r(i)||/||b|| 3.196794549593e-05
387 KSP unpreconditioned resid norm 3.840121866065e+01 true resid norm 3.840121781530e+01 ||r(i)||/||b|| 3.182929648163e-05
388 KSP unpreconditioned resid norm 3.824268335976e+01 true resid norm 3.824268254921e+01 ||r(i)||/||b|| 3.169789268054e-05
389 KSP unpreconditioned resid norm 3.807986916613e+01 true resid norm 3.807986839461e+01 ||r(i)||/||b|| 3.156294227290e-05
390 KSP unpreconditioned resid norm 3.792185476672e+01 true resid norm 3.792185403491e+01 ||r(i)||/||b|| 3.143197023114e-05
391 KSP unpreconditioned resid norm 3.776334816281e+01 true resid norm 3.776334747389e+01 ||r(i)||/||b|| 3.130059022259e-05
392 KSP unpreconditioned resid norm 3.760107870151e+01 true resid norm 3.760107806116e+01 ||r(i)||/||b|| 3.116609133058e-05
393 KSP unpreconditioned resid norm 3.744516372355e+01 true resid norm 3.744516313069e+01 ||r(i)||/||b|| 3.103685942519e-05
394 KSP unpreconditioned resid norm 3.728305636995e+01 true resid norm 3.728305583004e+01 ||r(i)||/||b|| 3.090249490167e-05
395 KSP unpreconditioned resid norm 3.712880913160e+01 true resid norm 3.712880864266e+01 ||r(i)||/||b|| 3.077464532455e-05
396 KSP unpreconditioned resid norm 3.696031384993e+01 true resid norm 3.696031342087e+01 ||r(i)||/||b|| 3.063498609822e-05
397 KSP unpreconditioned resid norm 3.680571409477e+01 true resid norm 3.680571372616e+01 ||r(i)||/||b|| 3.050684434130e-05
398 KSP unpreconditioned resid norm 3.662886896910e+01 true resid norm 3.662886866689e+01 ||r(i)||/||b|| 3.036026425497e-05
399 KSP unpreconditioned resid norm 3.647071421079e+01 true resid norm 3.647071397259e+01 ||r(i)||/||b|| 3.022917589524e-05
400 KSP unpreconditioned resid norm 3.629263892999e+01 true resid norm 3.629263876158e+01 ||r(i)||/||b|| 3.008157618331e-05
401 KSP unpreconditioned resid norm 3.613443613682e+01 true resid norm 3.613443603470e+01 ||r(i)||/||b|| 2.995044801122e-05
402 KSP unpreconditioned resid norm 3.596369788377e+01 true resid norm 3.596369785296e+01 ||r(i)||/||b|| 2.980892968142e-05
403 KSP unpreconditioned resid norm 3.580546150222e+01 true resid norm 3.580546153582e+01 ||r(i)||/||b|| 2.967777366766e-05
404 KSP unpreconditioned resid norm 3.565134195122e+01 true resid norm 3.565134204899e+01 ||r(i)||/||b|| 2.955002993663e-05
405 KSP unpreconditioned resid norm 3.549043556168e+01 true resid norm 3.549043572723e+01 ||r(i)||/||b|| 2.941666085845e-05
406 KSP unpreconditioned resid norm 3.534083439185e+01 true resid norm 3.534083461843e+01 ||r(i)||/||b|| 2.929266223765e-05
407 KSP unpreconditioned resid norm 3.518366559493e+01 true resid norm 3.518366588885e+01 ||r(i)||/||b|| 2.916239110626e-05
408 KSP unpreconditioned resid norm 3.501620564919e+01 true resid norm 3.501620600734e+01 ||r(i)||/||b|| 2.902359003378e-05
409 KSP unpreconditioned resid norm 3.485877824245e+01 true resid norm 3.485877866252e+01 ||r(i)||/||b|| 2.889310454614e-05
410 KSP unpreconditioned resid norm 3.468556316495e+01 true resid norm 3.468556365358e+01 ||r(i)||/||b|| 2.874953326929e-05
411 KSP unpreconditioned resid norm 3.452991354639e+01 true resid norm 3.452991409517e+01 ||r(i)||/||b|| 2.862052132061e-05
412 KSP unpreconditioned resid norm 3.435616297604e+01 true resid norm 3.435616358963e+01 ||r(i)||/||b|| 2.847650619116e-05
413 KSP unpreconditioned resid norm 3.420429647788e+01 true resid norm 3.420429714677e+01 ||r(i)||/||b|| 2.835062992185e-05
414 KSP unpreconditioned resid norm 3.403557175351e+01 true resid norm 3.403557247620e+01 ||r(i)||/||b|| 2.821078051424e-05
415 KSP unpreconditioned resid norm 3.387835631936e+01 true resid norm 3.387835709377e+01 ||r(i)||/||b|| 2.808047071409e-05
416 KSP unpreconditioned resid norm 3.371990120785e+01 true resid norm 3.371990203482e+01 ||r(i)||/||b|| 2.794913339363e-05
417 KSP unpreconditioned resid norm 3.355939820232e+01 true resid norm 3.355939907435e+01 ||r(i)||/||b|| 2.781609864615e-05
418 KSP unpreconditioned resid norm 3.340319233307e+01 true resid norm 3.340319324686e+01 ||r(i)||/||b|| 2.768662562737e-05
419 KSP unpreconditioned resid norm 3.325501808400e+01 true resid norm 3.325501903387e+01 ||r(i)||/||b|| 2.756380970578e-05
420 KSP unpreconditioned resid norm 3.310502498972e+01 true resid norm 3.310502597413e+01 ||r(i)||/||b|| 2.743948621188e-05
421 KSP unpreconditioned resid norm 3.295946727911e+01 true resid norm 3.295946828390e+01 ||r(i)||/||b|| 2.731883902565e-05
422 KSP unpreconditioned resid norm 3.282101744082e+01 true resid norm 3.282101847111e+01 ||r(i)||/||b|| 2.720408328638e-05
423 KSP unpreconditioned resid norm 3.267706268773e+01 true resid norm 3.267706373872e+01 ||r(i)||/||b|| 2.708476473041e-05
424 KSP unpreconditioned resid norm 3.253448526901e+01 true resid norm 3.253448633111e+01 ||r(i)||/||b|| 2.696658778612e-05
425 KSP unpreconditioned resid norm 3.238914220244e+01 true resid norm 3.238914327692e+01 ||r(i)||/||b|| 2.684611850347e-05
426 KSP unpreconditioned resid norm 3.224110851124e+01 true resid norm 3.224110958469e+01 ||r(i)||/||b|| 2.672341905414e-05
427 KSP unpreconditioned resid norm 3.209060451443e+01 true resid norm 3.209060558386e+01 ||r(i)||/||b|| 2.659867206077e-05
428 KSP unpreconditioned resid norm 3.194207619873e+01 true resid norm 3.194207726978e+01 ||r(i)||/||b|| 2.647556263837e-05
429 KSP unpreconditioned resid norm 3.179841465279e+01 true resid norm 3.179841572434e+01 ||r(i)||/||b|| 2.635648709382e-05
430 KSP unpreconditioned resid norm 3.165642744490e+01 true resid norm 3.165642850202e+01 ||r(i)||/||b|| 2.623879933148e-05
431 KSP unpreconditioned resid norm 3.152097503766e+01 true resid norm 3.152097608790e+01 ||r(i)||/||b|| 2.612652802100e-05
432 KSP unpreconditioned resid norm 3.138877249642e+01 true resid norm 3.138877353818e+01 ||r(i)||/||b|| 2.601695039846e-05
433 KSP unpreconditioned resid norm 3.125793860087e+01 true resid norm 3.125793962624e+01 ||r(i)||/||b|| 2.590850718729e-05
434 KSP unpreconditioned resid norm 3.112269497433e+01 true resid norm 3.112269598709e+01 ||r(i)||/||b|| 2.579640892238e-05
435 KSP unpreconditioned resid norm 3.099202987722e+01 true resid norm 3.099203088323e+01 ||r(i)||/||b|| 2.568810562974e-05
436 KSP unpreconditioned resid norm 3.086081021089e+01 true resid norm 3.086081119582e+01 ||r(i)||/||b|| 2.557934266407e-05
437 KSP unpreconditioned resid norm 3.072306369787e+01 true resid norm 3.072306467173e+01 ||r(i)||/||b|| 2.546516985383e-05
438 KSP unpreconditioned resid norm 3.059325912895e+01 true resid norm 3.059326008721e+01 ||r(i)||/||b|| 2.535757981268e-05
439 KSP unpreconditioned resid norm 3.045912107548e+01 true resid norm 3.045912201276e+01 ||r(i)||/||b|| 2.524639790793e-05
440 KSP unpreconditioned resid norm 3.032771493027e+01 true resid norm 3.032771585883e+01 ||r(i)||/||b|| 2.513748038732e-05
441 KSP unpreconditioned resid norm 3.019286970403e+01 true resid norm 3.019287063036e+01 ||r(i)||/||b|| 2.502571234973e-05
442 KSP unpreconditioned resid norm 3.006777777064e+01 true resid norm 3.006777867454e+01 ||r(i)||/||b|| 2.492202842574e-05
443 KSP unpreconditioned resid norm 2.994124731883e+01 true resid norm 2.994124822522e+01 ||r(i)||/||b|| 2.481715218966e-05
444 KSP unpreconditioned resid norm 2.981462228373e+01 true resid norm 2.981462317767e+01 ||r(i)||/||b|| 2.471219754473e-05
445 KSP unpreconditioned resid norm 2.969609798064e+01 true resid norm 2.969609886599e+01 ||r(i)||/||b|| 2.461395728905e-05
446 KSP unpreconditioned resid norm 2.957914213592e+01 true resid norm 2.957914300945e+01 ||r(i)||/||b|| 2.451701706567e-05
447 KSP unpreconditioned resid norm 2.946060440538e+01 true resid norm 2.946060528002e+01 ||r(i)||/||b|| 2.441876568852e-05
448 KSP unpreconditioned resid norm 2.934237449998e+01 true resid norm 2.934237536672e+01 ||r(i)||/||b|| 2.432076944837e-05
449 KSP unpreconditioned resid norm 2.922703087782e+01 true resid norm 2.922703174079e+01 ||r(i)||/||b|| 2.422516554110e-05
450 KSP unpreconditioned resid norm 2.910884155022e+01 true resid norm 2.910884242470e+01 ||r(i)||/||b|| 2.412720295041e-05
451 KSP unpreconditioned resid norm 2.899359356722e+01 true resid norm 2.899359443137e+01 ||r(i)||/||b|| 2.403167830934e-05
452 KSP unpreconditioned resid norm 2.887972009763e+01 true resid norm 2.887972096491e+01 ||r(i)||/||b|| 2.393729296086e-05
453 KSP unpreconditioned resid norm 2.876791630742e+01 true resid norm 2.876791718407e+01 ||r(i)||/||b|| 2.384462309541e-05
454 KSP unpreconditioned resid norm 2.865276691221e+01 true resid norm 2.865276780739e+01 ||r(i)||/||b|| 2.374918019390e-05
455 KSP unpreconditioned resid norm 2.854327128039e+01 true resid norm 2.854327219131e+01 ||r(i)||/||b|| 2.365842347768e-05
456 KSP unpreconditioned resid norm 2.842925812245e+01 true resid norm 2.842925906644e+01 ||r(i)||/||b|| 2.356392237171e-05
457 KSP unpreconditioned resid norm 2.831503895341e+01 true resid norm 2.831503991772e+01 ||r(i)||/||b|| 2.346925050047e-05
458 KSP unpreconditioned resid norm 2.820369686655e+01 true resid norm 2.820369786740e+01 ||r(i)||/||b|| 2.337696334573e-05
459 KSP unpreconditioned resid norm 2.809512651859e+01 true resid norm 2.809512756494e+01 ||r(i)||/||b|| 2.328697358648e-05
460 KSP unpreconditioned resid norm 2.798104523276e+01 true resid norm 2.798104633796e+01 ||r(i)||/||b|| 2.319241603328e-05
461 KSP unpreconditioned resid norm 2.787126324957e+01 true resid norm 2.787126440553e+01 ||r(i)||/||b|| 2.310142200042e-05
462 KSP unpreconditioned resid norm 2.776772692562e+01 true resid norm 2.776772815648e+01 ||r(i)||/||b|| 2.301560477495e-05
463 KSP unpreconditioned resid norm 2.765460593713e+01 true resid norm 2.765460724280e+01 ||r(i)||/||b|| 2.292184318861e-05
464 KSP unpreconditioned resid norm 2.754850663473e+01 true resid norm 2.754850801395e+01 ||r(i)||/||b|| 2.283390160749e-05
465 KSP unpreconditioned resid norm 2.743915131479e+01 true resid norm 2.743915279660e+01 ||r(i)||/||b|| 2.274326126239e-05
466 KSP unpreconditioned resid norm 2.733430797955e+01 true resid norm 2.733430957462e+01 ||r(i)||/||b|| 2.265636073720e-05
467 KSP unpreconditioned resid norm 2.722639033196e+01 true resid norm 2.722639203753e+01 ||r(i)||/||b|| 2.256691203012e-05
468 KSP unpreconditioned resid norm 2.712039981998e+01 true resid norm 2.712040164514e+01 ||r(i)||/||b|| 2.247906065938e-05
469 KSP unpreconditioned resid norm 2.701930477230e+01 true resid norm 2.701930672899e+01 ||r(i)||/||b|| 2.239526696110e-05
470 KSP unpreconditioned resid norm 2.691660012581e+01 true resid norm 2.691660220892e+01 ||r(i)||/||b|| 2.231013912387e-05
471 KSP unpreconditioned resid norm 2.681844060888e+01 true resid norm 2.681844283108e+01 ||r(i)||/||b|| 2.222877858071e-05
472 KSP unpreconditioned resid norm 2.671980763593e+01 true resid norm 2.671981001546e+01 ||r(i)||/||b|| 2.214702562313e-05
473 KSP unpreconditioned resid norm 2.661996456154e+01 true resid norm 2.661996708158e+01 ||r(i)||/||b|| 2.206426964493e-05
474 KSP unpreconditioned resid norm 2.652188555077e+01 true resid norm 2.652188821944e+01 ||r(i)||/||b|| 2.198297583815e-05
475 KSP unpreconditioned resid norm 2.642114473730e+01 true resid norm 2.642114759517e+01 ||r(i)||/||b|| 2.189947579882e-05
476 KSP unpreconditioned resid norm 2.632305305000e+01 true resid norm 2.632305605068e+01 ||r(i)||/||b|| 2.181817148012e-05
477 KSP unpreconditioned resid norm 2.622823862647e+01 true resid norm 2.622824178170e+01 ||r(i)||/||b|| 2.173958356938e-05
478 KSP unpreconditioned resid norm 2.613476335221e+01 true resid norm 2.613476669922e+01 ||r(i)||/||b|| 2.166210565896e-05
479 KSP unpreconditioned resid norm 2.604366361383e+01 true resid norm 2.604366709801e+01 ||r(i)||/||b|| 2.158659669385e-05
480 KSP unpreconditioned resid norm 2.594982344715e+01 true resid norm 2.594982707799e+01 ||r(i)||/||b|| 2.150881630070e-05
481 KSP unpreconditioned resid norm 2.585790170414e+01 true resid norm 2.585790554797e+01 ||r(i)||/||b|| 2.143262607032e-05
482 KSP unpreconditioned resid norm 2.576143680415e+01 true resid norm 2.576144080673e+01 ||r(i)||/||b|| 2.135267014643e-05
483 KSP unpreconditioned resid norm 2.566620705949e+01 true resid norm 2.566621121415e+01 ||r(i)||/||b|| 2.127373798988e-05
484 KSP unpreconditioned resid norm 2.557065849752e+01 true resid norm 2.557066288005e+01 ||r(i)||/||b|| 2.119454164073e-05
485 KSP unpreconditioned resid norm 2.547774707060e+01 true resid norm 2.547775163242e+01 ||r(i)||/||b|| 2.111753107139e-05
486 KSP unpreconditioned resid norm 2.538599300260e+01 true resid norm 2.538599772806e+01 ||r(i)||/||b|| 2.104147977949e-05
487 KSP unpreconditioned resid norm 2.529917388612e+01 true resid norm 2.529917885366e+01 ||r(i)||/||b|| 2.096951894463e-05
488 KSP unpreconditioned resid norm 2.521229928024e+01 true resid norm 2.521230441313e+01 ||r(i)||/||b|| 2.089751205314e-05
489 KSP unpreconditioned resid norm 2.513097168795e+01 true resid norm 2.513097699173e+01 ||r(i)||/||b|| 2.083010287304e-05
490 KSP unpreconditioned resid norm 2.504487800398e+01 true resid norm 2.504488355968e+01 ||r(i)||/||b|| 2.075874332952e-05
491 KSP unpreconditioned resid norm 2.496124876163e+01 true resid norm 2.496125453283e+01 ||r(i)||/||b|| 2.068942643694e-05
492 KSP unpreconditioned resid norm 2.487393507509e+01 true resid norm 2.487394104009e+01 ||r(i)||/||b|| 2.061705563192e-05
493 KSP unpreconditioned resid norm 2.478972311458e+01 true resid norm 2.478972937246e+01 ||r(i)||/||b|| 2.054725581075e-05
494 KSP unpreconditioned resid norm 2.470188929624e+01 true resid norm 2.470189580208e+01 ||r(i)||/||b|| 2.047445393331e-05
495 KSP unpreconditioned resid norm 2.461419967535e+01 true resid norm 2.461420639549e+01 ||r(i)||/||b|| 2.040177154772e-05
496 KSP unpreconditioned resid norm 2.453131231109e+01 true resid norm 2.453131933691e+01 ||r(i)||/||b|| 2.033306964418e-05
497 KSP unpreconditioned resid norm 2.444951924783e+01 true resid norm 2.444952653940e+01 ||r(i)||/||b|| 2.026527473167e-05
498 KSP unpreconditioned resid norm 2.437009731293e+01 true resid norm 2.437010483090e+01 ||r(i)||/||b|| 2.019944512390e-05
499 KSP unpreconditioned resid norm 2.429416320044e+01 true resid norm 2.429417101637e+01 ||r(i)||/||b|| 2.013650649764e-05
500 KSP unpreconditioned resid norm 2.421903312056e+01 true resid norm 2.421903312056e+01 ||r(i)||/||b|| 2.007422757790e-05
501 KSP unpreconditioned resid norm 2.418574191551e+01 true resid norm 2.418574191551e+01 ||r(i)||/||b|| 2.004663377498e-05
502 KSP unpreconditioned resid norm 2.411415558185e+01 true resid norm 2.411415558185e+01 ||r(i)||/||b|| 1.998729860887e-05
503 KSP unpreconditioned resid norm 2.407538340344e+01 true resid norm 2.407538340343e+01 ||r(i)||/||b|| 1.995516183738e-05
504 KSP unpreconditioned resid norm 2.403453308819e+01 true resid norm 2.403453308819e+01 ||r(i)||/||b|| 1.992130257798e-05
505 KSP unpreconditioned resid norm 2.399488764773e+01 true resid norm 2.399488764773e+01 ||r(i)||/||b|| 1.988844199307e-05
506 KSP unpreconditioned resid norm 2.395629325087e+01 true resid norm 2.395629325087e+01 ||r(i)||/||b|| 1.985645257789e-05
507 KSP unpreconditioned resid norm 2.392013790166e+01 true resid norm 2.392013790165e+01 ||r(i)||/||b|| 1.982648479574e-05
508 KSP unpreconditioned resid norm 2.388325201749e+01 true resid norm 2.388325201749e+01 ||r(i)||/||b|| 1.979591150120e-05
509 KSP unpreconditioned resid norm 2.384820045698e+01 true resid norm 2.384820045698e+01 ||r(i)||/||b|| 1.976685860718e-05
510 KSP unpreconditioned resid norm 2.381198882647e+01 true resid norm 2.381198882646e+01 ||r(i)||/||b|| 1.973684417562e-05
511 KSP unpreconditioned resid norm 2.377786052887e+01 true resid norm 2.377786052887e+01 ||r(i)||/||b|| 1.970855653882e-05
512 KSP unpreconditioned resid norm 2.374141384316e+01 true resid norm 2.374141384316e+01 ||r(i)||/||b|| 1.967834727903e-05
513 KSP unpreconditioned resid norm 2.370697421669e+01 true resid norm 2.370697421669e+01 ||r(i)||/||b|| 1.964980159365e-05
514 KSP unpreconditioned resid norm 2.367506976183e+01 true resid norm 2.367506976183e+01 ||r(i)||/||b|| 1.962335721479e-05
515 KSP unpreconditioned resid norm 2.364223299422e+01 true resid norm 2.364223299422e+01 ||r(i)||/||b|| 1.959614007764e-05
516 KSP unpreconditioned resid norm 2.361286492083e+01 true resid norm 2.361286492083e+01 ||r(i)||/||b|| 1.957179800809e-05
517 KSP unpreconditioned resid norm 2.358385702772e+01 true resid norm 2.358385702772e+01 ||r(i)||/||b|| 1.954775447815e-05
518 KSP unpreconditioned resid norm 2.355636068841e+01 true resid norm 2.355636068842e+01 ||r(i)||/||b|| 1.952496381719e-05
519 KSP unpreconditioned resid norm 2.352779868350e+01 true resid norm 2.352779868350e+01 ||r(i)||/||b|| 1.950128986688e-05
520 KSP unpreconditioned resid norm 2.350180997785e+01 true resid norm 2.350180997785e+01 ||r(i)||/||b|| 1.947974882562e-05
521 KSP unpreconditioned resid norm 2.347516199066e+01 true resid norm 2.347516199066e+01 ||r(i)||/||b|| 1.945766133118e-05
522 KSP unpreconditioned resid norm 2.344447012347e+01 true resid norm 2.344447012347e+01 ||r(i)||/||b|| 1.943222201972e-05
523 KSP unpreconditioned resid norm 2.341846812880e+01 true resid norm 2.341846812880e+01 ||r(i)||/||b|| 1.941066996370e-05
524 KSP unpreconditioned resid norm 2.338726199548e+01 true resid norm 2.338726199548e+01 ||r(i)||/||b|| 1.938480439677e-05
525 KSP unpreconditioned resid norm 2.335500455698e+01 true resid norm 2.335500455698e+01 ||r(i)||/||b|| 1.935806744331e-05
526 KSP unpreconditioned resid norm 2.332057047235e+01 true resid norm 2.332057047235e+01 ||r(i)||/||b|| 1.932952635136e-05
527 KSP unpreconditioned resid norm 2.328624694380e+01 true resid norm 2.328624694380e+01 ||r(i)||/||b|| 1.930107689510e-05
528 KSP unpreconditioned resid norm 2.325050560252e+01 true resid norm 2.325050560252e+01 ||r(i)||/||b|| 1.927145226825e-05
529 KSP unpreconditioned resid norm 2.321630526490e+01 true resid norm 2.321630526490e+01 ||r(i)||/||b|| 1.924310492023e-05
530 KSP unpreconditioned resid norm 2.318404726311e+01 true resid norm 2.318404726311e+01 ||r(i)||/||b|| 1.921636749988e-05
531 KSP unpreconditioned resid norm 2.315311827623e+01 true resid norm 2.315311827623e+01 ||r(i)||/||b|| 1.919073164900e-05
532 KSP unpreconditioned resid norm 2.312021652896e+01 true resid norm 2.312021652896e+01 ||r(i)||/||b|| 1.916346065271e-05
533 KSP unpreconditioned resid norm 2.309084530831e+01 true resid norm 2.309084530831e+01 ||r(i)||/||b|| 1.913911597451e-05
534 KSP unpreconditioned resid norm 2.305668902834e+01 true resid norm 2.305668902833e+01 ||r(i)||/||b|| 1.911080514418e-05
535 KSP unpreconditioned resid norm 2.302448411055e+01 true resid norm 2.302448411055e+01 ||r(i)||/||b|| 1.908411172312e-05
536 KSP unpreconditioned resid norm 2.298960485419e+01 true resid norm 2.298960485418e+01 ||r(i)||/||b|| 1.905520164539e-05
537 KSP unpreconditioned resid norm 2.295573865075e+01 true resid norm 2.295573865075e+01 ||r(i)||/||b|| 1.902713124838e-05
538 KSP unpreconditioned resid norm 2.291609515186e+01 true resid norm 2.291609515186e+01 ||r(i)||/||b|| 1.899427227277e-05
539 KSP unpreconditioned resid norm 2.287694825920e+01 true resid norm 2.287694825920e+01 ||r(i)||/||b|| 1.896182491501e-05
540 KSP unpreconditioned resid norm 2.283644459422e+01 true resid norm 2.283644459421e+01 ||r(i)||/||b|| 1.892825298071e-05
541 KSP unpreconditioned resid norm 2.279230327261e+01 true resid norm 2.279230327261e+01 ||r(i)||/||b|| 1.889166593238e-05
542 KSP unpreconditioned resid norm 2.274766740175e+01 true resid norm 2.274766740174e+01 ||r(i)||/||b|| 1.885466897112e-05
543 KSP unpreconditioned resid norm 2.270407848942e+01 true resid norm 2.270407848942e+01 ||r(i)||/||b|| 1.881853979365e-05
544 KSP unpreconditioned resid norm 2.265632920063e+01 true resid norm 2.265632920063e+01 ||r(i)||/||b|| 1.877896223970e-05
545 KSP unpreconditioned resid norm 2.260986646513e+01 true resid norm 2.260986646513e+01 ||r(i)||/||b|| 1.874045106043e-05
546 KSP unpreconditioned resid norm 2.256259099067e+01 true resid norm 2.256259099067e+01 ||r(i)||/||b|| 1.870126623301e-05
547 KSP unpreconditioned resid norm 2.251592347057e+01 true resid norm 2.251592347057e+01 ||r(i)||/||b|| 1.866258531564e-05
548 KSP unpreconditioned resid norm 2.246560438870e+01 true resid norm 2.246560438870e+01 ||r(i)||/||b|| 1.862087775878e-05
549 KSP unpreconditioned resid norm 2.241663544125e+01 true resid norm 2.241663544125e+01 ||r(i)||/||b|| 1.858028927655e-05
550 KSP unpreconditioned resid norm 2.236433291453e+01 true resid norm 2.236433291452e+01 ||r(i)||/||b|| 1.853693771833e-05
551 KSP unpreconditioned resid norm 2.231364126454e+01 true resid norm 2.231364126453e+01 ||r(i)||/||b|| 1.849492135404e-05
552 KSP unpreconditioned resid norm 2.226103404019e+01 true resid norm 2.226103404019e+01 ||r(i)||/||b|| 1.845131724365e-05
553 KSP unpreconditioned resid norm 2.221239695270e+01 true resid norm 2.221239695270e+01 ||r(i)||/||b|| 1.841100382742e-05
554 KSP unpreconditioned resid norm 2.216115480249e+01 true resid norm 2.216115480249e+01 ||r(i)||/||b|| 1.836853117462e-05
555 KSP unpreconditioned resid norm 2.210954378094e+01 true resid norm 2.210954378094e+01 ||r(i)||/||b|| 1.832575277851e-05
556 KSP unpreconditioned resid norm 2.205675530006e+01 true resid norm 2.205675530006e+01 ||r(i)||/||b|| 1.828199843153e-05
557 KSP unpreconditioned resid norm 2.200379723198e+01 true resid norm 2.200379723198e+01 ||r(i)||/||b|| 1.823810352023e-05
558 KSP unpreconditioned resid norm 2.194612280090e+01 true resid norm 2.194612280090e+01 ||r(i)||/||b|| 1.819029939654e-05
559 KSP unpreconditioned resid norm 2.189149500572e+01 true resid norm 2.189149500572e+01 ||r(i)||/||b|| 1.814502051249e-05
560 KSP unpreconditioned resid norm 2.183426330665e+01 true resid norm 2.183426330665e+01 ||r(i)||/||b|| 1.809758335238e-05
561 KSP unpreconditioned resid norm 2.177937376937e+01 true resid norm 2.177937376937e+01 ||r(i)||/||b|| 1.805208752034e-05
562 KSP unpreconditioned resid norm 2.172549373506e+01 true resid norm 2.172549373506e+01 ||r(i)||/||b|| 1.800742842659e-05
563 KSP unpreconditioned resid norm 2.167155451329e+01 true resid norm 2.167155451328e+01 ||r(i)||/||b|| 1.796272027462e-05
564 KSP unpreconditioned resid norm 2.161734700838e+01 true resid norm 2.161734700838e+01 ||r(i)||/||b|| 1.791778975305e-05
565 KSP unpreconditioned resid norm 2.156514008032e+01 true resid norm 2.156514008031e+01 ||r(i)||/||b|| 1.787451743290e-05
566 KSP unpreconditioned resid norm 2.150978038220e+01 true resid norm 2.150978038220e+01 ||r(i)||/||b|| 1.782863190258e-05
567 KSP unpreconditioned resid norm 2.145637104297e+01 true resid norm 2.145637104296e+01 ||r(i)||/||b|| 1.778436294992e-05
568 KSP unpreconditioned resid norm 2.140572441857e+01 true resid norm 2.140572441856e+01 ||r(i)||/||b|| 1.774238390562e-05
569 KSP unpreconditioned resid norm 2.135210784555e+01 true resid norm 2.135210784554e+01 ||r(i)||/||b|| 1.769794318483e-05
570 KSP unpreconditioned resid norm 2.130093758635e+01 true resid norm 2.130093758634e+01 ||r(i)||/||b|| 1.765553011973e-05
571 KSP unpreconditioned resid norm 2.125067066661e+01 true resid norm 2.125067066661e+01 ||r(i)||/||b|| 1.761386579806e-05
572 KSP unpreconditioned resid norm 2.120043345106e+01 true resid norm 2.120043345106e+01 ||r(i)||/||b|| 1.757222609706e-05
573 KSP unpreconditioned resid norm 2.115080239548e+01 true resid norm 2.115080239548e+01 ||r(i)||/||b|| 1.753108881880e-05
574 KSP unpreconditioned resid norm 2.110405092970e+01 true resid norm 2.110405092970e+01 ||r(i)||/||b|| 1.749233832207e-05
575 KSP unpreconditioned resid norm 2.105658832777e+01 true resid norm 2.105658832777e+01 ||r(i)||/||b|| 1.745299839186e-05
576 KSP unpreconditioned resid norm 2.100826363621e+01 true resid norm 2.100826363620e+01 ||r(i)||/||b|| 1.741294390863e-05
577 KSP unpreconditioned resid norm 2.095789046920e+01 true resid norm 2.095789046919e+01 ||r(i)||/||b|| 1.737119152267e-05
578 KSP unpreconditioned resid norm 2.090660162972e+01 true resid norm 2.090660162971e+01 ||r(i)||/||b|| 1.732868017092e-05
579 KSP unpreconditioned resid norm 2.085504345202e+01 true resid norm 2.085504345201e+01 ||r(i)||/||b|| 1.728594557506e-05
580 KSP unpreconditioned resid norm 2.080276769695e+01 true resid norm 2.080276769694e+01 ||r(i)||/||b|| 1.724261620683e-05
581 KSP unpreconditioned resid norm 2.075346829351e+01 true resid norm 2.075346829350e+01 ||r(i)||/||b|| 1.720175382231e-05
582 KSP unpreconditioned resid norm 2.070733713625e+01 true resid norm 2.070733713625e+01 ||r(i)||/||b|| 1.716351747553e-05
583 KSP unpreconditioned resid norm 2.066432416338e+01 true resid norm 2.066432416338e+01 ||r(i)||/||b|| 1.712786567218e-05
584 KSP unpreconditioned resid norm 2.062159681256e+01 true resid norm 2.062159681256e+01 ||r(i)||/||b|| 1.709245060999e-05
585 KSP unpreconditioned resid norm 2.058135444528e+01 true resid norm 2.058135444527e+01 ||r(i)||/||b|| 1.705909525533e-05
586 KSP unpreconditioned resid norm 2.053763955724e+01 true resid norm 2.053763955723e+01 ||r(i)||/||b|| 1.702286166142e-05
587 KSP unpreconditioned resid norm 2.049491796157e+01 true resid norm 2.049491796156e+01 ||r(i)||/||b|| 1.698745136945e-05
588 KSP unpreconditioned resid norm 2.044853855839e+01 true resid norm 2.044853855838e+01 ||r(i)||/||b|| 1.694900926114e-05
589 KSP unpreconditioned resid norm 2.040462894456e+01 true resid norm 2.040462894455e+01 ||r(i)||/||b|| 1.691261426649e-05
590 KSP unpreconditioned resid norm 2.035990061236e+01 true resid norm 2.035990061235e+01 ||r(i)||/||b|| 1.687554066759e-05
591 KSP unpreconditioned resid norm 2.031773413260e+01 true resid norm 2.031773413259e+01 ||r(i)||/||b|| 1.684059048991e-05
592 KSP unpreconditioned resid norm 2.027365128944e+01 true resid norm 2.027365128943e+01 ||r(i)||/||b|| 1.680405191210e-05
593 KSP unpreconditioned resid norm 2.023362300050e+01 true resid norm 2.023362300048e+01 ||r(i)||/||b|| 1.677087399877e-05
594 KSP unpreconditioned resid norm 2.018986203860e+01 true resid norm 2.018986203858e+01 ||r(i)||/||b|| 1.673460221600e-05
595 KSP unpreconditioned resid norm 2.014899786603e+01 true resid norm 2.014899786602e+01 ||r(i)||/||b|| 1.670073147080e-05
596 KSP unpreconditioned resid norm 2.010663252741e+01 true resid norm 2.010663252740e+01 ||r(i)||/||b|| 1.666561646664e-05
597 KSP unpreconditioned resid norm 2.006784303016e+01 true resid norm 2.006784303014e+01 ||r(i)||/||b|| 1.663346534022e-05
598 KSP unpreconditioned resid norm 2.002479714391e+01 true resid norm 2.002479714389e+01 ||r(i)||/||b|| 1.659778625623e-05
599 KSP unpreconditioned resid norm 1.998655472044e+01 true resid norm 1.998655472042e+01 ||r(i)||/||b|| 1.656608857829e-05
600 KSP unpreconditioned resid norm 1.994368993270e+01 true resid norm 1.994368993268e+01 ||r(i)||/||b|| 1.653055959991e-05
601 KSP unpreconditioned resid norm 1.990518954511e+01 true resid norm 1.990518954509e+01 ||r(i)||/||b|| 1.649864810540e-05
602 KSP unpreconditioned resid norm 1.986359669906e+01 true resid norm 1.986359669904e+01 ||r(i)||/||b|| 1.646417339070e-05
603 KSP unpreconditioned resid norm 1.982681402507e+01 true resid norm 1.982681402505e+01 ||r(i)||/||b|| 1.643368564311e-05
604 KSP unpreconditioned resid norm 1.978949461812e+01 true resid norm 1.978949461810e+01 ||r(i)||/||b|| 1.640275301816e-05
605 KSP unpreconditioned resid norm 1.975578147647e+01 true resid norm 1.975578147645e+01 ||r(i)||/||b|| 1.637480948819e-05
606 KSP unpreconditioned resid norm 1.971954374145e+01 true resid norm 1.971954374143e+01 ||r(i)||/||b|| 1.634477341961e-05
607 KSP unpreconditioned resid norm 1.968510355672e+01 true resid norm 1.968510355670e+01 ||r(i)||/||b|| 1.631622727152e-05
608 KSP unpreconditioned resid norm 1.964755517347e+01 true resid norm 1.964755517345e+01 ||r(i)||/||b|| 1.628510485690e-05
609 KSP unpreconditioned resid norm 1.960598882080e+01 true resid norm 1.960598882077e+01 ||r(i)||/||b|| 1.625065210153e-05
610 KSP unpreconditioned resid norm 1.956694858771e+01 true resid norm 1.956694858769e+01 ||r(i)||/||b|| 1.621829314981e-05
611 KSP unpreconditioned resid norm 1.952539805130e+01 true resid norm 1.952539805127e+01 ||r(i)||/||b|| 1.618385350394e-05
612 KSP unpreconditioned resid norm 1.948958662549e+01 true resid norm 1.948958662546e+01 ||r(i)||/||b|| 1.615417078671e-05
613 KSP unpreconditioned resid norm 1.945084529250e+01 true resid norm 1.945084529247e+01 ||r(i)||/||b|| 1.612205958181e-05
614 KSP unpreconditioned resid norm 1.941836188920e+01 true resid norm 1.941836188916e+01 ||r(i)||/||b|| 1.609513533478e-05
615 KSP unpreconditioned resid norm 1.937797078493e+01 true resid norm 1.937797078489e+01 ||r(i)||/||b|| 1.606165669774e-05
616 KSP unpreconditioned resid norm 1.934372761262e+01 true resid norm 1.934372761259e+01 ||r(i)||/||b|| 1.603327384569e-05
617 KSP unpreconditioned resid norm 1.930234760007e+01 true resid norm 1.930234760003e+01 ||r(i)||/||b|| 1.599897554051e-05
618 KSP unpreconditioned resid norm 1.926764637695e+01 true resid norm 1.926764637691e+01 ||r(i)||/||b|| 1.597021302771e-05
619 KSP unpreconditioned resid norm 1.922868343251e+01 true resid norm 1.922868343246e+01 ||r(i)||/||b|| 1.593791813757e-05
620 KSP unpreconditioned resid norm 1.919485103049e+01 true resid norm 1.919485103044e+01 ||r(i)||/||b|| 1.590987575725e-05
621 KSP unpreconditioned resid norm 1.915799214514e+01 true resid norm 1.915799214509e+01 ||r(i)||/||b|| 1.587932484099e-05
622 KSP unpreconditioned resid norm 1.912253341653e+01 true resid norm 1.912253341648e+01 ||r(i)||/||b|| 1.584993446094e-05
623 KSP unpreconditioned resid norm 1.908456670947e+01 true resid norm 1.908456670942e+01 ||r(i)||/||b|| 1.581846531376e-05
624 KSP unpreconditioned resid norm 1.904814525552e+01 true resid norm 1.904814525546e+01 ||r(i)||/||b|| 1.578827696760e-05
625 KSP unpreconditioned resid norm 1.901069776121e+01 true resid norm 1.901069776115e+01 ||r(i)||/||b|| 1.575723817595e-05
626 KSP unpreconditioned resid norm 1.897356305532e+01 true resid norm 1.897356305526e+01 ||r(i)||/||b|| 1.572645864262e-05
627 KSP unpreconditioned resid norm 1.893379682879e+01 true resid norm 1.893379682872e+01 ||r(i)||/||b|| 1.569349794277e-05
628 KSP unpreconditioned resid norm 1.889443980216e+01 true resid norm 1.889443980209e+01 ||r(i)||/||b|| 1.566087641302e-05
629 KSP unpreconditioned resid norm 1.885086115113e+01 true resid norm 1.885086115105e+01 ||r(i)||/||b|| 1.562475574074e-05
630 KSP unpreconditioned resid norm 1.880952437530e+01 true resid norm 1.880952437523e+01 ||r(i)||/||b|| 1.559049327282e-05
631 KSP unpreconditioned resid norm 1.876502217505e+01 true resid norm 1.876502217497e+01 ||r(i)||/||b|| 1.555360710601e-05
632 KSP unpreconditioned resid norm 1.872753644016e+01 true resid norm 1.872753644008e+01 ||r(i)||/||b|| 1.552253661821e-05
633 KSP unpreconditioned resid norm 1.868810853234e+01 true resid norm 1.868810853225e+01 ||r(i)||/||b|| 1.548985633775e-05
634 KSP unpreconditioned resid norm 1.865341689960e+01 true resid norm 1.865341689951e+01 ||r(i)||/||b|| 1.546110177405e-05
635 KSP unpreconditioned resid norm 1.861869945476e+01 true resid norm 1.861869945466e+01 ||r(i)||/||b|| 1.543232581568e-05
636 KSP unpreconditioned resid norm 1.858427114693e+01 true resid norm 1.858427114683e+01 ||r(i)||/||b|| 1.540378951190e-05
637 KSP unpreconditioned resid norm 1.854742457646e+01 true resid norm 1.854742457635e+01 ||r(i)||/||b|| 1.537324880296e-05
638 KSP unpreconditioned resid norm 1.851117358750e+01 true resid norm 1.851117358740e+01 ||r(i)||/||b|| 1.534320174870e-05
639 KSP unpreconditioned resid norm 1.847400337784e+01 true resid norm 1.847400337773e+01 ||r(i)||/||b|| 1.531239278766e-05
640 KSP unpreconditioned resid norm 1.843313276178e+01 true resid norm 1.843313276166e+01 ||r(i)||/||b|| 1.527851670168e-05
641 KSP unpreconditioned resid norm 1.839553808798e+01 true resid norm 1.839553808786e+01 ||r(i)||/||b|| 1.524735591860e-05
642 KSP unpreconditioned resid norm 1.835373273838e+01 true resid norm 1.835373273826e+01 ||r(i)||/||b|| 1.521270506785e-05
643 KSP unpreconditioned resid norm 1.831484715154e+01 true resid norm 1.831484715140e+01 ||r(i)||/||b|| 1.518047429645e-05
644 KSP unpreconditioned resid norm 1.827090877675e+01 true resid norm 1.827090877662e+01 ||r(i)||/||b|| 1.514405546295e-05
645 KSP unpreconditioned resid norm 1.823286902463e+01 true resid norm 1.823286902449e+01 ||r(i)||/||b|| 1.511252577151e-05
646 KSP unpreconditioned resid norm 1.819026916784e+01 true resid norm 1.819026916770e+01 ||r(i)||/||b|| 1.507721638423e-05
647 KSP unpreconditioned resid norm 1.815309174886e+01 true resid norm 1.815309174871e+01 ||r(i)||/||b|| 1.504640144765e-05
648 KSP unpreconditioned resid norm 1.811560420125e+01 true resid norm 1.811560420110e+01 ||r(i)||/||b|| 1.501532945736e-05
649 KSP unpreconditioned resid norm 1.807903908790e+01 true resid norm 1.807903908774e+01 ||r(i)||/||b|| 1.498502203744e-05
650 KSP unpreconditioned resid norm 1.804178584693e+01 true resid norm 1.804178584676e+01 ||r(i)||/||b|| 1.495414425492e-05
651 KSP unpreconditioned resid norm 1.800802956224e+01 true resid norm 1.800802956207e+01 ||r(i)||/||b|| 1.492616496533e-05
652 KSP unpreconditioned resid norm 1.797131174152e+01 true resid norm 1.797131174134e+01 ||r(i)||/||b|| 1.489573097213e-05
653 KSP unpreconditioned resid norm 1.793428644547e+01 true resid norm 1.793428644529e+01 ||r(i)||/||b|| 1.486504212442e-05
654 KSP unpreconditioned resid norm 1.789857237541e+01 true resid norm 1.789857237523e+01 ||r(i)||/||b|| 1.483544010164e-05
655 KSP unpreconditioned resid norm 1.785608488578e+01 true resid norm 1.785608488559e+01 ||r(i)||/||b|| 1.480022385118e-05
656 KSP unpreconditioned resid norm 1.782203024919e+01 true resid norm 1.782203024899e+01 ||r(i)||/||b|| 1.477199726915e-05
657 KSP unpreconditioned resid norm 1.778303521837e+01 true resid norm 1.778303521817e+01 ||r(i)||/||b|| 1.473967578385e-05
658 KSP unpreconditioned resid norm 1.774637264495e+01 true resid norm 1.774637264475e+01 ||r(i)||/||b|| 1.470928758301e-05
659 KSP unpreconditioned resid norm 1.770790466624e+01 true resid norm 1.770790466602e+01 ||r(i)||/||b|| 1.467740295097e-05
660 KSP unpreconditioned resid norm 1.767265809788e+01 true resid norm 1.767265809766e+01 ||r(i)||/||b|| 1.464818842242e-05
661 KSP unpreconditioned resid norm 1.763511604302e+01 true resid norm 1.763511604280e+01 ||r(i)||/||b|| 1.461707125315e-05
662 KSP unpreconditioned resid norm 1.760067403560e+01 true resid norm 1.760067403536e+01 ||r(i)||/||b|| 1.458852359429e-05
663 KSP unpreconditioned resid norm 1.756784041986e+01 true resid norm 1.756784041962e+01 ||r(i)||/||b|| 1.456130906961e-05
664 KSP unpreconditioned resid norm 1.753295300097e+01 true resid norm 1.753295300074e+01 ||r(i)||/||b|| 1.453239222629e-05
665 KSP unpreconditioned resid norm 1.749828818628e+01 true resid norm 1.749828818604e+01 ||r(i)||/||b|| 1.450365989103e-05
666 KSP unpreconditioned resid norm 1.746709868405e+01 true resid norm 1.746709868381e+01 ||r(i)||/||b|| 1.447780810897e-05
667 KSP unpreconditioned resid norm 1.743015578359e+01 true resid norm 1.743015578335e+01 ||r(i)||/||b|| 1.444718755581e-05
668 KSP unpreconditioned resid norm 1.739723383805e+01 true resid norm 1.739723383780e+01 ||r(i)||/||b|| 1.441989981794e-05
669 KSP unpreconditioned resid norm 1.736300269083e+01 true resid norm 1.736300269058e+01 ||r(i)||/||b|| 1.439152693302e-05
670 KSP unpreconditioned resid norm 1.733022681854e+01 true resid norm 1.733022681829e+01 ||r(i)||/||b|| 1.436436026967e-05
671 KSP unpreconditioned resid norm 1.729318337413e+01 true resid norm 1.729318337387e+01 ||r(i)||/||b|| 1.433365637948e-05
672 KSP unpreconditioned resid norm 1.726196086148e+01 true resid norm 1.726196086122e+01 ||r(i)||/||b|| 1.430777723635e-05
673 KSP unpreconditioned resid norm 1.722563482718e+01 true resid norm 1.722563482693e+01 ||r(i)||/||b|| 1.427766797989e-05
674 KSP unpreconditioned resid norm 1.719427680905e+01 true resid norm 1.719427680878e+01 ||r(i)||/||b|| 1.425167652146e-05
675 KSP unpreconditioned resid norm 1.715999236972e+01 true resid norm 1.715999236945e+01 ||r(i)||/||b|| 1.422325946476e-05
676 KSP unpreconditioned resid norm 1.712849465011e+01 true resid norm 1.712849464985e+01 ||r(i)||/||b|| 1.419715221315e-05
677 KSP unpreconditioned resid norm 1.709652334393e+01 true resid norm 1.709652334365e+01 ||r(i)||/||b|| 1.417065242377e-05
678 KSP unpreconditioned resid norm 1.706550652023e+01 true resid norm 1.706550651995e+01 ||r(i)||/||b|| 1.414494376833e-05
679 KSP unpreconditioned resid norm 1.703348403126e+01 true resid norm 1.703348403099e+01 ||r(i)||/||b|| 1.411840155552e-05
680 KSP unpreconditioned resid norm 1.700354973563e+01 true resid norm 1.700354973535e+01 ||r(i)||/||b|| 1.409359016606e-05
681 KSP unpreconditioned resid norm 1.697111028895e+01 true resid norm 1.697111028866e+01 ||r(i)||/||b|| 1.406670235299e-05
682 KSP unpreconditioned resid norm 1.694205020131e+01 true resid norm 1.694205020103e+01 ||r(i)||/||b|| 1.404261556102e-05
683 KSP unpreconditioned resid norm 1.691100064806e+01 true resid norm 1.691100064776e+01 ||r(i)||/||b|| 1.401687977729e-05
684 KSP unpreconditioned resid norm 1.688215723029e+01 true resid norm 1.688215722999e+01 ||r(i)||/||b|| 1.399297257466e-05
685 KSP unpreconditioned resid norm 1.685033493895e+01 true resid norm 1.685033493866e+01 ||r(i)||/||b|| 1.396659629798e-05
686 KSP unpreconditioned resid norm 1.681994901460e+01 true resid norm 1.681994901430e+01 ||r(i)||/||b|| 1.394141057080e-05
687 KSP unpreconditioned resid norm 1.678952351716e+01 true resid norm 1.678952351685e+01 ||r(i)||/||b|| 1.391619204301e-05
688 KSP unpreconditioned resid norm 1.675801836000e+01 true resid norm 1.675801835970e+01 ||r(i)||/||b|| 1.389007862669e-05
689 KSP unpreconditioned resid norm 1.672567763921e+01 true resid norm 1.672567763889e+01 ||r(i)||/||b|| 1.386327264372e-05
690 KSP unpreconditioned resid norm 1.669421996830e+01 true resid norm 1.669421996799e+01 ||r(i)||/||b|| 1.383719858694e-05
691 KSP unpreconditioned resid norm 1.666144753578e+01 true resid norm 1.666144753546e+01 ||r(i)||/||b|| 1.381003477467e-05
692 KSP unpreconditioned resid norm 1.662942009089e+01 true resid norm 1.662942009055e+01 ||r(i)||/||b|| 1.378348845408e-05
693 KSP unpreconditioned resid norm 1.659803942003e+01 true resid norm 1.659803941969e+01 ||r(i)||/||b|| 1.375747821968e-05
694 KSP unpreconditioned resid norm 1.656649207558e+01 true resid norm 1.656649207525e+01 ||r(i)||/||b|| 1.373132983594e-05
695 KSP unpreconditioned resid norm 1.653290299729e+01 true resid norm 1.653290299692e+01 ||r(i)||/||b|| 1.370348913730e-05
696 KSP unpreconditioned resid norm 1.649903048164e+01 true resid norm 1.649903048127e+01 ||r(i)||/||b|| 1.367541350833e-05
697 KSP unpreconditioned resid norm 1.646394671473e+01 true resid norm 1.646394671439e+01 ||r(i)||/||b|| 1.364633391968e-05
698 KSP unpreconditioned resid norm 1.642882414353e+01 true resid norm 1.642882414315e+01 ||r(i)||/||b|| 1.361722216758e-05
699 KSP unpreconditioned resid norm 1.639352815310e+01 true resid norm 1.639352815271e+01 ||r(i)||/||b|| 1.358796667497e-05
700 KSP unpreconditioned resid norm 1.635913353326e+01 true resid norm 1.635913353289e+01 ||r(i)||/||b|| 1.355945829389e-05
701 KSP unpreconditioned resid norm 1.632404079085e+01 true resid norm 1.632404079045e+01 ||r(i)||/||b|| 1.353037126573e-05
702 KSP unpreconditioned resid norm 1.628799550565e+01 true resid norm 1.628799550524e+01 ||r(i)||/||b|| 1.350049471142e-05
703 KSP unpreconditioned resid norm 1.625322531563e+01 true resid norm 1.625322531526e+01 ||r(i)||/||b|| 1.347167503464e-05
704 KSP unpreconditioned resid norm 1.621608264503e+01 true resid norm 1.621608264463e+01 ||r(i)||/||b|| 1.344088889964e-05
705 KSP unpreconditioned resid norm 1.617967403354e+01 true resid norm 1.617967403313e+01 ||r(i)||/||b|| 1.341071119811e-05
706 KSP unpreconditioned resid norm 1.614184075168e+01 true resid norm 1.614184075132e+01 ||r(i)||/||b|| 1.337935264199e-05
707 KSP unpreconditioned resid norm 1.610358263003e+01 true resid norm 1.610358262963e+01 ||r(i)||/||b|| 1.334764195240e-05
708 KSP unpreconditioned resid norm 1.606674887837e+01 true resid norm 1.606674887795e+01 ||r(i)||/||b|| 1.331711186847e-05
                                                                                                                                                                                                                                                                                                                                                                                                                                                                                                                                                                                                                                                                                                                                                                                                                                                                                                                                                                                                                                                                                                                                                                                                                                                                                        719 KSP unpreconditioned resid norm 1.566052773907e+01 true resid norm 1.566052773851e+01 ||r(i)||/||b|| 1.298041074753e-05
[mpiexec@mpp2r03c03s10] HYDU_sock_write (../../utils/sock/sock.c:418): write error (No space left on device)
[mpiexec@mpp2r03c03s10] stdoe_cb (../../ui/utils/uiu.c:471): unable to write data to stdout/stderr
[mpiexec@mpp2r03c03s10] control_cb (../../pm/pmiserv/pmiserv_cb.c:990): error in the UI defined callback
[mpiexec@mpp2r03c03s10] HYDT_dmxu_poll_wait_for_event (../../tools/demux/demux_poll.c:76): callback returned error status
[mpiexec@mpp2r03c03s10] HYD_pmci_wait_for_completion (../../pm/pmiserv/pmiserv_pmci.c:501): error waiting for event
[mpiexec@mpp2r03c03s10] main (../../ui/mpich/mpiexec.c:1147): process manager error waiting for completion
