/var/slurmd-mpp2/job635319/slurm_script: line 19: ./load_modules_mpp2cluster: Permission denied
warning:seems as no solution array provided in input file(or err in read nsz vector)

=== PARDISO: solving a symmetric indefinite system ===
1-based array indexing is turned ON
PARDISO double precision computation is turned ON
METIS algorithm at reorder step is turned ON
Scaling is turned ON


Summary: ( reordering phase )
================

Times:
======
Time spent in calculations of symmetric matrix portrait (fulladj): 4.731987 s
Time spent in reordering of the initial matrix (reorder)         : 41.611217 s
Time spent in symbolic factorization (symbfct)                   : 17.923902 s
Time spent in data preparations for factorization (parlist)      : 0.168289 s
Time spent in allocation of internal data structures (malloc)    : 0.949650 s
Time spent in additional calculations                            : 13.859690 s
Total time spent                                                 : 79.244735 s

Statistics:
===========
Parallel Direct Factorization is running on 1 OpenMP

< Linear system Ax = b >
             number of equations:           4983163
             number of non-zeros in A:      205947006
             number of non-zeros in A (%): 0.000829

             number of right-hand sides:    1

< Factors L and U >
             number of columns for each panel: 128
             number of independent subgraphs:  0
< Preprocessing with state of the art partitioning metis>
             number of supernodes:                    598075
             size of largest supernode:               22127
             number of non-zeros in L:                5561233954
             number of non-zeros in U:                1
             number of non-zeros in L+U:              5561233955

Reordering completed ... 
Number of nonzeros in factors = 1266266659
Number of factorization MFLOPS = 42400002--------Memory usage information--------
Peak memory on symbolic factorization: 7599811
Permanent memory on symbolic factorization: 6828167
Peak memory on numerical factorization and solution: 45232088
Peak total memory used by pardiso (maximum of above 3 according to intel manual): 45232088 
=== PARDISO is running in In-Core mode, because iparam(60)=0 ===

Percentage of computed non-zeros for LL^T factorization
 1 %  2 %  3 %  4 %  5 %  6 %  7 %  8 %  9 %  10 %  11 %  12 %  13 %  14 %  15 %  16 %  17 %  18 %  19 %  20 %  21 %  22 %  23 %  24 %  25 %  26 %  27 %  28 %  29 %  30 %  31 %  32 %  33 %  34 %  35 %  36 %  37 %  38 %  39 %  40 %  41 %  42 %  43 %  44 %  45 %  46 %  47 %  48 %  49 %  50 %  51 %  52 %  53 %  54 %  55 %  56 %  57 %  58 %  59 %  60 %  61 %  62 %  63 %  64 %  65 %  66 %  67 %  68 %  69 %  70 %  71 %  72 %  73 %  74 %  75 %  76 %  77 %  78 %  79 %  80 %  81 %  82 %  83 %  84 %  85 %  86 %  87 %  88 %  89 %  90 %  91 %  92 %  93 %  94 %  95 %  96 %  97 %  98 %  99 %  100 % 

=== PARDISO: solving a symmetric indefinite system ===
Single-level factorization algorithm is turned ON


Summary: ( factorization phase )
================

Times:
======
Time spent in copying matrix to internal data structure (A to LU): 0.000000 s
Time spent in factorization step (numfct)                        : 1815.040867 s
Time spent in allocation of internal data structures (malloc)    : 0.001031 s
Time spent in additional calculations                            : 0.000002 s
Total time spent                                                 : 1815.041900 s

Statistics:
===========
Parallel Direct Factorization is running on 1 OpenMP

< Linear system Ax = b >
             number of equations:           4983163
             number of non-zeros in A:      205947006
             number of non-zeros in A (%): 0.000829

             number of right-hand sides:    1

< Factors L and U >
             number of columns for each panel: 128
             number of independent subgraphs:  0
< Preprocessing with state of the art partitioning metis>
             number of supernodes:                    598075
             size of largest supernode:               22127
             number of non-zeros in L:                5561233954
             number of non-zeros in U:                1
             number of non-zeros in L+U:              5561233955
             gflop   for the numerical factorization: 42400.002476

             gflop/s for the numerical factorization: 23.360357


Factorization completed ... --------Memory usage information--------
Peak memory on symbolic factorization: 7599811
Permanent memory on symbolic factorization: 6828167
Peak memory on numerical factorization and solution: 45154225
Peak total memory used by pardiso (maximum of above 3 according to intel manual): 45154225 

=== PARDISO: solving a symmetric indefinite system ===


Summary: ( solution phase )
================

Times:
======
Time spent in direct solver at solve step (solve)                : 10.864855 s
Time spent in additional calculations                            : 24.452165 s
Total time spent                                                 : 35.317020 s

Statistics:
===========
Parallel Direct Factorization is running on 1 OpenMP

< Linear system Ax = b >
             number of equations:           4983163
             number of non-zeros in A:      205947006
             number of non-zeros in A (%): 0.000829

             number of right-hand sides:    1

< Factors L and U >
             number of columns for each panel: 128
             number of independent subgraphs:  0
< Preprocessing with state of the art partitioning metis>
             number of supernodes:                    598075
             size of largest supernode:               22127
             number of non-zeros in L:                5561233954
             number of non-zeros in U:                1
             number of non-zeros in L+U:              5561233955
             gflop   for the numerical factorization: 42400.002476

             gflop/s for the numerical factorization: 23.360357


Solve completed ... --------Memory usage information--------
Peak memory on symbolic factorization: 7599811
Permanent memory on symbolic factorization: 6828167
Peak memory on numerical factorization and solution: 45232087
Peak total memory used by pardiso (maximum of above 3 according to intel manual): 45232087 
Solution not provided in input file, storing pardiso solution as system solution
