/var/slurmd-mpp2/job635317/slurm_script: line 19: ./load_modules_mpp2cluster: Permission denied
warning:seems as no solution array provided in input file(or err in read nsz vector)

=== PARDISO: solving a real nonsymmetric system ===
1-based array indexing is turned ON
PARDISO double precision computation is turned ON
METIS algorithm at reorder step is turned ON
Scaling is turned ON


Summary: ( reordering phase )
================

Times:
======
Time spent in calculations of symmetric matrix portrait (fulladj): 5.294580 s
Time spent in reordering of the initial matrix (reorder)         : 20.397561 s
Time spent in symbolic factorization (symbfct)                   : 10.643957 s
Time spent in data preparations for factorization (parlist)      : 0.058832 s
Time spent in allocation of internal data structures (malloc)    : 0.156222 s
Time spent in additional calculations                            : 12.386260 s
Total time spent                                                 : 48.937412 s

Statistics:
===========
Parallel Direct Factorization is running on 1 OpenMP

< Linear system Ax = b >
             number of equations:           2263482
             number of non-zeros in A:      352085760
             number of non-zeros in A (%): 0.006872

             number of right-hand sides:    1

< Factors L and U >
             number of columns for each panel: 128
             number of independent subgraphs:  0
< Preprocessing with state of the art partitioning metis>
             number of supernodes:                    138856
             size of largest supernode:               11028
             number of non-zeros in L:                3080319518
             number of non-zeros in U:                2917089172
             number of non-zeros in L+U:              5997408690

Reordering completed ... 
Number of nonzeros in factors = 1702441394
Number of factorization MFLOPS = 28033127--------Memory usage information--------
Peak memory on symbolic factorization: 16148038
Permanent memory on symbolic factorization: 10251793
Peak memory on numerical factorization and solution: 49670111
Peak total memory used by pardiso (maximum of above 3 according to intel manual): 49670111 
=== PARDISO is running in In-Core mode, because iparam(60)=0 ===

Percentage of computed non-zeros for LL^T factorization
 1 %  2 %  3 %  4 %  5 %  6 %  7 %  8 %  9 %  10 %  11 %  12 %  13 %  14 %  15 %  16 %  17 %  18 %  19 %  20 %  21 %  22 %  23 %  24 %  25 %  26 %  27 %  28 %  29 %  30 %  31 %  32 %  33 %  34 %  35 %  36 %  37 %  38 %  39 %  40 %  41 %  42 %  43 %  44 %  45 %  46 %  47 %  48 %  49 %  50 %  51 %  52 %  53 %  54 %  55 %  56 %  57 %  58 %  59 %  60 %  61 %  62 %  63 %  64 %  65 %  66 %  67 %  68 %  69 %  70 %  71 %  72 %  73 %  74 %  75 %  76 %  77 %  78 %  79 %  80 %  81 %  82 %  83 %  84 %  85 %  86 %  87 %  88 %  89 %  90 %  91 %  92 %  93 % slurmstepd: Step 635317.0 exceeded memory limit (58130128 > 57974784), being killed
slurmstepd: Exceeded job memory limit
srun: Job step aborted: Waiting up to 32 seconds for job step to finish.
slurmstepd: *** STEP 635317.0 ON mpp2r02c05s06 CANCELLED AT 2018-07-20T23:54:15 ***
srun: error: mpp2r02c05s06: task 0: Killed
[mpiexec@mpp2r02c05s06] control_cb (../../pm/pmiserv/pmiserv_cb.c:798): connection to proxy 0 at host mpp2r02c05s06 failed
[mpiexec@mpp2r02c05s06] HYDT_dmxu_poll_wait_for_event (../../tools/demux/demux_poll.c:76): callback returned error status
[mpiexec@mpp2r02c05s06] HYD_pmci_wait_for_completion (../../pm/pmiserv/pmiserv_pmci.c:501): error waiting for event
[mpiexec@mpp2r02c05s06] main (../../ui/mpich/mpiexec.c:1147): process manager error waiting for completion
