/var/slurmd-mpp2/job635318/slurm_script: line 19: ./load_modules_mpp2cluster: Permission denied
warning:seems as no solution array provided in input file(or err in read nsz vector)

=== PARDISO: solving a real nonsymmetric system ===
1-based array indexing is turned ON
PARDISO double precision computation is turned ON
METIS algorithm at reorder step is turned ON
Scaling is turned ON


Summary: ( reordering phase )
================

Times:
======
Time spent in calculations of symmetric matrix portrait (fulladj): 3.535943 s
Time spent in reordering of the initial matrix (reorder)         : 13.358648 s
Time spent in symbolic factorization (symbfct)                   : 4.923695 s
Time spent in data preparations for factorization (parlist)      : 0.051629 s
Time spent in allocation of internal data structures (malloc)    : 0.134946 s
Time spent in additional calculations                            : 4.675848 s
Total time spent                                                 : 26.680709 s

Statistics:
===========
Parallel Direct Factorization is running on 1 OpenMP

< Linear system Ax = b >
             number of equations:           1898468
             number of non-zeros in A:      143056988
             number of non-zeros in A (%): 0.003969

             number of right-hand sides:    1

< Factors L and U >
             number of columns for each panel: 128
             number of independent subgraphs:  0
< Preprocessing with state of the art partitioning metis>
             number of supernodes:                    228818
             size of largest supernode:               8290
             number of non-zeros in L:                1244439502
             number of non-zeros in U:                1164993264
             number of non-zeros in L+U:              2409432766

Reordering completed ... 
Number of nonzeros in factors = -1885534530
Number of factorization MFLOPS = 7041970--------Memory usage information--------
Peak memory on symbolic factorization: 6908020
Permanent memory on symbolic factorization: 4421059
Peak memory on numerical factorization and solution: 19988424
Peak total memory used by pardiso (maximum of above 3 according to intel manual): 19988424 
=== PARDISO is running in In-Core mode, because iparam(60)=0 ===

Percentage of computed non-zeros for LL^T factorization
 1 %  2 %  3 %  4 %  5 %  6 %  7 %  8 %  9 %  10 %  11 %  12 %  13 %  14 %  15 %  16 %  17 %  18 %  19 %  20 %  21 %  22 %  23 %  24 %  25 %  26 %  27 %  28 %  29 %  30 %  31 %  32 %  33 %  34 %  35 %  36 %  37 %  38 %  39 %  40 %  41 %  42 %  43 %  44 %  45 %  46 %  47 %  48 %  49 %  50 %  51 %  52 %  53 %  54 %  55 %  56 %  57 %  58 %  59 %  60 %  61 %  62 %  63 %  64 %  65 %  66 %  67 %  68 %  69 %  70 %  71 %  72 %  73 %  74 %  75 %  76 %  77 %  78 %  79 %  80 %  81 %  82 %  83 %  84 %  85 %  86 %  87 %  88 %  89 %  90 %  91 %  92 %  93 %  94 %  95 %  96 %  97 %  98 %  99 %  100 % 

=== PARDISO: solving a real nonsymmetric system ===
Single-level factorization algorithm is turned ON


Summary: ( factorization phase )
================

Times:
======
Time spent in copying matrix to internal data structure (A to LU): 0.000000 s
Time spent in factorization step (numfct)                        : 294.971586 s
Time spent in allocation of internal data structures (malloc)    : 0.000532 s
Time spent in additional calculations                            : 0.000006 s
Total time spent                                                 : 294.972124 s

Statistics:
===========
Parallel Direct Factorization is running on 1 OpenMP

< Linear system Ax = b >
             number of equations:           1898468
             number of non-zeros in A:      143056988
             number of non-zeros in A (%): 0.003969

             number of right-hand sides:    1

< Factors L and U >
             number of columns for each panel: 128
             number of independent subgraphs:  0
< Preprocessing with state of the art partitioning metis>
             number of supernodes:                    228818
             size of largest supernode:               8290
             number of non-zeros in L:                1244439502
             number of non-zeros in U:                1164993264
             number of non-zeros in L+U:              2409432766
             gflop   for the numerical factorization: 7041.970501

             gflop/s for the numerical factorization: 23.873386


Factorization completed ... --------Memory usage information--------
Peak memory on symbolic factorization: 6908020
Permanent memory on symbolic factorization: 4421059
Peak memory on numerical factorization and solution: 19958760
Peak total memory used by pardiso (maximum of above 3 according to intel manual): 19958760 

=== PARDISO: solving a real nonsymmetric system ===


Summary: ( solution phase )
================

Times:
======
Time spent in direct solver at solve step (solve)                : 2.405188 s
Time spent in additional calculations                            : 5.471802 s
Total time spent                                                 : 7.876990 s

Statistics:
===========
Parallel Direct Factorization is running on 1 OpenMP

< Linear system Ax = b >
             number of equations:           1898468
             number of non-zeros in A:      143056988
             number of non-zeros in A (%): 0.003969

             number of right-hand sides:    1

< Factors L and U >
             number of columns for each panel: 128
             number of independent subgraphs:  0
< Preprocessing with state of the art partitioning metis>
             number of supernodes:                    228818
             size of largest supernode:               8290
             number of non-zeros in L:                1244439502
             number of non-zeros in U:                1164993264
             number of non-zeros in L+U:              2409432766
             gflop   for the numerical factorization: 7041.970501

             gflop/s for the numerical factorization: 23.873386


Solve completed ... --------Memory usage information--------
Peak memory on symbolic factorization: 6908020
Permanent memory on symbolic factorization: 4421059
Peak memory on numerical factorization and solution: 19988424
Peak total memory used by pardiso (maximum of above 3 according to intel manual): 19988424 
Solution not provided in input file, storing pardiso solution as system solution
