/var/slurmd-mpp2/job635316/slurm_script: line 19: ./load_modules_mpp2cluster: Permission denied
warning:seems as no solution array provided in input file(or err in read nsz vector)

=== PARDISO: solving a real nonsymmetric system ===
1-based array indexing is turned ON
PARDISO double precision computation is turned ON
METIS algorithm at reorder step is turned ON
Scaling is turned ON


Summary: ( reordering phase )
================

Times:
======
Time spent in calculations of symmetric matrix portrait (fulladj): 7.894140 s
Time spent in reordering of the initial matrix (reorder)         : 42.339005 s
Time spent in symbolic factorization (symbfct)                   : 14.715087 s
Time spent in data preparations for factorization (parlist)      : 0.127377 s
Time spent in allocation of internal data structures (malloc)    : 0.341294 s
Time spent in additional calculations                            : 24.345041 s
Total time spent                                                 : 89.761944 s

Statistics:
===========
Parallel Direct Factorization is running on 1 OpenMP

< Linear system Ax = b >
             number of equations:           3847164
             number of non-zeros in A:      435100862
             number of non-zeros in A (%): 0.002940

             number of right-hand sides:    1

< Factors L and U >
             number of columns for each panel: 128
             number of independent subgraphs:  0
< Preprocessing with state of the art partitioning metis>
             number of supernodes:                    381979
             size of largest supernode:               6435
             number of non-zeros in L:                3839710917
             number of non-zeros in U:                3623329469
             number of non-zeros in L+U:              7463040386

Reordering completed ... 
Number of nonzeros in factors = -1126894206
Number of factorization MFLOPS = 25024722--------Memory usage information--------
Peak memory on symbolic factorization: 20378759
Permanent memory on symbolic factorization: 12965133
Peak memory on numerical factorization and solution: 61794397
Peak total memory used by pardiso (maximum of above 3 according to intel manual): 61794397 
=== PARDISO is running in In-Core mode, because iparam(60)=0 ===

Percentage of computed non-zeros for LL^T factorization
 1 %  2 %  3 %  4 %  5 %  6 %  7 %  8 %  9 %  10 %  11 %  12 %  13 %  14 %  15 %  16 %  17 %  18 %  19 %  20 %  21 %  22 %  23 %  24 %  25 %  26 %  27 %  28 %  29 %  30 %  31 %  32 %  33 %  34 %  35 %  36 %  37 %  38 %  39 %  40 %  41 %  42 %  43 %  44 %  45 %  46 %  47 %  48 %  49 %  50 %  51 %  52 %  53 %  54 %  55 %  56 %  57 %  58 %  59 %  60 %  61 %  62 %  63 %  64 %  65 %  66 %  67 %  68 %  69 % slurmstepd: Step 635316.0 exceeded memory limit (58683836 > 57974784), being killed
slurmstepd: Exceeded job memory limit
srun: Job step aborted: Waiting up to 32 seconds for job step to finish.
slurmstepd: *** STEP 635316.0 ON mpp2r02c05s04 CANCELLED AT 2018-07-20T23:50:45 ***
srun: error: mpp2r02c05s04: task 0: Killed
[mpiexec@mpp2r02c05s04] control_cb (../../pm/pmiserv/pmiserv_cb.c:798): connection to proxy 0 at host mpp2r02c05s04 failed
[mpiexec@mpp2r02c05s04] HYDT_dmxu_poll_wait_for_event (../../tools/demux/demux_poll.c:76): callback returned error status
[mpiexec@mpp2r02c05s04] HYD_pmci_wait_for_completion (../../pm/pmiserv/pmiserv_pmci.c:501): error waiting for event
[mpiexec@mpp2r02c05s04] main (../../ui/mpich/mpiexec.c:1147): process manager error waiting for completion
